[0.299s] DEBUG:colcon:Command line arguments: ['/usr/bin/colcon', 'build']
[0.299s] DEBUG:colcon:Parsed command line arguments: Namespace(log_base=None, log_level=None, verb_name='build', build_base='build', install_base='install', merge_install=False, symlink_install=False, test_result_base=None, continue_on_error=False, executor='parallel', parallel_workers=4, event_handlers=None, ignore_user_meta=False, metas=['./colcon.meta'], base_paths=['.'], packages_ignore=None, packages_ignore_regex=None, paths=None, packages_up_to=None, packages_up_to_regex=None, packages_above=None, packages_above_and_dependencies=None, packages_above_depth=None, packages_select_by_dep=None, packages_skip_by_dep=None, packages_skip_up_to=None, packages_select_build_failed=False, packages_skip_build_finished=False, packages_select_test_failures=False, packages_skip_test_passed=False, packages_select=None, packages_skip=None, packages_select_regex=None, packages_skip_regex=None, packages_start=None, packages_end=None, allow_overriding=[], cmake_args=None, cmake_target=None, cmake_target_skip_unavailable=False, cmake_clean_cache=False, cmake_clean_first=False, cmake_force_configure=False, ament_cmake_args=None, catkin_cmake_args=None, catkin_skip_building_tests=False, verb_parser=<colcon_defaults.argument_parser.defaults.DefaultArgumentsDecorator object at 0x7f25b399b100>, verb_extension=<colcon_core.verb.build.BuildVerb object at 0x7f25b41d1360>, main=<bound method BuildVerb.main of <colcon_core.verb.build.BuildVerb object at 0x7f25b41d1360>>)
[0.331s] Level 1:colcon.colcon_core.package_discovery:discover_packages(colcon_meta) check parameters
[0.331s] Level 1:colcon.colcon_core.package_discovery:discover_packages(recursive) check parameters
[0.331s] Level 1:colcon.colcon_core.package_discovery:discover_packages(ignore) check parameters
[0.331s] Level 1:colcon.colcon_core.package_discovery:discover_packages(path) check parameters
[0.331s] Level 1:colcon.colcon_core.package_discovery:discover_packages(colcon_meta) discover
[0.331s] Level 1:colcon.colcon_core.package_discovery:discover_packages(recursive) discover
[0.331s] INFO:colcon.colcon_core.package_discovery:Crawling recursively for packages in '/home/student/ros2_ws'
[0.331s] Level 1:colcon.colcon_core.package_identification:_identify(.) by extensions ['ignore', 'ignore_ament_install']
[0.331s] Level 1:colcon.colcon_core.package_identification:_identify(.) by extension 'ignore'
[0.331s] Level 1:colcon.colcon_core.package_identification:_identify(.) by extension 'ignore_ament_install'
[0.331s] Level 1:colcon.colcon_core.package_identification:_identify(.) by extensions ['colcon_pkg']
[0.331s] Level 1:colcon.colcon_core.package_identification:_identify(.) by extension 'colcon_pkg'
[0.331s] Level 1:colcon.colcon_core.package_identification:_identify(.) by extensions ['colcon_meta']
[0.331s] Level 1:colcon.colcon_core.package_identification:_identify(.) by extension 'colcon_meta'
[0.331s] Level 1:colcon.colcon_core.package_identification:_identify(.) by extensions ['ros']
[0.331s] Level 1:colcon.colcon_core.package_identification:_identify(.) by extension 'ros'
[0.343s] Level 1:colcon.colcon_core.package_identification:_identify(.) by extensions ['cmake', 'python']
[0.343s] Level 1:colcon.colcon_core.package_identification:_identify(.) by extension 'cmake'
[0.343s] Level 1:colcon.colcon_core.package_identification:_identify(.) by extension 'python'
[0.343s] Level 1:colcon.colcon_core.package_identification:_identify(.) by extensions ['python_setup_py']
[0.343s] Level 1:colcon.colcon_core.package_identification:_identify(.) by extension 'python_setup_py'
[0.343s] Level 1:colcon.colcon_core.package_identification:_identify(build) by extensions ['ignore', 'ignore_ament_install']
[0.343s] Level 1:colcon.colcon_core.package_identification:_identify(build) by extension 'ignore'
[0.343s] Level 1:colcon.colcon_core.package_identification:_identify(build) ignored
[0.343s] Level 1:colcon.colcon_core.package_identification:_identify(install) by extensions ['ignore', 'ignore_ament_install']
[0.343s] Level 1:colcon.colcon_core.package_identification:_identify(install) by extension 'ignore'
[0.343s] Level 1:colcon.colcon_core.package_identification:_identify(install) ignored
[0.343s] Level 1:colcon.colcon_core.package_identification:_identify(log) by extensions ['ignore', 'ignore_ament_install']
[0.344s] Level 1:colcon.colcon_core.package_identification:_identify(log) by extension 'ignore'
[0.344s] Level 1:colcon.colcon_core.package_identification:_identify(log) ignored
[0.344s] Level 1:colcon.colcon_core.package_identification:_identify(src) by extensions ['ignore', 'ignore_ament_install']
[0.344s] Level 1:colcon.colcon_core.package_identification:_identify(src) by extension 'ignore'
[0.344s] Level 1:colcon.colcon_core.package_identification:_identify(src) by extension 'ignore_ament_install'
[0.344s] Level 1:colcon.colcon_core.package_identification:_identify(src) by extensions ['colcon_pkg']
[0.344s] Level 1:colcon.colcon_core.package_identification:_identify(src) by extension 'colcon_pkg'
[0.344s] Level 1:colcon.colcon_core.package_identification:_identify(src) by extensions ['colcon_meta']
[0.344s] Level 1:colcon.colcon_core.package_identification:_identify(src) by extension 'colcon_meta'
[0.344s] Level 1:colcon.colcon_core.package_identification:_identify(src) by extensions ['ros']
[0.344s] Level 1:colcon.colcon_core.package_identification:_identify(src) by extension 'ros'
[0.344s] Level 1:colcon.colcon_core.package_identification:_identify(src) by extensions ['cmake', 'python']
[0.344s] Level 1:colcon.colcon_core.package_identification:_identify(src) by extension 'cmake'
[0.344s] Level 1:colcon.colcon_core.package_identification:_identify(src) by extension 'python'
[0.344s] Level 1:colcon.colcon_core.package_identification:_identify(src) by extensions ['python_setup_py']
[0.344s] Level 1:colcon.colcon_core.package_identification:_identify(src) by extension 'python_setup_py'
[0.344s] Level 1:colcon.colcon_core.package_identification:_identify(src/ECED3901-Competition-2024) by extensions ['ignore', 'ignore_ament_install']
[0.344s] Level 1:colcon.colcon_core.package_identification:_identify(src/ECED3901-Competition-2024) by extension 'ignore'
[0.345s] Level 1:colcon.colcon_core.package_identification:_identify(src/ECED3901-Competition-2024) by extension 'ignore_ament_install'
[0.345s] Level 1:colcon.colcon_core.package_identification:_identify(src/ECED3901-Competition-2024) by extensions ['colcon_pkg']
[0.345s] Level 1:colcon.colcon_core.package_identification:_identify(src/ECED3901-Competition-2024) by extension 'colcon_pkg'
[0.345s] Level 1:colcon.colcon_core.package_identification:_identify(src/ECED3901-Competition-2024) by extensions ['colcon_meta']
[0.345s] Level 1:colcon.colcon_core.package_identification:_identify(src/ECED3901-Competition-2024) by extension 'colcon_meta'
[0.345s] Level 1:colcon.colcon_core.package_identification:_identify(src/ECED3901-Competition-2024) by extensions ['ros']
[0.345s] Level 1:colcon.colcon_core.package_identification:_identify(src/ECED3901-Competition-2024) by extension 'ros'
[0.347s] DEBUG:colcon.colcon_core.package_identification:Package 'src/ECED3901-Competition-2024' with type 'ros.ament_python' and name 'eced3901_competition_2024'
[0.347s] Level 1:colcon.colcon_core.package_identification:_identify(src/build) by extensions ['ignore', 'ignore_ament_install']
[0.347s] Level 1:colcon.colcon_core.package_identification:_identify(src/build) by extension 'ignore'
[0.347s] Level 1:colcon.colcon_core.package_identification:_identify(src/build) ignored
[0.348s] Level 1:colcon.colcon_core.package_identification:_identify(src/eced3901) by extensions ['ignore', 'ignore_ament_install']
[0.348s] Level 1:colcon.colcon_core.package_identification:_identify(src/eced3901) by extension 'ignore'
[0.348s] Level 1:colcon.colcon_core.package_identification:_identify(src/eced3901) by extension 'ignore_ament_install'
[0.348s] Level 1:colcon.colcon_core.package_identification:_identify(src/eced3901) by extensions ['colcon_pkg']
[0.348s] Level 1:colcon.colcon_core.package_identification:_identify(src/eced3901) by extension 'colcon_pkg'
[0.348s] Level 1:colcon.colcon_core.package_identification:_identify(src/eced3901) by extensions ['colcon_meta']
[0.348s] Level 1:colcon.colcon_core.package_identification:_identify(src/eced3901) by extension 'colcon_meta'
[0.348s] Level 1:colcon.colcon_core.package_identification:_identify(src/eced3901) by extensions ['ros']
[0.348s] Level 1:colcon.colcon_core.package_identification:_identify(src/eced3901) by extension 'ros'
[0.349s] DEBUG:colcon.colcon_core.package_identification:Package 'src/eced3901' with type 'ros.ament_python' and name 'eced3901'
[0.349s] Level 1:colcon.colcon_core.package_identification:_identify(src/install) by extensions ['ignore', 'ignore_ament_install']
[0.349s] Level 1:colcon.colcon_core.package_identification:_identify(src/install) by extension 'ignore'
[0.349s] Level 1:colcon.colcon_core.package_identification:_identify(src/install) ignored
[0.349s] Level 1:colcon.colcon_core.package_identification:_identify(src/log) by extensions ['ignore', 'ignore_ament_install']
[0.349s] Level 1:colcon.colcon_core.package_identification:_identify(src/log) by extension 'ignore'
[0.349s] Level 1:colcon.colcon_core.package_identification:_identify(src/log) ignored
[0.349s] Level 1:colcon.colcon_core.package_identification:_identify(src/test-3901) by extensions ['ignore', 'ignore_ament_install']
[0.349s] Level 1:colcon.colcon_core.package_identification:_identify(src/test-3901) by extension 'ignore'
[0.349s] Level 1:colcon.colcon_core.package_identification:_identify(src/test-3901) by extension 'ignore_ament_install'
[0.350s] Level 1:colcon.colcon_core.package_identification:_identify(src/test-3901) by extensions ['colcon_pkg']
[0.350s] Level 1:colcon.colcon_core.package_identification:_identify(src/test-3901) by extension 'colcon_pkg'
[0.350s] Level 1:colcon.colcon_core.package_identification:_identify(src/test-3901) by extensions ['colcon_meta']
[0.350s] Level 1:colcon.colcon_core.package_identification:_identify(src/test-3901) by extension 'colcon_meta'
[0.350s] Level 1:colcon.colcon_core.package_identification:_identify(src/test-3901) by extensions ['ros']
[0.350s] Level 1:colcon.colcon_core.package_identification:_identify(src/test-3901) by extension 'ros'
[0.350s] DEBUG:colcon.colcon_core.package_identification:Package 'src/test-3901' with type 'ros.ament_python' and name 'test-3901'
[0.350s] Level 1:colcon.colcon_core.package_discovery:discover_packages(recursive) using defaults
[0.350s] Level 1:colcon.colcon_core.package_discovery:discover_packages(ignore) discover
[0.350s] Level 1:colcon.colcon_core.package_discovery:discover_packages(ignore) using defaults
[0.350s] Level 1:colcon.colcon_core.package_discovery:discover_packages(path) discover
[0.350s] Level 1:colcon.colcon_core.package_discovery:discover_packages(path) using defaults
[0.373s] Level 1:colcon.colcon_core.package_discovery:discover_packages(prefix_path) check parameters
[0.373s] Level 1:colcon.colcon_core.package_discovery:discover_packages(prefix_path) discover
[0.375s] DEBUG:colcon.colcon_installed_package_information.package_discovery:Found 3 installed packages in /home/student/ros2_ws/install
[0.376s] DEBUG:colcon.colcon_installed_package_information.package_discovery:Found 1 installed packages in /home/student/imu_ws/install
[0.377s] DEBUG:colcon.colcon_installed_package_information.package_discovery:Found 1 installed packages in /home/student/ydlidar_ros2_ws/install
[0.378s] DEBUG:colcon.colcon_installed_package_information.package_discovery:Found 1 installed packages in /home/student/motor_ws/install
[0.380s] DEBUG:colcon.colcon_installed_package_information.package_discovery:Found 358 installed packages in /opt/ros/humble
[0.382s] Level 1:colcon.colcon_core.package_discovery:discover_packages(prefix_path) using defaults
[0.448s] Level 5:colcon.colcon_core.verb:set package 'eced3901' build argument 'cmake_args' from command line to 'None'
[0.448s] Level 5:colcon.colcon_core.verb:set package 'eced3901' build argument 'cmake_target' from command line to 'None'
[0.448s] Level 5:colcon.colcon_core.verb:set package 'eced3901' build argument 'cmake_target_skip_unavailable' from command line to 'False'
[0.448s] Level 5:colcon.colcon_core.verb:set package 'eced3901' build argument 'cmake_clean_cache' from command line to 'False'
[0.448s] Level 5:colcon.colcon_core.verb:set package 'eced3901' build argument 'cmake_clean_first' from command line to 'False'
[0.448s] Level 5:colcon.colcon_core.verb:set package 'eced3901' build argument 'cmake_force_configure' from command line to 'False'
[0.448s] Level 5:colcon.colcon_core.verb:set package 'eced3901' build argument 'ament_cmake_args' from command line to 'None'
[0.448s] Level 5:colcon.colcon_core.verb:set package 'eced3901' build argument 'catkin_cmake_args' from command line to 'None'
[0.448s] Level 5:colcon.colcon_core.verb:set package 'eced3901' build argument 'catkin_skip_building_tests' from command line to 'False'
[0.448s] DEBUG:colcon.colcon_core.verb:Building package 'eced3901' with the following arguments: {'ament_cmake_args': None, 'build_base': '/home/student/ros2_ws/build/eced3901', 'catkin_cmake_args': None, 'catkin_skip_building_tests': False, 'cmake_args': None, 'cmake_clean_cache': False, 'cmake_clean_first': False, 'cmake_force_configure': False, 'cmake_target': None, 'cmake_target_skip_unavailable': False, 'install_base': '/home/student/ros2_ws/install/eced3901', 'merge_install': False, 'path': '/home/student/ros2_ws/src/eced3901', 'symlink_install': False, 'test_result_base': None}
[0.449s] Level 5:colcon.colcon_core.verb:set package 'eced3901_competition_2024' build argument 'cmake_args' from command line to 'None'
[0.449s] Level 5:colcon.colcon_core.verb:set package 'eced3901_competition_2024' build argument 'cmake_target' from command line to 'None'
[0.449s] Level 5:colcon.colcon_core.verb:set package 'eced3901_competition_2024' build argument 'cmake_target_skip_unavailable' from command line to 'False'
[0.449s] Level 5:colcon.colcon_core.verb:set package 'eced3901_competition_2024' build argument 'cmake_clean_cache' from command line to 'False'
[0.449s] Level 5:colcon.colcon_core.verb:set package 'eced3901_competition_2024' build argument 'cmake_clean_first' from command line to 'False'
[0.449s] Level 5:colcon.colcon_core.verb:set package 'eced3901_competition_2024' build argument 'cmake_force_configure' from command line to 'False'
[0.449s] Level 5:colcon.colcon_core.verb:set package 'eced3901_competition_2024' build argument 'ament_cmake_args' from command line to 'None'
[0.449s] Level 5:colcon.colcon_core.verb:set package 'eced3901_competition_2024' build argument 'catkin_cmake_args' from command line to 'None'
[0.449s] Level 5:colcon.colcon_core.verb:set package 'eced3901_competition_2024' build argument 'catkin_skip_building_tests' from command line to 'False'
[0.449s] DEBUG:colcon.colcon_core.verb:Building package 'eced3901_competition_2024' with the following arguments: {'ament_cmake_args': None, 'build_base': '/home/student/ros2_ws/build/eced3901_competition_2024', 'catkin_cmake_args': None, 'catkin_skip_building_tests': False, 'cmake_args': None, 'cmake_clean_cache': False, 'cmake_clean_first': False, 'cmake_force_configure': False, 'cmake_target': None, 'cmake_target_skip_unavailable': False, 'install_base': '/home/student/ros2_ws/install/eced3901_competition_2024', 'merge_install': False, 'path': '/home/student/ros2_ws/src/ECED3901-Competition-2024', 'symlink_install': False, 'test_result_base': None}
[0.450s] Level 5:colcon.colcon_core.verb:set package 'test-3901' build argument 'cmake_args' from command line to 'None'
[0.450s] Level 5:colcon.colcon_core.verb:set package 'test-3901' build argument 'cmake_target' from command line to 'None'
[0.450s] Level 5:colcon.colcon_core.verb:set package 'test-3901' build argument 'cmake_target_skip_unavailable' from command line to 'False'
[0.450s] Level 5:colcon.colcon_core.verb:set package 'test-3901' build argument 'cmake_clean_cache' from command line to 'False'
[0.450s] Level 5:colcon.colcon_core.verb:set package 'test-3901' build argument 'cmake_clean_first' from command line to 'False'
[0.450s] Level 5:colcon.colcon_core.verb:set package 'test-3901' build argument 'cmake_force_configure' from command line to 'False'
[0.450s] Level 5:colcon.colcon_core.verb:set package 'test-3901' build argument 'ament_cmake_args' from command line to 'None'
[0.450s] Level 5:colcon.colcon_core.verb:set package 'test-3901' build argument 'catkin_cmake_args' from command line to 'None'
[0.450s] Level 5:colcon.colcon_core.verb:set package 'test-3901' build argument 'catkin_skip_building_tests' from command line to 'False'
[0.450s] DEBUG:colcon.colcon_core.verb:Building package 'test-3901' with the following arguments: {'ament_cmake_args': None, 'build_base': '/home/student/ros2_ws/build/test-3901', 'catkin_cmake_args': None, 'catkin_skip_building_tests': False, 'cmake_args': None, 'cmake_clean_cache': False, 'cmake_clean_first': False, 'cmake_force_configure': False, 'cmake_target': None, 'cmake_target_skip_unavailable': False, 'install_base': '/home/student/ros2_ws/install/test-3901', 'merge_install': False, 'path': '/home/student/ros2_ws/src/test-3901', 'symlink_install': False, 'test_result_base': None}
[0.451s] INFO:colcon.colcon_core.executor:Executing jobs using 'parallel' executor
[0.454s] DEBUG:colcon.colcon_parallel_executor.executor.parallel:run_until_complete
[0.454s] INFO:colcon.colcon_ros.task.ament_python.build:Building ROS package in '/home/student/ros2_ws/src/eced3901' with build type 'ament_python'
[0.454s] Level 1:colcon.colcon_core.shell:create_environment_hook('eced3901', 'ament_prefix_path')
[0.459s] INFO:colcon.colcon_core.plugin_system:Skipping extension 'colcon_core.shell.bat': Not used on non-Windows systems
[0.459s] INFO:colcon.colcon_core.shell:Creating environment hook '/home/student/ros2_ws/install/eced3901/share/eced3901/hook/ament_prefix_path.ps1'
[0.460s] INFO:colcon.colcon_core.shell:Creating environment descriptor '/home/student/ros2_ws/install/eced3901/share/eced3901/hook/ament_prefix_path.dsv'
[0.460s] INFO:colcon.colcon_core.shell:Creating environment hook '/home/student/ros2_ws/install/eced3901/share/eced3901/hook/ament_prefix_path.sh'
[0.462s] INFO:colcon.colcon_core.shell:Skip shell extension 'powershell' for command environment: Not usable outside of PowerShell
[0.462s] DEBUG:colcon.colcon_core.shell:Skip shell extension 'dsv' for command environment
[0.469s] INFO:colcon.colcon_ros.task.ament_python.build:Building ROS package in '/home/student/ros2_ws/src/ECED3901-Competition-2024' with build type 'ament_python'
[0.469s] Level 1:colcon.colcon_core.shell:create_environment_hook('eced3901_competition_2024', 'ament_prefix_path')
[0.470s] INFO:colcon.colcon_core.shell:Creating environment hook '/home/student/ros2_ws/install/eced3901_competition_2024/share/eced3901_competition_2024/hook/ament_prefix_path.ps1'
[0.471s] INFO:colcon.colcon_core.shell:Creating environment descriptor '/home/student/ros2_ws/install/eced3901_competition_2024/share/eced3901_competition_2024/hook/ament_prefix_path.dsv'
[0.471s] INFO:colcon.colcon_core.shell:Creating environment hook '/home/student/ros2_ws/install/eced3901_competition_2024/share/eced3901_competition_2024/hook/ament_prefix_path.sh'
[0.473s] INFO:colcon.colcon_core.shell:Skip shell extension 'powershell' for command environment: Not usable outside of PowerShell
[0.473s] DEBUG:colcon.colcon_core.shell:Skip shell extension 'dsv' for command environment
[0.480s] INFO:colcon.colcon_ros.task.ament_python.build:Building ROS package in '/home/student/ros2_ws/src/test-3901' with build type 'ament_python'
[0.480s] Level 1:colcon.colcon_core.shell:create_environment_hook('test-3901', 'ament_prefix_path')
[0.481s] INFO:colcon.colcon_core.shell:Creating environment hook '/home/student/ros2_ws/install/test-3901/share/test-3901/hook/ament_prefix_path.ps1'
[0.482s] INFO:colcon.colcon_core.shell:Creating environment descriptor '/home/student/ros2_ws/install/test-3901/share/test-3901/hook/ament_prefix_path.dsv'
[0.482s] INFO:colcon.colcon_core.shell:Creating environment hook '/home/student/ros2_ws/install/test-3901/share/test-3901/hook/ament_prefix_path.sh'
[0.484s] INFO:colcon.colcon_core.shell:Skip shell extension 'powershell' for command environment: Not usable outside of PowerShell
[0.484s] DEBUG:colcon.colcon_core.shell:Skip shell extension 'dsv' for command environment
[0.732s] INFO:colcon.colcon_core.task.python.build:Building Python package in '/home/student/ros2_ws/src/eced3901'
[0.733s] INFO:colcon.colcon_core.shell:Skip shell extension 'powershell' for command environment: Not usable outside of PowerShell
[0.734s] DEBUG:colcon.colcon_core.shell:Skip shell extension 'dsv' for command environment
[0.974s] INFO:colcon.colcon_core.task.python.build:Building Python package in '/home/student/ros2_ws/src/ECED3901-Competition-2024'
[0.976s] INFO:colcon.colcon_core.shell:Skip shell extension 'powershell' for command environment: Not usable outside of PowerShell
[0.976s] DEBUG:colcon.colcon_core.shell:Skip shell extension 'dsv' for command environment
[1.219s] INFO:colcon.colcon_core.task.python.build:Building Python package in '/home/student/ros2_ws/src/test-3901'
[1.220s] INFO:colcon.colcon_core.shell:Skip shell extension 'powershell' for command environment: Not usable outside of PowerShell
[1.220s] DEBUG:colcon.colcon_core.shell:Skip shell extension 'dsv' for command environment
[1.600s] DEBUG:colcon.colcon_core.event_handler.log_command:Invoking command in '/home/student/ros2_ws/src/eced3901': PYTHONPATH=/home/student/ros2_ws/build/eced3901/prefix_override:/home/student/ros2_ws/install/eced3901/lib/python3.10/site-packages:${PYTHONPATH} /usr/bin/python3 setup.py egg_info --egg-base ../../build/eced3901 build --build-base /home/student/ros2_ws/build/eced3901/build install --record /home/student/ros2_ws/build/eced3901/install.log --single-version-externally-managed
[1.632s] DEBUG:colcon.colcon_core.event_handler.log_command:Invoking command in '/home/student/ros2_ws/src/ECED3901-Competition-2024': PYTHONPATH=/home/student/ros2_ws/build/eced3901_competition_2024/prefix_override:/home/student/ros2_ws/install/eced3901_competition_2024/lib/python3.10/site-packages:${PYTHONPATH} /usr/bin/python3 setup.py egg_info --egg-base ../../build/eced3901_competition_2024 build --build-base /home/student/ros2_ws/build/eced3901_competition_2024/build install --record /home/student/ros2_ws/build/eced3901_competition_2024/install.log --single-version-externally-managed
[1.675s] DEBUG:colcon.colcon_core.event_handler.log_command:Invoking command in '/home/student/ros2_ws/src/test-3901': PYTHONPATH=/home/student/ros2_ws/build/test-3901/prefix_override:/home/student/ros2_ws/install/test-3901/lib/python3.10/site-packages:${PYTHONPATH} /usr/bin/python3 setup.py egg_info --egg-base ../../build/test-3901 build --build-base /home/student/ros2_ws/build/test-3901/build install --record /home/student/ros2_ws/build/test-3901/install.log --single-version-externally-managed
[1.974s] DEBUG:colcon.colcon_core.event_handler.log_command:Invoked command in '/home/student/ros2_ws/src/eced3901' returned '0': PYTHONPATH=/home/student/ros2_ws/build/eced3901/prefix_override:/home/student/ros2_ws/install/eced3901/lib/python3.10/site-packages:${PYTHONPATH} /usr/bin/python3 setup.py egg_info --egg-base ../../build/eced3901 build --build-base /home/student/ros2_ws/build/eced3901/build install --record /home/student/ros2_ws/build/eced3901/install.log --single-version-externally-managed
[1.978s] Level 1:colcon.colcon_core.environment:checking '/home/student/ros2_ws/install/eced3901' for CMake module files
[1.978s] Level 1:colcon.colcon_core.environment:checking '/home/student/ros2_ws/install/eced3901' for CMake config files
[1.979s] Level 1:colcon.colcon_core.environment:checking '/home/student/ros2_ws/install/eced3901/lib'
[1.979s] Level 1:colcon.colcon_core.environment:checking '/home/student/ros2_ws/install/eced3901/bin'
[1.979s] Level 1:colcon.colcon_core.environment:checking '/home/student/ros2_ws/install/eced3901/lib/pkgconfig/eced3901.pc'
[1.980s] Level 1:colcon.colcon_core.environment:checking '/home/student/ros2_ws/install/eced3901/lib/python3.10/site-packages'
[1.980s] Level 1:colcon.colcon_core.shell:create_environment_hook('eced3901', 'pythonpath')
[1.981s] INFO:colcon.colcon_core.shell:Creating environment hook '/home/student/ros2_ws/install/eced3901/share/eced3901/hook/pythonpath.ps1'
[1.982s] INFO:colcon.colcon_core.shell:Creating environment descriptor '/home/student/ros2_ws/install/eced3901/share/eced3901/hook/pythonpath.dsv'
[1.982s] INFO:colcon.colcon_core.shell:Creating environment hook '/home/student/ros2_ws/install/eced3901/share/eced3901/hook/pythonpath.sh'
[1.983s] Level 1:colcon.colcon_core.environment:checking '/home/student/ros2_ws/install/eced3901/bin'
[1.983s] Level 1:colcon.colcon_core.environment:create_environment_scripts_only(eced3901)
[1.988s] INFO:colcon.colcon_core.shell:Creating package script '/home/student/ros2_ws/install/eced3901/share/eced3901/package.ps1'
[1.990s] INFO:colcon.colcon_core.shell:Creating package descriptor '/home/student/ros2_ws/install/eced3901/share/eced3901/package.dsv'
[1.990s] INFO:colcon.colcon_core.shell:Creating package script '/home/student/ros2_ws/install/eced3901/share/eced3901/package.sh'
[1.991s] INFO:colcon.colcon_core.shell:Creating package script '/home/student/ros2_ws/install/eced3901/share/eced3901/package.bash'
[1.992s] INFO:colcon.colcon_core.shell:Creating package script '/home/student/ros2_ws/install/eced3901/share/eced3901/package.zsh'
[1.993s] Level 1:colcon.colcon_core.environment:create_file_with_runtime_dependencies(/home/student/ros2_ws/install/eced3901/share/colcon-core/packages/eced3901)
[2.026s] Level 1:colcon.colcon_core.environment:checking '/home/student/ros2_ws/install/eced3901_competition_2024' for CMake module files
[2.026s] Level 1:colcon.colcon_core.environment:checking '/home/student/ros2_ws/install/eced3901_competition_2024' for CMake config files
[2.027s] Level 1:colcon.colcon_core.environment:checking '/home/student/ros2_ws/install/eced3901_competition_2024/lib'
[2.027s] Level 1:colcon.colcon_core.environment:checking '/home/student/ros2_ws/install/eced3901_competition_2024/bin'
[2.027s] Level 1:colcon.colcon_core.environment:checking '/home/student/ros2_ws/install/eced3901_competition_2024/lib/pkgconfig/eced3901_competition_2024.pc'
[2.028s] Level 1:colcon.colcon_core.environment:checking '/home/student/ros2_ws/install/eced3901_competition_2024/lib/python3.10/site-packages'
[2.028s] Level 1:colcon.colcon_core.shell:create_environment_hook('eced3901_competition_2024', 'pythonpath')
[2.029s] INFO:colcon.colcon_core.shell:Creating environment hook '/home/student/ros2_ws/install/eced3901_competition_2024/share/eced3901_competition_2024/hook/pythonpath.ps1'
[2.030s] DEBUG:colcon.colcon_core.event_handler.log_command:Invoked command in '/home/student/ros2_ws/src/ECED3901-Competition-2024' returned '0': PYTHONPATH=/home/student/ros2_ws/build/eced3901_competition_2024/prefix_override:/home/student/ros2_ws/install/eced3901_competition_2024/lib/python3.10/site-packages:${PYTHONPATH} /usr/bin/python3 setup.py egg_info --egg-base ../../build/eced3901_competition_2024 build --build-base /home/student/ros2_ws/build/eced3901_competition_2024/build install --record /home/student/ros2_ws/build/eced3901_competition_2024/install.log --single-version-externally-managed
[2.031s] INFO:colcon.colcon_core.shell:Creating environment descriptor '/home/student/ros2_ws/install/eced3901_competition_2024/share/eced3901_competition_2024/hook/pythonpath.dsv'
[2.031s] INFO:colcon.colcon_core.shell:Creating environment hook '/home/student/ros2_ws/install/eced3901_competition_2024/share/eced3901_competition_2024/hook/pythonpath.sh'
[2.032s] Level 1:colcon.colcon_core.environment:checking '/home/student/ros2_ws/install/eced3901_competition_2024/bin'
[2.032s] Level 1:colcon.colcon_core.environment:create_environment_scripts_only(eced3901_competition_2024)
[2.033s] INFO:colcon.colcon_core.shell:Creating package script '/home/student/ros2_ws/install/eced3901_competition_2024/share/eced3901_competition_2024/package.ps1'
[2.034s] INFO:colcon.colcon_core.shell:Creating package descriptor '/home/student/ros2_ws/install/eced3901_competition_2024/share/eced3901_competition_2024/package.dsv'
[2.034s] INFO:colcon.colcon_core.shell:Creating package script '/home/student/ros2_ws/install/eced3901_competition_2024/share/eced3901_competition_2024/package.sh'
[2.036s] INFO:colcon.colcon_core.shell:Creating package script '/home/student/ros2_ws/install/eced3901_competition_2024/share/eced3901_competition_2024/package.bash'
[2.037s] INFO:colcon.colcon_core.shell:Creating package script '/home/student/ros2_ws/install/eced3901_competition_2024/share/eced3901_competition_2024/package.zsh'
[2.037s] Level 1:colcon.colcon_core.environment:create_file_with_runtime_dependencies(/home/student/ros2_ws/install/eced3901_competition_2024/share/colcon-core/packages/eced3901_competition_2024)
[2.040s] Level 1:colcon.colcon_core.environment:checking '/home/student/ros2_ws/install/test-3901' for CMake module files
[2.040s] DEBUG:colcon.colcon_core.event_handler.log_command:Invoked command in '/home/student/ros2_ws/src/test-3901' returned '0': PYTHONPATH=/home/student/ros2_ws/build/test-3901/prefix_override:/home/student/ros2_ws/install/test-3901/lib/python3.10/site-packages:${PYTHONPATH} /usr/bin/python3 setup.py egg_info --egg-base ../../build/test-3901 build --build-base /home/student/ros2_ws/build/test-3901/build install --record /home/student/ros2_ws/build/test-3901/install.log --single-version-externally-managed
[2.041s] Level 1:colcon.colcon_core.environment:checking '/home/student/ros2_ws/install/test-3901' for CMake config files
[2.041s] Level 1:colcon.colcon_core.environment:checking '/home/student/ros2_ws/install/test-3901/lib'
[2.041s] Level 1:colcon.colcon_core.environment:checking '/home/student/ros2_ws/install/test-3901/bin'
[2.041s] Level 1:colcon.colcon_core.environment:checking '/home/student/ros2_ws/install/test-3901/lib/pkgconfig/test-3901.pc'
[2.042s] Level 1:colcon.colcon_core.environment:checking '/home/student/ros2_ws/install/test-3901/lib/python3.10/site-packages'
[2.042s] Level 1:colcon.colcon_core.shell:create_environment_hook('test-3901', 'pythonpath')
[2.043s] INFO:colcon.colcon_core.shell:Creating environment hook '/home/student/ros2_ws/install/test-3901/share/test-3901/hook/pythonpath.ps1'
[2.044s] INFO:colcon.colcon_core.shell:Creating environment descriptor '/home/student/ros2_ws/install/test-3901/share/test-3901/hook/pythonpath.dsv'
[2.044s] INFO:colcon.colcon_core.shell:Creating environment hook '/home/student/ros2_ws/install/test-3901/share/test-3901/hook/pythonpath.sh'
[2.044s] Level 1:colcon.colcon_core.environment:checking '/home/student/ros2_ws/install/test-3901/bin'
[2.044s] Level 1:colcon.colcon_core.environment:create_environment_scripts_only(test-3901)
[2.046s] INFO:colcon.colcon_core.shell:Creating package script '/home/student/ros2_ws/install/test-3901/share/test-3901/package.ps1'
[2.047s] INFO:colcon.colcon_core.shell:Creating package descriptor '/home/student/ros2_ws/install/test-3901/share/test-3901/package.dsv'
[2.047s] INFO:colcon.colcon_core.shell:Creating package script '/home/student/ros2_ws/install/test-3901/share/test-3901/package.sh'
[2.047s] INFO:colcon.colcon_core.shell:Creating package script '/home/student/ros2_ws/install/test-3901/share/test-3901/package.bash'
[2.048s] INFO:colcon.colcon_core.shell:Creating package script '/home/student/ros2_ws/install/test-3901/share/test-3901/package.zsh'
[2.048s] Level 1:colcon.colcon_core.environment:create_file_with_runtime_dependencies(/home/student/ros2_ws/install/test-3901/share/colcon-core/packages/test-3901)
[2.048s] DEBUG:colcon.colcon_parallel_executor.executor.parallel:closing loop
[2.049s] DEBUG:colcon.colcon_parallel_executor.executor.parallel:loop closed
[2.049s] DEBUG:colcon.colcon_parallel_executor.executor.parallel:run_until_complete finished with '0'
[2.049s] DEBUG:colcon.colcon_core.event_reactor:joining thread
[2.055s] INFO:colcon.colcon_core.plugin_system:Skipping extension 'colcon_notification.desktop_notification.terminal_notifier': Not used on non-Darwin systems
[2.055s] INFO:colcon.colcon_core.plugin_system:Skipping extension 'colcon_notification.desktop_notification.win32': Not used on non-Windows systems
[2.055s] INFO:colcon.colcon_notification.desktop_notification:Sending desktop notification using 'notify2'
[2.070s] DEBUG:colcon.colcon_core.event_reactor:joined thread
[2.071s] INFO:colcon.colcon_core.shell:Creating prefix script '/home/student/ros2_ws/install/local_setup.ps1'
[2.072s] INFO:colcon.colcon_core.shell:Creating prefix util module '/home/student/ros2_ws/install/_local_setup_util_ps1.py'
[2.074s] INFO:colcon.colcon_core.shell:Creating prefix chain script '/home/student/ros2_ws/install/setup.ps1'
[2.075s] INFO:colcon.colcon_core.shell:Creating prefix script '/home/student/ros2_ws/install/local_setup.sh'
[2.076s] INFO:colcon.colcon_core.shell:Creating prefix util module '/home/student/ros2_ws/install/_local_setup_util_sh.py'
[2.077s] INFO:colcon.colcon_core.shell:Creating prefix chain script '/home/student/ros2_ws/install/setup.sh'
[2.083s] INFO:colcon.colcon_core.shell:Creating prefix script '/home/student/ros2_ws/install/local_setup.bash'
[2.083s] INFO:colcon.colcon_core.shell:Creating prefix chain script '/home/student/ros2_ws/install/setup.bash'
[2.085s] INFO:colcon.colcon_core.shell:Creating prefix script '/home/student/ros2_ws/install/local_setup.zsh'
[2.085s] INFO:colcon.colcon_core.shell:Creating prefix chain script '/home/student/ros2_ws/install/setup.zsh'
