running egg_info
creating ../build/eced3901/eced3901.egg-info
writing ../build/eced3901/eced3901.egg-info/PKG-INFO
writing dependency_links to ../build/eced3901/eced3901.egg-info/dependency_links.txt
writing entry points to ../build/eced3901/eced3901.egg-info/entry_points.txt
writing requirements to ../build/eced3901/eced3901.egg-info/requires.txt
writing top-level names to ../build/eced3901/eced3901.egg-info/top_level.txt
writing manifest file '../build/eced3901/eced3901.egg-info/SOURCES.txt'
reading manifest file '../build/eced3901/eced3901.egg-info/SOURCES.txt'
writing manifest file '../build/eced3901/eced3901.egg-info/SOURCES.txt'
running build
running build_py
creating /home/student/ros2_ws/src/build/eced3901/build
creating /home/student/ros2_ws/src/build/eced3901/build/lib
creating /home/student/ros2_ws/src/build/eced3901/build/lib/eced3901
copying eced3901/__init__.py -> /home/student/ros2_ws/src/build/eced3901/build/lib/eced3901
running install
running install_lib
creating /home/student/ros2_ws/src/install/eced3901/lib/python3.10/site-packages/eced3901
copying /home/student/ros2_ws/src/build/eced3901/build/lib/eced3901/__init__.py -> /home/student/ros2_ws/src/install/eced3901/lib/python3.10/site-packages/eced3901
byte-compiling /home/student/ros2_ws/src/install/eced3901/lib/python3.10/site-packages/eced3901/__init__.py to __init__.cpython-310.pyc
running install_data
creating /home/student/ros2_ws/src/install/eced3901/share/ament_index
creating /home/student/ros2_ws/src/install/eced3901/share/ament_index/resource_index
creating /home/student/ros2_ws/src/install/eced3901/share/ament_index/resource_index/packages
