[1.155s] Invoking command in '/home/student/ros2_ws/src/eced3901-2025-team00': PYTHONPATH=/home/student/ros2_ws/src/build/eced3901/prefix_override:/home/student/ros2_ws/src/install/eced3901/lib/python3.10/site-packages:${PYTHONPATH} /usr/bin/python3 setup.py egg_info --egg-base ../build/eced3901 build --build-base /home/student/ros2_ws/src/build/eced3901/build install --record /home/student/ros2_ws/src/build/eced3901/install.log --single-version-externally-managed
[1.398s] running egg_info
[1.399s] creating ../build/eced3901/eced3901.egg-info
[1.400s] writing ../build/eced3901/eced3901.egg-info/PKG-INFO
[1.400s] writing dependency_links to ../build/eced3901/eced3901.egg-info/dependency_links.txt
[1.401s] writing entry points to ../build/eced3901/eced3901.egg-info/entry_points.txt
[1.402s] writing requirements to ../build/eced3901/eced3901.egg-info/requires.txt
[1.403s] writing top-level names to ../build/eced3901/eced3901.egg-info/top_level.txt
[1.403s] writing manifest file '../build/eced3901/eced3901.egg-info/SOURCES.txt'
[1.406s] reading manifest file '../build/eced3901/eced3901.egg-info/SOURCES.txt'
[1.409s] writing manifest file '../build/eced3901/eced3901.egg-info/SOURCES.txt'
[1.410s] running build
[1.410s] running build_py
[1.410s] creating /home/student/ros2_ws/src/build/eced3901/build
[1.411s] creating /home/student/ros2_ws/src/build/eced3901/build/lib
[1.411s] creating /home/student/ros2_ws/src/build/eced3901/build/lib/eced3901
[1.413s] copying eced3901/__init__.py -> /home/student/ros2_ws/src/build/eced3901/build/lib/eced3901
[1.414s] running install
[1.414s] /usr/lib/python3/dist-packages/setuptools/command/install.py:34: SetuptoolsDeprecationWarning: setup.py install is deprecated. Use build and pip and other standards-based tools.
[1.415s]   warnings.warn(
[1.417s] running install_lib
[1.419s] creating /home/student/ros2_ws/src/install/eced3901/lib/python3.10/site-packages/eced3901
[1.419s] copying /home/student/ros2_ws/src/build/eced3901/build/lib/eced3901/__init__.py -> /home/student/ros2_ws/src/install/eced3901/lib/python3.10/site-packages/eced3901
[1.422s] byte-compiling /home/student/ros2_ws/src/install/eced3901/lib/python3.10/site-packages/eced3901/__init__.py to __init__.cpython-310.pyc
[1.424s] running install_data
[1.424s] creating /home/student/ros2_ws/src/install/eced3901/share/ament_index
[1.425s] creating /home/student/ros2_ws/src/install/eced3901/share/ament_index/resource_index
[1.425s] error: can't copy 'resource/eced3901': doesn't exist or not a regular file
[1.426s] creating /home/student/ros2_ws/src/install/eced3901/share/ament_index/resource_index/packages
[1.454s] Invoked command in '/home/student/ros2_ws/src/eced3901-2025-team00' returned '1': PYTHONPATH=/home/student/ros2_ws/src/build/eced3901/prefix_override:/home/student/ros2_ws/src/install/eced3901/lib/python3.10/site-packages:${PYTHONPATH} /usr/bin/python3 setup.py egg_info --egg-base ../build/eced3901 build --build-base /home/student/ros2_ws/src/build/eced3901/build install --record /home/student/ros2_ws/src/build/eced3901/install.log --single-version-externally-managed
