[1.342s] Invoking command in '/home/student/ros2_ws/src/eced3901-2025-team00': PYTHONPATH=/home/student/ros2_ws/build/eced3901/prefix_override:/home/student/ros2_ws/install/eced3901/lib/python3.10/site-packages:${PYTHONPATH} /usr/bin/python3 setup.py egg_info --egg-base ../../build/eced3901 build --build-base /home/student/ros2_ws/build/eced3901/build install --record /home/student/ros2_ws/build/eced3901/install.log --single-version-externally-managed
[1.654s] running egg_info
[1.655s] writing ../../build/eced3901/eced3901.egg-info/PKG-INFO
[1.655s] writing dependency_links to ../../build/eced3901/eced3901.egg-info/dependency_links.txt
[1.655s] writing entry points to ../../build/eced3901/eced3901.egg-info/entry_points.txt
[1.655s] writing requirements to ../../build/eced3901/eced3901.egg-info/requires.txt
[1.655s] writing top-level names to ../../build/eced3901/eced3901.egg-info/top_level.txt
[1.657s] reading manifest file '../../build/eced3901/eced3901.egg-info/SOURCES.txt'
[1.658s] writing manifest file '../../build/eced3901/eced3901.egg-info/SOURCES.txt'
[1.659s] running build
[1.659s] running build_py
[1.659s] copying eced3901/eced3901_dt1.py -> /home/student/ros2_ws/build/eced3901/build/lib/eced3901
[1.660s] running install
[1.660s] running install_lib
[1.661s] copying /home/student/ros2_ws/build/eced3901/build/lib/eced3901/eced3901_dt1.py -> /home/student/ros2_ws/install/eced3901/lib/python3.10/site-packages/eced3901
[1.662s] byte-compiling /home/student/ros2_ws/install/eced3901/lib/python3.10/site-packages/eced3901/eced3901_dt1.py to eced3901_dt1.cpython-310.pyc
[1.663s] running install_data
[1.665s] running install_egg_info
[1.667s] removing '/home/student/ros2_ws/install/eced3901/lib/python3.10/site-packages/eced3901-0.0.0-py3.10.egg-info' (and everything under it)
[1.667s] Copying ../../build/eced3901/eced3901.egg-info to /home/student/ros2_ws/install/eced3901/lib/python3.10/site-packages/eced3901-0.0.0-py3.10.egg-info
[1.668s] running install_scripts
[1.693s] Installing dt1 script to /home/student/ros2_ws/install/eced3901/lib/eced3901
[1.695s] Installing talker script to /home/student/ros2_ws/install/eced3901/lib/eced3901
[1.695s] writing list of installed files to '/home/student/ros2_ws/build/eced3901/install.log'
[1.735s] Invoked command in '/home/student/ros2_ws/src/eced3901-2025-team00' returned '0': PYTHONPATH=/home/student/ros2_ws/build/eced3901/prefix_override:/home/student/ros2_ws/install/eced3901/lib/python3.10/site-packages:${PYTHONPATH} /usr/bin/python3 setup.py egg_info --egg-base ../../build/eced3901 build --build-base /home/student/ros2_ws/build/eced3901/build install --record /home/student/ros2_ws/build/eced3901/install.log --single-version-externally-managed
