[0.338s] DEBUG:colcon:Command line arguments: ['/usr/bin/colcon', 'build']
[0.338s] DEBUG:colcon:Parsed command line arguments: Namespace(log_base=None, log_level=None, verb_name='build', build_base='build', install_base='install', merge_install=False, symlink_install=False, test_result_base=None, continue_on_error=False, executor='parallel', parallel_workers=4, event_handlers=None, ignore_user_meta=False, metas=['./colcon.meta'], base_paths=['.'], packages_ignore=None, packages_ignore_regex=None, paths=None, packages_up_to=None, packages_up_to_regex=None, packages_above=None, packages_above_and_dependencies=None, packages_above_depth=None, packages_select_by_dep=None, packages_skip_by_dep=None, packages_skip_up_to=None, packages_select_build_failed=False, packages_skip_build_finished=False, packages_select_test_failures=False, packages_skip_test_passed=False, packages_select=None, packages_skip=None, packages_select_regex=None, packages_skip_regex=None, packages_start=None, packages_end=None, allow_overriding=[], cmake_args=None, cmake_target=None, cmake_target_skip_unavailable=False, cmake_clean_cache=False, cmake_clean_first=False, cmake_force_configure=False, ament_cmake_args=None, catkin_cmake_args=None, catkin_skip_building_tests=False, verb_parser=<colcon_defaults.argument_parser.defaults.DefaultArgumentsDecorator object at 0x7f90123b3160>, verb_extension=<colcon_core.verb.build.BuildVerb object at 0x7f9012c0a410>, main=<bound method BuildVerb.main of <colcon_core.verb.build.BuildVerb object at 0x7f9012c0a410>>)
[0.376s] Level 1:colcon.colcon_core.package_discovery:discover_packages(colcon_meta) check parameters
[0.376s] Level 1:colcon.colcon_core.package_discovery:discover_packages(recursive) check parameters
[0.376s] Level 1:colcon.colcon_core.package_discovery:discover_packages(ignore) check parameters
[0.376s] Level 1:colcon.colcon_core.package_discovery:discover_packages(path) check parameters
[0.376s] Level 1:colcon.colcon_core.package_discovery:discover_packages(colcon_meta) discover
[0.376s] Level 1:colcon.colcon_core.package_discovery:discover_packages(recursive) discover
[0.376s] INFO:colcon.colcon_core.package_discovery:Crawling recursively for packages in '/home/student/ros2_ws/src'
[0.376s] Level 1:colcon.colcon_core.package_identification:_identify(.) by extensions ['ignore', 'ignore_ament_install']
[0.377s] Level 1:colcon.colcon_core.package_identification:_identify(.) by extension 'ignore'
[0.377s] Level 1:colcon.colcon_core.package_identification:_identify(.) by extension 'ignore_ament_install'
[0.377s] Level 1:colcon.colcon_core.package_identification:_identify(.) by extensions ['colcon_pkg']
[0.377s] Level 1:colcon.colcon_core.package_identification:_identify(.) by extension 'colcon_pkg'
[0.377s] Level 1:colcon.colcon_core.package_identification:_identify(.) by extensions ['colcon_meta']
[0.377s] Level 1:colcon.colcon_core.package_identification:_identify(.) by extension 'colcon_meta'
[0.377s] Level 1:colcon.colcon_core.package_identification:_identify(.) by extensions ['ros']
[0.377s] Level 1:colcon.colcon_core.package_identification:_identify(.) by extension 'ros'
[0.390s] Level 1:colcon.colcon_core.package_identification:_identify(.) by extensions ['cmake', 'python']
[0.390s] Level 1:colcon.colcon_core.package_identification:_identify(.) by extension 'cmake'
[0.390s] Level 1:colcon.colcon_core.package_identification:_identify(.) by extension 'python'
[0.390s] Level 1:colcon.colcon_core.package_identification:_identify(.) by extensions ['python_setup_py']
[0.390s] Level 1:colcon.colcon_core.package_identification:_identify(.) by extension 'python_setup_py'
[0.390s] Level 1:colcon.colcon_core.package_identification:_identify(ECED3901-Competition-2024) by extensions ['ignore', 'ignore_ament_install']
[0.390s] Level 1:colcon.colcon_core.package_identification:_identify(ECED3901-Competition-2024) by extension 'ignore'
[0.390s] Level 1:colcon.colcon_core.package_identification:_identify(ECED3901-Competition-2024) by extension 'ignore_ament_install'
[0.390s] Level 1:colcon.colcon_core.package_identification:_identify(ECED3901-Competition-2024) by extensions ['colcon_pkg']
[0.391s] Level 1:colcon.colcon_core.package_identification:_identify(ECED3901-Competition-2024) by extension 'colcon_pkg'
[0.391s] Level 1:colcon.colcon_core.package_identification:_identify(ECED3901-Competition-2024) by extensions ['colcon_meta']
[0.391s] Level 1:colcon.colcon_core.package_identification:_identify(ECED3901-Competition-2024) by extension 'colcon_meta'
[0.391s] Level 1:colcon.colcon_core.package_identification:_identify(ECED3901-Competition-2024) by extensions ['ros']
[0.391s] Level 1:colcon.colcon_core.package_identification:_identify(ECED3901-Competition-2024) by extension 'ros'
[0.393s] DEBUG:colcon.colcon_core.package_identification:Package 'ECED3901-Competition-2024' with type 'ros.ament_python' and name 'eced3901_competition_2024'
[0.394s] Level 1:colcon.colcon_core.package_identification:_identify(build) by extensions ['ignore', 'ignore_ament_install']
[0.394s] Level 1:colcon.colcon_core.package_identification:_identify(build) by extension 'ignore'
[0.394s] Level 1:colcon.colcon_core.package_identification:_identify(build) ignored
[0.394s] Level 1:colcon.colcon_core.package_identification:_identify(eced3901-2025-team00) by extensions ['ignore', 'ignore_ament_install']
[0.394s] Level 1:colcon.colcon_core.package_identification:_identify(eced3901-2025-team00) by extension 'ignore'
[0.394s] Level 1:colcon.colcon_core.package_identification:_identify(eced3901-2025-team00) by extension 'ignore_ament_install'
[0.394s] Level 1:colcon.colcon_core.package_identification:_identify(eced3901-2025-team00) by extensions ['colcon_pkg']
[0.394s] Level 1:colcon.colcon_core.package_identification:_identify(eced3901-2025-team00) by extension 'colcon_pkg'
[0.394s] Level 1:colcon.colcon_core.package_identification:_identify(eced3901-2025-team00) by extensions ['colcon_meta']
[0.394s] Level 1:colcon.colcon_core.package_identification:_identify(eced3901-2025-team00) by extension 'colcon_meta'
[0.394s] Level 1:colcon.colcon_core.package_identification:_identify(eced3901-2025-team00) by extensions ['ros']
[0.394s] Level 1:colcon.colcon_core.package_identification:_identify(eced3901-2025-team00) by extension 'ros'
[0.396s] DEBUG:colcon.colcon_core.package_identification:Package 'eced3901-2025-team00' with type 'ros.ament_python' and name 'eced3901'
[0.396s] Level 1:colcon.colcon_core.package_identification:_identify(install) by extensions ['ignore', 'ignore_ament_install']
[0.396s] Level 1:colcon.colcon_core.package_identification:_identify(install) by extension 'ignore'
[0.396s] Level 1:colcon.colcon_core.package_identification:_identify(install) ignored
[0.396s] Level 1:colcon.colcon_core.package_identification:_identify(log) by extensions ['ignore', 'ignore_ament_install']
[0.396s] Level 1:colcon.colcon_core.package_identification:_identify(log) by extension 'ignore'
[0.396s] Level 1:colcon.colcon_core.package_identification:_identify(log) ignored
[0.396s] Level 1:colcon.colcon_core.package_identification:_identify(test-3901) by extensions ['ignore', 'ignore_ament_install']
[0.396s] Level 1:colcon.colcon_core.package_identification:_identify(test-3901) by extension 'ignore'
[0.396s] Level 1:colcon.colcon_core.package_identification:_identify(test-3901) by extension 'ignore_ament_install'
[0.396s] Level 1:colcon.colcon_core.package_identification:_identify(test-3901) by extensions ['colcon_pkg']
[0.397s] Level 1:colcon.colcon_core.package_identification:_identify(test-3901) by extension 'colcon_pkg'
[0.397s] Level 1:colcon.colcon_core.package_identification:_identify(test-3901) by extensions ['colcon_meta']
[0.397s] Level 1:colcon.colcon_core.package_identification:_identify(test-3901) by extension 'colcon_meta'
[0.397s] Level 1:colcon.colcon_core.package_identification:_identify(test-3901) by extensions ['ros']
[0.397s] Level 1:colcon.colcon_core.package_identification:_identify(test-3901) by extension 'ros'
[0.397s] DEBUG:colcon.colcon_core.package_identification:Package 'test-3901' with type 'ros.ament_python' and name 'test-3901'
[0.397s] Level 1:colcon.colcon_core.package_discovery:discover_packages(recursive) using defaults
[0.397s] Level 1:colcon.colcon_core.package_discovery:discover_packages(ignore) discover
[0.397s] Level 1:colcon.colcon_core.package_discovery:discover_packages(ignore) using defaults
[0.397s] Level 1:colcon.colcon_core.package_discovery:discover_packages(path) discover
[0.397s] Level 1:colcon.colcon_core.package_discovery:discover_packages(path) using defaults
[0.425s] Level 1:colcon.colcon_core.package_discovery:discover_packages(prefix_path) check parameters
[0.425s] Level 1:colcon.colcon_core.package_discovery:discover_packages(prefix_path) discover
[0.428s] DEBUG:colcon.colcon_installed_package_information.package_discovery:Found 2 installed packages in /home/student/ros2_ws/install
[0.429s] DEBUG:colcon.colcon_installed_package_information.package_discovery:Found 1 installed packages in /home/student/imu_ws/install
[0.430s] DEBUG:colcon.colcon_installed_package_information.package_discovery:Found 1 installed packages in /home/student/ydlidar_ros2_ws/install
[0.431s] DEBUG:colcon.colcon_installed_package_information.package_discovery:Found 1 installed packages in /home/student/motor_ws/install
[0.433s] DEBUG:colcon.colcon_installed_package_information.package_discovery:Found 358 installed packages in /opt/ros/humble
[0.435s] Level 1:colcon.colcon_core.package_discovery:discover_packages(prefix_path) using defaults
[0.505s] Level 5:colcon.colcon_core.verb:set package 'eced3901' build argument 'cmake_args' from command line to 'None'
[0.505s] Level 5:colcon.colcon_core.verb:set package 'eced3901' build argument 'cmake_target' from command line to 'None'
[0.505s] Level 5:colcon.colcon_core.verb:set package 'eced3901' build argument 'cmake_target_skip_unavailable' from command line to 'False'
[0.505s] Level 5:colcon.colcon_core.verb:set package 'eced3901' build argument 'cmake_clean_cache' from command line to 'False'
[0.505s] Level 5:colcon.colcon_core.verb:set package 'eced3901' build argument 'cmake_clean_first' from command line to 'False'
[0.505s] Level 5:colcon.colcon_core.verb:set package 'eced3901' build argument 'cmake_force_configure' from command line to 'False'
[0.505s] Level 5:colcon.colcon_core.verb:set package 'eced3901' build argument 'ament_cmake_args' from command line to 'None'
[0.505s] Level 5:colcon.colcon_core.verb:set package 'eced3901' build argument 'catkin_cmake_args' from command line to 'None'
[0.505s] Level 5:colcon.colcon_core.verb:set package 'eced3901' build argument 'catkin_skip_building_tests' from command line to 'False'
[0.506s] DEBUG:colcon.colcon_core.verb:Building package 'eced3901' with the following arguments: {'ament_cmake_args': None, 'build_base': '/home/student/ros2_ws/src/build/eced3901', 'catkin_cmake_args': None, 'catkin_skip_building_tests': False, 'cmake_args': None, 'cmake_clean_cache': False, 'cmake_clean_first': False, 'cmake_force_configure': False, 'cmake_target': None, 'cmake_target_skip_unavailable': False, 'install_base': '/home/student/ros2_ws/src/install/eced3901', 'merge_install': False, 'path': '/home/student/ros2_ws/src/eced3901-2025-team00', 'symlink_install': False, 'test_result_base': None}
[0.507s] Level 5:colcon.colcon_core.verb:set package 'eced3901_competition_2024' build argument 'cmake_args' from command line to 'None'
[0.507s] Level 5:colcon.colcon_core.verb:set package 'eced3901_competition_2024' build argument 'cmake_target' from command line to 'None'
[0.507s] Level 5:colcon.colcon_core.verb:set package 'eced3901_competition_2024' build argument 'cmake_target_skip_unavailable' from command line to 'False'
[0.507s] Level 5:colcon.colcon_core.verb:set package 'eced3901_competition_2024' build argument 'cmake_clean_cache' from command line to 'False'
[0.507s] Level 5:colcon.colcon_core.verb:set package 'eced3901_competition_2024' build argument 'cmake_clean_first' from command line to 'False'
[0.507s] Level 5:colcon.colcon_core.verb:set package 'eced3901_competition_2024' build argument 'cmake_force_configure' from command line to 'False'
[0.507s] Level 5:colcon.colcon_core.verb:set package 'eced3901_competition_2024' build argument 'ament_cmake_args' from command line to 'None'
[0.507s] Level 5:colcon.colcon_core.verb:set package 'eced3901_competition_2024' build argument 'catkin_cmake_args' from command line to 'None'
[0.507s] Level 5:colcon.colcon_core.verb:set package 'eced3901_competition_2024' build argument 'catkin_skip_building_tests' from command line to 'False'
[0.507s] DEBUG:colcon.colcon_core.verb:Building package 'eced3901_competition_2024' with the following arguments: {'ament_cmake_args': None, 'build_base': '/home/student/ros2_ws/src/build/eced3901_competition_2024', 'catkin_cmake_args': None, 'catkin_skip_building_tests': False, 'cmake_args': None, 'cmake_clean_cache': False, 'cmake_clean_first': False, 'cmake_force_configure': False, 'cmake_target': None, 'cmake_target_skip_unavailable': False, 'install_base': '/home/student/ros2_ws/src/install/eced3901_competition_2024', 'merge_install': False, 'path': '/home/student/ros2_ws/src/ECED3901-Competition-2024', 'symlink_install': False, 'test_result_base': None}
[0.508s] Level 5:colcon.colcon_core.verb:set package 'test-3901' build argument 'cmake_args' from command line to 'None'
[0.508s] Level 5:colcon.colcon_core.verb:set package 'test-3901' build argument 'cmake_target' from command line to 'None'
[0.508s] Level 5:colcon.colcon_core.verb:set package 'test-3901' build argument 'cmake_target_skip_unavailable' from command line to 'False'
[0.508s] Level 5:colcon.colcon_core.verb:set package 'test-3901' build argument 'cmake_clean_cache' from command line to 'False'
[0.508s] Level 5:colcon.colcon_core.verb:set package 'test-3901' build argument 'cmake_clean_first' from command line to 'False'
[0.508s] Level 5:colcon.colcon_core.verb:set package 'test-3901' build argument 'cmake_force_configure' from command line to 'False'
[0.508s] Level 5:colcon.colcon_core.verb:set package 'test-3901' build argument 'ament_cmake_args' from command line to 'None'
[0.508s] Level 5:colcon.colcon_core.verb:set package 'test-3901' build argument 'catkin_cmake_args' from command line to 'None'
[0.508s] Level 5:colcon.colcon_core.verb:set package 'test-3901' build argument 'catkin_skip_building_tests' from command line to 'False'
[0.508s] DEBUG:colcon.colcon_core.verb:Building package 'test-3901' with the following arguments: {'ament_cmake_args': None, 'build_base': '/home/student/ros2_ws/src/build/test-3901', 'catkin_cmake_args': None, 'catkin_skip_building_tests': False, 'cmake_args': None, 'cmake_clean_cache': False, 'cmake_clean_first': False, 'cmake_force_configure': False, 'cmake_target': None, 'cmake_target_skip_unavailable': False, 'install_base': '/home/student/ros2_ws/src/install/test-3901', 'merge_install': False, 'path': '/home/student/ros2_ws/src/test-3901', 'symlink_install': False, 'test_result_base': None}
[0.509s] INFO:colcon.colcon_core.executor:Executing jobs using 'parallel' executor
[0.513s] DEBUG:colcon.colcon_parallel_executor.executor.parallel:run_until_complete
[0.513s] INFO:colcon.colcon_ros.task.ament_python.build:Building ROS package in '/home/student/ros2_ws/src/eced3901-2025-team00' with build type 'ament_python'
[0.513s] Level 1:colcon.colcon_core.shell:create_environment_hook('eced3901', 'ament_prefix_path')
[0.518s] INFO:colcon.colcon_core.plugin_system:Skipping extension 'colcon_core.shell.bat': Not used on non-Windows systems
[0.518s] INFO:colcon.colcon_core.shell:Creating environment hook '/home/student/ros2_ws/src/install/eced3901/share/eced3901/hook/ament_prefix_path.ps1'
[0.519s] INFO:colcon.colcon_core.shell:Creating environment descriptor '/home/student/ros2_ws/src/install/eced3901/share/eced3901/hook/ament_prefix_path.dsv'
[0.520s] INFO:colcon.colcon_core.shell:Creating environment hook '/home/student/ros2_ws/src/install/eced3901/share/eced3901/hook/ament_prefix_path.sh'
[0.523s] INFO:colcon.colcon_core.shell:Skip shell extension 'powershell' for command environment: Not usable outside of PowerShell
[0.523s] DEBUG:colcon.colcon_core.shell:Skip shell extension 'dsv' for command environment
[0.531s] INFO:colcon.colcon_ros.task.ament_python.build:Building ROS package in '/home/student/ros2_ws/src/ECED3901-Competition-2024' with build type 'ament_python'
[0.532s] Level 1:colcon.colcon_core.shell:create_environment_hook('eced3901_competition_2024', 'ament_prefix_path')
[0.533s] INFO:colcon.colcon_core.shell:Creating environment hook '/home/student/ros2_ws/src/install/eced3901_competition_2024/share/eced3901_competition_2024/hook/ament_prefix_path.ps1'
[0.534s] INFO:colcon.colcon_core.shell:Creating environment descriptor '/home/student/ros2_ws/src/install/eced3901_competition_2024/share/eced3901_competition_2024/hook/ament_prefix_path.dsv'
[0.534s] INFO:colcon.colcon_core.shell:Creating environment hook '/home/student/ros2_ws/src/install/eced3901_competition_2024/share/eced3901_competition_2024/hook/ament_prefix_path.sh'
[0.536s] INFO:colcon.colcon_core.shell:Skip shell extension 'powershell' for command environment: Not usable outside of PowerShell
[0.536s] DEBUG:colcon.colcon_core.shell:Skip shell extension 'dsv' for command environment
[0.544s] INFO:colcon.colcon_ros.task.ament_python.build:Building ROS package in '/home/student/ros2_ws/src/test-3901' with build type 'ament_python'
[0.544s] Level 1:colcon.colcon_core.shell:create_environment_hook('test-3901', 'ament_prefix_path')
[0.546s] INFO:colcon.colcon_core.shell:Creating environment hook '/home/student/ros2_ws/src/install/test-3901/share/test-3901/hook/ament_prefix_path.ps1'
[0.547s] INFO:colcon.colcon_core.shell:Creating environment descriptor '/home/student/ros2_ws/src/install/test-3901/share/test-3901/hook/ament_prefix_path.dsv'
[0.548s] INFO:colcon.colcon_core.shell:Creating environment hook '/home/student/ros2_ws/src/install/test-3901/share/test-3901/hook/ament_prefix_path.sh'
[0.552s] INFO:colcon.colcon_core.shell:Skip shell extension 'powershell' for command environment: Not usable outside of PowerShell
[0.552s] DEBUG:colcon.colcon_core.shell:Skip shell extension 'dsv' for command environment
[0.834s] INFO:colcon.colcon_core.task.python.build:Building Python package in '/home/student/ros2_ws/src/eced3901-2025-team00'
[0.835s] INFO:colcon.colcon_core.shell:Skip shell extension 'powershell' for command environment: Not usable outside of PowerShell
[0.836s] DEBUG:colcon.colcon_core.shell:Skip shell extension 'dsv' for command environment
[1.113s] INFO:colcon.colcon_core.task.python.build:Building Python package in '/home/student/ros2_ws/src/ECED3901-Competition-2024'
[1.115s] INFO:colcon.colcon_core.shell:Skip shell extension 'powershell' for command environment: Not usable outside of PowerShell
[1.115s] DEBUG:colcon.colcon_core.shell:Skip shell extension 'dsv' for command environment
[1.397s] INFO:colcon.colcon_core.task.python.build:Building Python package in '/home/student/ros2_ws/src/test-3901'
[1.399s] INFO:colcon.colcon_core.shell:Skip shell extension 'powershell' for command environment: Not usable outside of PowerShell
[1.399s] DEBUG:colcon.colcon_core.shell:Skip shell extension 'dsv' for command environment
[1.831s] DEBUG:colcon.colcon_core.event_handler.log_command:Invoking command in '/home/student/ros2_ws/src/eced3901-2025-team00': PYTHONPATH=/home/student/ros2_ws/src/build/eced3901/prefix_override:/home/student/ros2_ws/src/install/eced3901/lib/python3.10/site-packages:${PYTHONPATH} /usr/bin/python3 setup.py egg_info --egg-base ../build/eced3901 build --build-base /home/student/ros2_ws/src/build/eced3901/build install --record /home/student/ros2_ws/src/build/eced3901/install.log --single-version-externally-managed
[1.843s] DEBUG:colcon.colcon_core.event_handler.log_command:Invoking command in '/home/student/ros2_ws/src/test-3901': PYTHONPATH=/home/student/ros2_ws/src/build/test-3901/prefix_override:/home/student/ros2_ws/src/install/test-3901/lib/python3.10/site-packages:${PYTHONPATH} /usr/bin/python3 setup.py egg_info --egg-base ../build/test-3901 build --build-base /home/student/ros2_ws/src/build/test-3901/build install --record /home/student/ros2_ws/src/build/test-3901/install.log --single-version-externally-managed
[1.896s] DEBUG:colcon.colcon_core.event_handler.log_command:Invoking command in '/home/student/ros2_ws/src/ECED3901-Competition-2024': PYTHONPATH=/home/student/ros2_ws/src/build/eced3901_competition_2024/prefix_override:/home/student/ros2_ws/src/install/eced3901_competition_2024/lib/python3.10/site-packages:${PYTHONPATH} /usr/bin/python3 setup.py egg_info --egg-base ../build/eced3901_competition_2024 build --build-base /home/student/ros2_ws/src/build/eced3901_competition_2024/build install --record /home/student/ros2_ws/src/build/eced3901_competition_2024/install.log --single-version-externally-managed
[2.219s] DEBUG:colcon.colcon_core.event_handler.log_command:Invoked command in '/home/student/ros2_ws/src/test-3901' returned '0': PYTHONPATH=/home/student/ros2_ws/src/build/test-3901/prefix_override:/home/student/ros2_ws/src/install/test-3901/lib/python3.10/site-packages:${PYTHONPATH} /usr/bin/python3 setup.py egg_info --egg-base ../build/test-3901 build --build-base /home/student/ros2_ws/src/build/test-3901/build install --record /home/student/ros2_ws/src/build/test-3901/install.log --single-version-externally-managed
[2.228s] Level 1:colcon.colcon_core.environment:checking '/home/student/ros2_ws/src/install/test-3901' for CMake module files
[2.232s] Level 1:colcon.colcon_core.environment:checking '/home/student/ros2_ws/src/install/test-3901' for CMake config files
[2.233s] Level 1:colcon.colcon_core.environment:checking '/home/student/ros2_ws/src/install/test-3901/lib'
[2.233s] Level 1:colcon.colcon_core.environment:checking '/home/student/ros2_ws/src/install/test-3901/bin'
[2.234s] Level 1:colcon.colcon_core.environment:checking '/home/student/ros2_ws/src/install/test-3901/lib/pkgconfig/test-3901.pc'
[2.234s] Level 1:colcon.colcon_core.environment:checking '/home/student/ros2_ws/src/install/test-3901/lib/python3.10/site-packages'
[2.234s] Level 1:colcon.colcon_core.shell:create_environment_hook('test-3901', 'pythonpath')
[2.236s] INFO:colcon.colcon_core.shell:Creating environment hook '/home/student/ros2_ws/src/install/test-3901/share/test-3901/hook/pythonpath.ps1'
[2.237s] INFO:colcon.colcon_core.shell:Creating environment descriptor '/home/student/ros2_ws/src/install/test-3901/share/test-3901/hook/pythonpath.dsv'
[2.238s] INFO:colcon.colcon_core.shell:Creating environment hook '/home/student/ros2_ws/src/install/test-3901/share/test-3901/hook/pythonpath.sh'
[2.240s] Level 1:colcon.colcon_core.environment:checking '/home/student/ros2_ws/src/install/test-3901/bin'
[2.240s] Level 1:colcon.colcon_core.environment:create_environment_scripts_only(test-3901)
[2.242s] INFO:colcon.colcon_core.shell:Creating package script '/home/student/ros2_ws/src/install/test-3901/share/test-3901/package.ps1'
[2.243s] INFO:colcon.colcon_core.shell:Creating package descriptor '/home/student/ros2_ws/src/install/test-3901/share/test-3901/package.dsv'
[2.244s] INFO:colcon.colcon_core.shell:Creating package script '/home/student/ros2_ws/src/install/test-3901/share/test-3901/package.sh'
[2.248s] INFO:colcon.colcon_core.shell:Creating package script '/home/student/ros2_ws/src/install/test-3901/share/test-3901/package.bash'
[2.249s] INFO:colcon.colcon_core.shell:Creating package script '/home/student/ros2_ws/src/install/test-3901/share/test-3901/package.zsh'
[2.250s] Level 1:colcon.colcon_core.environment:create_file_with_runtime_dependencies(/home/student/ros2_ws/src/install/test-3901/share/colcon-core/packages/test-3901)
[2.266s] Level 1:colcon.colcon_core.environment:checking '/home/student/ros2_ws/src/install/eced3901' for CMake module files
[2.266s] DEBUG:colcon.colcon_core.event_handler.log_command:Invoked command in '/home/student/ros2_ws/src/eced3901-2025-team00' returned '0': PYTHONPATH=/home/student/ros2_ws/src/build/eced3901/prefix_override:/home/student/ros2_ws/src/install/eced3901/lib/python3.10/site-packages:${PYTHONPATH} /usr/bin/python3 setup.py egg_info --egg-base ../build/eced3901 build --build-base /home/student/ros2_ws/src/build/eced3901/build install --record /home/student/ros2_ws/src/build/eced3901/install.log --single-version-externally-managed
[2.267s] Level 1:colcon.colcon_core.environment:checking '/home/student/ros2_ws/src/install/eced3901' for CMake config files
[2.268s] Level 1:colcon.colcon_core.environment:checking '/home/student/ros2_ws/src/install/eced3901/lib'
[2.268s] Level 1:colcon.colcon_core.environment:checking '/home/student/ros2_ws/src/install/eced3901/bin'
[2.268s] Level 1:colcon.colcon_core.shell:create_environment_hook('eced3901', 'path')
[2.275s] INFO:colcon.colcon_core.shell:Creating environment hook '/home/student/ros2_ws/src/install/eced3901/share/eced3901/hook/path.ps1'
[2.276s] INFO:colcon.colcon_core.shell:Creating environment descriptor '/home/student/ros2_ws/src/install/eced3901/share/eced3901/hook/path.dsv'
[2.277s] INFO:colcon.colcon_core.shell:Creating environment hook '/home/student/ros2_ws/src/install/eced3901/share/eced3901/hook/path.sh'
[2.278s] Level 1:colcon.colcon_core.environment:checking '/home/student/ros2_ws/src/install/eced3901/lib/pkgconfig/eced3901.pc'
[2.278s] Level 1:colcon.colcon_core.environment:checking '/home/student/ros2_ws/src/install/eced3901/lib/python3.10/site-packages'
[2.278s] Level 1:colcon.colcon_core.shell:create_environment_hook('eced3901', 'pythonpath')
[2.280s] INFO:colcon.colcon_core.shell:Creating environment hook '/home/student/ros2_ws/src/install/eced3901/share/eced3901/hook/pythonpath.ps1'
[2.281s] INFO:colcon.colcon_core.shell:Creating environment descriptor '/home/student/ros2_ws/src/install/eced3901/share/eced3901/hook/pythonpath.dsv'
[2.281s] INFO:colcon.colcon_core.shell:Creating environment hook '/home/student/ros2_ws/src/install/eced3901/share/eced3901/hook/pythonpath.sh'
[2.282s] Level 1:colcon.colcon_core.environment:checking '/home/student/ros2_ws/src/install/eced3901/bin'
[2.282s] Level 1:colcon.colcon_core.shell:create_environment_hook('eced3901', 'pythonscriptspath')
[2.284s] INFO:colcon.colcon_core.shell:Creating environment hook '/home/student/ros2_ws/src/install/eced3901/share/eced3901/hook/pythonscriptspath.ps1'
[2.285s] INFO:colcon.colcon_core.shell:Creating environment descriptor '/home/student/ros2_ws/src/install/eced3901/share/eced3901/hook/pythonscriptspath.dsv'
[2.285s] INFO:colcon.colcon_core.shell:Creating environment hook '/home/student/ros2_ws/src/install/eced3901/share/eced3901/hook/pythonscriptspath.sh'
[2.286s] Level 1:colcon.colcon_core.environment:create_environment_scripts_only(eced3901)
[2.288s] INFO:colcon.colcon_core.shell:Creating package script '/home/student/ros2_ws/src/install/eced3901/share/eced3901/package.ps1'
[2.289s] INFO:colcon.colcon_core.shell:Creating package descriptor '/home/student/ros2_ws/src/install/eced3901/share/eced3901/package.dsv'
[2.289s] INFO:colcon.colcon_core.shell:Creating package script '/home/student/ros2_ws/src/install/eced3901/share/eced3901/package.sh'
[2.290s] INFO:colcon.colcon_core.shell:Creating package script '/home/student/ros2_ws/src/install/eced3901/share/eced3901/package.bash'
[2.291s] INFO:colcon.colcon_core.shell:Creating package script '/home/student/ros2_ws/src/install/eced3901/share/eced3901/package.zsh'
[2.292s] Level 1:colcon.colcon_core.environment:create_file_with_runtime_dependencies(/home/student/ros2_ws/src/install/eced3901/share/colcon-core/packages/eced3901)
[2.300s] Level 1:colcon.colcon_core.environment:checking '/home/student/ros2_ws/src/install/eced3901_competition_2024' for CMake module files
[2.301s] DEBUG:colcon.colcon_core.event_handler.log_command:Invoked command in '/home/student/ros2_ws/src/ECED3901-Competition-2024' returned '0': PYTHONPATH=/home/student/ros2_ws/src/build/eced3901_competition_2024/prefix_override:/home/student/ros2_ws/src/install/eced3901_competition_2024/lib/python3.10/site-packages:${PYTHONPATH} /usr/bin/python3 setup.py egg_info --egg-base ../build/eced3901_competition_2024 build --build-base /home/student/ros2_ws/src/build/eced3901_competition_2024/build install --record /home/student/ros2_ws/src/build/eced3901_competition_2024/install.log --single-version-externally-managed
[2.302s] Level 1:colcon.colcon_core.environment:checking '/home/student/ros2_ws/src/install/eced3901_competition_2024' for CMake config files
[2.302s] Level 1:colcon.colcon_core.environment:checking '/home/student/ros2_ws/src/install/eced3901_competition_2024/lib'
[2.303s] Level 1:colcon.colcon_core.environment:checking '/home/student/ros2_ws/src/install/eced3901_competition_2024/bin'
[2.303s] Level 1:colcon.colcon_core.environment:checking '/home/student/ros2_ws/src/install/eced3901_competition_2024/lib/pkgconfig/eced3901_competition_2024.pc'
[2.303s] Level 1:colcon.colcon_core.environment:checking '/home/student/ros2_ws/src/install/eced3901_competition_2024/lib/python3.10/site-packages'
[2.303s] Level 1:colcon.colcon_core.shell:create_environment_hook('eced3901_competition_2024', 'pythonpath')
[2.305s] INFO:colcon.colcon_core.shell:Creating environment hook '/home/student/ros2_ws/src/install/eced3901_competition_2024/share/eced3901_competition_2024/hook/pythonpath.ps1'
[2.305s] INFO:colcon.colcon_core.shell:Creating environment descriptor '/home/student/ros2_ws/src/install/eced3901_competition_2024/share/eced3901_competition_2024/hook/pythonpath.dsv'
[2.306s] INFO:colcon.colcon_core.shell:Creating environment hook '/home/student/ros2_ws/src/install/eced3901_competition_2024/share/eced3901_competition_2024/hook/pythonpath.sh'
[2.306s] Level 1:colcon.colcon_core.environment:checking '/home/student/ros2_ws/src/install/eced3901_competition_2024/bin'
[2.306s] Level 1:colcon.colcon_core.environment:create_environment_scripts_only(eced3901_competition_2024)
[2.308s] INFO:colcon.colcon_core.shell:Creating package script '/home/student/ros2_ws/src/install/eced3901_competition_2024/share/eced3901_competition_2024/package.ps1'
[2.309s] INFO:colcon.colcon_core.shell:Creating package descriptor '/home/student/ros2_ws/src/install/eced3901_competition_2024/share/eced3901_competition_2024/package.dsv'
[2.309s] INFO:colcon.colcon_core.shell:Creating package script '/home/student/ros2_ws/src/install/eced3901_competition_2024/share/eced3901_competition_2024/package.sh'
[2.310s] INFO:colcon.colcon_core.shell:Creating package script '/home/student/ros2_ws/src/install/eced3901_competition_2024/share/eced3901_competition_2024/package.bash'
[2.311s] INFO:colcon.colcon_core.shell:Creating package script '/home/student/ros2_ws/src/install/eced3901_competition_2024/share/eced3901_competition_2024/package.zsh'
[2.311s] Level 1:colcon.colcon_core.environment:create_file_with_runtime_dependencies(/home/student/ros2_ws/src/install/eced3901_competition_2024/share/colcon-core/packages/eced3901_competition_2024)
[2.312s] DEBUG:colcon.colcon_parallel_executor.executor.parallel:closing loop
[2.312s] DEBUG:colcon.colcon_parallel_executor.executor.parallel:loop closed
[2.312s] DEBUG:colcon.colcon_parallel_executor.executor.parallel:run_until_complete finished with '0'
[2.312s] DEBUG:colcon.colcon_core.event_reactor:joining thread
[2.318s] INFO:colcon.colcon_core.plugin_system:Skipping extension 'colcon_notification.desktop_notification.terminal_notifier': Not used on non-Darwin systems
[2.318s] INFO:colcon.colcon_core.plugin_system:Skipping extension 'colcon_notification.desktop_notification.win32': Not used on non-Windows systems
[2.318s] INFO:colcon.colcon_notification.desktop_notification:Sending desktop notification using 'notify2'
[2.331s] DEBUG:colcon.colcon_core.event_reactor:joined thread
[2.335s] INFO:colcon.colcon_core.shell:Creating prefix script '/home/student/ros2_ws/src/install/local_setup.ps1'
[2.338s] INFO:colcon.colcon_core.shell:Creating prefix util module '/home/student/ros2_ws/src/install/_local_setup_util_ps1.py'
[2.340s] INFO:colcon.colcon_core.shell:Creating prefix chain script '/home/student/ros2_ws/src/install/setup.ps1'
[2.344s] INFO:colcon.colcon_core.shell:Creating prefix script '/home/student/ros2_ws/src/install/local_setup.sh'
[2.344s] INFO:colcon.colcon_core.shell:Creating prefix util module '/home/student/ros2_ws/src/install/_local_setup_util_sh.py'
[2.345s] INFO:colcon.colcon_core.shell:Creating prefix chain script '/home/student/ros2_ws/src/install/setup.sh'
[2.346s] INFO:colcon.colcon_core.shell:Creating prefix script '/home/student/ros2_ws/src/install/local_setup.bash'
[2.347s] INFO:colcon.colcon_core.shell:Creating prefix chain script '/home/student/ros2_ws/src/install/setup.bash'
[2.348s] INFO:colcon.colcon_core.shell:Creating prefix script '/home/student/ros2_ws/src/install/local_setup.zsh'
[2.349s] INFO:colcon.colcon_core.shell:Creating prefix chain script '/home/student/ros2_ws/src/install/setup.zsh'
