-- The C compiler identification is GNU 11.3.0
-- The CXX compiler identification is GNU 11.3.0
-- Detecting C compiler ABI info
-- Detecting C compiler ABI info - done
-- Check for working C compiler: /usr/bin/cc - skipped
-- Detecting C compile features
-- Detecting C compile features - done
-- Detecting CXX compiler ABI info
-- Detecting CXX compiler ABI info - done
-- Check for working CXX compiler: /usr/bin/c++ - skipped
-- Detecting CXX compile features
-- Detecting CXX compile features - done
-- Found ament_cmake: 1.3.4 (/opt/ros/humble/share/ament_cmake/cmake)
-- Found Python3: /usr/bin/python3.10 (found version "3.10.6") found components: Interpreter 
-- Found rosidl_default_generators: 1.2.0 (/opt/ros/humble/share/rosidl_default_generators/cmake)
-- Using all available rosidl_typesupport_c: rosidl_typesupport_fastrtps_c;rosidl_typesupport_introspection_c
-- Found rosidl_adapter: 3.1.4 (/opt/ros/humble/share/rosidl_adapter/cmake)
-- Using all available rosidl_typesupport_cpp: rosidl_typesupport_fastrtps_cpp;rosidl_typesupport_introspection_cpp
-- Found std_msgs: 4.2.3 (/opt/ros/humble/share/std_msgs/cmake)
-- Found ament_cmake_cppcheck: 0.12.6 (/opt/ros/humble/share/ament_cmake_cppcheck/cmake)
-- Found ament_cmake_cpplint: 0.12.6 (/opt/ros/humble/share/ament_cmake_cpplint/cmake)
-- Found ament_cmake_uncrustify: 0.12.6 (/opt/ros/humble/share/ament_cmake_uncrustify/cmake)
-- Found ament_cmake_ros: 0.10.0 (/opt/ros/humble/share/ament_cmake_ros/cmake)
-- Using all available rosidl_typesupport_c: rosidl_typesupport_fastrtps_c;rosidl_typesupport_introspection_c
-- Using all available rosidl_typesupport_cpp: rosidl_typesupport_fastrtps_cpp;rosidl_typesupport_introspection_cpp
-- Found PythonInterp: /usr/bin/python3 (found suitable version "3.10.6", minimum required is "3.6") 
-- Found python_cmake_module: 0.10.0 (/opt/ros/humble/share/python_cmake_module/cmake)
-- Found PythonLibs: /usr/lib/x86_64-linux-gnu/libpython3.10.so (found suitable version "3.10.6", minimum required is "3.5") 
-- Using PYTHON_EXECUTABLE: /usr/bin/python3
-- Using PYTHON_INCLUDE_DIRS: /usr/include/python3.10
-- Using PYTHON_LIBRARIES: /usr/lib/x86_64-linux-gnu/libpython3.10.so
-- Found PythonExtra: .so  
-- Found ament_cmake_flake8: 0.12.6 (/opt/ros/humble/share/ament_cmake_flake8/cmake)
-- Found ament_cmake_pep257: 0.12.6 (/opt/ros/humble/share/ament_cmake_pep257/cmake)
-- Configuring done
-- Generating done
-- Build files have been written to: /home/student/ros2_ws/build/l3xz_openmv_camera_interfaces
[  1%] [34m[1mGenerating C code for ROS interfaces[0m
[  3%] [34m[1mGenerating C++ code for ROS interfaces[0m
[  3%] Built target ament_cmake_python_copy_l3xz_openmv_camera_interfaces
running egg_info
creating l3xz_openmv_camera_interfaces.egg-info
writing l3xz_openmv_camera_interfaces.egg-info/PKG-INFO
writing dependency_links to l3xz_openmv_camera_interfaces.egg-info/dependency_links.txt
writing top-level names to l3xz_openmv_camera_interfaces.egg-info/top_level.txt
writing manifest file 'l3xz_openmv_camera_interfaces.egg-info/SOURCES.txt'
reading manifest file 'l3xz_openmv_camera_interfaces.egg-info/SOURCES.txt'
writing manifest file 'l3xz_openmv_camera_interfaces.egg-info/SOURCES.txt'
[  3%] Built target ament_cmake_python_build_l3xz_openmv_camera_interfaces_egg
[  3%] Built target l3xz_openmv_camera_interfaces__cpp
[  5%] [34m[1mGenerating C++ type support dispatch for ROS interfaces[0m
[  7%] [34m[1mGenerating C++ type support for eProsima Fast-RTPS[0m
[  9%] [34m[1mGenerating C++ introspection for ROS interfaces[0m
[ 10%] [32mBuilding C object CMakeFiles/l3xz_openmv_camera_interfaces__rosidl_generator_c.dir/rosidl_generator_c/l3xz_openmv_camera_interfaces/srv/detail/gpio__functions.c.o[0m
[ 12%] [32mBuilding C object CMakeFiles/l3xz_openmv_camera_interfaces__rosidl_generator_c.dir/rosidl_generator_c/l3xz_openmv_camera_interfaces/srv/detail/gpio_set__functions.c.o[0m
[ 14%] [32mBuilding C object CMakeFiles/l3xz_openmv_camera_interfaces__rosidl_generator_c.dir/rosidl_generator_c/l3xz_openmv_camera_interfaces/srv/detail/ir__functions.c.o[0m
[ 16%] [32mBuilding C object CMakeFiles/l3xz_openmv_camera_interfaces__rosidl_generator_c.dir/rosidl_generator_c/l3xz_openmv_camera_interfaces/srv/detail/rgb__functions.c.o[0m
[ 18%] [32m[1mLinking C shared library libl3xz_openmv_camera_interfaces__rosidl_generator_c.so[0m
[ 20%] [32mBuilding CXX object CMakeFiles/l3xz_openmv_camera_interfaces__rosidl_typesupport_cpp.dir/rosidl_typesupport_cpp/l3xz_openmv_camera_interfaces/srv/gpio__type_support.cpp.o[0m
[ 20%] Built target l3xz_openmv_camera_interfaces__rosidl_generator_c
[ 21%] [34m[1mGenerating C type support for eProsima Fast-RTPS[0m
[ 23%] [32mBuilding CXX object CMakeFiles/l3xz_openmv_camera_interfaces__rosidl_typesupport_introspection_cpp.dir/rosidl_typesupport_introspection_cpp/l3xz_openmv_camera_interfaces/srv/detail/gpio__type_support.cpp.o[0m
[ 25%] [32mBuilding CXX object CMakeFiles/l3xz_openmv_camera_interfaces__rosidl_typesupport_fastrtps_cpp.dir/rosidl_typesupport_fastrtps_cpp/l3xz_openmv_camera_interfaces/srv/detail/dds_fastrtps/gpio__type_support.cpp.o[0m
[ 27%] [32mBuilding CXX object CMakeFiles/l3xz_openmv_camera_interfaces__rosidl_typesupport_cpp.dir/rosidl_typesupport_cpp/l3xz_openmv_camera_interfaces/srv/gpio_set__type_support.cpp.o[0m
[ 29%] [32mBuilding CXX object CMakeFiles/l3xz_openmv_camera_interfaces__rosidl_typesupport_fastrtps_c.dir/rosidl_typesupport_fastrtps_c/l3xz_openmv_camera_interfaces/srv/detail/gpio__type_support_c.cpp.o[0m
[ 30%] [32mBuilding CXX object CMakeFiles/l3xz_openmv_camera_interfaces__rosidl_typesupport_introspection_cpp.dir/rosidl_typesupport_introspection_cpp/l3xz_openmv_camera_interfaces/srv/detail/gpio_set__type_support.cpp.o[0m
[ 32%] [32mBuilding CXX object CMakeFiles/l3xz_openmv_camera_interfaces__rosidl_typesupport_cpp.dir/rosidl_typesupport_cpp/l3xz_openmv_camera_interfaces/srv/ir__type_support.cpp.o[0m
[ 34%] [32mBuilding CXX object CMakeFiles/l3xz_openmv_camera_interfaces__rosidl_typesupport_fastrtps_cpp.dir/rosidl_typesupport_fastrtps_cpp/l3xz_openmv_camera_interfaces/srv/detail/dds_fastrtps/gpio_set__type_support.cpp.o[0m
[ 36%] [32mBuilding CXX object CMakeFiles/l3xz_openmv_camera_interfaces__rosidl_typesupport_fastrtps_c.dir/rosidl_typesupport_fastrtps_c/l3xz_openmv_camera_interfaces/srv/detail/gpio_set__type_support_c.cpp.o[0m
[ 38%] [32mBuilding CXX object CMakeFiles/l3xz_openmv_camera_interfaces__rosidl_typesupport_introspection_cpp.dir/rosidl_typesupport_introspection_cpp/l3xz_openmv_camera_interfaces/srv/detail/ir__type_support.cpp.o[0m
[ 40%] [32mBuilding CXX object CMakeFiles/l3xz_openmv_camera_interfaces__rosidl_typesupport_cpp.dir/rosidl_typesupport_cpp/l3xz_openmv_camera_interfaces/srv/rgb__type_support.cpp.o[0m
[ 41%] [32mBuilding CXX object CMakeFiles/l3xz_openmv_camera_interfaces__rosidl_typesupport_fastrtps_c.dir/rosidl_typesupport_fastrtps_c/l3xz_openmv_camera_interfaces/srv/detail/ir__type_support_c.cpp.o[0m
[ 43%] [32mBuilding CXX object CMakeFiles/l3xz_openmv_camera_interfaces__rosidl_typesupport_fastrtps_cpp.dir/rosidl_typesupport_fastrtps_cpp/l3xz_openmv_camera_interfaces/srv/detail/dds_fastrtps/ir__type_support.cpp.o[0m
[ 45%] [32mBuilding CXX object CMakeFiles/l3xz_openmv_camera_interfaces__rosidl_typesupport_introspection_cpp.dir/rosidl_typesupport_introspection_cpp/l3xz_openmv_camera_interfaces/srv/detail/rgb__type_support.cpp.o[0m
[ 47%] [32m[1mLinking CXX shared library libl3xz_openmv_camera_interfaces__rosidl_typesupport_cpp.so[0m
[ 47%] Built target l3xz_openmv_camera_interfaces__rosidl_typesupport_cpp
[ 49%] [34m[1mGenerating C introspection for ROS interfaces[0m
[ 50%] [32mBuilding CXX object CMakeFiles/l3xz_openmv_camera_interfaces__rosidl_typesupport_fastrtps_c.dir/rosidl_typesupport_fastrtps_c/l3xz_openmv_camera_interfaces/srv/detail/rgb__type_support_c.cpp.o[0m
[ 52%] [32mBuilding CXX object CMakeFiles/l3xz_openmv_camera_interfaces__rosidl_typesupport_fastrtps_cpp.dir/rosidl_typesupport_fastrtps_cpp/l3xz_openmv_camera_interfaces/srv/detail/dds_fastrtps/rgb__type_support.cpp.o[0m
[ 54%] [32m[1mLinking CXX shared library libl3xz_openmv_camera_interfaces__rosidl_typesupport_introspection_cpp.so[0m
[ 54%] Built target l3xz_openmv_camera_interfaces__rosidl_typesupport_introspection_cpp
[ 56%] [34m[1mGenerating C type support dispatch for ROS interfaces[0m
[ 58%] [32mBuilding C object CMakeFiles/l3xz_openmv_camera_interfaces__rosidl_typesupport_introspection_c.dir/rosidl_typesupport_introspection_c/l3xz_openmv_camera_interfaces/srv/detail/gpio__type_support.c.o[0m
[ 60%] [32m[1mLinking CXX shared library libl3xz_openmv_camera_interfaces__rosidl_typesupport_fastrtps_c.so[0m
[ 61%] [32mBuilding C object CMakeFiles/l3xz_openmv_camera_interfaces__rosidl_typesupport_introspection_c.dir/rosidl_typesupport_introspection_c/l3xz_openmv_camera_interfaces/srv/detail/gpio_set__type_support.c.o[0m
[ 63%] [32mBuilding C object CMakeFiles/l3xz_openmv_camera_interfaces__rosidl_typesupport_introspection_c.dir/rosidl_typesupport_introspection_c/l3xz_openmv_camera_interfaces/srv/detail/ir__type_support.c.o[0m
[ 65%] [32m[1mLinking CXX shared library libl3xz_openmv_camera_interfaces__rosidl_typesupport_fastrtps_cpp.so[0m
[ 65%] Built target l3xz_openmv_camera_interfaces__rosidl_typesupport_fastrtps_c
[ 67%] [32mBuilding C object CMakeFiles/l3xz_openmv_camera_interfaces__rosidl_typesupport_introspection_c.dir/rosidl_typesupport_introspection_c/l3xz_openmv_camera_interfaces/srv/detail/rgb__type_support.c.o[0m
[ 69%] [32m[1mLinking C shared library libl3xz_openmv_camera_interfaces__rosidl_typesupport_introspection_c.so[0m
[ 69%] Built target l3xz_openmv_camera_interfaces__rosidl_typesupport_introspection_c
[ 69%] Built target l3xz_openmv_camera_interfaces__rosidl_typesupport_fastrtps_cpp
[ 72%] [32mBuilding CXX object CMakeFiles/l3xz_openmv_camera_interfaces__rosidl_typesupport_c.dir/rosidl_typesupport_c/l3xz_openmv_camera_interfaces/srv/gpio__type_support.cpp.o[0m
[ 72%] [32mBuilding CXX object CMakeFiles/l3xz_openmv_camera_interfaces__rosidl_typesupport_c.dir/rosidl_typesupport_c/l3xz_openmv_camera_interfaces/srv/gpio_set__type_support.cpp.o[0m
[ 74%] [32mBuilding CXX object CMakeFiles/l3xz_openmv_camera_interfaces__rosidl_typesupport_c.dir/rosidl_typesupport_c/l3xz_openmv_camera_interfaces/srv/rgb__type_support.cpp.o[0m
[ 76%] [32mBuilding CXX object CMakeFiles/l3xz_openmv_camera_interfaces__rosidl_typesupport_c.dir/rosidl_typesupport_c/l3xz_openmv_camera_interfaces/srv/ir__type_support.cpp.o[0m
[ 78%] [32m[1mLinking CXX shared library libl3xz_openmv_camera_interfaces__rosidl_typesupport_c.so[0m
[ 78%] Built target l3xz_openmv_camera_interfaces__rosidl_typesupport_c
[ 78%] Built target l3xz_openmv_camera_interfaces
[ 80%] [34m[1mGenerating Python code for ROS interfaces[0m
[ 80%] Built target l3xz_openmv_camera_interfaces__py
[ 83%] [32mBuilding C object CMakeFiles/l3xz_openmv_camera_interfaces__rosidl_generator_py.dir/rosidl_generator_py/l3xz_openmv_camera_interfaces/srv/_gpio_s.c.o[0m
[ 83%] [32mBuilding C object CMakeFiles/l3xz_openmv_camera_interfaces__rosidl_generator_py.dir/rosidl_generator_py/l3xz_openmv_camera_interfaces/srv/_gpio_set_s.c.o[0m
[ 85%] [32mBuilding C object CMakeFiles/l3xz_openmv_camera_interfaces__rosidl_generator_py.dir/rosidl_generator_py/l3xz_openmv_camera_interfaces/srv/_ir_s.c.o[0m
[ 87%] [32mBuilding C object CMakeFiles/l3xz_openmv_camera_interfaces__rosidl_generator_py.dir/rosidl_generator_py/l3xz_openmv_camera_interfaces/srv/_rgb_s.c.o[0m
[ 89%] [32m[1mLinking C shared library rosidl_generator_py/l3xz_openmv_camera_interfaces/libl3xz_openmv_camera_interfaces__rosidl_generator_py.so[0m
[ 89%] Built target l3xz_openmv_camera_interfaces__rosidl_generator_py
[ 92%] [32mBuilding C object CMakeFiles/l3xz_openmv_camera_interfaces__rosidl_typesupport_fastrtps_c__pyext.dir/rosidl_generator_py/l3xz_openmv_camera_interfaces/_l3xz_openmv_camera_interfaces_s.ep.rosidl_typesupport_fastrtps_c.c.o[0m
[ 92%] [32mBuilding C object CMakeFiles/l3xz_openmv_camera_interfaces__rosidl_typesupport_introspection_c__pyext.dir/rosidl_generator_py/l3xz_openmv_camera_interfaces/_l3xz_openmv_camera_interfaces_s.ep.rosidl_typesupport_introspection_c.c.o[0m
[ 94%] [32mBuilding C object CMakeFiles/l3xz_openmv_camera_interfaces__rosidl_typesupport_c__pyext.dir/rosidl_generator_py/l3xz_openmv_camera_interfaces/_l3xz_openmv_camera_interfaces_s.ep.rosidl_typesupport_c.c.o[0m
[ 96%] [32m[1mLinking C shared library rosidl_generator_py/l3xz_openmv_camera_interfaces/l3xz_openmv_camera_interfaces_s__rosidl_typesupport_introspection_c.cpython-310-x86_64-linux-gnu.so[0m
[ 98%] [32m[1mLinking C shared library rosidl_generator_py/l3xz_openmv_camera_interfaces/l3xz_openmv_camera_interfaces_s__rosidl_typesupport_fastrtps_c.cpython-310-x86_64-linux-gnu.so[0m
[100%] [32m[1mLinking C shared library rosidl_generator_py/l3xz_openmv_camera_interfaces/l3xz_openmv_camera_interfaces_s__rosidl_typesupport_c.cpython-310-x86_64-linux-gnu.so[0m
[100%] Built target l3xz_openmv_camera_interfaces__rosidl_typesupport_introspection_c__pyext
[100%] Built target l3xz_openmv_camera_interfaces__rosidl_typesupport_fastrtps_c__pyext
[100%] Built target l3xz_openmv_camera_interfaces__rosidl_typesupport_c__pyext
-- Install configuration: ""
-- Installing: /home/student/ros2_ws/install/l3xz_openmv_camera_interfaces/share/ament_index/resource_index/rosidl_interfaces/l3xz_openmv_camera_interfaces
-- Installing: /home/student/ros2_ws/install/l3xz_openmv_camera_interfaces/include/l3xz_openmv_camera_interfaces/l3xz_openmv_camera_interfaces
-- Installing: /home/student/ros2_ws/install/l3xz_openmv_camera_interfaces/include/l3xz_openmv_camera_interfaces/l3xz_openmv_camera_interfaces/srv
-- Installing: /home/student/ros2_ws/install/l3xz_openmv_camera_interfaces/include/l3xz_openmv_camera_interfaces/l3xz_openmv_camera_interfaces/srv/detail
-- Installing: /home/student/ros2_ws/install/l3xz_openmv_camera_interfaces/include/l3xz_openmv_camera_interfaces/l3xz_openmv_camera_interfaces/srv/detail/rgb__functions.c
-- Installing: /home/student/ros2_ws/install/l3xz_openmv_camera_interfaces/include/l3xz_openmv_camera_interfaces/l3xz_openmv_camera_interfaces/srv/detail/gpio_set__functions.h
-- Installing: /home/student/ros2_ws/install/l3xz_openmv_camera_interfaces/include/l3xz_openmv_camera_interfaces/l3xz_openmv_camera_interfaces/srv/detail/gpio__functions.c
-- Installing: /home/student/ros2_ws/install/l3xz_openmv_camera_interfaces/include/l3xz_openmv_camera_interfaces/l3xz_openmv_camera_interfaces/srv/detail/rgb__type_support.h
-- Installing: /home/student/ros2_ws/install/l3xz_openmv_camera_interfaces/include/l3xz_openmv_camera_interfaces/l3xz_openmv_camera_interfaces/srv/detail/ir__struct.h
-- Installing: /home/student/ros2_ws/install/l3xz_openmv_camera_interfaces/include/l3xz_openmv_camera_interfaces/l3xz_openmv_camera_interfaces/srv/detail/ir__type_support.h
-- Installing: /home/student/ros2_ws/install/l3xz_openmv_camera_interfaces/include/l3xz_openmv_camera_interfaces/l3xz_openmv_camera_interfaces/srv/detail/gpio__struct.h
-- Installing: /home/student/ros2_ws/install/l3xz_openmv_camera_interfaces/include/l3xz_openmv_camera_interfaces/l3xz_openmv_camera_interfaces/srv/detail/rgb__functions.h
-- Installing: /home/student/ros2_ws/install/l3xz_openmv_camera_interfaces/include/l3xz_openmv_camera_interfaces/l3xz_openmv_camera_interfaces/srv/detail/gpio__type_support.h
-- Installing: /home/student/ros2_ws/install/l3xz_openmv_camera_interfaces/include/l3xz_openmv_camera_interfaces/l3xz_openmv_camera_interfaces/srv/detail/rgb__struct.h
-- Installing: /home/student/ros2_ws/install/l3xz_openmv_camera_interfaces/include/l3xz_openmv_camera_interfaces/l3xz_openmv_camera_interfaces/srv/detail/gpio_set__type_support.h
-- Installing: /home/student/ros2_ws/install/l3xz_openmv_camera_interfaces/include/l3xz_openmv_camera_interfaces/l3xz_openmv_camera_interfaces/srv/detail/ir__functions.h
-- Installing: /home/student/ros2_ws/install/l3xz_openmv_camera_interfaces/include/l3xz_openmv_camera_interfaces/l3xz_openmv_camera_interfaces/srv/detail/gpio__functions.h
-- Installing: /home/student/ros2_ws/install/l3xz_openmv_camera_interfaces/include/l3xz_openmv_camera_interfaces/l3xz_openmv_camera_interfaces/srv/detail/gpio_set__struct.h
-- Installing: /home/student/ros2_ws/install/l3xz_openmv_camera_interfaces/include/l3xz_openmv_camera_interfaces/l3xz_openmv_camera_interfaces/srv/detail/gpio_set__functions.c
-- Installing: /home/student/ros2_ws/install/l3xz_openmv_camera_interfaces/include/l3xz_openmv_camera_interfaces/l3xz_openmv_camera_interfaces/srv/detail/ir__functions.c
-- Installing: /home/student/ros2_ws/install/l3xz_openmv_camera_interfaces/include/l3xz_openmv_camera_interfaces/l3xz_openmv_camera_interfaces/srv/ir.h
-- Installing: /home/student/ros2_ws/install/l3xz_openmv_camera_interfaces/include/l3xz_openmv_camera_interfaces/l3xz_openmv_camera_interfaces/srv/gpio.h
-- Installing: /home/student/ros2_ws/install/l3xz_openmv_camera_interfaces/include/l3xz_openmv_camera_interfaces/l3xz_openmv_camera_interfaces/srv/gpio_set.h
-- Installing: /home/student/ros2_ws/install/l3xz_openmv_camera_interfaces/include/l3xz_openmv_camera_interfaces/l3xz_openmv_camera_interfaces/srv/rgb.h
-- Installing: /home/student/ros2_ws/install/l3xz_openmv_camera_interfaces/include/l3xz_openmv_camera_interfaces/l3xz_openmv_camera_interfaces/msg
-- Installing: /home/student/ros2_ws/install/l3xz_openmv_camera_interfaces/include/l3xz_openmv_camera_interfaces/l3xz_openmv_camera_interfaces/msg/rosidl_generator_c__visibility_control.h
-- Installing: /home/student/ros2_ws/install/l3xz_openmv_camera_interfaces/share/l3xz_openmv_camera_interfaces/environment/library_path.sh
-- Installing: /home/student/ros2_ws/install/l3xz_openmv_camera_interfaces/share/l3xz_openmv_camera_interfaces/environment/library_path.dsv
-- Installing: /home/student/ros2_ws/install/l3xz_openmv_camera_interfaces/lib/libl3xz_openmv_camera_interfaces__rosidl_generator_c.so
-- Set runtime path of "/home/student/ros2_ws/install/l3xz_openmv_camera_interfaces/lib/libl3xz_openmv_camera_interfaces__rosidl_generator_c.so" to ""
-- Up-to-date: /home/student/ros2_ws/install/l3xz_openmv_camera_interfaces/include/l3xz_openmv_camera_interfaces/l3xz_openmv_camera_interfaces
-- Up-to-date: /home/student/ros2_ws/install/l3xz_openmv_camera_interfaces/include/l3xz_openmv_camera_interfaces/l3xz_openmv_camera_interfaces/srv
-- Up-to-date: /home/student/ros2_ws/install/l3xz_openmv_camera_interfaces/include/l3xz_openmv_camera_interfaces/l3xz_openmv_camera_interfaces/srv/detail
-- Installing: /home/student/ros2_ws/install/l3xz_openmv_camera_interfaces/include/l3xz_openmv_camera_interfaces/l3xz_openmv_camera_interfaces/srv/detail/gpio__rosidl_typesupport_fastrtps_c.h
-- Installing: /home/student/ros2_ws/install/l3xz_openmv_camera_interfaces/include/l3xz_openmv_camera_interfaces/l3xz_openmv_camera_interfaces/srv/detail/ir__rosidl_typesupport_fastrtps_c.h
-- Installing: /home/student/ros2_ws/install/l3xz_openmv_camera_interfaces/include/l3xz_openmv_camera_interfaces/l3xz_openmv_camera_interfaces/srv/detail/rgb__rosidl_typesupport_fastrtps_c.h
-- Installing: /home/student/ros2_ws/install/l3xz_openmv_camera_interfaces/include/l3xz_openmv_camera_interfaces/l3xz_openmv_camera_interfaces/srv/detail/gpio_set__rosidl_typesupport_fastrtps_c.h
-- Up-to-date: /home/student/ros2_ws/install/l3xz_openmv_camera_interfaces/include/l3xz_openmv_camera_interfaces/l3xz_openmv_camera_interfaces/msg
-- Installing: /home/student/ros2_ws/install/l3xz_openmv_camera_interfaces/include/l3xz_openmv_camera_interfaces/l3xz_openmv_camera_interfaces/msg/rosidl_typesupport_fastrtps_c__visibility_control.h
-- Installing: /home/student/ros2_ws/install/l3xz_openmv_camera_interfaces/lib/libl3xz_openmv_camera_interfaces__rosidl_typesupport_fastrtps_c.so
-- Set runtime path of "/home/student/ros2_ws/install/l3xz_openmv_camera_interfaces/lib/libl3xz_openmv_camera_interfaces__rosidl_typesupport_fastrtps_c.so" to ""
-- Up-to-date: /home/student/ros2_ws/install/l3xz_openmv_camera_interfaces/include/l3xz_openmv_camera_interfaces/l3xz_openmv_camera_interfaces
-- Up-to-date: /home/student/ros2_ws/install/l3xz_openmv_camera_interfaces/include/l3xz_openmv_camera_interfaces/l3xz_openmv_camera_interfaces/srv
-- Up-to-date: /home/student/ros2_ws/install/l3xz_openmv_camera_interfaces/include/l3xz_openmv_camera_interfaces/l3xz_openmv_camera_interfaces/srv/detail
-- Installing: /home/student/ros2_ws/install/l3xz_openmv_camera_interfaces/include/l3xz_openmv_camera_interfaces/l3xz_openmv_camera_interfaces/srv/detail/rgb__type_support.c
-- Installing: /home/student/ros2_ws/install/l3xz_openmv_camera_interfaces/include/l3xz_openmv_camera_interfaces/l3xz_openmv_camera_interfaces/srv/detail/ir__type_support.c
-- Installing: /home/student/ros2_ws/install/l3xz_openmv_camera_interfaces/include/l3xz_openmv_camera_interfaces/l3xz_openmv_camera_interfaces/srv/detail/gpio__rosidl_typesupport_introspection_c.h
-- Installing: /home/student/ros2_ws/install/l3xz_openmv_camera_interfaces/include/l3xz_openmv_camera_interfaces/l3xz_openmv_camera_interfaces/srv/detail/rgb__rosidl_typesupport_introspection_c.h
-- Installing: /home/student/ros2_ws/install/l3xz_openmv_camera_interfaces/include/l3xz_openmv_camera_interfaces/l3xz_openmv_camera_interfaces/srv/detail/gpio__type_support.c
-- Installing: /home/student/ros2_ws/install/l3xz_openmv_camera_interfaces/include/l3xz_openmv_camera_interfaces/l3xz_openmv_camera_interfaces/srv/detail/gpio_set__rosidl_typesupport_introspection_c.h
-- Installing: /home/student/ros2_ws/install/l3xz_openmv_camera_interfaces/include/l3xz_openmv_camera_interfaces/l3xz_openmv_camera_interfaces/srv/detail/ir__rosidl_typesupport_introspection_c.h
-- Installing: /home/student/ros2_ws/install/l3xz_openmv_camera_interfaces/include/l3xz_openmv_camera_interfaces/l3xz_openmv_camera_interfaces/srv/detail/gpio_set__type_support.c
-- Up-to-date: /home/student/ros2_ws/install/l3xz_openmv_camera_interfaces/include/l3xz_openmv_camera_interfaces/l3xz_openmv_camera_interfaces/msg
-- Installing: /home/student/ros2_ws/install/l3xz_openmv_camera_interfaces/include/l3xz_openmv_camera_interfaces/l3xz_openmv_camera_interfaces/msg/rosidl_typesupport_introspection_c__visibility_control.h
-- Installing: /home/student/ros2_ws/install/l3xz_openmv_camera_interfaces/lib/libl3xz_openmv_camera_interfaces__rosidl_typesupport_introspection_c.so
-- Set runtime path of "/home/student/ros2_ws/install/l3xz_openmv_camera_interfaces/lib/libl3xz_openmv_camera_interfaces__rosidl_typesupport_introspection_c.so" to ""
-- Installing: /home/student/ros2_ws/install/l3xz_openmv_camera_interfaces/lib/libl3xz_openmv_camera_interfaces__rosidl_typesupport_c.so
-- Set runtime path of "/home/student/ros2_ws/install/l3xz_openmv_camera_interfaces/lib/libl3xz_openmv_camera_interfaces__rosidl_typesupport_c.so" to ""
-- Up-to-date: /home/student/ros2_ws/install/l3xz_openmv_camera_interfaces/include/l3xz_openmv_camera_interfaces/l3xz_openmv_camera_interfaces
-- Up-to-date: /home/student/ros2_ws/install/l3xz_openmv_camera_interfaces/include/l3xz_openmv_camera_interfaces/l3xz_openmv_camera_interfaces/srv
-- Up-to-date: /home/student/ros2_ws/install/l3xz_openmv_camera_interfaces/include/l3xz_openmv_camera_interfaces/l3xz_openmv_camera_interfaces/srv/detail
-- Installing: /home/student/ros2_ws/install/l3xz_openmv_camera_interfaces/include/l3xz_openmv_camera_interfaces/l3xz_openmv_camera_interfaces/srv/detail/gpio__traits.hpp
-- Installing: /home/student/ros2_ws/install/l3xz_openmv_camera_interfaces/include/l3xz_openmv_camera_interfaces/l3xz_openmv_camera_interfaces/srv/detail/gpio_set__traits.hpp
-- Installing: /home/student/ros2_ws/install/l3xz_openmv_camera_interfaces/include/l3xz_openmv_camera_interfaces/l3xz_openmv_camera_interfaces/srv/detail/gpio_set__struct.hpp
-- Installing: /home/student/ros2_ws/install/l3xz_openmv_camera_interfaces/include/l3xz_openmv_camera_interfaces/l3xz_openmv_camera_interfaces/srv/detail/ir__builder.hpp
-- Installing: /home/student/ros2_ws/install/l3xz_openmv_camera_interfaces/include/l3xz_openmv_camera_interfaces/l3xz_openmv_camera_interfaces/srv/detail/ir__traits.hpp
-- Installing: /home/student/ros2_ws/install/l3xz_openmv_camera_interfaces/include/l3xz_openmv_camera_interfaces/l3xz_openmv_camera_interfaces/srv/detail/gpio__struct.hpp
-- Installing: /home/student/ros2_ws/install/l3xz_openmv_camera_interfaces/include/l3xz_openmv_camera_interfaces/l3xz_openmv_camera_interfaces/srv/detail/rgb__builder.hpp
-- Installing: /home/student/ros2_ws/install/l3xz_openmv_camera_interfaces/include/l3xz_openmv_camera_interfaces/l3xz_openmv_camera_interfaces/srv/detail/rgb__struct.hpp
-- Installing: /home/student/ros2_ws/install/l3xz_openmv_camera_interfaces/include/l3xz_openmv_camera_interfaces/l3xz_openmv_camera_interfaces/srv/detail/gpio__builder.hpp
-- Installing: /home/student/ros2_ws/install/l3xz_openmv_camera_interfaces/include/l3xz_openmv_camera_interfaces/l3xz_openmv_camera_interfaces/srv/detail/ir__struct.hpp
-- Installing: /home/student/ros2_ws/install/l3xz_openmv_camera_interfaces/include/l3xz_openmv_camera_interfaces/l3xz_openmv_camera_interfaces/srv/detail/gpio_set__builder.hpp
-- Installing: /home/student/ros2_ws/install/l3xz_openmv_camera_interfaces/include/l3xz_openmv_camera_interfaces/l3xz_openmv_camera_interfaces/srv/detail/rgb__traits.hpp
-- Installing: /home/student/ros2_ws/install/l3xz_openmv_camera_interfaces/include/l3xz_openmv_camera_interfaces/l3xz_openmv_camera_interfaces/srv/gpio.hpp
-- Installing: /home/student/ros2_ws/install/l3xz_openmv_camera_interfaces/include/l3xz_openmv_camera_interfaces/l3xz_openmv_camera_interfaces/srv/rgb.hpp
-- Installing: /home/student/ros2_ws/install/l3xz_openmv_camera_interfaces/include/l3xz_openmv_camera_interfaces/l3xz_openmv_camera_interfaces/srv/ir.hpp
-- Installing: /home/student/ros2_ws/install/l3xz_openmv_camera_interfaces/include/l3xz_openmv_camera_interfaces/l3xz_openmv_camera_interfaces/srv/gpio_set.hpp
-- Up-to-date: /home/student/ros2_ws/install/l3xz_openmv_camera_interfaces/include/l3xz_openmv_camera_interfaces/l3xz_openmv_camera_interfaces
-- Up-to-date: /home/student/ros2_ws/install/l3xz_openmv_camera_interfaces/include/l3xz_openmv_camera_interfaces/l3xz_openmv_camera_interfaces/srv
-- Up-to-date: /home/student/ros2_ws/install/l3xz_openmv_camera_interfaces/include/l3xz_openmv_camera_interfaces/l3xz_openmv_camera_interfaces/srv/detail
-- Installing: /home/student/ros2_ws/install/l3xz_openmv_camera_interfaces/include/l3xz_openmv_camera_interfaces/l3xz_openmv_camera_interfaces/srv/detail/dds_fastrtps
-- Installing: /home/student/ros2_ws/install/l3xz_openmv_camera_interfaces/include/l3xz_openmv_camera_interfaces/l3xz_openmv_camera_interfaces/srv/detail/ir__rosidl_typesupport_fastrtps_cpp.hpp
-- Installing: /home/student/ros2_ws/install/l3xz_openmv_camera_interfaces/include/l3xz_openmv_camera_interfaces/l3xz_openmv_camera_interfaces/srv/detail/gpio_set__rosidl_typesupport_fastrtps_cpp.hpp
-- Installing: /home/student/ros2_ws/install/l3xz_openmv_camera_interfaces/include/l3xz_openmv_camera_interfaces/l3xz_openmv_camera_interfaces/srv/detail/gpio__rosidl_typesupport_fastrtps_cpp.hpp
-- Installing: /home/student/ros2_ws/install/l3xz_openmv_camera_interfaces/include/l3xz_openmv_camera_interfaces/l3xz_openmv_camera_interfaces/srv/detail/rgb__rosidl_typesupport_fastrtps_cpp.hpp
-- Up-to-date: /home/student/ros2_ws/install/l3xz_openmv_camera_interfaces/include/l3xz_openmv_camera_interfaces/l3xz_openmv_camera_interfaces/msg
-- Installing: /home/student/ros2_ws/install/l3xz_openmv_camera_interfaces/include/l3xz_openmv_camera_interfaces/l3xz_openmv_camera_interfaces/msg/rosidl_typesupport_fastrtps_cpp__visibility_control.h
-- Installing: /home/student/ros2_ws/install/l3xz_openmv_camera_interfaces/lib/libl3xz_openmv_camera_interfaces__rosidl_typesupport_fastrtps_cpp.so
-- Set runtime path of "/home/student/ros2_ws/install/l3xz_openmv_camera_interfaces/lib/libl3xz_openmv_camera_interfaces__rosidl_typesupport_fastrtps_cpp.so" to ""
-- Up-to-date: /home/student/ros2_ws/install/l3xz_openmv_camera_interfaces/include/l3xz_openmv_camera_interfaces/l3xz_openmv_camera_interfaces
-- Up-to-date: /home/student/ros2_ws/install/l3xz_openmv_camera_interfaces/include/l3xz_openmv_camera_interfaces/l3xz_openmv_camera_interfaces/srv
-- Up-to-date: /home/student/ros2_ws/install/l3xz_openmv_camera_interfaces/include/l3xz_openmv_camera_interfaces/l3xz_openmv_camera_interfaces/srv/detail
-- Installing: /home/student/ros2_ws/install/l3xz_openmv_camera_interfaces/include/l3xz_openmv_camera_interfaces/l3xz_openmv_camera_interfaces/srv/detail/gpio__rosidl_typesupport_introspection_cpp.hpp
-- Installing: /home/student/ros2_ws/install/l3xz_openmv_camera_interfaces/include/l3xz_openmv_camera_interfaces/l3xz_openmv_camera_interfaces/srv/detail/gpio__type_support.cpp
-- Installing: /home/student/ros2_ws/install/l3xz_openmv_camera_interfaces/include/l3xz_openmv_camera_interfaces/l3xz_openmv_camera_interfaces/srv/detail/ir__type_support.cpp
-- Installing: /home/student/ros2_ws/install/l3xz_openmv_camera_interfaces/include/l3xz_openmv_camera_interfaces/l3xz_openmv_camera_interfaces/srv/detail/rgb__type_support.cpp
-- Installing: /home/student/ros2_ws/install/l3xz_openmv_camera_interfaces/include/l3xz_openmv_camera_interfaces/l3xz_openmv_camera_interfaces/srv/detail/gpio_set__rosidl_typesupport_introspection_cpp.hpp
-- Installing: /home/student/ros2_ws/install/l3xz_openmv_camera_interfaces/include/l3xz_openmv_camera_interfaces/l3xz_openmv_camera_interfaces/srv/detail/gpio_set__type_support.cpp
-- Installing: /home/student/ros2_ws/install/l3xz_openmv_camera_interfaces/include/l3xz_openmv_camera_interfaces/l3xz_openmv_camera_interfaces/srv/detail/ir__rosidl_typesupport_introspection_cpp.hpp
-- Installing: /home/student/ros2_ws/install/l3xz_openmv_camera_interfaces/include/l3xz_openmv_camera_interfaces/l3xz_openmv_camera_interfaces/srv/detail/rgb__rosidl_typesupport_introspection_cpp.hpp
-- Installing: /home/student/ros2_ws/install/l3xz_openmv_camera_interfaces/lib/libl3xz_openmv_camera_interfaces__rosidl_typesupport_introspection_cpp.so
-- Set runtime path of "/home/student/ros2_ws/install/l3xz_openmv_camera_interfaces/lib/libl3xz_openmv_camera_interfaces__rosidl_typesupport_introspection_cpp.so" to ""
-- Installing: /home/student/ros2_ws/install/l3xz_openmv_camera_interfaces/lib/libl3xz_openmv_camera_interfaces__rosidl_typesupport_cpp.so
-- Set runtime path of "/home/student/ros2_ws/install/l3xz_openmv_camera_interfaces/lib/libl3xz_openmv_camera_interfaces__rosidl_typesupport_cpp.so" to ""
-- Installing: /home/student/ros2_ws/install/l3xz_openmv_camera_interfaces/share/l3xz_openmv_camera_interfaces/environment/pythonpath.sh
-- Installing: /home/student/ros2_ws/install/l3xz_openmv_camera_interfaces/share/l3xz_openmv_camera_interfaces/environment/pythonpath.dsv
-- Installing: /home/student/ros2_ws/install/l3xz_openmv_camera_interfaces/local/lib/python3.10/dist-packages/l3xz_openmv_camera_interfaces-1.0.0-py3.10.egg-info
-- Installing: /home/student/ros2_ws/install/l3xz_openmv_camera_interfaces/local/lib/python3.10/dist-packages/l3xz_openmv_camera_interfaces-1.0.0-py3.10.egg-info/SOURCES.txt
-- Installing: /home/student/ros2_ws/install/l3xz_openmv_camera_interfaces/local/lib/python3.10/dist-packages/l3xz_openmv_camera_interfaces-1.0.0-py3.10.egg-info/PKG-INFO
-- Installing: /home/student/ros2_ws/install/l3xz_openmv_camera_interfaces/local/lib/python3.10/dist-packages/l3xz_openmv_camera_interfaces-1.0.0-py3.10.egg-info/top_level.txt
-- Installing: /home/student/ros2_ws/install/l3xz_openmv_camera_interfaces/local/lib/python3.10/dist-packages/l3xz_openmv_camera_interfaces-1.0.0-py3.10.egg-info/dependency_links.txt
-- Installing: /home/student/ros2_ws/install/l3xz_openmv_camera_interfaces/local/lib/python3.10/dist-packages/l3xz_openmv_camera_interfaces
-- Installing: /home/student/ros2_ws/install/l3xz_openmv_camera_interfaces/local/lib/python3.10/dist-packages/l3xz_openmv_camera_interfaces/srv
-- Installing: /home/student/ros2_ws/install/l3xz_openmv_camera_interfaces/local/lib/python3.10/dist-packages/l3xz_openmv_camera_interfaces/srv/_gpio_set.py
-- Installing: /home/student/ros2_ws/install/l3xz_openmv_camera_interfaces/local/lib/python3.10/dist-packages/l3xz_openmv_camera_interfaces/srv/_gpio_s.c
-- Installing: /home/student/ros2_ws/install/l3xz_openmv_camera_interfaces/local/lib/python3.10/dist-packages/l3xz_openmv_camera_interfaces/srv/_rgb.py
-- Installing: /home/student/ros2_ws/install/l3xz_openmv_camera_interfaces/local/lib/python3.10/dist-packages/l3xz_openmv_camera_interfaces/srv/_ir_s.c
-- Installing: /home/student/ros2_ws/install/l3xz_openmv_camera_interfaces/local/lib/python3.10/dist-packages/l3xz_openmv_camera_interfaces/srv/_gpio_set_s.c
-- Installing: /home/student/ros2_ws/install/l3xz_openmv_camera_interfaces/local/lib/python3.10/dist-packages/l3xz_openmv_camera_interfaces/srv/__init__.py
-- Installing: /home/student/ros2_ws/install/l3xz_openmv_camera_interfaces/local/lib/python3.10/dist-packages/l3xz_openmv_camera_interfaces/srv/_ir.py
-- Installing: /home/student/ros2_ws/install/l3xz_openmv_camera_interfaces/local/lib/python3.10/dist-packages/l3xz_openmv_camera_interfaces/srv/_rgb_s.c
-- Installing: /home/student/ros2_ws/install/l3xz_openmv_camera_interfaces/local/lib/python3.10/dist-packages/l3xz_openmv_camera_interfaces/srv/_gpio.py
-- Installing: /home/student/ros2_ws/install/l3xz_openmv_camera_interfaces/local/lib/python3.10/dist-packages/l3xz_openmv_camera_interfaces/_l3xz_openmv_camera_interfaces_s.ep.rosidl_typesupport_c.c
-- Installing: /home/student/ros2_ws/install/l3xz_openmv_camera_interfaces/local/lib/python3.10/dist-packages/l3xz_openmv_camera_interfaces/_l3xz_openmv_camera_interfaces_s.ep.rosidl_typesupport_fastrtps_c.c
-- Installing: /home/student/ros2_ws/install/l3xz_openmv_camera_interfaces/local/lib/python3.10/dist-packages/l3xz_openmv_camera_interfaces/__init__.py
-- Installing: /home/student/ros2_ws/install/l3xz_openmv_camera_interfaces/local/lib/python3.10/dist-packages/l3xz_openmv_camera_interfaces/l3xz_openmv_camera_interfaces_s__rosidl_typesupport_fastrtps_c.cpython-310-x86_64-linux-gnu.so
-- Installing: /home/student/ros2_ws/install/l3xz_openmv_camera_interfaces/local/lib/python3.10/dist-packages/l3xz_openmv_camera_interfaces/libl3xz_openmv_camera_interfaces__rosidl_generator_py.so
-- Installing: /home/student/ros2_ws/install/l3xz_openmv_camera_interfaces/local/lib/python3.10/dist-packages/l3xz_openmv_camera_interfaces/l3xz_openmv_camera_interfaces_s__rosidl_typesupport_c.cpython-310-x86_64-linux-gnu.so
-- Installing: /home/student/ros2_ws/install/l3xz_openmv_camera_interfaces/local/lib/python3.10/dist-packages/l3xz_openmv_camera_interfaces/_l3xz_openmv_camera_interfaces_s.ep.rosidl_typesupport_introspection_c.c
-- Installing: /home/student/ros2_ws/install/l3xz_openmv_camera_interfaces/local/lib/python3.10/dist-packages/l3xz_openmv_camera_interfaces/l3xz_openmv_camera_interfaces_s__rosidl_typesupport_introspection_c.cpython-310-x86_64-linux-gnu.so
Listing '/home/student/ros2_ws/install/l3xz_openmv_camera_interfaces/local/lib/python3.10/dist-packages/l3xz_openmv_camera_interfaces'...
Compiling '/home/student/ros2_ws/install/l3xz_openmv_camera_interfaces/local/lib/python3.10/dist-packages/l3xz_openmv_camera_interfaces/__init__.py'...
Listing '/home/student/ros2_ws/install/l3xz_openmv_camera_interfaces/local/lib/python3.10/dist-packages/l3xz_openmv_camera_interfaces/srv'...
Compiling '/home/student/ros2_ws/install/l3xz_openmv_camera_interfaces/local/lib/python3.10/dist-packages/l3xz_openmv_camera_interfaces/srv/__init__.py'...
Compiling '/home/student/ros2_ws/install/l3xz_openmv_camera_interfaces/local/lib/python3.10/dist-packages/l3xz_openmv_camera_interfaces/srv/_gpio.py'...
Compiling '/home/student/ros2_ws/install/l3xz_openmv_camera_interfaces/local/lib/python3.10/dist-packages/l3xz_openmv_camera_interfaces/srv/_gpio_set.py'...
Compiling '/home/student/ros2_ws/install/l3xz_openmv_camera_interfaces/local/lib/python3.10/dist-packages/l3xz_openmv_camera_interfaces/srv/_ir.py'...
Compiling '/home/student/ros2_ws/install/l3xz_openmv_camera_interfaces/local/lib/python3.10/dist-packages/l3xz_openmv_camera_interfaces/srv/_rgb.py'...
-- Installing: /home/student/ros2_ws/install/l3xz_openmv_camera_interfaces/local/lib/python3.10/dist-packages/l3xz_openmv_camera_interfaces/l3xz_openmv_camera_interfaces_s__rosidl_typesupport_fastrtps_c.cpython-310-x86_64-linux-gnu.so
-- Set runtime path of "/home/student/ros2_ws/install/l3xz_openmv_camera_interfaces/local/lib/python3.10/dist-packages/l3xz_openmv_camera_interfaces/l3xz_openmv_camera_interfaces_s__rosidl_typesupport_fastrtps_c.cpython-310-x86_64-linux-gnu.so" to ""
-- Installing: /home/student/ros2_ws/install/l3xz_openmv_camera_interfaces/local/lib/python3.10/dist-packages/l3xz_openmv_camera_interfaces/l3xz_openmv_camera_interfaces_s__rosidl_typesupport_introspection_c.cpython-310-x86_64-linux-gnu.so
-- Set runtime path of "/home/student/ros2_ws/install/l3xz_openmv_camera_interfaces/local/lib/python3.10/dist-packages/l3xz_openmv_camera_interfaces/l3xz_openmv_camera_interfaces_s__rosidl_typesupport_introspection_c.cpython-310-x86_64-linux-gnu.so" to ""
-- Installing: /home/student/ros2_ws/install/l3xz_openmv_camera_interfaces/local/lib/python3.10/dist-packages/l3xz_openmv_camera_interfaces/l3xz_openmv_camera_interfaces_s__rosidl_typesupport_c.cpython-310-x86_64-linux-gnu.so
-- Set runtime path of "/home/student/ros2_ws/install/l3xz_openmv_camera_interfaces/local/lib/python3.10/dist-packages/l3xz_openmv_camera_interfaces/l3xz_openmv_camera_interfaces_s__rosidl_typesupport_c.cpython-310-x86_64-linux-gnu.so" to ""
-- Installing: /home/student/ros2_ws/install/l3xz_openmv_camera_interfaces/lib/libl3xz_openmv_camera_interfaces__rosidl_generator_py.so
-- Set runtime path of "/home/student/ros2_ws/install/l3xz_openmv_camera_interfaces/lib/libl3xz_openmv_camera_interfaces__rosidl_generator_py.so" to ""
-- Installing: /home/student/ros2_ws/install/l3xz_openmv_camera_interfaces/share/l3xz_openmv_camera_interfaces/srv/Gpio.idl
-- Installing: /home/student/ros2_ws/install/l3xz_openmv_camera_interfaces/share/l3xz_openmv_camera_interfaces/srv/GpioSet.idl
-- Installing: /home/student/ros2_ws/install/l3xz_openmv_camera_interfaces/share/l3xz_openmv_camera_interfaces/srv/Ir.idl
-- Installing: /home/student/ros2_ws/install/l3xz_openmv_camera_interfaces/share/l3xz_openmv_camera_interfaces/srv/Rgb.idl
-- Installing: /home/student/ros2_ws/install/l3xz_openmv_camera_interfaces/share/l3xz_openmv_camera_interfaces/srv/Gpio.srv
-- Installing: /home/student/ros2_ws/install/l3xz_openmv_camera_interfaces/share/l3xz_openmv_camera_interfaces/srv/Gpio_Request.msg
-- Installing: /home/student/ros2_ws/install/l3xz_openmv_camera_interfaces/share/l3xz_openmv_camera_interfaces/srv/Gpio_Response.msg
-- Installing: /home/student/ros2_ws/install/l3xz_openmv_camera_interfaces/share/l3xz_openmv_camera_interfaces/srv/GpioSet.srv
-- Installing: /home/student/ros2_ws/install/l3xz_openmv_camera_interfaces/share/l3xz_openmv_camera_interfaces/srv/GpioSet_Request.msg
-- Installing: /home/student/ros2_ws/install/l3xz_openmv_camera_interfaces/share/l3xz_openmv_camera_interfaces/srv/GpioSet_Response.msg
-- Installing: /home/student/ros2_ws/install/l3xz_openmv_camera_interfaces/share/l3xz_openmv_camera_interfaces/srv/Ir.srv
-- Installing: /home/student/ros2_ws/install/l3xz_openmv_camera_interfaces/share/l3xz_openmv_camera_interfaces/srv/Ir_Request.msg
-- Installing: /home/student/ros2_ws/install/l3xz_openmv_camera_interfaces/share/l3xz_openmv_camera_interfaces/srv/Ir_Response.msg
-- Installing: /home/student/ros2_ws/install/l3xz_openmv_camera_interfaces/share/l3xz_openmv_camera_interfaces/srv/Rgb.srv
-- Installing: /home/student/ros2_ws/install/l3xz_openmv_camera_interfaces/share/l3xz_openmv_camera_interfaces/srv/Rgb_Request.msg
-- Installing: /home/student/ros2_ws/install/l3xz_openmv_camera_interfaces/share/l3xz_openmv_camera_interfaces/srv/Rgb_Response.msg
-- Installing: /home/student/ros2_ws/install/l3xz_openmv_camera_interfaces/share/ament_index/resource_index/package_run_dependencies/l3xz_openmv_camera_interfaces
-- Installing: /home/student/ros2_ws/install/l3xz_openmv_camera_interfaces/share/ament_index/resource_index/parent_prefix_path/l3xz_openmv_camera_interfaces
-- Installing: /home/student/ros2_ws/install/l3xz_openmv_camera_interfaces/share/l3xz_openmv_camera_interfaces/environment/ament_prefix_path.sh
-- Installing: /home/student/ros2_ws/install/l3xz_openmv_camera_interfaces/share/l3xz_openmv_camera_interfaces/environment/ament_prefix_path.dsv
-- Installing: /home/student/ros2_ws/install/l3xz_openmv_camera_interfaces/share/l3xz_openmv_camera_interfaces/environment/path.sh
-- Installing: /home/student/ros2_ws/install/l3xz_openmv_camera_interfaces/share/l3xz_openmv_camera_interfaces/environment/path.dsv
-- Installing: /home/student/ros2_ws/install/l3xz_openmv_camera_interfaces/share/l3xz_openmv_camera_interfaces/local_setup.bash
-- Installing: /home/student/ros2_ws/install/l3xz_openmv_camera_interfaces/share/l3xz_openmv_camera_interfaces/local_setup.sh
-- Installing: /home/student/ros2_ws/install/l3xz_openmv_camera_interfaces/share/l3xz_openmv_camera_interfaces/local_setup.zsh
-- Installing: /home/student/ros2_ws/install/l3xz_openmv_camera_interfaces/share/l3xz_openmv_camera_interfaces/local_setup.dsv
-- Installing: /home/student/ros2_ws/install/l3xz_openmv_camera_interfaces/share/l3xz_openmv_camera_interfaces/package.dsv
-- Installing: /home/student/ros2_ws/install/l3xz_openmv_camera_interfaces/share/ament_index/resource_index/packages/l3xz_openmv_camera_interfaces
-- Installing: /home/student/ros2_ws/install/l3xz_openmv_camera_interfaces/share/l3xz_openmv_camera_interfaces/cmake/export_l3xz_openmv_camera_interfaces__rosidl_generator_cExport.cmake
-- Installing: /home/student/ros2_ws/install/l3xz_openmv_camera_interfaces/share/l3xz_openmv_camera_interfaces/cmake/export_l3xz_openmv_camera_interfaces__rosidl_generator_cExport-noconfig.cmake
-- Installing: /home/student/ros2_ws/install/l3xz_openmv_camera_interfaces/share/l3xz_openmv_camera_interfaces/cmake/export_l3xz_openmv_camera_interfaces__rosidl_typesupport_fastrtps_cExport.cmake
-- Installing: /home/student/ros2_ws/install/l3xz_openmv_camera_interfaces/share/l3xz_openmv_camera_interfaces/cmake/export_l3xz_openmv_camera_interfaces__rosidl_typesupport_fastrtps_cExport-noconfig.cmake
-- Installing: /home/student/ros2_ws/install/l3xz_openmv_camera_interfaces/share/l3xz_openmv_camera_interfaces/cmake/l3xz_openmv_camera_interfaces__rosidl_typesupport_introspection_cExport.cmake
-- Installing: /home/student/ros2_ws/install/l3xz_openmv_camera_interfaces/share/l3xz_openmv_camera_interfaces/cmake/l3xz_openmv_camera_interfaces__rosidl_typesupport_introspection_cExport-noconfig.cmake
-- Installing: /home/student/ros2_ws/install/l3xz_openmv_camera_interfaces/share/l3xz_openmv_camera_interfaces/cmake/l3xz_openmv_camera_interfaces__rosidl_typesupport_cExport.cmake
-- Installing: /home/student/ros2_ws/install/l3xz_openmv_camera_interfaces/share/l3xz_openmv_camera_interfaces/cmake/l3xz_openmv_camera_interfaces__rosidl_typesupport_cExport-noconfig.cmake
-- Installing: /home/student/ros2_ws/install/l3xz_openmv_camera_interfaces/share/l3xz_openmv_camera_interfaces/cmake/export_l3xz_openmv_camera_interfaces__rosidl_generator_cppExport.cmake
-- Installing: /home/student/ros2_ws/install/l3xz_openmv_camera_interfaces/share/l3xz_openmv_camera_interfaces/cmake/export_l3xz_openmv_camera_interfaces__rosidl_typesupport_fastrtps_cppExport.cmake
-- Installing: /home/student/ros2_ws/install/l3xz_openmv_camera_interfaces/share/l3xz_openmv_camera_interfaces/cmake/export_l3xz_openmv_camera_interfaces__rosidl_typesupport_fastrtps_cppExport-noconfig.cmake
-- Installing: /home/student/ros2_ws/install/l3xz_openmv_camera_interfaces/share/l3xz_openmv_camera_interfaces/cmake/l3xz_openmv_camera_interfaces__rosidl_typesupport_introspection_cppExport.cmake
-- Installing: /home/student/ros2_ws/install/l3xz_openmv_camera_interfaces/share/l3xz_openmv_camera_interfaces/cmake/l3xz_openmv_camera_interfaces__rosidl_typesupport_introspection_cppExport-noconfig.cmake
-- Installing: /home/student/ros2_ws/install/l3xz_openmv_camera_interfaces/share/l3xz_openmv_camera_interfaces/cmake/l3xz_openmv_camera_interfaces__rosidl_typesupport_cppExport.cmake
-- Installing: /home/student/ros2_ws/install/l3xz_openmv_camera_interfaces/share/l3xz_openmv_camera_interfaces/cmake/l3xz_openmv_camera_interfaces__rosidl_typesupport_cppExport-noconfig.cmake
-- Installing: /home/student/ros2_ws/install/l3xz_openmv_camera_interfaces/share/l3xz_openmv_camera_interfaces/cmake/export_l3xz_openmv_camera_interfaces__rosidl_generator_pyExport.cmake
-- Installing: /home/student/ros2_ws/install/l3xz_openmv_camera_interfaces/share/l3xz_openmv_camera_interfaces/cmake/export_l3xz_openmv_camera_interfaces__rosidl_generator_pyExport-noconfig.cmake
-- Installing: /home/student/ros2_ws/install/l3xz_openmv_camera_interfaces/share/l3xz_openmv_camera_interfaces/cmake/rosidl_cmake-extras.cmake
-- Installing: /home/student/ros2_ws/install/l3xz_openmv_camera_interfaces/share/l3xz_openmv_camera_interfaces/cmake/ament_cmake_export_dependencies-extras.cmake
-- Installing: /home/student/ros2_ws/install/l3xz_openmv_camera_interfaces/share/l3xz_openmv_camera_interfaces/cmake/ament_cmake_export_include_directories-extras.cmake
-- Installing: /home/student/ros2_ws/install/l3xz_openmv_camera_interfaces/share/l3xz_openmv_camera_interfaces/cmake/ament_cmake_export_libraries-extras.cmake
-- Installing: /home/student/ros2_ws/install/l3xz_openmv_camera_interfaces/share/l3xz_openmv_camera_interfaces/cmake/ament_cmake_export_targets-extras.cmake
-- Installing: /home/student/ros2_ws/install/l3xz_openmv_camera_interfaces/share/l3xz_openmv_camera_interfaces/cmake/rosidl_cmake_export_typesupport_targets-extras.cmake
-- Installing: /home/student/ros2_ws/install/l3xz_openmv_camera_interfaces/share/l3xz_openmv_camera_interfaces/cmake/rosidl_cmake_export_typesupport_libraries-extras.cmake
-- Installing: /home/student/ros2_ws/install/l3xz_openmv_camera_interfaces/share/l3xz_openmv_camera_interfaces/cmake/l3xz_openmv_camera_interfacesConfig.cmake
-- Installing: /home/student/ros2_ws/install/l3xz_openmv_camera_interfaces/share/l3xz_openmv_camera_interfaces/cmake/l3xz_openmv_camera_interfacesConfig-version.cmake
-- Installing: /home/student/ros2_ws/install/l3xz_openmv_camera_interfaces/share/l3xz_openmv_camera_interfaces/package.xml
