[0.028s] Invoking command in '/home/student/ros2_ws/build/eced3901': CMAKE_PREFIX_PATH=${CMAKE_PREFIX_PATH}:/home/student/motor_ws/install/dalmotor:/home/student/imu_ws/install/bno055:/opt/ros/humble /usr/bin/cmake --build /home/student/ros2_ws/build/eced3901 -- -j4 -l4
[0.087s] -- Found ament_cmake: 1.3.4 (/opt/ros/humble/share/ament_cmake/cmake)
[0.245s] -- Found rclcpp: 16.0.4 (/opt/ros/humble/share/rclcpp/cmake)
[0.288s] -- Found rosidl_generator_c: 3.1.4 (/opt/ros/humble/share/rosidl_generator_c/cmake)
[0.290s] -- Found rosidl_adapter: 3.1.4 (/opt/ros/humble/share/rosidl_adapter/cmake)
[0.299s] -- Found rosidl_generator_cpp: 3.1.4 (/opt/ros/humble/share/rosidl_generator_cpp/cmake)
[0.314s] -- Using all available rosidl_typesupport_c: rosidl_typesupport_fastrtps_c;rosidl_typesupport_introspection_c
[0.333s] -- Using all available rosidl_typesupport_cpp: rosidl_typesupport_fastrtps_cpp;rosidl_typesupport_introspection_cpp
[0.404s] -- Found rmw_implementation_cmake: 6.1.1 (/opt/ros/humble/share/rmw_implementation_cmake/cmake)
[0.406s] -- Found rmw_fastrtps_cpp: 6.2.2 (/opt/ros/humble/share/rmw_fastrtps_cpp/cmake)
[0.526s] -- Using RMW implementation 'rmw_fastrtps_cpp' as default
[0.709s] -- Found rclpy: 3.3.8 (/opt/ros/humble/share/rclpy/cmake)
[0.710s] -- Found geometry_msgs: 4.2.3 (/opt/ros/humble/share/geometry_msgs/cmake)
[0.758s] -- Found nav_msgs: 4.2.3 (/opt/ros/humble/share/nav_msgs/cmake)
[0.849s] -- Found tf2: 0.25.2 (/opt/ros/humble/share/tf2/cmake)
[0.863s] -- Found ament_lint_auto: 0.12.6 (/opt/ros/humble/share/ament_lint_auto/cmake)
[0.939s] -- Added test 'cppcheck' to perform static code analysis on C / C++ code
[0.939s] -- Configured cppcheck include dirs: 
[0.939s] -- Configured cppcheck exclude dirs and/or files: 
[0.940s] -- Added test 'flake8' to check Python code syntax and style conventions
[0.940s] -- Added test 'lint_cmake' to check CMake code style
[0.941s] -- Added test 'pep257' to check Python code against some of the docstring style conventions in PEP 257
[0.942s] -- Added test 'uncrustify' to check C / C++ code style
[0.942s] -- Configured uncrustify additional arguments: 
[0.943s] -- Added test 'xmllint' to check XML markup files
[0.944s] -- Configuring done
[0.964s] -- Generating done
[0.966s] -- Build files have been written to: /home/student/ros2_ws/build/eced3901
[0.988s] [35m[1mConsolidate compiler generated dependencies of target talker[0m
[0.988s] [35m[1mConsolidate compiler generated dependencies of target dt1[0m
[1.014s] [ 50%] Built target talker
[1.016s] [100%] Built target dt1
[1.025s] Invoked command in '/home/student/ros2_ws/build/eced3901' returned '0': CMAKE_PREFIX_PATH=${CMAKE_PREFIX_PATH}:/home/student/motor_ws/install/dalmotor:/home/student/imu_ws/install/bno055:/opt/ros/humble /usr/bin/cmake --build /home/student/ros2_ws/build/eced3901 -- -j4 -l4
[1.060s] Invoking command in '/home/student/ros2_ws/build/eced3901': CMAKE_PREFIX_PATH=${CMAKE_PREFIX_PATH}:/home/student/motor_ws/install/dalmotor:/home/student/imu_ws/install/bno055:/opt/ros/humble /usr/bin/cmake --install /home/student/ros2_ws/build/eced3901
[1.065s] -- Install configuration: ""
[1.066s] -- Up-to-date: /home/student/ros2_ws/install/eced3901/lib/eced3901/talker
[1.067s] -- Up-to-date: /home/student/ros2_ws/install/eced3901/lib/eced3901/dt1
[1.067s] -- Up-to-date: /home/student/ros2_ws/install/eced3901/share/eced3901/config
[1.067s] -- Up-to-date: /home/student/ros2_ws/install/eced3901/share/eced3901/config/ekf.yaml
[1.067s] -- Up-to-date: /home/student/ros2_ws/install/eced3901/share/eced3901/launch
[1.067s] -- Up-to-date: /home/student/ros2_ws/install/eced3901/share/eced3901/launch/lab6nav.launch.py
[1.067s] -- Up-to-date: /home/student/ros2_ws/install/eced3901/share/eced3901/launch/lab5dt2.launch.py
[1.067s] -- Up-to-date: /home/student/ros2_ws/install/eced3901/share/eced3901/launch/lab6b.launch.py
[1.067s] -- Up-to-date: /home/student/ros2_ws/install/eced3901/share/eced3901/launch/lab5.launch.py
[1.068s] -- Up-to-date: /home/student/ros2_ws/install/eced3901/share/eced3901/launch/lab4a.launch.py
[1.068s] -- Up-to-date: /home/student/ros2_ws/install/eced3901/share/eced3901/launch/lab4b.launch.py
[1.068s] -- Up-to-date: /home/student/ros2_ws/install/eced3901/share/eced3901/launch/lab3.launch.py
[1.068s] -- Up-to-date: /home/student/ros2_ws/install/eced3901/share/eced3901/launch/lab6a.launch.py
[1.068s] -- Installing: /home/student/ros2_ws/install/eced3901/share/eced3901/launch/lab7nav.launch.py
[1.068s] -- Up-to-date: /home/student/ros2_ws/install/eced3901/share/eced3901/maps
[1.068s] -- Up-to-date: /home/student/ros2_ws/install/eced3901/share/eced3901/maps/lab4_map.yaml
[1.068s] -- Up-to-date: /home/student/ros2_ws/install/eced3901/share/eced3901/maps/lab4_map.pgm
[1.068s] -- Up-to-date: /home/student/ros2_ws/install/eced3901/share/eced3901/models
[1.068s] -- Up-to-date: /home/student/ros2_ws/install/eced3901/share/eced3901/models/eced3901_lab4
[1.068s] -- Up-to-date: /home/student/ros2_ws/install/eced3901/share/eced3901/models/eced3901_lab4/model.sdf
[1.068s] -- Up-to-date: /home/student/ros2_ws/install/eced3901/share/eced3901/models/eced3901_lab4/model.config
[1.068s] -- Up-to-date: /home/student/ros2_ws/install/eced3901/share/eced3901/models/eced3901bot.urdf
[1.068s] -- Up-to-date: /home/student/ros2_ws/install/eced3901/share/eced3901/models/eced3901bot_description
[1.069s] -- Up-to-date: /home/student/ros2_ws/install/eced3901/share/eced3901/models/eced3901bot_description/model.sdf
[1.069s] -- Up-to-date: /home/student/ros2_ws/install/eced3901/share/eced3901/models/eced3901bot_description/model.config
[1.069s] -- Up-to-date: /home/student/ros2_ws/install/eced3901/share/eced3901/params
[1.069s] -- Up-to-date: /home/student/ros2_ws/install/eced3901/share/eced3901/params/nav2_params.yaml
[1.069s] -- Up-to-date: /home/student/ros2_ws/install/eced3901/share/eced3901/rviz
[1.069s] -- Up-to-date: /home/student/ros2_ws/install/eced3901/share/eced3901/rviz/nav2.rviz
[1.069s] -- Up-to-date: /home/student/ros2_ws/install/eced3901/share/eced3901/rviz/urdf_config.rviz
[1.069s] -- Up-to-date: /home/student/ros2_ws/install/eced3901/share/eced3901/rviz/nav2_config.rviz
[1.069s] -- Up-to-date: /home/student/ros2_ws/install/eced3901/share/eced3901/src
[1.069s] -- Up-to-date: /home/student/ros2_ws/install/eced3901/share/eced3901/src/eced3901_dt1.cpp
[1.069s] -- Up-to-date: /home/student/ros2_ws/install/eced3901/share/eced3901/src/publisher_member_function.cpp
[1.069s] -- Up-to-date: /home/student/ros2_ws/install/eced3901/share/eced3901/worlds
[1.070s] -- Up-to-date: /home/student/ros2_ws/install/eced3901/share/eced3901/worlds/eced3901_lab6.world
[1.070s] -- Up-to-date: /home/student/ros2_ws/install/eced3901/share/eced3901/worlds/empty.world
[1.070s] -- Up-to-date: /home/student/ros2_ws/install/eced3901/share/eced3901/worlds/eced3901_lab4.world
[1.070s] -- Up-to-date: /home/student/ros2_ws/install/eced3901/lib/eced3901/demo_inspection.py
[1.070s] -- Up-to-date: /home/student/ros2_ws/install/eced3901/share/ament_index/resource_index/package_run_dependencies/eced3901
[1.070s] -- Installing: /home/student/ros2_ws/install/eced3901/share/ament_index/resource_index/parent_prefix_path/eced3901
[1.070s] -- Up-to-date: /home/student/ros2_ws/install/eced3901/share/eced3901/environment/ament_prefix_path.sh
[1.070s] -- Installing: /home/student/ros2_ws/install/eced3901/share/eced3901/environment/ament_prefix_path.dsv
[1.070s] -- Up-to-date: /home/student/ros2_ws/install/eced3901/share/eced3901/environment/path.sh
[1.070s] -- Installing: /home/student/ros2_ws/install/eced3901/share/eced3901/environment/path.dsv
[1.070s] -- Up-to-date: /home/student/ros2_ws/install/eced3901/share/eced3901/local_setup.bash
[1.071s] -- Up-to-date: /home/student/ros2_ws/install/eced3901/share/eced3901/local_setup.sh
[1.071s] -- Up-to-date: /home/student/ros2_ws/install/eced3901/share/eced3901/local_setup.zsh
[1.071s] -- Installing: /home/student/ros2_ws/install/eced3901/share/eced3901/local_setup.dsv
[1.071s] -- Installing: /home/student/ros2_ws/install/eced3901/share/eced3901/package.dsv
[1.071s] -- Up-to-date: /home/student/ros2_ws/install/eced3901/share/ament_index/resource_index/packages/eced3901
[1.071s] -- Up-to-date: /home/student/ros2_ws/install/eced3901/share/eced3901/cmake/eced3901Config.cmake
[1.071s] -- Up-to-date: /home/student/ros2_ws/install/eced3901/share/eced3901/cmake/eced3901Config-version.cmake
[1.071s] -- Up-to-date: /home/student/ros2_ws/install/eced3901/share/eced3901/package.xml
[1.074s] Invoked command in '/home/student/ros2_ws/build/eced3901' returned '0': CMAKE_PREFIX_PATH=${CMAKE_PREFIX_PATH}:/home/student/motor_ws/install/dalmotor:/home/student/imu_ws/install/bno055:/opt/ros/humble /usr/bin/cmake --install /home/student/ros2_ws/build/eced3901
