/home/student/ros2_ws/install/l3xz_openmv_camera/lib/python3.10/site-packages/l3xz_openmv_camera/l3xz_openmv_camera.py
/home/student/ros2_ws/install/l3xz_openmv_camera/lib/python3.10/site-packages/l3xz_openmv_camera/__init__.py
/home/student/ros2_ws/install/l3xz_openmv_camera/lib/python3.10/site-packages/l3xz_openmv_camera/camera_interface.py
/home/student/ros2_ws/install/l3xz_openmv_camera/lib/python3.10/site-packages/l3xz_openmv_camera/openmv/tools/rpc/rpc.py
/home/student/ros2_ws/install/l3xz_openmv_camera/lib/python3.10/site-packages/l3xz_openmv_camera/openmv/tools/rpc/rpc_image_transfer_jpg_as_the_controller_device.py
/home/student/ros2_ws/install/l3xz_openmv_camera/lib/python3.10/site-packages/l3xz_openmv_camera/openmv/tools/rpc/rpc_image_transfer_jpg_streaming_as_the_controller_device.py
/home/student/ros2_ws/install/l3xz_openmv_camera/lib/python3.10/site-packages/l3xz_openmv_camera/openmv/tools/rpc/rpc_popular_features_as_the_controller_device_example.py
/home/student/ros2_ws/install/l3xz_openmv_camera/lib/python3.10/site-packages/l3xz_openmv_camera/__pycache__/l3xz_openmv_camera.cpython-310.pyc
/home/student/ros2_ws/install/l3xz_openmv_camera/lib/python3.10/site-packages/l3xz_openmv_camera/__pycache__/__init__.cpython-310.pyc
/home/student/ros2_ws/install/l3xz_openmv_camera/lib/python3.10/site-packages/l3xz_openmv_camera/__pycache__/camera_interface.cpython-310.pyc
/home/student/ros2_ws/install/l3xz_openmv_camera/lib/python3.10/site-packages/l3xz_openmv_camera/openmv/tools/rpc/__pycache__/rpc.cpython-310.pyc
/home/student/ros2_ws/install/l3xz_openmv_camera/lib/python3.10/site-packages/l3xz_openmv_camera/openmv/tools/rpc/__pycache__/rpc_image_transfer_jpg_as_the_controller_device.cpython-310.pyc
/home/student/ros2_ws/install/l3xz_openmv_camera/lib/python3.10/site-packages/l3xz_openmv_camera/openmv/tools/rpc/__pycache__/rpc_image_transfer_jpg_streaming_as_the_controller_device.cpython-310.pyc
/home/student/ros2_ws/install/l3xz_openmv_camera/lib/python3.10/site-packages/l3xz_openmv_camera/openmv/tools/rpc/__pycache__/rpc_popular_features_as_the_controller_device_example.cpython-310.pyc
/home/student/ros2_ws/install/l3xz_openmv_camera/share/ament_index/resource_index/packages/l3xz_openmv_camera
/home/student/ros2_ws/install/l3xz_openmv_camera/share/l3xz_openmv_camera/package.xml
/home/student/ros2_ws/install/l3xz_openmv_camera/lib/python3.10/site-packages/l3xz_openmv_camera-1.0.0-py3.10.egg-info/entry_points.txt
/home/student/ros2_ws/install/l3xz_openmv_camera/lib/python3.10/site-packages/l3xz_openmv_camera-1.0.0-py3.10.egg-info/SOURCES.txt
/home/student/ros2_ws/install/l3xz_openmv_camera/lib/python3.10/site-packages/l3xz_openmv_camera-1.0.0-py3.10.egg-info/zip-safe
/home/student/ros2_ws/install/l3xz_openmv_camera/lib/python3.10/site-packages/l3xz_openmv_camera-1.0.0-py3.10.egg-info/PKG-INFO
/home/student/ros2_ws/install/l3xz_openmv_camera/lib/python3.10/site-packages/l3xz_openmv_camera-1.0.0-py3.10.egg-info/top_level.txt
/home/student/ros2_ws/install/l3xz_openmv_camera/lib/python3.10/site-packages/l3xz_openmv_camera-1.0.0-py3.10.egg-info/dependency_links.txt
/home/student/ros2_ws/install/l3xz_openmv_camera/lib/python3.10/site-packages/l3xz_openmv_camera-1.0.0-py3.10.egg-info/requires.txt
/home/student/ros2_ws/install/l3xz_openmv_camera/lib/l3xz_openmv_camera/l3xz_openmv_camera
