[1.592s] Invoking command in '/home/student/ros2_ws/src/eced3901': PYTHONPATH=/home/student/ros2_ws/build/eced3901/prefix_override:/home/student/ros2_ws/install/eced3901/lib/python3.10/site-packages:${PYTHONPATH} /usr/bin/python3 setup.py egg_info --egg-base ../../build/eced3901 build --build-base /home/student/ros2_ws/build/eced3901/build install --record /home/student/ros2_ws/build/eced3901/install.log --single-version-externally-managed
[2.025s] running egg_info
[2.026s] writing ../../build/eced3901/eced3901.egg-info/PKG-INFO
[2.027s] writing dependency_links to ../../build/eced3901/eced3901.egg-info/dependency_links.txt
[2.027s] writing entry points to ../../build/eced3901/eced3901.egg-info/entry_points.txt
[2.027s] writing requirements to ../../build/eced3901/eced3901.egg-info/requires.txt
[2.028s] writing top-level names to ../../build/eced3901/eced3901.egg-info/top_level.txt
[2.030s] reading manifest file '../../build/eced3901/eced3901.egg-info/SOURCES.txt'
[2.031s] writing manifest file '../../build/eced3901/eced3901.egg-info/SOURCES.txt'
[2.031s] running build
[2.031s] running build_py
[2.032s] copying eced3901/eced3901_dt1.py -> /home/student/ros2_ws/build/eced3901/build/lib/eced3901
[2.032s] running install
[2.033s] running install_lib
[2.034s] copying /home/student/ros2_ws/build/eced3901/build/lib/eced3901/eced3901_dt1.py -> /home/student/ros2_ws/install/eced3901/lib/python3.10/site-packages/eced3901
[2.034s] byte-compiling /home/student/ros2_ws/install/eced3901/lib/python3.10/site-packages/eced3901/eced3901_dt1.py to eced3901_dt1.cpython-310.pyc
[2.036s] running install_data
[2.037s] running install_egg_info
[2.038s] removing '/home/student/ros2_ws/install/eced3901/lib/python3.10/site-packages/eced3901-0.0.0-py3.10.egg-info' (and everything under it)
[2.039s] Copying ../../build/eced3901/eced3901.egg-info to /home/student/ros2_ws/install/eced3901/lib/python3.10/site-packages/eced3901-0.0.0-py3.10.egg-info
[2.040s] running install_scripts
[2.063s] Installing dt1 script to /home/student/ros2_ws/install/eced3901/lib/eced3901
[2.064s] Installing talker script to /home/student/ros2_ws/install/eced3901/lib/eced3901
[2.064s] writing list of installed files to '/home/student/ros2_ws/build/eced3901/install.log'
[2.091s] Invoked command in '/home/student/ros2_ws/src/eced3901' returned '0': PYTHONPATH=/home/student/ros2_ws/build/eced3901/prefix_override:/home/student/ros2_ws/install/eced3901/lib/python3.10/site-packages:${PYTHONPATH} /usr/bin/python3 setup.py egg_info --egg-base ../../build/eced3901 build --build-base /home/student/ros2_ws/build/eced3901/build install --record /home/student/ros2_ws/build/eced3901/install.log --single-version-externally-managed
