/home/student/ros2_ws/src/install/eced3901/lib/python3.10/site-packages/eced3901/dt1.py
/home/student/ros2_ws/src/install/eced3901/lib/python3.10/site-packages/eced3901/subscriber_member_function.py
/home/student/ros2_ws/src/install/eced3901/lib/python3.10/site-packages/eced3901/__init__.py
/home/student/ros2_ws/src/install/eced3901/lib/python3.10/site-packages/eced3901/publisher_member_function.py
/home/student/ros2_ws/src/install/eced3901/lib/python3.10/site-packages/eced3901/__pycache__/dt1.cpython-310.pyc
/home/student/ros2_ws/src/install/eced3901/lib/python3.10/site-packages/eced3901/__pycache__/subscriber_member_function.cpython-310.pyc
/home/student/ros2_ws/src/install/eced3901/lib/python3.10/site-packages/eced3901/__pycache__/__init__.cpython-310.pyc
/home/student/ros2_ws/src/install/eced3901/lib/python3.10/site-packages/eced3901/__pycache__/publisher_member_function.cpython-310.pyc
/home/student/ros2_ws/src/install/eced3901/share/ament_index/resource_index/packages/eced3901
/home/student/ros2_ws/src/install/eced3901/share/eced3901/package.xml
/home/student/ros2_ws/src/install/eced3901/share/eced3901/launch/lab6nav.launch.py
/home/student/ros2_ws/src/install/eced3901/share/eced3901/launch/lab5dt2.launch.py
/home/student/ros2_ws/src/install/eced3901/share/eced3901/launch/lab6b.launch.py
/home/student/ros2_ws/src/install/eced3901/share/eced3901/launch/lab5.launch.py
/home/student/ros2_ws/src/install/eced3901/share/eced3901/launch/lab4a.launch.py
/home/student/ros2_ws/src/install/eced3901/share/eced3901/launch/lab4b.launch.py
/home/student/ros2_ws/src/install/eced3901/share/eced3901/launch/lab3.launch.py
/home/student/ros2_ws/src/install/eced3901/share/eced3901/launch/lab6a.launch.py
/home/student/ros2_ws/src/install/eced3901/share/eced3901/launch/lab7nav.launch.py
/home/student/ros2_ws/src/install/eced3901/lib/python3.10/site-packages/eced3901-0.0.0-py3.10.egg-info/entry_points.txt
/home/student/ros2_ws/src/install/eced3901/lib/python3.10/site-packages/eced3901-0.0.0-py3.10.egg-info/SOURCES.txt
/home/student/ros2_ws/src/install/eced3901/lib/python3.10/site-packages/eced3901-0.0.0-py3.10.egg-info/zip-safe
/home/student/ros2_ws/src/install/eced3901/lib/python3.10/site-packages/eced3901-0.0.0-py3.10.egg-info/PKG-INFO
/home/student/ros2_ws/src/install/eced3901/lib/python3.10/site-packages/eced3901-0.0.0-py3.10.egg-info/top_level.txt
/home/student/ros2_ws/src/install/eced3901/lib/python3.10/site-packages/eced3901-0.0.0-py3.10.egg-info/dependency_links.txt
/home/student/ros2_ws/src/install/eced3901/lib/python3.10/site-packages/eced3901-0.0.0-py3.10.egg-info/requires.txt
/home/student/ros2_ws/src/install/eced3901/bin/dt1
/home/student/ros2_ws/src/install/eced3901/bin/talker
