[0.731s] Invoking command in '/home/student/ros2_ws/src/eced3901': PYTHONPATH=/home/student/ros2_ws/build/eced3901/prefix_override:/home/student/ros2_ws/install/eced3901/lib/python3.10/site-packages:${PYTHONPATH} /usr/bin/python3 setup.py egg_info --egg-base ../../build/eced3901 build --build-base /home/student/ros2_ws/build/eced3901/build install --record /home/student/ros2_ws/build/eced3901/install.log --single-version-externally-managed
[0.977s] running egg_info
[0.978s] writing ../../build/eced3901/eced3901.egg-info/PKG-INFO
[0.978s] writing dependency_links to ../../build/eced3901/eced3901.egg-info/dependency_links.txt
[0.978s] writing entry points to ../../build/eced3901/eced3901.egg-info/entry_points.txt
[0.978s] writing requirements to ../../build/eced3901/eced3901.egg-info/requires.txt
[0.978s] writing top-level names to ../../build/eced3901/eced3901.egg-info/top_level.txt
[0.980s] reading manifest file '../../build/eced3901/eced3901.egg-info/SOURCES.txt'
[0.981s] writing manifest file '../../build/eced3901/eced3901.egg-info/SOURCES.txt'
[0.982s] running build
[0.982s] running build_py
[0.982s] running install
[0.982s] running install_lib
[0.984s] running install_data
[0.985s] copying params/nav2_params.yaml -> /home/student/ros2_ws/install/eced3901/share/eced3901/params
[0.985s] running install_egg_info
[0.987s] removing '/home/student/ros2_ws/install/eced3901/lib/python3.10/site-packages/eced3901-0.0.0-py3.10.egg-info' (and everything under it)
[1.001s] Copying ../../build/eced3901/eced3901.egg-info to /home/student/ros2_ws/install/eced3901/lib/python3.10/site-packages/eced3901-0.0.0-py3.10.egg-info
[1.001s] running install_scripts
[1.011s] Installing dt1 script to /home/student/ros2_ws/install/eced3901/lib/eced3901
[1.011s] Installing serialsensor script to /home/student/ros2_ws/install/eced3901/lib/eced3901
[1.011s] Installing talker script to /home/student/ros2_ws/install/eced3901/lib/eced3901
[1.012s] writing list of installed files to '/home/student/ros2_ws/build/eced3901/install.log'
[1.099s] Invoked command in '/home/student/ros2_ws/src/eced3901' returned '0': PYTHONPATH=/home/student/ros2_ws/build/eced3901/prefix_override:/home/student/ros2_ws/install/eced3901/lib/python3.10/site-packages:${PYTHONPATH} /usr/bin/python3 setup.py egg_info --egg-base ../../build/eced3901 build --build-base /home/student/ros2_ws/build/eced3901/build install --record /home/student/ros2_ws/build/eced3901/install.log --single-version-externally-managed
