[0.773s] Invoking command in '/home/student/ros2_ws/src/eced3901': PYTHONPATH=/home/student/ros2_ws/build/eced3901/prefix_override:/home/student/ros2_ws/install/eced3901/lib/python3.10/site-packages:${PYTHONPATH} /usr/bin/python3 setup.py egg_info --egg-base ../../build/eced3901 build --build-base /home/student/ros2_ws/build/eced3901/build install --record /home/student/ros2_ws/build/eced3901/install.log --single-version-externally-managed
[1.033s] running egg_info
[1.034s] writing ../../build/eced3901/eced3901.egg-info/PKG-INFO
[1.034s] writing dependency_links to ../../build/eced3901/eced3901.egg-info/dependency_links.txt
[1.034s] writing entry points to ../../build/eced3901/eced3901.egg-info/entry_points.txt
[1.034s] writing requirements to ../../build/eced3901/eced3901.egg-info/requires.txt
[1.036s] writing top-level names to ../../build/eced3901/eced3901.egg-info/top_level.txt
[1.038s] reading manifest file '../../build/eced3901/eced3901.egg-info/SOURCES.txt'
[1.039s] writing manifest file '../../build/eced3901/eced3901.egg-info/SOURCES.txt'
[1.040s] running build
[1.040s] running build_py
[1.040s] running install
[1.041s] running install_lib
[1.042s] running install_data
[1.043s] running install_egg_info
[1.045s] removing '/home/student/ros2_ws/install/eced3901/lib/python3.10/site-packages/eced3901-0.0.0-py3.10.egg-info' (and everything under it)
[1.046s] Copying ../../build/eced3901/eced3901.egg-info to /home/student/ros2_ws/install/eced3901/lib/python3.10/site-packages/eced3901-0.0.0-py3.10.egg-info
[1.047s] running install_scripts
[1.075s] Installing dt1 script to /home/student/ros2_ws/install/eced3901/lib/eced3901
[1.075s] Installing serialsensor script to /home/student/ros2_ws/install/eced3901/lib/eced3901
[1.075s] Installing talker script to /home/student/ros2_ws/install/eced3901/lib/eced3901
[1.076s] writing list of installed files to '/home/student/ros2_ws/build/eced3901/install.log'
[1.127s] Invoked command in '/home/student/ros2_ws/src/eced3901' returned '0': PYTHONPATH=/home/student/ros2_ws/build/eced3901/prefix_override:/home/student/ros2_ws/install/eced3901/lib/python3.10/site-packages:${PYTHONPATH} /usr/bin/python3 setup.py egg_info --egg-base ../../build/eced3901 build --build-base /home/student/ros2_ws/build/eced3901/build install --record /home/student/ros2_ws/build/eced3901/install.log --single-version-externally-managed
