[0.026s] Invoking command in '/home/student/ros2_ws/build/l3xz_openmv_camera_interfaces': CMAKE_PREFIX_PATH=${CMAKE_PREFIX_PATH}:/home/student/motor_ws/install/dalmotor:/home/student/ros2_ws/install/test-3901:/home/student/ros2_ws/install/l3xz_openmv_camera:/home/student/ros2_ws/install/eced3901_competition_2024:/home/student/ros2_ws/install/eced3901:/home/student/imu_ws/install/bno055:/opt/ros/humble /usr/bin/cmake --build /home/student/ros2_ws/build/l3xz_openmv_camera_interfaces -- -j4 -l4
[0.081s] [  1%] Built target l3xz_openmv_camera_interfaces__cpp
[0.109s] [  1%] Built target ament_cmake_python_copy_l3xz_openmv_camera_interfaces
[0.128s] [ 12%] Built target l3xz_openmv_camera_interfaces__rosidl_typesupport_fastrtps_cpp
[0.150s] [ 23%] Built target l3xz_openmv_camera_interfaces__rosidl_typesupport_introspection_cpp
[0.404s] running egg_info
[0.406s] writing l3xz_openmv_camera_interfaces.egg-info/PKG-INFO
[0.406s] writing dependency_links to l3xz_openmv_camera_interfaces.egg-info/dependency_links.txt
[0.406s] writing top-level names to l3xz_openmv_camera_interfaces.egg-info/top_level.txt
[0.408s] reading manifest file 'l3xz_openmv_camera_interfaces.egg-info/SOURCES.txt'
[0.409s] writing manifest file 'l3xz_openmv_camera_interfaces.egg-info/SOURCES.txt'
[0.437s] [ 23%] Built target ament_cmake_python_build_l3xz_openmv_camera_interfaces_egg
[0.459s] [ 34%] Built target l3xz_openmv_camera_interfaces__rosidl_typesupport_cpp
[0.480s] [ 45%] Built target l3xz_openmv_camera_interfaces__rosidl_generator_c
[0.514s] [ 56%] Built target l3xz_openmv_camera_interfaces__rosidl_typesupport_fastrtps_c
[0.537s] [ 67%] Built target l3xz_openmv_camera_interfaces__rosidl_typesupport_c
[0.567s] [ 78%] Built target l3xz_openmv_camera_interfaces__rosidl_typesupport_introspection_c
[0.592s] [ 78%] Built target l3xz_openmv_camera_interfaces
[0.621s] [ 80%] Built target l3xz_openmv_camera_interfaces__py
[0.648s] [ 89%] Built target l3xz_openmv_camera_interfaces__rosidl_generator_py
[0.668s] [ 92%] Built target l3xz_openmv_camera_interfaces__rosidl_typesupport_fastrtps_c__pyext
[0.693s] [ 96%] Built target l3xz_openmv_camera_interfaces__rosidl_typesupport_c__pyext
[0.713s] [100%] Built target l3xz_openmv_camera_interfaces__rosidl_typesupport_introspection_c__pyext
[0.735s] Invoked command in '/home/student/ros2_ws/build/l3xz_openmv_camera_interfaces' returned '0': CMAKE_PREFIX_PATH=${CMAKE_PREFIX_PATH}:/home/student/motor_ws/install/dalmotor:/home/student/ros2_ws/install/test-3901:/home/student/ros2_ws/install/l3xz_openmv_camera:/home/student/ros2_ws/install/eced3901_competition_2024:/home/student/ros2_ws/install/eced3901:/home/student/imu_ws/install/bno055:/opt/ros/humble /usr/bin/cmake --build /home/student/ros2_ws/build/l3xz_openmv_camera_interfaces -- -j4 -l4
[0.853s] Invoking command in '/home/student/ros2_ws/build/l3xz_openmv_camera_interfaces': CMAKE_PREFIX_PATH=${CMAKE_PREFIX_PATH}:/home/student/motor_ws/install/dalmotor:/home/student/ros2_ws/install/test-3901:/home/student/ros2_ws/install/l3xz_openmv_camera:/home/student/ros2_ws/install/eced3901_competition_2024:/home/student/ros2_ws/install/eced3901:/home/student/imu_ws/install/bno055:/opt/ros/humble /usr/bin/cmake --install /home/student/ros2_ws/build/l3xz_openmv_camera_interfaces
[0.862s] -- Install configuration: ""
[0.863s] -- Up-to-date: /home/student/ros2_ws/install/l3xz_openmv_camera_interfaces/share/ament_index/resource_index/rosidl_interfaces/l3xz_openmv_camera_interfaces
[0.863s] -- Up-to-date: /home/student/ros2_ws/install/l3xz_openmv_camera_interfaces/include/l3xz_openmv_camera_interfaces/l3xz_openmv_camera_interfaces
[0.864s] -- Up-to-date: /home/student/ros2_ws/install/l3xz_openmv_camera_interfaces/include/l3xz_openmv_camera_interfaces/l3xz_openmv_camera_interfaces/srv
[0.865s] -- Up-to-date: /home/student/ros2_ws/install/l3xz_openmv_camera_interfaces/include/l3xz_openmv_camera_interfaces/l3xz_openmv_camera_interfaces/srv/detail
[0.866s] -- Up-to-date: /home/student/ros2_ws/install/l3xz_openmv_camera_interfaces/include/l3xz_openmv_camera_interfaces/l3xz_openmv_camera_interfaces/srv/detail/rgb__functions.c
[0.866s] -- Up-to-date: /home/student/ros2_ws/install/l3xz_openmv_camera_interfaces/include/l3xz_openmv_camera_interfaces/l3xz_openmv_camera_interfaces/srv/detail/gpio_set__functions.h
[0.867s] -- Up-to-date: /home/student/ros2_ws/install/l3xz_openmv_camera_interfaces/include/l3xz_openmv_camera_interfaces/l3xz_openmv_camera_interfaces/srv/detail/gpio__functions.c
[0.867s] -- Up-to-date: /home/student/ros2_ws/install/l3xz_openmv_camera_interfaces/include/l3xz_openmv_camera_interfaces/l3xz_openmv_camera_interfaces/srv/detail/rgb__type_support.h
[0.868s] -- Up-to-date: /home/student/ros2_ws/install/l3xz_openmv_camera_interfaces/include/l3xz_openmv_camera_interfaces/l3xz_openmv_camera_interfaces/srv/detail/ir__struct.h
[0.869s] -- Up-to-date: /home/student/ros2_ws/install/l3xz_openmv_camera_interfaces/include/l3xz_openmv_camera_interfaces/l3xz_openmv_camera_interfaces/srv/detail/ir__type_support.h
[0.869s] -- Up-to-date: /home/student/ros2_ws/install/l3xz_openmv_camera_interfaces/include/l3xz_openmv_camera_interfaces/l3xz_openmv_camera_interfaces/srv/detail/gpio__struct.h
[0.870s] -- Up-to-date: /home/student/ros2_ws/install/l3xz_openmv_camera_interfaces/include/l3xz_openmv_camera_interfaces/l3xz_openmv_camera_interfaces/srv/detail/rgb__functions.h
[0.870s] -- Up-to-date: /home/student/ros2_ws/install/l3xz_openmv_camera_interfaces/include/l3xz_openmv_camera_interfaces/l3xz_openmv_camera_interfaces/srv/detail/gpio__type_support.h
[0.870s] -- Up-to-date: /home/student/ros2_ws/install/l3xz_openmv_camera_interfaces/include/l3xz_openmv_camera_interfaces/l3xz_openmv_camera_interfaces/srv/detail/rgb__struct.h
[0.870s] -- Up-to-date: /home/student/ros2_ws/install/l3xz_openmv_camera_interfaces/include/l3xz_openmv_camera_interfaces/l3xz_openmv_camera_interfaces/srv/detail/gpio_set__type_support.h
[0.871s] -- Up-to-date: /home/student/ros2_ws/install/l3xz_openmv_camera_interfaces/include/l3xz_openmv_camera_interfaces/l3xz_openmv_camera_interfaces/srv/detail/ir__functions.h
[0.871s] -- Up-to-date: /home/student/ros2_ws/install/l3xz_openmv_camera_interfaces/include/l3xz_openmv_camera_interfaces/l3xz_openmv_camera_interfaces/srv/detail/gpio__functions.h
[0.871s] -- Up-to-date: /home/student/ros2_ws/install/l3xz_openmv_camera_interfaces/include/l3xz_openmv_camera_interfaces/l3xz_openmv_camera_interfaces/srv/detail/gpio_set__struct.h
[0.871s] -- Up-to-date: /home/student/ros2_ws/install/l3xz_openmv_camera_interfaces/include/l3xz_openmv_camera_interfaces/l3xz_openmv_camera_interfaces/srv/detail/gpio_set__functions.c
[0.871s] -- Up-to-date: /home/student/ros2_ws/install/l3xz_openmv_camera_interfaces/include/l3xz_openmv_camera_interfaces/l3xz_openmv_camera_interfaces/srv/detail/ir__functions.c
[0.873s] -- Up-to-date: /home/student/ros2_ws/install/l3xz_openmv_camera_interfaces/include/l3xz_openmv_camera_interfaces/l3xz_openmv_camera_interfaces/srv/ir.h
[0.873s] -- Up-to-date: /home/student/ros2_ws/install/l3xz_openmv_camera_interfaces/include/l3xz_openmv_camera_interfaces/l3xz_openmv_camera_interfaces/srv/gpio.h
[0.873s] -- Up-to-date: /home/student/ros2_ws/install/l3xz_openmv_camera_interfaces/include/l3xz_openmv_camera_interfaces/l3xz_openmv_camera_interfaces/srv/gpio_set.h
[0.874s] -- Up-to-date: /home/student/ros2_ws/install/l3xz_openmv_camera_interfaces/include/l3xz_openmv_camera_interfaces/l3xz_openmv_camera_interfaces/srv/rgb.h
[0.874s] -- Up-to-date: /home/student/ros2_ws/install/l3xz_openmv_camera_interfaces/include/l3xz_openmv_camera_interfaces/l3xz_openmv_camera_interfaces/msg
[0.874s] -- Up-to-date: /home/student/ros2_ws/install/l3xz_openmv_camera_interfaces/include/l3xz_openmv_camera_interfaces/l3xz_openmv_camera_interfaces/msg/rosidl_generator_c__visibility_control.h
[0.874s] -- Up-to-date: /home/student/ros2_ws/install/l3xz_openmv_camera_interfaces/share/l3xz_openmv_camera_interfaces/environment/library_path.sh
[0.874s] -- Up-to-date: /home/student/ros2_ws/install/l3xz_openmv_camera_interfaces/share/l3xz_openmv_camera_interfaces/environment/library_path.dsv
[0.875s] -- Up-to-date: /home/student/ros2_ws/install/l3xz_openmv_camera_interfaces/lib/libl3xz_openmv_camera_interfaces__rosidl_generator_c.so
[0.877s] -- Up-to-date: /home/student/ros2_ws/install/l3xz_openmv_camera_interfaces/include/l3xz_openmv_camera_interfaces/l3xz_openmv_camera_interfaces
[0.877s] -- Up-to-date: /home/student/ros2_ws/install/l3xz_openmv_camera_interfaces/include/l3xz_openmv_camera_interfaces/l3xz_openmv_camera_interfaces/srv
[0.878s] -- Up-to-date: /home/student/ros2_ws/install/l3xz_openmv_camera_interfaces/include/l3xz_openmv_camera_interfaces/l3xz_openmv_camera_interfaces/srv/detail
[0.878s] -- Up-to-date: /home/student/ros2_ws/install/l3xz_openmv_camera_interfaces/include/l3xz_openmv_camera_interfaces/l3xz_openmv_camera_interfaces/srv/detail/gpio__rosidl_typesupport_fastrtps_c.h
[0.878s] -- Up-to-date: /home/student/ros2_ws/install/l3xz_openmv_camera_interfaces/include/l3xz_openmv_camera_interfaces/l3xz_openmv_camera_interfaces/srv/detail/ir__rosidl_typesupport_fastrtps_c.h
[0.878s] -- Up-to-date: /home/student/ros2_ws/install/l3xz_openmv_camera_interfaces/include/l3xz_openmv_camera_interfaces/l3xz_openmv_camera_interfaces/srv/detail/rgb__rosidl_typesupport_fastrtps_c.h
[0.878s] -- Up-to-date: /home/student/ros2_ws/install/l3xz_openmv_camera_interfaces/include/l3xz_openmv_camera_interfaces/l3xz_openmv_camera_interfaces/srv/detail/gpio_set__rosidl_typesupport_fastrtps_c.h
[0.879s] -- Up-to-date: /home/student/ros2_ws/install/l3xz_openmv_camera_interfaces/include/l3xz_openmv_camera_interfaces/l3xz_openmv_camera_interfaces/msg
[0.879s] -- Up-to-date: /home/student/ros2_ws/install/l3xz_openmv_camera_interfaces/include/l3xz_openmv_camera_interfaces/l3xz_openmv_camera_interfaces/msg/rosidl_typesupport_fastrtps_c__visibility_control.h
[0.879s] -- Up-to-date: /home/student/ros2_ws/install/l3xz_openmv_camera_interfaces/lib/libl3xz_openmv_camera_interfaces__rosidl_typesupport_fastrtps_c.so
[0.879s] -- Up-to-date: /home/student/ros2_ws/install/l3xz_openmv_camera_interfaces/include/l3xz_openmv_camera_interfaces/l3xz_openmv_camera_interfaces
[0.880s] -- Up-to-date: /home/student/ros2_ws/install/l3xz_openmv_camera_interfaces/include/l3xz_openmv_camera_interfaces/l3xz_openmv_camera_interfaces/srv
[0.880s] -- Up-to-date: /home/student/ros2_ws/install/l3xz_openmv_camera_interfaces/include/l3xz_openmv_camera_interfaces/l3xz_openmv_camera_interfaces/srv/detail
[0.880s] -- Up-to-date: /home/student/ros2_ws/install/l3xz_openmv_camera_interfaces/include/l3xz_openmv_camera_interfaces/l3xz_openmv_camera_interfaces/srv/detail/rgb__type_support.c
[0.880s] -- Up-to-date: /home/student/ros2_ws/install/l3xz_openmv_camera_interfaces/include/l3xz_openmv_camera_interfaces/l3xz_openmv_camera_interfaces/srv/detail/ir__type_support.c
[0.881s] -- Up-to-date: /home/student/ros2_ws/install/l3xz_openmv_camera_interfaces/include/l3xz_openmv_camera_interfaces/l3xz_openmv_camera_interfaces/srv/detail/gpio__rosidl_typesupport_introspection_c.h
[0.881s] -- Up-to-date: /home/student/ros2_ws/install/l3xz_openmv_camera_interfaces/include/l3xz_openmv_camera_interfaces/l3xz_openmv_camera_interfaces/srv/detail/rgb__rosidl_typesupport_introspection_c.h
[0.882s] -- Up-to-date: /home/student/ros2_ws/install/l3xz_openmv_camera_interfaces/include/l3xz_openmv_camera_interfaces/l3xz_openmv_camera_interfaces/srv/detail/gpio__type_support.c
[0.882s] -- Up-to-date: /home/student/ros2_ws/install/l3xz_openmv_camera_interfaces/include/l3xz_openmv_camera_interfaces/l3xz_openmv_camera_interfaces/srv/detail/gpio_set__rosidl_typesupport_introspection_c.h
[0.882s] -- Up-to-date: /home/student/ros2_ws/install/l3xz_openmv_camera_interfaces/include/l3xz_openmv_camera_interfaces/l3xz_openmv_camera_interfaces/srv/detail/ir__rosidl_typesupport_introspection_c.h
[0.882s] -- Up-to-date: /home/student/ros2_ws/install/l3xz_openmv_camera_interfaces/include/l3xz_openmv_camera_interfaces/l3xz_openmv_camera_interfaces/srv/detail/gpio_set__type_support.c
[0.882s] -- Up-to-date: /home/student/ros2_ws/install/l3xz_openmv_camera_interfaces/include/l3xz_openmv_camera_interfaces/l3xz_openmv_camera_interfaces/msg
[0.882s] -- Up-to-date: /home/student/ros2_ws/install/l3xz_openmv_camera_interfaces/include/l3xz_openmv_camera_interfaces/l3xz_openmv_camera_interfaces/msg/rosidl_typesupport_introspection_c__visibility_control.h
[0.882s] -- Up-to-date: /home/student/ros2_ws/install/l3xz_openmv_camera_interfaces/lib/libl3xz_openmv_camera_interfaces__rosidl_typesupport_introspection_c.so
[0.883s] -- Up-to-date: /home/student/ros2_ws/install/l3xz_openmv_camera_interfaces/lib/libl3xz_openmv_camera_interfaces__rosidl_typesupport_c.so
[0.883s] -- Up-to-date: /home/student/ros2_ws/install/l3xz_openmv_camera_interfaces/include/l3xz_openmv_camera_interfaces/l3xz_openmv_camera_interfaces
[0.883s] -- Up-to-date: /home/student/ros2_ws/install/l3xz_openmv_camera_interfaces/include/l3xz_openmv_camera_interfaces/l3xz_openmv_camera_interfaces/srv
[0.884s] -- Up-to-date: /home/student/ros2_ws/install/l3xz_openmv_camera_interfaces/include/l3xz_openmv_camera_interfaces/l3xz_openmv_camera_interfaces/srv/detail
[0.884s] -- Up-to-date: /home/student/ros2_ws/install/l3xz_openmv_camera_interfaces/include/l3xz_openmv_camera_interfaces/l3xz_openmv_camera_interfaces/srv/detail/gpio__traits.hpp
[0.884s] -- Up-to-date: /home/student/ros2_ws/install/l3xz_openmv_camera_interfaces/include/l3xz_openmv_camera_interfaces/l3xz_openmv_camera_interfaces/srv/detail/gpio_set__traits.hpp
[0.884s] -- Up-to-date: /home/student/ros2_ws/install/l3xz_openmv_camera_interfaces/include/l3xz_openmv_camera_interfaces/l3xz_openmv_camera_interfaces/srv/detail/gpio_set__struct.hpp
[0.885s] -- Up-to-date: /home/student/ros2_ws/install/l3xz_openmv_camera_interfaces/include/l3xz_openmv_camera_interfaces/l3xz_openmv_camera_interfaces/srv/detail/ir__builder.hpp
[0.885s] -- Up-to-date: /home/student/ros2_ws/install/l3xz_openmv_camera_interfaces/include/l3xz_openmv_camera_interfaces/l3xz_openmv_camera_interfaces/srv/detail/ir__traits.hpp
[0.885s] -- Up-to-date: /home/student/ros2_ws/install/l3xz_openmv_camera_interfaces/include/l3xz_openmv_camera_interfaces/l3xz_openmv_camera_interfaces/srv/detail/gpio__struct.hpp
[0.885s] -- Up-to-date: /home/student/ros2_ws/install/l3xz_openmv_camera_interfaces/include/l3xz_openmv_camera_interfaces/l3xz_openmv_camera_interfaces/srv/detail/rgb__builder.hpp
[0.885s] -- Up-to-date: /home/student/ros2_ws/install/l3xz_openmv_camera_interfaces/include/l3xz_openmv_camera_interfaces/l3xz_openmv_camera_interfaces/srv/detail/rgb__struct.hpp
[0.885s] -- Up-to-date: /home/student/ros2_ws/install/l3xz_openmv_camera_interfaces/include/l3xz_openmv_camera_interfaces/l3xz_openmv_camera_interfaces/srv/detail/gpio__builder.hpp
[0.885s] -- Up-to-date: /home/student/ros2_ws/install/l3xz_openmv_camera_interfaces/include/l3xz_openmv_camera_interfaces/l3xz_openmv_camera_interfaces/srv/detail/ir__struct.hpp
[0.885s] -- Up-to-date: /home/student/ros2_ws/install/l3xz_openmv_camera_interfaces/include/l3xz_openmv_camera_interfaces/l3xz_openmv_camera_interfaces/srv/detail/gpio_set__builder.hpp
[0.885s] -- Up-to-date: /home/student/ros2_ws/install/l3xz_openmv_camera_interfaces/include/l3xz_openmv_camera_interfaces/l3xz_openmv_camera_interfaces/srv/detail/rgb__traits.hpp
[0.886s] -- Up-to-date: /home/student/ros2_ws/install/l3xz_openmv_camera_interfaces/include/l3xz_openmv_camera_interfaces/l3xz_openmv_camera_interfaces/srv/gpio.hpp
[0.886s] -- Up-to-date: /home/student/ros2_ws/install/l3xz_openmv_camera_interfaces/include/l3xz_openmv_camera_interfaces/l3xz_openmv_camera_interfaces/srv/rgb.hpp
[0.886s] -- Up-to-date: /home/student/ros2_ws/install/l3xz_openmv_camera_interfaces/include/l3xz_openmv_camera_interfaces/l3xz_openmv_camera_interfaces/srv/ir.hpp
[0.886s] -- Up-to-date: /home/student/ros2_ws/install/l3xz_openmv_camera_interfaces/include/l3xz_openmv_camera_interfaces/l3xz_openmv_camera_interfaces/srv/gpio_set.hpp
[0.886s] -- Up-to-date: /home/student/ros2_ws/install/l3xz_openmv_camera_interfaces/include/l3xz_openmv_camera_interfaces/l3xz_openmv_camera_interfaces
[0.886s] -- Up-to-date: /home/student/ros2_ws/install/l3xz_openmv_camera_interfaces/include/l3xz_openmv_camera_interfaces/l3xz_openmv_camera_interfaces/srv
[0.886s] -- Up-to-date: /home/student/ros2_ws/install/l3xz_openmv_camera_interfaces/include/l3xz_openmv_camera_interfaces/l3xz_openmv_camera_interfaces/srv/detail
[0.886s] -- Up-to-date: /home/student/ros2_ws/install/l3xz_openmv_camera_interfaces/include/l3xz_openmv_camera_interfaces/l3xz_openmv_camera_interfaces/srv/detail/dds_fastrtps
[0.886s] -- Up-to-date: /home/student/ros2_ws/install/l3xz_openmv_camera_interfaces/include/l3xz_openmv_camera_interfaces/l3xz_openmv_camera_interfaces/srv/detail/ir__rosidl_typesupport_fastrtps_cpp.hpp
[0.886s] -- Up-to-date: /home/student/ros2_ws/install/l3xz_openmv_camera_interfaces/include/l3xz_openmv_camera_interfaces/l3xz_openmv_camera_interfaces/srv/detail/gpio_set__rosidl_typesupport_fastrtps_cpp.hpp
[0.886s] -- Up-to-date: /home/student/ros2_ws/install/l3xz_openmv_camera_interfaces/include/l3xz_openmv_camera_interfaces/l3xz_openmv_camera_interfaces/srv/detail/gpio__rosidl_typesupport_fastrtps_cpp.hpp
[0.886s] -- Up-to-date: /home/student/ros2_ws/install/l3xz_openmv_camera_interfaces/include/l3xz_openmv_camera_interfaces/l3xz_openmv_camera_interfaces/srv/detail/rgb__rosidl_typesupport_fastrtps_cpp.hpp
[0.886s] -- Up-to-date: /home/student/ros2_ws/install/l3xz_openmv_camera_interfaces/include/l3xz_openmv_camera_interfaces/l3xz_openmv_camera_interfaces/msg
[0.887s] -- Up-to-date: /home/student/ros2_ws/install/l3xz_openmv_camera_interfaces/include/l3xz_openmv_camera_interfaces/l3xz_openmv_camera_interfaces/msg/rosidl_typesupport_fastrtps_cpp__visibility_control.h
[0.887s] -- Up-to-date: /home/student/ros2_ws/install/l3xz_openmv_camera_interfaces/lib/libl3xz_openmv_camera_interfaces__rosidl_typesupport_fastrtps_cpp.so
[0.887s] -- Up-to-date: /home/student/ros2_ws/install/l3xz_openmv_camera_interfaces/include/l3xz_openmv_camera_interfaces/l3xz_openmv_camera_interfaces
[0.887s] -- Up-to-date: /home/student/ros2_ws/install/l3xz_openmv_camera_interfaces/include/l3xz_openmv_camera_interfaces/l3xz_openmv_camera_interfaces/srv
[0.887s] -- Up-to-date: /home/student/ros2_ws/install/l3xz_openmv_camera_interfaces/include/l3xz_openmv_camera_interfaces/l3xz_openmv_camera_interfaces/srv/detail
[0.887s] -- Up-to-date: /home/student/ros2_ws/install/l3xz_openmv_camera_interfaces/include/l3xz_openmv_camera_interfaces/l3xz_openmv_camera_interfaces/srv/detail/gpio__rosidl_typesupport_introspection_cpp.hpp
[0.887s] -- Up-to-date: /home/student/ros2_ws/install/l3xz_openmv_camera_interfaces/include/l3xz_openmv_camera_interfaces/l3xz_openmv_camera_interfaces/srv/detail/gpio__type_support.cpp
[0.887s] -- Up-to-date: /home/student/ros2_ws/install/l3xz_openmv_camera_interfaces/include/l3xz_openmv_camera_interfaces/l3xz_openmv_camera_interfaces/srv/detail/ir__type_support.cpp
[0.887s] -- Up-to-date: /home/student/ros2_ws/install/l3xz_openmv_camera_interfaces/include/l3xz_openmv_camera_interfaces/l3xz_openmv_camera_interfaces/srv/detail/rgb__type_support.cpp
[0.887s] -- Up-to-date: /home/student/ros2_ws/install/l3xz_openmv_camera_interfaces/include/l3xz_openmv_camera_interfaces/l3xz_openmv_camera_interfaces/srv/detail/gpio_set__rosidl_typesupport_introspection_cpp.hpp
[0.887s] -- Up-to-date: /home/student/ros2_ws/install/l3xz_openmv_camera_interfaces/include/l3xz_openmv_camera_interfaces/l3xz_openmv_camera_interfaces/srv/detail/gpio_set__type_support.cpp
[0.887s] -- Up-to-date: /home/student/ros2_ws/install/l3xz_openmv_camera_interfaces/include/l3xz_openmv_camera_interfaces/l3xz_openmv_camera_interfaces/srv/detail/ir__rosidl_typesupport_introspection_cpp.hpp
[0.887s] -- Up-to-date: /home/student/ros2_ws/install/l3xz_openmv_camera_interfaces/include/l3xz_openmv_camera_interfaces/l3xz_openmv_camera_interfaces/srv/detail/rgb__rosidl_typesupport_introspection_cpp.hpp
[0.887s] -- Up-to-date: /home/student/ros2_ws/install/l3xz_openmv_camera_interfaces/lib/libl3xz_openmv_camera_interfaces__rosidl_typesupport_introspection_cpp.so
[0.888s] -- Up-to-date: /home/student/ros2_ws/install/l3xz_openmv_camera_interfaces/lib/libl3xz_openmv_camera_interfaces__rosidl_typesupport_cpp.so
[0.888s] -- Up-to-date: /home/student/ros2_ws/install/l3xz_openmv_camera_interfaces/share/l3xz_openmv_camera_interfaces/environment/pythonpath.sh
[0.888s] -- Up-to-date: /home/student/ros2_ws/install/l3xz_openmv_camera_interfaces/share/l3xz_openmv_camera_interfaces/environment/pythonpath.dsv
[0.888s] -- Up-to-date: /home/student/ros2_ws/install/l3xz_openmv_camera_interfaces/local/lib/python3.10/dist-packages/l3xz_openmv_camera_interfaces-1.0.0-py3.10.egg-info
[0.888s] -- Installing: /home/student/ros2_ws/install/l3xz_openmv_camera_interfaces/local/lib/python3.10/dist-packages/l3xz_openmv_camera_interfaces-1.0.0-py3.10.egg-info/SOURCES.txt
[0.888s] -- Installing: /home/student/ros2_ws/install/l3xz_openmv_camera_interfaces/local/lib/python3.10/dist-packages/l3xz_openmv_camera_interfaces-1.0.0-py3.10.egg-info/PKG-INFO
[0.888s] -- Installing: /home/student/ros2_ws/install/l3xz_openmv_camera_interfaces/local/lib/python3.10/dist-packages/l3xz_openmv_camera_interfaces-1.0.0-py3.10.egg-info/top_level.txt
[0.888s] -- Installing: /home/student/ros2_ws/install/l3xz_openmv_camera_interfaces/local/lib/python3.10/dist-packages/l3xz_openmv_camera_interfaces-1.0.0-py3.10.egg-info/dependency_links.txt
[0.888s] -- Up-to-date: /home/student/ros2_ws/install/l3xz_openmv_camera_interfaces/local/lib/python3.10/dist-packages/l3xz_openmv_camera_interfaces
[0.888s] -- Up-to-date: /home/student/ros2_ws/install/l3xz_openmv_camera_interfaces/local/lib/python3.10/dist-packages/l3xz_openmv_camera_interfaces/srv
[0.888s] -- Up-to-date: /home/student/ros2_ws/install/l3xz_openmv_camera_interfaces/local/lib/python3.10/dist-packages/l3xz_openmv_camera_interfaces/srv/_gpio_set.py
[0.888s] -- Up-to-date: /home/student/ros2_ws/install/l3xz_openmv_camera_interfaces/local/lib/python3.10/dist-packages/l3xz_openmv_camera_interfaces/srv/_gpio_s.c
[0.888s] -- Up-to-date: /home/student/ros2_ws/install/l3xz_openmv_camera_interfaces/local/lib/python3.10/dist-packages/l3xz_openmv_camera_interfaces/srv/_rgb.py
[0.888s] -- Up-to-date: /home/student/ros2_ws/install/l3xz_openmv_camera_interfaces/local/lib/python3.10/dist-packages/l3xz_openmv_camera_interfaces/srv/_ir_s.c
[0.889s] -- Up-to-date: /home/student/ros2_ws/install/l3xz_openmv_camera_interfaces/local/lib/python3.10/dist-packages/l3xz_openmv_camera_interfaces/srv/_gpio_set_s.c
[0.889s] -- Up-to-date: /home/student/ros2_ws/install/l3xz_openmv_camera_interfaces/local/lib/python3.10/dist-packages/l3xz_openmv_camera_interfaces/srv/__init__.py
[0.889s] -- Up-to-date: /home/student/ros2_ws/install/l3xz_openmv_camera_interfaces/local/lib/python3.10/dist-packages/l3xz_openmv_camera_interfaces/srv/_ir.py
[0.889s] -- Up-to-date: /home/student/ros2_ws/install/l3xz_openmv_camera_interfaces/local/lib/python3.10/dist-packages/l3xz_openmv_camera_interfaces/srv/_rgb_s.c
[0.889s] -- Up-to-date: /home/student/ros2_ws/install/l3xz_openmv_camera_interfaces/local/lib/python3.10/dist-packages/l3xz_openmv_camera_interfaces/srv/_gpio.py
[0.889s] -- Up-to-date: /home/student/ros2_ws/install/l3xz_openmv_camera_interfaces/local/lib/python3.10/dist-packages/l3xz_openmv_camera_interfaces/_l3xz_openmv_camera_interfaces_s.ep.rosidl_typesupport_c.c
[0.889s] -- Up-to-date: /home/student/ros2_ws/install/l3xz_openmv_camera_interfaces/local/lib/python3.10/dist-packages/l3xz_openmv_camera_interfaces/_l3xz_openmv_camera_interfaces_s.ep.rosidl_typesupport_fastrtps_c.c
[0.889s] -- Up-to-date: /home/student/ros2_ws/install/l3xz_openmv_camera_interfaces/local/lib/python3.10/dist-packages/l3xz_openmv_camera_interfaces/__init__.py
[0.889s] -- Up-to-date: /home/student/ros2_ws/install/l3xz_openmv_camera_interfaces/local/lib/python3.10/dist-packages/l3xz_openmv_camera_interfaces/l3xz_openmv_camera_interfaces_s__rosidl_typesupport_fastrtps_c.cpython-310-x86_64-linux-gnu.so
[0.889s] -- Up-to-date: /home/student/ros2_ws/install/l3xz_openmv_camera_interfaces/local/lib/python3.10/dist-packages/l3xz_openmv_camera_interfaces/libl3xz_openmv_camera_interfaces__rosidl_generator_py.so
[0.889s] -- Up-to-date: /home/student/ros2_ws/install/l3xz_openmv_camera_interfaces/local/lib/python3.10/dist-packages/l3xz_openmv_camera_interfaces/l3xz_openmv_camera_interfaces_s__rosidl_typesupport_c.cpython-310-x86_64-linux-gnu.so
[0.889s] -- Up-to-date: /home/student/ros2_ws/install/l3xz_openmv_camera_interfaces/local/lib/python3.10/dist-packages/l3xz_openmv_camera_interfaces/_l3xz_openmv_camera_interfaces_s.ep.rosidl_typesupport_introspection_c.c
[0.889s] -- Up-to-date: /home/student/ros2_ws/install/l3xz_openmv_camera_interfaces/local/lib/python3.10/dist-packages/l3xz_openmv_camera_interfaces/l3xz_openmv_camera_interfaces_s__rosidl_typesupport_introspection_c.cpython-310-x86_64-linux-gnu.so
[0.920s] Listing '/home/student/ros2_ws/install/l3xz_openmv_camera_interfaces/local/lib/python3.10/dist-packages/l3xz_openmv_camera_interfaces'...
[0.920s] Listing '/home/student/ros2_ws/install/l3xz_openmv_camera_interfaces/local/lib/python3.10/dist-packages/l3xz_openmv_camera_interfaces/srv'...
[0.926s] -- Up-to-date: /home/student/ros2_ws/install/l3xz_openmv_camera_interfaces/local/lib/python3.10/dist-packages/l3xz_openmv_camera_interfaces/l3xz_openmv_camera_interfaces_s__rosidl_typesupport_fastrtps_c.cpython-310-x86_64-linux-gnu.so
[0.926s] -- Up-to-date: /home/student/ros2_ws/install/l3xz_openmv_camera_interfaces/local/lib/python3.10/dist-packages/l3xz_openmv_camera_interfaces/l3xz_openmv_camera_interfaces_s__rosidl_typesupport_introspection_c.cpython-310-x86_64-linux-gnu.so
[0.926s] -- Up-to-date: /home/student/ros2_ws/install/l3xz_openmv_camera_interfaces/local/lib/python3.10/dist-packages/l3xz_openmv_camera_interfaces/l3xz_openmv_camera_interfaces_s__rosidl_typesupport_c.cpython-310-x86_64-linux-gnu.so
[0.926s] -- Up-to-date: /home/student/ros2_ws/install/l3xz_openmv_camera_interfaces/lib/libl3xz_openmv_camera_interfaces__rosidl_generator_py.so
[0.927s] -- Up-to-date: /home/student/ros2_ws/install/l3xz_openmv_camera_interfaces/share/l3xz_openmv_camera_interfaces/srv/Gpio.idl
[0.927s] -- Up-to-date: /home/student/ros2_ws/install/l3xz_openmv_camera_interfaces/share/l3xz_openmv_camera_interfaces/srv/GpioSet.idl
[0.927s] -- Up-to-date: /home/student/ros2_ws/install/l3xz_openmv_camera_interfaces/share/l3xz_openmv_camera_interfaces/srv/Ir.idl
[0.927s] -- Up-to-date: /home/student/ros2_ws/install/l3xz_openmv_camera_interfaces/share/l3xz_openmv_camera_interfaces/srv/Rgb.idl
[0.927s] -- Up-to-date: /home/student/ros2_ws/install/l3xz_openmv_camera_interfaces/share/l3xz_openmv_camera_interfaces/srv/Gpio.srv
[0.927s] -- Up-to-date: /home/student/ros2_ws/install/l3xz_openmv_camera_interfaces/share/l3xz_openmv_camera_interfaces/srv/Gpio_Request.msg
[0.927s] -- Up-to-date: /home/student/ros2_ws/install/l3xz_openmv_camera_interfaces/share/l3xz_openmv_camera_interfaces/srv/Gpio_Response.msg
[0.927s] -- Up-to-date: /home/student/ros2_ws/install/l3xz_openmv_camera_interfaces/share/l3xz_openmv_camera_interfaces/srv/GpioSet.srv
[0.929s] -- Up-to-date: /home/student/ros2_ws/install/l3xz_openmv_camera_interfaces/share/l3xz_openmv_camera_interfaces/srv/GpioSet_Request.msg
[0.929s] -- Up-to-date: /home/student/ros2_ws/install/l3xz_openmv_camera_interfaces/share/l3xz_openmv_camera_interfaces/srv/GpioSet_Response.msg
[0.929s] -- Up-to-date: /home/student/ros2_ws/install/l3xz_openmv_camera_interfaces/share/l3xz_openmv_camera_interfaces/srv/Ir.srv
[0.929s] -- Up-to-date: /home/student/ros2_ws/install/l3xz_openmv_camera_interfaces/share/l3xz_openmv_camera_interfaces/srv/Ir_Request.msg
[0.929s] -- Up-to-date: /home/student/ros2_ws/install/l3xz_openmv_camera_interfaces/share/l3xz_openmv_camera_interfaces/srv/Ir_Response.msg
[0.929s] -- Up-to-date: /home/student/ros2_ws/install/l3xz_openmv_camera_interfaces/share/l3xz_openmv_camera_interfaces/srv/Rgb.srv
[0.929s] -- Up-to-date: /home/student/ros2_ws/install/l3xz_openmv_camera_interfaces/share/l3xz_openmv_camera_interfaces/srv/Rgb_Request.msg
[0.929s] -- Up-to-date: /home/student/ros2_ws/install/l3xz_openmv_camera_interfaces/share/l3xz_openmv_camera_interfaces/srv/Rgb_Response.msg
[0.930s] -- Up-to-date: /home/student/ros2_ws/install/l3xz_openmv_camera_interfaces/share/ament_index/resource_index/package_run_dependencies/l3xz_openmv_camera_interfaces
[0.930s] -- Up-to-date: /home/student/ros2_ws/install/l3xz_openmv_camera_interfaces/share/ament_index/resource_index/parent_prefix_path/l3xz_openmv_camera_interfaces
[0.930s] -- Up-to-date: /home/student/ros2_ws/install/l3xz_openmv_camera_interfaces/share/l3xz_openmv_camera_interfaces/environment/ament_prefix_path.sh
[0.930s] -- Up-to-date: /home/student/ros2_ws/install/l3xz_openmv_camera_interfaces/share/l3xz_openmv_camera_interfaces/environment/ament_prefix_path.dsv
[0.932s] -- Up-to-date: /home/student/ros2_ws/install/l3xz_openmv_camera_interfaces/share/l3xz_openmv_camera_interfaces/environment/path.sh
[0.932s] -- Up-to-date: /home/student/ros2_ws/install/l3xz_openmv_camera_interfaces/share/l3xz_openmv_camera_interfaces/environment/path.dsv
[0.932s] -- Up-to-date: /home/student/ros2_ws/install/l3xz_openmv_camera_interfaces/share/l3xz_openmv_camera_interfaces/local_setup.bash
[0.932s] -- Up-to-date: /home/student/ros2_ws/install/l3xz_openmv_camera_interfaces/share/l3xz_openmv_camera_interfaces/local_setup.sh
[0.932s] -- Up-to-date: /home/student/ros2_ws/install/l3xz_openmv_camera_interfaces/share/l3xz_openmv_camera_interfaces/local_setup.zsh
[0.932s] -- Up-to-date: /home/student/ros2_ws/install/l3xz_openmv_camera_interfaces/share/l3xz_openmv_camera_interfaces/local_setup.dsv
[0.932s] -- Installing: /home/student/ros2_ws/install/l3xz_openmv_camera_interfaces/share/l3xz_openmv_camera_interfaces/package.dsv
[0.945s] -- Up-to-date: /home/student/ros2_ws/install/l3xz_openmv_camera_interfaces/share/ament_index/resource_index/packages/l3xz_openmv_camera_interfaces
[0.945s] -- Up-to-date: /home/student/ros2_ws/install/l3xz_openmv_camera_interfaces/share/l3xz_openmv_camera_interfaces/cmake/export_l3xz_openmv_camera_interfaces__rosidl_generator_cExport.cmake
[0.945s] -- Up-to-date: /home/student/ros2_ws/install/l3xz_openmv_camera_interfaces/share/l3xz_openmv_camera_interfaces/cmake/export_l3xz_openmv_camera_interfaces__rosidl_generator_cExport-noconfig.cmake
[0.945s] -- Up-to-date: /home/student/ros2_ws/install/l3xz_openmv_camera_interfaces/share/l3xz_openmv_camera_interfaces/cmake/export_l3xz_openmv_camera_interfaces__rosidl_typesupport_fastrtps_cExport.cmake
[0.945s] -- Up-to-date: /home/student/ros2_ws/install/l3xz_openmv_camera_interfaces/share/l3xz_openmv_camera_interfaces/cmake/export_l3xz_openmv_camera_interfaces__rosidl_typesupport_fastrtps_cExport-noconfig.cmake
[0.945s] -- Up-to-date: /home/student/ros2_ws/install/l3xz_openmv_camera_interfaces/share/l3xz_openmv_camera_interfaces/cmake/l3xz_openmv_camera_interfaces__rosidl_typesupport_introspection_cExport.cmake
[0.945s] -- Up-to-date: /home/student/ros2_ws/install/l3xz_openmv_camera_interfaces/share/l3xz_openmv_camera_interfaces/cmake/l3xz_openmv_camera_interfaces__rosidl_typesupport_introspection_cExport-noconfig.cmake
[0.946s] -- Up-to-date: /home/student/ros2_ws/install/l3xz_openmv_camera_interfaces/share/l3xz_openmv_camera_interfaces/cmake/l3xz_openmv_camera_interfaces__rosidl_typesupport_cExport.cmake
[0.946s] -- Up-to-date: /home/student/ros2_ws/install/l3xz_openmv_camera_interfaces/share/l3xz_openmv_camera_interfaces/cmake/l3xz_openmv_camera_interfaces__rosidl_typesupport_cExport-noconfig.cmake
[0.946s] -- Up-to-date: /home/student/ros2_ws/install/l3xz_openmv_camera_interfaces/share/l3xz_openmv_camera_interfaces/cmake/export_l3xz_openmv_camera_interfaces__rosidl_generator_cppExport.cmake
[0.946s] -- Up-to-date: /home/student/ros2_ws/install/l3xz_openmv_camera_interfaces/share/l3xz_openmv_camera_interfaces/cmake/export_l3xz_openmv_camera_interfaces__rosidl_typesupport_fastrtps_cppExport.cmake
[0.946s] -- Up-to-date: /home/student/ros2_ws/install/l3xz_openmv_camera_interfaces/share/l3xz_openmv_camera_interfaces/cmake/export_l3xz_openmv_camera_interfaces__rosidl_typesupport_fastrtps_cppExport-noconfig.cmake
[0.946s] -- Up-to-date: /home/student/ros2_ws/install/l3xz_openmv_camera_interfaces/share/l3xz_openmv_camera_interfaces/cmake/l3xz_openmv_camera_interfaces__rosidl_typesupport_introspection_cppExport.cmake
[0.946s] -- Up-to-date: /home/student/ros2_ws/install/l3xz_openmv_camera_interfaces/share/l3xz_openmv_camera_interfaces/cmake/l3xz_openmv_camera_interfaces__rosidl_typesupport_introspection_cppExport-noconfig.cmake
[0.946s] -- Up-to-date: /home/student/ros2_ws/install/l3xz_openmv_camera_interfaces/share/l3xz_openmv_camera_interfaces/cmake/l3xz_openmv_camera_interfaces__rosidl_typesupport_cppExport.cmake
[0.946s] -- Up-to-date: /home/student/ros2_ws/install/l3xz_openmv_camera_interfaces/share/l3xz_openmv_camera_interfaces/cmake/l3xz_openmv_camera_interfaces__rosidl_typesupport_cppExport-noconfig.cmake
[0.946s] -- Up-to-date: /home/student/ros2_ws/install/l3xz_openmv_camera_interfaces/share/l3xz_openmv_camera_interfaces/cmake/export_l3xz_openmv_camera_interfaces__rosidl_generator_pyExport.cmake
[0.946s] -- Up-to-date: /home/student/ros2_ws/install/l3xz_openmv_camera_interfaces/share/l3xz_openmv_camera_interfaces/cmake/export_l3xz_openmv_camera_interfaces__rosidl_generator_pyExport-noconfig.cmake
[0.946s] -- Up-to-date: /home/student/ros2_ws/install/l3xz_openmv_camera_interfaces/share/l3xz_openmv_camera_interfaces/cmake/rosidl_cmake-extras.cmake
[0.946s] -- Up-to-date: /home/student/ros2_ws/install/l3xz_openmv_camera_interfaces/share/l3xz_openmv_camera_interfaces/cmake/ament_cmake_export_dependencies-extras.cmake
[0.946s] -- Up-to-date: /home/student/ros2_ws/install/l3xz_openmv_camera_interfaces/share/l3xz_openmv_camera_interfaces/cmake/ament_cmake_export_include_directories-extras.cmake
[0.947s] -- Up-to-date: /home/student/ros2_ws/install/l3xz_openmv_camera_interfaces/share/l3xz_openmv_camera_interfaces/cmake/ament_cmake_export_libraries-extras.cmake
[0.947s] -- Up-to-date: /home/student/ros2_ws/install/l3xz_openmv_camera_interfaces/share/l3xz_openmv_camera_interfaces/cmake/ament_cmake_export_targets-extras.cmake
[0.947s] -- Up-to-date: /home/student/ros2_ws/install/l3xz_openmv_camera_interfaces/share/l3xz_openmv_camera_interfaces/cmake/rosidl_cmake_export_typesupport_targets-extras.cmake
[0.947s] -- Up-to-date: /home/student/ros2_ws/install/l3xz_openmv_camera_interfaces/share/l3xz_openmv_camera_interfaces/cmake/rosidl_cmake_export_typesupport_libraries-extras.cmake
[0.947s] -- Up-to-date: /home/student/ros2_ws/install/l3xz_openmv_camera_interfaces/share/l3xz_openmv_camera_interfaces/cmake/l3xz_openmv_camera_interfacesConfig.cmake
[0.947s] -- Up-to-date: /home/student/ros2_ws/install/l3xz_openmv_camera_interfaces/share/l3xz_openmv_camera_interfaces/cmake/l3xz_openmv_camera_interfacesConfig-version.cmake
[0.947s] -- Up-to-date: /home/student/ros2_ws/install/l3xz_openmv_camera_interfaces/share/l3xz_openmv_camera_interfaces/package.xml
[0.947s] Invoked command in '/home/student/ros2_ws/build/l3xz_openmv_camera_interfaces' returned '0': CMAKE_PREFIX_PATH=${CMAKE_PREFIX_PATH}:/home/student/motor_ws/install/dalmotor:/home/student/ros2_ws/install/test-3901:/home/student/ros2_ws/install/l3xz_openmv_camera:/home/student/ros2_ws/install/eced3901_competition_2024:/home/student/ros2_ws/install/eced3901:/home/student/imu_ws/install/bno055:/opt/ros/humble /usr/bin/cmake --install /home/student/ros2_ws/build/l3xz_openmv_camera_interfaces
