[0.028s] Invoking command in '/home/student/ros2_ws/build/l3xz_openmv_camera_interfaces': CMAKE_PREFIX_PATH=${CMAKE_PREFIX_PATH}:/home/student/motor_ws/install/dalmotor:/home/student/ros2_ws/install/test-3901:/home/student/ros2_ws/install/l3xz_openmv_camera:/home/student/ros2_ws/install/eced3901_competition_2024:/home/student/ros2_ws/install/eced3901:/home/student/imu_ws/install/bno055:/opt/ros/humble /usr/bin/cmake --build /home/student/ros2_ws/build/l3xz_openmv_camera_interfaces -- -j4 -l4
[0.082s] [  1%] Built target l3xz_openmv_camera_interfaces__cpp
[0.086s] [ 12%] Built target l3xz_openmv_camera_interfaces__rosidl_generator_c
[0.109s] [ 23%] Built target l3xz_openmv_camera_interfaces__rosidl_typesupport_cpp
[0.115s] [ 23%] Built target ament_cmake_python_copy_l3xz_openmv_camera_interfaces
[0.123s] [ 34%] Built target l3xz_openmv_camera_interfaces__rosidl_typesupport_fastrtps_cpp
[0.132s] [ 45%] Built target l3xz_openmv_camera_interfaces__rosidl_typesupport_introspection_cpp
[0.136s] [ 56%] Built target l3xz_openmv_camera_interfaces__rosidl_typesupport_fastrtps_c
[0.144s] [ 67%] Built target l3xz_openmv_camera_interfaces__rosidl_typesupport_introspection_c
[0.156s] [ 78%] Built target l3xz_openmv_camera_interfaces__rosidl_typesupport_c
[0.174s] [ 78%] Built target l3xz_openmv_camera_interfaces
[0.192s] [ 80%] Built target l3xz_openmv_camera_interfaces__py
[0.214s] [ 89%] Built target l3xz_openmv_camera_interfaces__rosidl_generator_py
[0.240s] [ 92%] Built target l3xz_openmv_camera_interfaces__rosidl_typesupport_introspection_c__pyext
[0.241s] [ 96%] Built target l3xz_openmv_camera_interfaces__rosidl_typesupport_fastrtps_c__pyext
[0.251s] [100%] Built target l3xz_openmv_camera_interfaces__rosidl_typesupport_c__pyext
[0.380s] running egg_info
[0.382s] writing l3xz_openmv_camera_interfaces.egg-info/PKG-INFO
[0.382s] writing dependency_links to l3xz_openmv_camera_interfaces.egg-info/dependency_links.txt
[0.382s] writing top-level names to l3xz_openmv_camera_interfaces.egg-info/top_level.txt
[0.384s] reading manifest file 'l3xz_openmv_camera_interfaces.egg-info/SOURCES.txt'
[0.385s] writing manifest file 'l3xz_openmv_camera_interfaces.egg-info/SOURCES.txt'
[0.410s] [100%] Built target ament_cmake_python_build_l3xz_openmv_camera_interfaces_egg
[0.426s] Invoked command in '/home/student/ros2_ws/build/l3xz_openmv_camera_interfaces' returned '0': CMAKE_PREFIX_PATH=${CMAKE_PREFIX_PATH}:/home/student/motor_ws/install/dalmotor:/home/student/ros2_ws/install/test-3901:/home/student/ros2_ws/install/l3xz_openmv_camera:/home/student/ros2_ws/install/eced3901_competition_2024:/home/student/ros2_ws/install/eced3901:/home/student/imu_ws/install/bno055:/opt/ros/humble /usr/bin/cmake --build /home/student/ros2_ws/build/l3xz_openmv_camera_interfaces -- -j4 -l4
[0.558s] Invoking command in '/home/student/ros2_ws/build/l3xz_openmv_camera_interfaces': CMAKE_PREFIX_PATH=${CMAKE_PREFIX_PATH}:/home/student/motor_ws/install/dalmotor:/home/student/ros2_ws/install/test-3901:/home/student/ros2_ws/install/l3xz_openmv_camera:/home/student/ros2_ws/install/eced3901_competition_2024:/home/student/ros2_ws/install/eced3901:/home/student/imu_ws/install/bno055:/opt/ros/humble /usr/bin/cmake --install /home/student/ros2_ws/build/l3xz_openmv_camera_interfaces
[0.569s] -- Install configuration: ""
[0.570s] -- Up-to-date: /home/student/ros2_ws/install/l3xz_openmv_camera_interfaces/share/ament_index/resource_index/rosidl_interfaces/l3xz_openmv_camera_interfaces
[0.570s] -- Up-to-date: /home/student/ros2_ws/install/l3xz_openmv_camera_interfaces/include/l3xz_openmv_camera_interfaces/l3xz_openmv_camera_interfaces
[0.570s] -- Up-to-date: /home/student/ros2_ws/install/l3xz_openmv_camera_interfaces/include/l3xz_openmv_camera_interfaces/l3xz_openmv_camera_interfaces/srv
[0.570s] -- Up-to-date: /home/student/ros2_ws/install/l3xz_openmv_camera_interfaces/include/l3xz_openmv_camera_interfaces/l3xz_openmv_camera_interfaces/srv/detail
[0.570s] -- Up-to-date: /home/student/ros2_ws/install/l3xz_openmv_camera_interfaces/include/l3xz_openmv_camera_interfaces/l3xz_openmv_camera_interfaces/srv/detail/rgb__functions.c
[0.570s] -- Up-to-date: /home/student/ros2_ws/install/l3xz_openmv_camera_interfaces/include/l3xz_openmv_camera_interfaces/l3xz_openmv_camera_interfaces/srv/detail/gpio_set__functions.h
[0.570s] -- Up-to-date: /home/student/ros2_ws/install/l3xz_openmv_camera_interfaces/include/l3xz_openmv_camera_interfaces/l3xz_openmv_camera_interfaces/srv/detail/gpio__functions.c
[0.570s] -- Up-to-date: /home/student/ros2_ws/install/l3xz_openmv_camera_interfaces/include/l3xz_openmv_camera_interfaces/l3xz_openmv_camera_interfaces/srv/detail/rgb__type_support.h
[0.570s] -- Up-to-date: /home/student/ros2_ws/install/l3xz_openmv_camera_interfaces/include/l3xz_openmv_camera_interfaces/l3xz_openmv_camera_interfaces/srv/detail/ir__struct.h
[0.571s] -- Up-to-date: /home/student/ros2_ws/install/l3xz_openmv_camera_interfaces/include/l3xz_openmv_camera_interfaces/l3xz_openmv_camera_interfaces/srv/detail/ir__type_support.h
[0.571s] -- Up-to-date: /home/student/ros2_ws/install/l3xz_openmv_camera_interfaces/include/l3xz_openmv_camera_interfaces/l3xz_openmv_camera_interfaces/srv/detail/gpio__struct.h
[0.571s] -- Up-to-date: /home/student/ros2_ws/install/l3xz_openmv_camera_interfaces/include/l3xz_openmv_camera_interfaces/l3xz_openmv_camera_interfaces/srv/detail/rgb__functions.h
[0.571s] -- Up-to-date: /home/student/ros2_ws/install/l3xz_openmv_camera_interfaces/include/l3xz_openmv_camera_interfaces/l3xz_openmv_camera_interfaces/srv/detail/gpio__type_support.h
[0.571s] -- Up-to-date: /home/student/ros2_ws/install/l3xz_openmv_camera_interfaces/include/l3xz_openmv_camera_interfaces/l3xz_openmv_camera_interfaces/srv/detail/rgb__struct.h
[0.571s] -- Up-to-date: /home/student/ros2_ws/install/l3xz_openmv_camera_interfaces/include/l3xz_openmv_camera_interfaces/l3xz_openmv_camera_interfaces/srv/detail/gpio_set__type_support.h
[0.571s] -- Up-to-date: /home/student/ros2_ws/install/l3xz_openmv_camera_interfaces/include/l3xz_openmv_camera_interfaces/l3xz_openmv_camera_interfaces/srv/detail/ir__functions.h
[0.571s] -- Up-to-date: /home/student/ros2_ws/install/l3xz_openmv_camera_interfaces/include/l3xz_openmv_camera_interfaces/l3xz_openmv_camera_interfaces/srv/detail/gpio__functions.h
[0.571s] -- Up-to-date: /home/student/ros2_ws/install/l3xz_openmv_camera_interfaces/include/l3xz_openmv_camera_interfaces/l3xz_openmv_camera_interfaces/srv/detail/gpio_set__struct.h
[0.571s] -- Up-to-date: /home/student/ros2_ws/install/l3xz_openmv_camera_interfaces/include/l3xz_openmv_camera_interfaces/l3xz_openmv_camera_interfaces/srv/detail/gpio_set__functions.c
[0.571s] -- Up-to-date: /home/student/ros2_ws/install/l3xz_openmv_camera_interfaces/include/l3xz_openmv_camera_interfaces/l3xz_openmv_camera_interfaces/srv/detail/ir__functions.c
[0.571s] -- Up-to-date: /home/student/ros2_ws/install/l3xz_openmv_camera_interfaces/include/l3xz_openmv_camera_interfaces/l3xz_openmv_camera_interfaces/srv/ir.h
[0.571s] -- Up-to-date: /home/student/ros2_ws/install/l3xz_openmv_camera_interfaces/include/l3xz_openmv_camera_interfaces/l3xz_openmv_camera_interfaces/srv/gpio.h
[0.572s] -- Up-to-date: /home/student/ros2_ws/install/l3xz_openmv_camera_interfaces/include/l3xz_openmv_camera_interfaces/l3xz_openmv_camera_interfaces/srv/gpio_set.h
[0.572s] -- Up-to-date: /home/student/ros2_ws/install/l3xz_openmv_camera_interfaces/include/l3xz_openmv_camera_interfaces/l3xz_openmv_camera_interfaces/srv/rgb.h
[0.572s] -- Up-to-date: /home/student/ros2_ws/install/l3xz_openmv_camera_interfaces/include/l3xz_openmv_camera_interfaces/l3xz_openmv_camera_interfaces/msg
[0.572s] -- Up-to-date: /home/student/ros2_ws/install/l3xz_openmv_camera_interfaces/include/l3xz_openmv_camera_interfaces/l3xz_openmv_camera_interfaces/msg/rosidl_generator_c__visibility_control.h
[0.572s] -- Up-to-date: /home/student/ros2_ws/install/l3xz_openmv_camera_interfaces/share/l3xz_openmv_camera_interfaces/environment/library_path.sh
[0.572s] -- Up-to-date: /home/student/ros2_ws/install/l3xz_openmv_camera_interfaces/share/l3xz_openmv_camera_interfaces/environment/library_path.dsv
[0.572s] -- Up-to-date: /home/student/ros2_ws/install/l3xz_openmv_camera_interfaces/lib/libl3xz_openmv_camera_interfaces__rosidl_generator_c.so
[0.572s] -- Up-to-date: /home/student/ros2_ws/install/l3xz_openmv_camera_interfaces/include/l3xz_openmv_camera_interfaces/l3xz_openmv_camera_interfaces
[0.572s] -- Up-to-date: /home/student/ros2_ws/install/l3xz_openmv_camera_interfaces/include/l3xz_openmv_camera_interfaces/l3xz_openmv_camera_interfaces/srv
[0.572s] -- Up-to-date: /home/student/ros2_ws/install/l3xz_openmv_camera_interfaces/include/l3xz_openmv_camera_interfaces/l3xz_openmv_camera_interfaces/srv/detail
[0.572s] -- Up-to-date: /home/student/ros2_ws/install/l3xz_openmv_camera_interfaces/include/l3xz_openmv_camera_interfaces/l3xz_openmv_camera_interfaces/srv/detail/gpio__rosidl_typesupport_fastrtps_c.h
[0.573s] -- Up-to-date: /home/student/ros2_ws/install/l3xz_openmv_camera_interfaces/include/l3xz_openmv_camera_interfaces/l3xz_openmv_camera_interfaces/srv/detail/ir__rosidl_typesupport_fastrtps_c.h
[0.573s] -- Up-to-date: /home/student/ros2_ws/install/l3xz_openmv_camera_interfaces/include/l3xz_openmv_camera_interfaces/l3xz_openmv_camera_interfaces/srv/detail/rgb__rosidl_typesupport_fastrtps_c.h
[0.573s] -- Up-to-date: /home/student/ros2_ws/install/l3xz_openmv_camera_interfaces/include/l3xz_openmv_camera_interfaces/l3xz_openmv_camera_interfaces/srv/detail/gpio_set__rosidl_typesupport_fastrtps_c.h
[0.573s] -- Up-to-date: /home/student/ros2_ws/install/l3xz_openmv_camera_interfaces/include/l3xz_openmv_camera_interfaces/l3xz_openmv_camera_interfaces/msg
[0.573s] -- Up-to-date: /home/student/ros2_ws/install/l3xz_openmv_camera_interfaces/include/l3xz_openmv_camera_interfaces/l3xz_openmv_camera_interfaces/msg/rosidl_typesupport_fastrtps_c__visibility_control.h
[0.573s] -- Up-to-date: /home/student/ros2_ws/install/l3xz_openmv_camera_interfaces/lib/libl3xz_openmv_camera_interfaces__rosidl_typesupport_fastrtps_c.so
[0.573s] -- Up-to-date: /home/student/ros2_ws/install/l3xz_openmv_camera_interfaces/include/l3xz_openmv_camera_interfaces/l3xz_openmv_camera_interfaces
[0.574s] -- Up-to-date: /home/student/ros2_ws/install/l3xz_openmv_camera_interfaces/include/l3xz_openmv_camera_interfaces/l3xz_openmv_camera_interfaces/srv
[0.574s] -- Up-to-date: /home/student/ros2_ws/install/l3xz_openmv_camera_interfaces/include/l3xz_openmv_camera_interfaces/l3xz_openmv_camera_interfaces/srv/detail
[0.574s] -- Up-to-date: /home/student/ros2_ws/install/l3xz_openmv_camera_interfaces/include/l3xz_openmv_camera_interfaces/l3xz_openmv_camera_interfaces/srv/detail/rgb__type_support.c
[0.574s] -- Up-to-date: /home/student/ros2_ws/install/l3xz_openmv_camera_interfaces/include/l3xz_openmv_camera_interfaces/l3xz_openmv_camera_interfaces/srv/detail/ir__type_support.c
[0.574s] -- Up-to-date: /home/student/ros2_ws/install/l3xz_openmv_camera_interfaces/include/l3xz_openmv_camera_interfaces/l3xz_openmv_camera_interfaces/srv/detail/gpio__rosidl_typesupport_introspection_c.h
[0.574s] -- Up-to-date: /home/student/ros2_ws/install/l3xz_openmv_camera_interfaces/include/l3xz_openmv_camera_interfaces/l3xz_openmv_camera_interfaces/srv/detail/rgb__rosidl_typesupport_introspection_c.h
[0.574s] -- Up-to-date: /home/student/ros2_ws/install/l3xz_openmv_camera_interfaces/include/l3xz_openmv_camera_interfaces/l3xz_openmv_camera_interfaces/srv/detail/gpio__type_support.c
[0.574s] -- Up-to-date: /home/student/ros2_ws/install/l3xz_openmv_camera_interfaces/include/l3xz_openmv_camera_interfaces/l3xz_openmv_camera_interfaces/srv/detail/gpio_set__rosidl_typesupport_introspection_c.h
[0.574s] -- Up-to-date: /home/student/ros2_ws/install/l3xz_openmv_camera_interfaces/include/l3xz_openmv_camera_interfaces/l3xz_openmv_camera_interfaces/srv/detail/ir__rosidl_typesupport_introspection_c.h
[0.575s] -- Up-to-date: /home/student/ros2_ws/install/l3xz_openmv_camera_interfaces/include/l3xz_openmv_camera_interfaces/l3xz_openmv_camera_interfaces/srv/detail/gpio_set__type_support.c
[0.575s] -- Up-to-date: /home/student/ros2_ws/install/l3xz_openmv_camera_interfaces/include/l3xz_openmv_camera_interfaces/l3xz_openmv_camera_interfaces/msg
[0.575s] -- Up-to-date: /home/student/ros2_ws/install/l3xz_openmv_camera_interfaces/include/l3xz_openmv_camera_interfaces/l3xz_openmv_camera_interfaces/msg/rosidl_typesupport_introspection_c__visibility_control.h
[0.575s] -- Up-to-date: /home/student/ros2_ws/install/l3xz_openmv_camera_interfaces/lib/libl3xz_openmv_camera_interfaces__rosidl_typesupport_introspection_c.so
[0.575s] -- Up-to-date: /home/student/ros2_ws/install/l3xz_openmv_camera_interfaces/lib/libl3xz_openmv_camera_interfaces__rosidl_typesupport_c.so
[0.575s] -- Up-to-date: /home/student/ros2_ws/install/l3xz_openmv_camera_interfaces/include/l3xz_openmv_camera_interfaces/l3xz_openmv_camera_interfaces
[0.575s] -- Up-to-date: /home/student/ros2_ws/install/l3xz_openmv_camera_interfaces/include/l3xz_openmv_camera_interfaces/l3xz_openmv_camera_interfaces/srv
[0.576s] -- Up-to-date: /home/student/ros2_ws/install/l3xz_openmv_camera_interfaces/include/l3xz_openmv_camera_interfaces/l3xz_openmv_camera_interfaces/srv/detail
[0.576s] -- Up-to-date: /home/student/ros2_ws/install/l3xz_openmv_camera_interfaces/include/l3xz_openmv_camera_interfaces/l3xz_openmv_camera_interfaces/srv/detail/gpio__traits.hpp
[0.576s] -- Up-to-date: /home/student/ros2_ws/install/l3xz_openmv_camera_interfaces/include/l3xz_openmv_camera_interfaces/l3xz_openmv_camera_interfaces/srv/detail/gpio_set__traits.hpp
[0.576s] -- Up-to-date: /home/student/ros2_ws/install/l3xz_openmv_camera_interfaces/include/l3xz_openmv_camera_interfaces/l3xz_openmv_camera_interfaces/srv/detail/gpio_set__struct.hpp
[0.576s] -- Up-to-date: /home/student/ros2_ws/install/l3xz_openmv_camera_interfaces/include/l3xz_openmv_camera_interfaces/l3xz_openmv_camera_interfaces/srv/detail/ir__builder.hpp
[0.576s] -- Up-to-date: /home/student/ros2_ws/install/l3xz_openmv_camera_interfaces/include/l3xz_openmv_camera_interfaces/l3xz_openmv_camera_interfaces/srv/detail/ir__traits.hpp
[0.576s] -- Up-to-date: /home/student/ros2_ws/install/l3xz_openmv_camera_interfaces/include/l3xz_openmv_camera_interfaces/l3xz_openmv_camera_interfaces/srv/detail/gpio__struct.hpp
[0.576s] -- Up-to-date: /home/student/ros2_ws/install/l3xz_openmv_camera_interfaces/include/l3xz_openmv_camera_interfaces/l3xz_openmv_camera_interfaces/srv/detail/rgb__builder.hpp
[0.576s] -- Up-to-date: /home/student/ros2_ws/install/l3xz_openmv_camera_interfaces/include/l3xz_openmv_camera_interfaces/l3xz_openmv_camera_interfaces/srv/detail/rgb__struct.hpp
[0.576s] -- Up-to-date: /home/student/ros2_ws/install/l3xz_openmv_camera_interfaces/include/l3xz_openmv_camera_interfaces/l3xz_openmv_camera_interfaces/srv/detail/gpio__builder.hpp
[0.576s] -- Up-to-date: /home/student/ros2_ws/install/l3xz_openmv_camera_interfaces/include/l3xz_openmv_camera_interfaces/l3xz_openmv_camera_interfaces/srv/detail/ir__struct.hpp
[0.576s] -- Up-to-date: /home/student/ros2_ws/install/l3xz_openmv_camera_interfaces/include/l3xz_openmv_camera_interfaces/l3xz_openmv_camera_interfaces/srv/detail/gpio_set__builder.hpp
[0.576s] -- Up-to-date: /home/student/ros2_ws/install/l3xz_openmv_camera_interfaces/include/l3xz_openmv_camera_interfaces/l3xz_openmv_camera_interfaces/srv/detail/rgb__traits.hpp
[0.577s] -- Up-to-date: /home/student/ros2_ws/install/l3xz_openmv_camera_interfaces/include/l3xz_openmv_camera_interfaces/l3xz_openmv_camera_interfaces/srv/gpio.hpp
[0.577s] -- Up-to-date: /home/student/ros2_ws/install/l3xz_openmv_camera_interfaces/include/l3xz_openmv_camera_interfaces/l3xz_openmv_camera_interfaces/srv/rgb.hpp
[0.577s] -- Up-to-date: /home/student/ros2_ws/install/l3xz_openmv_camera_interfaces/include/l3xz_openmv_camera_interfaces/l3xz_openmv_camera_interfaces/srv/ir.hpp
[0.577s] -- Up-to-date: /home/student/ros2_ws/install/l3xz_openmv_camera_interfaces/include/l3xz_openmv_camera_interfaces/l3xz_openmv_camera_interfaces/srv/gpio_set.hpp
[0.577s] -- Up-to-date: /home/student/ros2_ws/install/l3xz_openmv_camera_interfaces/include/l3xz_openmv_camera_interfaces/l3xz_openmv_camera_interfaces
[0.577s] -- Up-to-date: /home/student/ros2_ws/install/l3xz_openmv_camera_interfaces/include/l3xz_openmv_camera_interfaces/l3xz_openmv_camera_interfaces/srv
[0.577s] -- Up-to-date: /home/student/ros2_ws/install/l3xz_openmv_camera_interfaces/include/l3xz_openmv_camera_interfaces/l3xz_openmv_camera_interfaces/srv/detail
[0.577s] -- Up-to-date: /home/student/ros2_ws/install/l3xz_openmv_camera_interfaces/include/l3xz_openmv_camera_interfaces/l3xz_openmv_camera_interfaces/srv/detail/dds_fastrtps
[0.577s] -- Up-to-date: /home/student/ros2_ws/install/l3xz_openmv_camera_interfaces/include/l3xz_openmv_camera_interfaces/l3xz_openmv_camera_interfaces/srv/detail/ir__rosidl_typesupport_fastrtps_cpp.hpp
[0.577s] -- Up-to-date: /home/student/ros2_ws/install/l3xz_openmv_camera_interfaces/include/l3xz_openmv_camera_interfaces/l3xz_openmv_camera_interfaces/srv/detail/gpio_set__rosidl_typesupport_fastrtps_cpp.hpp
[0.577s] -- Up-to-date: /home/student/ros2_ws/install/l3xz_openmv_camera_interfaces/include/l3xz_openmv_camera_interfaces/l3xz_openmv_camera_interfaces/srv/detail/gpio__rosidl_typesupport_fastrtps_cpp.hpp
[0.577s] -- Up-to-date: /home/student/ros2_ws/install/l3xz_openmv_camera_interfaces/include/l3xz_openmv_camera_interfaces/l3xz_openmv_camera_interfaces/srv/detail/rgb__rosidl_typesupport_fastrtps_cpp.hpp
[0.577s] -- Up-to-date: /home/student/ros2_ws/install/l3xz_openmv_camera_interfaces/include/l3xz_openmv_camera_interfaces/l3xz_openmv_camera_interfaces/msg
[0.577s] -- Up-to-date: /home/student/ros2_ws/install/l3xz_openmv_camera_interfaces/include/l3xz_openmv_camera_interfaces/l3xz_openmv_camera_interfaces/msg/rosidl_typesupport_fastrtps_cpp__visibility_control.h
[0.578s] -- Up-to-date: /home/student/ros2_ws/install/l3xz_openmv_camera_interfaces/lib/libl3xz_openmv_camera_interfaces__rosidl_typesupport_fastrtps_cpp.so
[0.578s] -- Up-to-date: /home/student/ros2_ws/install/l3xz_openmv_camera_interfaces/include/l3xz_openmv_camera_interfaces/l3xz_openmv_camera_interfaces
[0.578s] -- Up-to-date: /home/student/ros2_ws/install/l3xz_openmv_camera_interfaces/include/l3xz_openmv_camera_interfaces/l3xz_openmv_camera_interfaces/srv
[0.578s] -- Up-to-date: /home/student/ros2_ws/install/l3xz_openmv_camera_interfaces/include/l3xz_openmv_camera_interfaces/l3xz_openmv_camera_interfaces/srv/detail
[0.578s] -- Up-to-date: /home/student/ros2_ws/install/l3xz_openmv_camera_interfaces/include/l3xz_openmv_camera_interfaces/l3xz_openmv_camera_interfaces/srv/detail/gpio__rosidl_typesupport_introspection_cpp.hpp
[0.578s] -- Up-to-date: /home/student/ros2_ws/install/l3xz_openmv_camera_interfaces/include/l3xz_openmv_camera_interfaces/l3xz_openmv_camera_interfaces/srv/detail/gpio__type_support.cpp
[0.578s] -- Up-to-date: /home/student/ros2_ws/install/l3xz_openmv_camera_interfaces/include/l3xz_openmv_camera_interfaces/l3xz_openmv_camera_interfaces/srv/detail/ir__type_support.cpp
[0.578s] -- Up-to-date: /home/student/ros2_ws/install/l3xz_openmv_camera_interfaces/include/l3xz_openmv_camera_interfaces/l3xz_openmv_camera_interfaces/srv/detail/rgb__type_support.cpp
[0.578s] -- Up-to-date: /home/student/ros2_ws/install/l3xz_openmv_camera_interfaces/include/l3xz_openmv_camera_interfaces/l3xz_openmv_camera_interfaces/srv/detail/gpio_set__rosidl_typesupport_introspection_cpp.hpp
[0.578s] -- Up-to-date: /home/student/ros2_ws/install/l3xz_openmv_camera_interfaces/include/l3xz_openmv_camera_interfaces/l3xz_openmv_camera_interfaces/srv/detail/gpio_set__type_support.cpp
[0.578s] -- Up-to-date: /home/student/ros2_ws/install/l3xz_openmv_camera_interfaces/include/l3xz_openmv_camera_interfaces/l3xz_openmv_camera_interfaces/srv/detail/ir__rosidl_typesupport_introspection_cpp.hpp
[0.578s] -- Up-to-date: /home/student/ros2_ws/install/l3xz_openmv_camera_interfaces/include/l3xz_openmv_camera_interfaces/l3xz_openmv_camera_interfaces/srv/detail/rgb__rosidl_typesupport_introspection_cpp.hpp
[0.578s] -- Up-to-date: /home/student/ros2_ws/install/l3xz_openmv_camera_interfaces/lib/libl3xz_openmv_camera_interfaces__rosidl_typesupport_introspection_cpp.so
[0.579s] -- Up-to-date: /home/student/ros2_ws/install/l3xz_openmv_camera_interfaces/lib/libl3xz_openmv_camera_interfaces__rosidl_typesupport_cpp.so
[0.579s] -- Up-to-date: /home/student/ros2_ws/install/l3xz_openmv_camera_interfaces/share/l3xz_openmv_camera_interfaces/environment/pythonpath.sh
[0.579s] -- Up-to-date: /home/student/ros2_ws/install/l3xz_openmv_camera_interfaces/share/l3xz_openmv_camera_interfaces/environment/pythonpath.dsv
[0.579s] -- Up-to-date: /home/student/ros2_ws/install/l3xz_openmv_camera_interfaces/local/lib/python3.10/dist-packages/l3xz_openmv_camera_interfaces-1.0.0-py3.10.egg-info
[0.579s] -- Installing: /home/student/ros2_ws/install/l3xz_openmv_camera_interfaces/local/lib/python3.10/dist-packages/l3xz_openmv_camera_interfaces-1.0.0-py3.10.egg-info/SOURCES.txt
[0.579s] -- Installing: /home/student/ros2_ws/install/l3xz_openmv_camera_interfaces/local/lib/python3.10/dist-packages/l3xz_openmv_camera_interfaces-1.0.0-py3.10.egg-info/PKG-INFO
[0.579s] -- Installing: /home/student/ros2_ws/install/l3xz_openmv_camera_interfaces/local/lib/python3.10/dist-packages/l3xz_openmv_camera_interfaces-1.0.0-py3.10.egg-info/top_level.txt
[0.579s] -- Installing: /home/student/ros2_ws/install/l3xz_openmv_camera_interfaces/local/lib/python3.10/dist-packages/l3xz_openmv_camera_interfaces-1.0.0-py3.10.egg-info/dependency_links.txt
[0.579s] -- Up-to-date: /home/student/ros2_ws/install/l3xz_openmv_camera_interfaces/local/lib/python3.10/dist-packages/l3xz_openmv_camera_interfaces
[0.579s] -- Up-to-date: /home/student/ros2_ws/install/l3xz_openmv_camera_interfaces/local/lib/python3.10/dist-packages/l3xz_openmv_camera_interfaces/srv
[0.579s] -- Up-to-date: /home/student/ros2_ws/install/l3xz_openmv_camera_interfaces/local/lib/python3.10/dist-packages/l3xz_openmv_camera_interfaces/srv/_gpio_set.py
[0.579s] -- Up-to-date: /home/student/ros2_ws/install/l3xz_openmv_camera_interfaces/local/lib/python3.10/dist-packages/l3xz_openmv_camera_interfaces/srv/_gpio_s.c
[0.579s] -- Up-to-date: /home/student/ros2_ws/install/l3xz_openmv_camera_interfaces/local/lib/python3.10/dist-packages/l3xz_openmv_camera_interfaces/srv/_rgb.py
[0.580s] -- Up-to-date: /home/student/ros2_ws/install/l3xz_openmv_camera_interfaces/local/lib/python3.10/dist-packages/l3xz_openmv_camera_interfaces/srv/_ir_s.c
[0.580s] -- Up-to-date: /home/student/ros2_ws/install/l3xz_openmv_camera_interfaces/local/lib/python3.10/dist-packages/l3xz_openmv_camera_interfaces/srv/_gpio_set_s.c
[0.580s] -- Up-to-date: /home/student/ros2_ws/install/l3xz_openmv_camera_interfaces/local/lib/python3.10/dist-packages/l3xz_openmv_camera_interfaces/srv/__init__.py
[0.580s] -- Up-to-date: /home/student/ros2_ws/install/l3xz_openmv_camera_interfaces/local/lib/python3.10/dist-packages/l3xz_openmv_camera_interfaces/srv/_ir.py
[0.580s] -- Up-to-date: /home/student/ros2_ws/install/l3xz_openmv_camera_interfaces/local/lib/python3.10/dist-packages/l3xz_openmv_camera_interfaces/srv/_rgb_s.c
[0.580s] -- Up-to-date: /home/student/ros2_ws/install/l3xz_openmv_camera_interfaces/local/lib/python3.10/dist-packages/l3xz_openmv_camera_interfaces/srv/_gpio.py
[0.580s] -- Up-to-date: /home/student/ros2_ws/install/l3xz_openmv_camera_interfaces/local/lib/python3.10/dist-packages/l3xz_openmv_camera_interfaces/_l3xz_openmv_camera_interfaces_s.ep.rosidl_typesupport_c.c
[0.580s] -- Up-to-date: /home/student/ros2_ws/install/l3xz_openmv_camera_interfaces/local/lib/python3.10/dist-packages/l3xz_openmv_camera_interfaces/_l3xz_openmv_camera_interfaces_s.ep.rosidl_typesupport_fastrtps_c.c
[0.580s] -- Up-to-date: /home/student/ros2_ws/install/l3xz_openmv_camera_interfaces/local/lib/python3.10/dist-packages/l3xz_openmv_camera_interfaces/__init__.py
[0.580s] -- Up-to-date: /home/student/ros2_ws/install/l3xz_openmv_camera_interfaces/local/lib/python3.10/dist-packages/l3xz_openmv_camera_interfaces/l3xz_openmv_camera_interfaces_s__rosidl_typesupport_fastrtps_c.cpython-310-x86_64-linux-gnu.so
[0.580s] -- Up-to-date: /home/student/ros2_ws/install/l3xz_openmv_camera_interfaces/local/lib/python3.10/dist-packages/l3xz_openmv_camera_interfaces/libl3xz_openmv_camera_interfaces__rosidl_generator_py.so
[0.580s] -- Up-to-date: /home/student/ros2_ws/install/l3xz_openmv_camera_interfaces/local/lib/python3.10/dist-packages/l3xz_openmv_camera_interfaces/l3xz_openmv_camera_interfaces_s__rosidl_typesupport_c.cpython-310-x86_64-linux-gnu.so
[0.580s] -- Up-to-date: /home/student/ros2_ws/install/l3xz_openmv_camera_interfaces/local/lib/python3.10/dist-packages/l3xz_openmv_camera_interfaces/_l3xz_openmv_camera_interfaces_s.ep.rosidl_typesupport_introspection_c.c
[0.580s] -- Up-to-date: /home/student/ros2_ws/install/l3xz_openmv_camera_interfaces/local/lib/python3.10/dist-packages/l3xz_openmv_camera_interfaces/l3xz_openmv_camera_interfaces_s__rosidl_typesupport_introspection_c.cpython-310-x86_64-linux-gnu.so
[0.618s] Listing '/home/student/ros2_ws/install/l3xz_openmv_camera_interfaces/local/lib/python3.10/dist-packages/l3xz_openmv_camera_interfaces'...
[0.619s] Listing '/home/student/ros2_ws/install/l3xz_openmv_camera_interfaces/local/lib/python3.10/dist-packages/l3xz_openmv_camera_interfaces/srv'...
[0.624s] -- Up-to-date: /home/student/ros2_ws/install/l3xz_openmv_camera_interfaces/local/lib/python3.10/dist-packages/l3xz_openmv_camera_interfaces/l3xz_openmv_camera_interfaces_s__rosidl_typesupport_fastrtps_c.cpython-310-x86_64-linux-gnu.so
[0.624s] -- Up-to-date: /home/student/ros2_ws/install/l3xz_openmv_camera_interfaces/local/lib/python3.10/dist-packages/l3xz_openmv_camera_interfaces/l3xz_openmv_camera_interfaces_s__rosidl_typesupport_introspection_c.cpython-310-x86_64-linux-gnu.so
[0.625s] -- Up-to-date: /home/student/ros2_ws/install/l3xz_openmv_camera_interfaces/local/lib/python3.10/dist-packages/l3xz_openmv_camera_interfaces/l3xz_openmv_camera_interfaces_s__rosidl_typesupport_c.cpython-310-x86_64-linux-gnu.so
[0.625s] -- Up-to-date: /home/student/ros2_ws/install/l3xz_openmv_camera_interfaces/lib/libl3xz_openmv_camera_interfaces__rosidl_generator_py.so
[0.625s] -- Up-to-date: /home/student/ros2_ws/install/l3xz_openmv_camera_interfaces/share/l3xz_openmv_camera_interfaces/srv/Gpio.idl
[0.625s] -- Up-to-date: /home/student/ros2_ws/install/l3xz_openmv_camera_interfaces/share/l3xz_openmv_camera_interfaces/srv/GpioSet.idl
[0.625s] -- Up-to-date: /home/student/ros2_ws/install/l3xz_openmv_camera_interfaces/share/l3xz_openmv_camera_interfaces/srv/Ir.idl
[0.626s] -- Up-to-date: /home/student/ros2_ws/install/l3xz_openmv_camera_interfaces/share/l3xz_openmv_camera_interfaces/srv/Rgb.idl
[0.626s] -- Up-to-date: /home/student/ros2_ws/install/l3xz_openmv_camera_interfaces/share/l3xz_openmv_camera_interfaces/srv/Gpio.srv
[0.626s] -- Up-to-date: /home/student/ros2_ws/install/l3xz_openmv_camera_interfaces/share/l3xz_openmv_camera_interfaces/srv/Gpio_Request.msg
[0.626s] -- Up-to-date: /home/student/ros2_ws/install/l3xz_openmv_camera_interfaces/share/l3xz_openmv_camera_interfaces/srv/Gpio_Response.msg
[0.626s] -- Up-to-date: /home/student/ros2_ws/install/l3xz_openmv_camera_interfaces/share/l3xz_openmv_camera_interfaces/srv/GpioSet.srv
[0.626s] -- Up-to-date: /home/student/ros2_ws/install/l3xz_openmv_camera_interfaces/share/l3xz_openmv_camera_interfaces/srv/GpioSet_Request.msg
[0.626s] -- Up-to-date: /home/student/ros2_ws/install/l3xz_openmv_camera_interfaces/share/l3xz_openmv_camera_interfaces/srv/GpioSet_Response.msg
[0.627s] -- Up-to-date: /home/student/ros2_ws/install/l3xz_openmv_camera_interfaces/share/l3xz_openmv_camera_interfaces/srv/Ir.srv
[0.627s] -- Up-to-date: /home/student/ros2_ws/install/l3xz_openmv_camera_interfaces/share/l3xz_openmv_camera_interfaces/srv/Ir_Request.msg
[0.627s] -- Up-to-date: /home/student/ros2_ws/install/l3xz_openmv_camera_interfaces/share/l3xz_openmv_camera_interfaces/srv/Ir_Response.msg
[0.627s] -- Up-to-date: /home/student/ros2_ws/install/l3xz_openmv_camera_interfaces/share/l3xz_openmv_camera_interfaces/srv/Rgb.srv
[0.627s] -- Up-to-date: /home/student/ros2_ws/install/l3xz_openmv_camera_interfaces/share/l3xz_openmv_camera_interfaces/srv/Rgb_Request.msg
[0.627s] -- Up-to-date: /home/student/ros2_ws/install/l3xz_openmv_camera_interfaces/share/l3xz_openmv_camera_interfaces/srv/Rgb_Response.msg
[0.631s] -- Up-to-date: /home/student/ros2_ws/install/l3xz_openmv_camera_interfaces/share/ament_index/resource_index/package_run_dependencies/l3xz_openmv_camera_interfaces
[0.631s] -- Up-to-date: /home/student/ros2_ws/install/l3xz_openmv_camera_interfaces/share/ament_index/resource_index/parent_prefix_path/l3xz_openmv_camera_interfaces
[0.631s] -- Up-to-date: /home/student/ros2_ws/install/l3xz_openmv_camera_interfaces/share/l3xz_openmv_camera_interfaces/environment/ament_prefix_path.sh
[0.631s] -- Up-to-date: /home/student/ros2_ws/install/l3xz_openmv_camera_interfaces/share/l3xz_openmv_camera_interfaces/environment/ament_prefix_path.dsv
[0.631s] -- Up-to-date: /home/student/ros2_ws/install/l3xz_openmv_camera_interfaces/share/l3xz_openmv_camera_interfaces/environment/path.sh
[0.631s] -- Up-to-date: /home/student/ros2_ws/install/l3xz_openmv_camera_interfaces/share/l3xz_openmv_camera_interfaces/environment/path.dsv
[0.631s] -- Up-to-date: /home/student/ros2_ws/install/l3xz_openmv_camera_interfaces/share/l3xz_openmv_camera_interfaces/local_setup.bash
[0.631s] -- Up-to-date: /home/student/ros2_ws/install/l3xz_openmv_camera_interfaces/share/l3xz_openmv_camera_interfaces/local_setup.sh
[0.631s] -- Up-to-date: /home/student/ros2_ws/install/l3xz_openmv_camera_interfaces/share/l3xz_openmv_camera_interfaces/local_setup.zsh
[0.631s] -- Up-to-date: /home/student/ros2_ws/install/l3xz_openmv_camera_interfaces/share/l3xz_openmv_camera_interfaces/local_setup.dsv
[0.632s] -- Installing: /home/student/ros2_ws/install/l3xz_openmv_camera_interfaces/share/l3xz_openmv_camera_interfaces/package.dsv
[0.632s] -- Up-to-date: /home/student/ros2_ws/install/l3xz_openmv_camera_interfaces/share/ament_index/resource_index/packages/l3xz_openmv_camera_interfaces
[0.632s] -- Up-to-date: /home/student/ros2_ws/install/l3xz_openmv_camera_interfaces/share/l3xz_openmv_camera_interfaces/cmake/export_l3xz_openmv_camera_interfaces__rosidl_generator_cExport.cmake
[0.632s] -- Up-to-date: /home/student/ros2_ws/install/l3xz_openmv_camera_interfaces/share/l3xz_openmv_camera_interfaces/cmake/export_l3xz_openmv_camera_interfaces__rosidl_generator_cExport-noconfig.cmake
[0.632s] -- Up-to-date: /home/student/ros2_ws/install/l3xz_openmv_camera_interfaces/share/l3xz_openmv_camera_interfaces/cmake/export_l3xz_openmv_camera_interfaces__rosidl_typesupport_fastrtps_cExport.cmake
[0.632s] -- Up-to-date: /home/student/ros2_ws/install/l3xz_openmv_camera_interfaces/share/l3xz_openmv_camera_interfaces/cmake/export_l3xz_openmv_camera_interfaces__rosidl_typesupport_fastrtps_cExport-noconfig.cmake
[0.632s] -- Up-to-date: /home/student/ros2_ws/install/l3xz_openmv_camera_interfaces/share/l3xz_openmv_camera_interfaces/cmake/l3xz_openmv_camera_interfaces__rosidl_typesupport_introspection_cExport.cmake
[0.632s] -- Up-to-date: /home/student/ros2_ws/install/l3xz_openmv_camera_interfaces/share/l3xz_openmv_camera_interfaces/cmake/l3xz_openmv_camera_interfaces__rosidl_typesupport_introspection_cExport-noconfig.cmake
[0.633s] -- Up-to-date: /home/student/ros2_ws/install/l3xz_openmv_camera_interfaces/share/l3xz_openmv_camera_interfaces/cmake/l3xz_openmv_camera_interfaces__rosidl_typesupport_cExport.cmake
[0.633s] -- Up-to-date: /home/student/ros2_ws/install/l3xz_openmv_camera_interfaces/share/l3xz_openmv_camera_interfaces/cmake/l3xz_openmv_camera_interfaces__rosidl_typesupport_cExport-noconfig.cmake
[0.634s] -- Up-to-date: /home/student/ros2_ws/install/l3xz_openmv_camera_interfaces/share/l3xz_openmv_camera_interfaces/cmake/export_l3xz_openmv_camera_interfaces__rosidl_generator_cppExport.cmake
[0.634s] -- Up-to-date: /home/student/ros2_ws/install/l3xz_openmv_camera_interfaces/share/l3xz_openmv_camera_interfaces/cmake/export_l3xz_openmv_camera_interfaces__rosidl_typesupport_fastrtps_cppExport.cmake
[0.634s] -- Up-to-date: /home/student/ros2_ws/install/l3xz_openmv_camera_interfaces/share/l3xz_openmv_camera_interfaces/cmake/export_l3xz_openmv_camera_interfaces__rosidl_typesupport_fastrtps_cppExport-noconfig.cmake
[0.634s] -- Up-to-date: /home/student/ros2_ws/install/l3xz_openmv_camera_interfaces/share/l3xz_openmv_camera_interfaces/cmake/l3xz_openmv_camera_interfaces__rosidl_typesupport_introspection_cppExport.cmake
[0.635s] -- Up-to-date: /home/student/ros2_ws/install/l3xz_openmv_camera_interfaces/share/l3xz_openmv_camera_interfaces/cmake/l3xz_openmv_camera_interfaces__rosidl_typesupport_introspection_cppExport-noconfig.cmake
[0.635s] -- Up-to-date: /home/student/ros2_ws/install/l3xz_openmv_camera_interfaces/share/l3xz_openmv_camera_interfaces/cmake/l3xz_openmv_camera_interfaces__rosidl_typesupport_cppExport.cmake
[0.635s] -- Up-to-date: /home/student/ros2_ws/install/l3xz_openmv_camera_interfaces/share/l3xz_openmv_camera_interfaces/cmake/l3xz_openmv_camera_interfaces__rosidl_typesupport_cppExport-noconfig.cmake
[0.636s] -- Up-to-date: /home/student/ros2_ws/install/l3xz_openmv_camera_interfaces/share/l3xz_openmv_camera_interfaces/cmake/export_l3xz_openmv_camera_interfaces__rosidl_generator_pyExport.cmake
[0.636s] -- Up-to-date: /home/student/ros2_ws/install/l3xz_openmv_camera_interfaces/share/l3xz_openmv_camera_interfaces/cmake/export_l3xz_openmv_camera_interfaces__rosidl_generator_pyExport-noconfig.cmake
[0.636s] -- Up-to-date: /home/student/ros2_ws/install/l3xz_openmv_camera_interfaces/share/l3xz_openmv_camera_interfaces/cmake/rosidl_cmake-extras.cmake
[0.636s] -- Up-to-date: /home/student/ros2_ws/install/l3xz_openmv_camera_interfaces/share/l3xz_openmv_camera_interfaces/cmake/ament_cmake_export_dependencies-extras.cmake
[0.643s] -- Up-to-date: /home/student/ros2_ws/install/l3xz_openmv_camera_interfaces/share/l3xz_openmv_camera_interfaces/cmake/ament_cmake_export_include_directories-extras.cmake
[0.644s] -- Up-to-date: /home/student/ros2_ws/install/l3xz_openmv_camera_interfaces/share/l3xz_openmv_camera_interfaces/cmake/ament_cmake_export_libraries-extras.cmake
[0.644s] -- Up-to-date: /home/student/ros2_ws/install/l3xz_openmv_camera_interfaces/share/l3xz_openmv_camera_interfaces/cmake/ament_cmake_export_targets-extras.cmake
[0.644s] -- Up-to-date: /home/student/ros2_ws/install/l3xz_openmv_camera_interfaces/share/l3xz_openmv_camera_interfaces/cmake/rosidl_cmake_export_typesupport_targets-extras.cmake
[0.644s] -- Up-to-date: /home/student/ros2_ws/install/l3xz_openmv_camera_interfaces/share/l3xz_openmv_camera_interfaces/cmake/rosidl_cmake_export_typesupport_libraries-extras.cmake
[0.644s] -- Up-to-date: /home/student/ros2_ws/install/l3xz_openmv_camera_interfaces/share/l3xz_openmv_camera_interfaces/cmake/l3xz_openmv_camera_interfacesConfig.cmake
[0.644s] -- Up-to-date: /home/student/ros2_ws/install/l3xz_openmv_camera_interfaces/share/l3xz_openmv_camera_interfaces/cmake/l3xz_openmv_camera_interfacesConfig-version.cmake
[0.644s] -- Up-to-date: /home/student/ros2_ws/install/l3xz_openmv_camera_interfaces/share/l3xz_openmv_camera_interfaces/package.xml
[0.645s] Invoked command in '/home/student/ros2_ws/build/l3xz_openmv_camera_interfaces' returned '0': CMAKE_PREFIX_PATH=${CMAKE_PREFIX_PATH}:/home/student/motor_ws/install/dalmotor:/home/student/ros2_ws/install/test-3901:/home/student/ros2_ws/install/l3xz_openmv_camera:/home/student/ros2_ws/install/eced3901_competition_2024:/home/student/ros2_ws/install/eced3901:/home/student/imu_ws/install/bno055:/opt/ros/humble /usr/bin/cmake --install /home/student/ros2_ws/build/l3xz_openmv_camera_interfaces
