[0.616s] Invoking command in '/home/student/ros2_ws/src/eced3901': PYTHONPATH=/home/student/ros2_ws/build/eced3901/prefix_override:/home/student/ros2_ws/install/eced3901/lib/python3.10/site-packages:${PYTHONPATH} /usr/bin/python3 setup.py egg_info --egg-base ../../build/eced3901 build --build-base /home/student/ros2_ws/build/eced3901/build install --record /home/student/ros2_ws/build/eced3901/install.log --single-version-externally-managed
[0.828s] running egg_info
[0.829s] writing ../../build/eced3901/eced3901.egg-info/PKG-INFO
[0.831s] writing dependency_links to ../../build/eced3901/eced3901.egg-info/dependency_links.txt
[0.831s] writing entry points to ../../build/eced3901/eced3901.egg-info/entry_points.txt
[0.831s] writing requirements to ../../build/eced3901/eced3901.egg-info/requires.txt
[0.831s] writing top-level names to ../../build/eced3901/eced3901.egg-info/top_level.txt
[0.832s] reading manifest file '../../build/eced3901/eced3901.egg-info/SOURCES.txt'
[0.833s] writing manifest file '../../build/eced3901/eced3901.egg-info/SOURCES.txt'
[0.834s] running build
[0.834s] running build_py
[0.834s] running install
[0.834s] running install_lib
[0.836s] running install_data
[0.836s] copying launch/lab7nav.launch.py -> /home/student/ros2_ws/install/eced3901/share/eced3901/launch
[0.837s] running install_egg_info
[0.838s] removing '/home/student/ros2_ws/install/eced3901/lib/python3.10/site-packages/eced3901-0.0.0-py3.10.egg-info' (and everything under it)
[0.839s] Copying ../../build/eced3901/eced3901.egg-info to /home/student/ros2_ws/install/eced3901/lib/python3.10/site-packages/eced3901-0.0.0-py3.10.egg-info
[0.840s] running install_scripts
[0.860s] Installing dt1 script to /home/student/ros2_ws/install/eced3901/lib/eced3901
[0.860s] Installing serialsensor script to /home/student/ros2_ws/install/eced3901/lib/eced3901
[0.860s] Installing talker script to /home/student/ros2_ws/install/eced3901/lib/eced3901
[0.860s] writing list of installed files to '/home/student/ros2_ws/build/eced3901/install.log'
[0.882s] Invoked command in '/home/student/ros2_ws/src/eced3901' returned '0': PYTHONPATH=/home/student/ros2_ws/build/eced3901/prefix_override:/home/student/ros2_ws/install/eced3901/lib/python3.10/site-packages:${PYTHONPATH} /usr/bin/python3 setup.py egg_info --egg-base ../../build/eced3901 build --build-base /home/student/ros2_ws/build/eced3901/build install --record /home/student/ros2_ws/build/eced3901/install.log --single-version-externally-managed
