[1.134s] Invoking command in '/home/student/ros2_ws/src/eced3901-2025-team00': PYTHONPATH=/home/student/ros2_ws/build/eced3901/prefix_override:/home/student/ros2_ws/install/eced3901/lib/python3.10/site-packages:${PYTHONPATH} /usr/bin/python3 setup.py egg_info --egg-base ../../build/eced3901 build --build-base /home/student/ros2_ws/build/eced3901/build install --record /home/student/ros2_ws/build/eced3901/install.log --single-version-externally-managed
[1.414s] running egg_info
[1.414s] writing ../../build/eced3901/eced3901.egg-info/PKG-INFO
[1.415s] writing dependency_links to ../../build/eced3901/eced3901.egg-info/dependency_links.txt
[1.415s] writing entry points to ../../build/eced3901/eced3901.egg-info/entry_points.txt
[1.415s] writing requirements to ../../build/eced3901/eced3901.egg-info/requires.txt
[1.415s] writing top-level names to ../../build/eced3901/eced3901.egg-info/top_level.txt
[1.417s] reading manifest file '../../build/eced3901/eced3901.egg-info/SOURCES.txt'
[1.419s] writing manifest file '../../build/eced3901/eced3901.egg-info/SOURCES.txt'
[1.419s] running build
[1.419s] running build_py
[1.419s] running install
[1.420s] running install_lib
[1.422s] running install_data
[1.422s] creating /home/student/ros2_ws/install/eced3901/share/eced3901/maps
[1.423s] copying maps/lab4_map.yaml -> /home/student/ros2_ws/install/eced3901/share/eced3901/maps
[1.423s] copying maps/lab4_map.pgm -> /home/student/ros2_ws/install/eced3901/share/eced3901/maps
[1.423s] creating /home/student/ros2_ws/install/eced3901/share/eced3901/models
[1.423s] error: can't copy 'models/eced3901_lab4': doesn't exist or not a regular file
[1.455s] Invoked command in '/home/student/ros2_ws/src/eced3901-2025-team00' returned '1': PYTHONPATH=/home/student/ros2_ws/build/eced3901/prefix_override:/home/student/ros2_ws/install/eced3901/lib/python3.10/site-packages:${PYTHONPATH} /usr/bin/python3 setup.py egg_info --egg-base ../../build/eced3901 build --build-base /home/student/ros2_ws/build/eced3901/build install --record /home/student/ros2_ws/build/eced3901/install.log --single-version-externally-managed
