[1.549s] Invoking command in '/home/student/ros2_ws/src/eced3901': PYTHONPATH=/home/student/ros2_ws/build/eced3901/prefix_override:/home/student/ros2_ws/install/eced3901/lib/python3.10/site-packages:${PYTHONPATH} /usr/bin/python3 setup.py egg_info --egg-base ../../build/eced3901 build --build-base /home/student/ros2_ws/build/eced3901/build install --record /home/student/ros2_ws/build/eced3901/install.log --single-version-externally-managed
[2.108s] running egg_info
[2.109s] writing ../../build/eced3901/eced3901.egg-info/PKG-INFO
[2.110s] writing dependency_links to ../../build/eced3901/eced3901.egg-info/dependency_links.txt
[2.110s] writing entry points to ../../build/eced3901/eced3901.egg-info/entry_points.txt
[2.110s] writing requirements to ../../build/eced3901/eced3901.egg-info/requires.txt
[2.110s] writing top-level names to ../../build/eced3901/eced3901.egg-info/top_level.txt
[2.113s] reading manifest file '../../build/eced3901/eced3901.egg-info/SOURCES.txt'
[2.115s] writing manifest file '../../build/eced3901/eced3901.egg-info/SOURCES.txt'
[2.115s] running build
[2.115s] running build_py
[2.116s] copying eced3901/eced3901_dt1.py -> /home/student/ros2_ws/build/eced3901/build/lib/eced3901
[2.116s] running install
[2.116s] running install_lib
[2.117s] copying /home/student/ros2_ws/build/eced3901/build/lib/eced3901/eced3901_dt1.py -> /home/student/ros2_ws/install/eced3901/lib/python3.10/site-packages/eced3901
[2.130s] byte-compiling /home/student/ros2_ws/install/eced3901/lib/python3.10/site-packages/eced3901/eced3901_dt1.py to eced3901_dt1.cpython-310.pyc
[2.132s] running install_data
[2.132s] running install_egg_info
[2.132s] removing '/home/student/ros2_ws/install/eced3901/lib/python3.10/site-packages/eced3901-0.0.0-py3.10.egg-info' (and everything under it)
[2.133s] Copying ../../build/eced3901/eced3901.egg-info to /home/student/ros2_ws/install/eced3901/lib/python3.10/site-packages/eced3901-0.0.0-py3.10.egg-info
[2.137s] running install_scripts
[2.180s] Installing dt1 script to /home/student/ros2_ws/install/eced3901/lib/eced3901
[2.180s] Installing talker script to /home/student/ros2_ws/install/eced3901/lib/eced3901
[2.182s] writing list of installed files to '/home/student/ros2_ws/build/eced3901/install.log'
[2.273s] Invoked command in '/home/student/ros2_ws/src/eced3901' returned '0': PYTHONPATH=/home/student/ros2_ws/build/eced3901/prefix_override:/home/student/ros2_ws/install/eced3901/lib/python3.10/site-packages:${PYTHONPATH} /usr/bin/python3 setup.py egg_info --egg-base ../../build/eced3901 build --build-base /home/student/ros2_ws/build/eced3901/build install --record /home/student/ros2_ws/build/eced3901/install.log --single-version-externally-managed
