[1.149s] Invoking command in '/home/student/ros2_ws/src/ECED3901-Competition-2024': PYTHONPATH=/home/student/ros2_ws/src/build/eced3901_competition_2024/prefix_override:/home/student/ros2_ws/src/install/eced3901_competition_2024/lib/python3.10/site-packages:${PYTHONPATH} /usr/bin/python3 setup.py egg_info --egg-base ../build/eced3901_competition_2024 build --build-base /home/student/ros2_ws/src/build/eced3901_competition_2024/build install --record /home/student/ros2_ws/src/build/eced3901_competition_2024/install.log --single-version-externally-managed
[1.422s] running egg_info
[1.422s] creating ../build/eced3901_competition_2024/eced3901_competition_2024.egg-info
[1.422s] writing ../build/eced3901_competition_2024/eced3901_competition_2024.egg-info/PKG-INFO
[1.422s] writing dependency_links to ../build/eced3901_competition_2024/eced3901_competition_2024.egg-info/dependency_links.txt
[1.422s] writing entry points to ../build/eced3901_competition_2024/eced3901_competition_2024.egg-info/entry_points.txt
[1.422s] writing requirements to ../build/eced3901_competition_2024/eced3901_competition_2024.egg-info/requires.txt
[1.422s] writing top-level names to ../build/eced3901_competition_2024/eced3901_competition_2024.egg-info/top_level.txt
[1.423s] writing manifest file '../build/eced3901_competition_2024/eced3901_competition_2024.egg-info/SOURCES.txt'
[1.423s] reading manifest file '../build/eced3901_competition_2024/eced3901_competition_2024.egg-info/SOURCES.txt'
[1.423s] writing manifest file '../build/eced3901_competition_2024/eced3901_competition_2024.egg-info/SOURCES.txt'
[1.423s] running build
[1.423s] running build_py
[1.423s] creating /home/student/ros2_ws/src/build/eced3901_competition_2024/build
[1.423s] creating /home/student/ros2_ws/src/build/eced3901_competition_2024/build/lib
[1.423s] creating /home/student/ros2_ws/src/build/eced3901_competition_2024/build/lib/eced3901_competition_2024
[1.423s] copying eced3901_competition_2024/competition_publisher.py -> /home/student/ros2_ws/src/build/eced3901_competition_2024/build/lib/eced3901_competition_2024
[1.423s] copying eced3901_competition_2024/test_student_with_switch.py -> /home/student/ros2_ws/src/build/eced3901_competition_2024/build/lib/eced3901_competition_2024
[1.423s] copying eced3901_competition_2024/test_student.py -> /home/student/ros2_ws/src/build/eced3901_competition_2024/build/lib/eced3901_competition_2024
[1.423s] copying eced3901_competition_2024/__init__.py -> /home/student/ros2_ws/src/build/eced3901_competition_2024/build/lib/eced3901_competition_2024
[1.423s] copying eced3901_competition_2024/pose_listener.py -> /home/student/ros2_ws/src/build/eced3901_competition_2024/build/lib/eced3901_competition_2024
[1.424s] running install
[1.424s] running install_lib
[1.424s] creating /home/student/ros2_ws/src/install/eced3901_competition_2024/lib/python3.10/site-packages/eced3901_competition_2024
[1.424s] copying /home/student/ros2_ws/src/build/eced3901_competition_2024/build/lib/eced3901_competition_2024/competition_publisher.py -> /home/student/ros2_ws/src/install/eced3901_competition_2024/lib/python3.10/site-packages/eced3901_competition_2024
[1.424s] copying /home/student/ros2_ws/src/build/eced3901_competition_2024/build/lib/eced3901_competition_2024/test_student_with_switch.py -> /home/student/ros2_ws/src/install/eced3901_competition_2024/lib/python3.10/site-packages/eced3901_competition_2024
[1.424s] copying /home/student/ros2_ws/src/build/eced3901_competition_2024/build/lib/eced3901_competition_2024/test_student.py -> /home/student/ros2_ws/src/install/eced3901_competition_2024/lib/python3.10/site-packages/eced3901_competition_2024
[1.424s] copying /home/student/ros2_ws/src/build/eced3901_competition_2024/build/lib/eced3901_competition_2024/__init__.py -> /home/student/ros2_ws/src/install/eced3901_competition_2024/lib/python3.10/site-packages/eced3901_competition_2024
[1.424s] copying /home/student/ros2_ws/src/build/eced3901_competition_2024/build/lib/eced3901_competition_2024/pose_listener.py -> /home/student/ros2_ws/src/install/eced3901_competition_2024/lib/python3.10/site-packages/eced3901_competition_2024
[1.424s] byte-compiling /home/student/ros2_ws/src/install/eced3901_competition_2024/lib/python3.10/site-packages/eced3901_competition_2024/competition_publisher.py to competition_publisher.cpython-310.pyc
[1.424s] byte-compiling /home/student/ros2_ws/src/install/eced3901_competition_2024/lib/python3.10/site-packages/eced3901_competition_2024/test_student_with_switch.py to test_student_with_switch.cpython-310.pyc
[1.424s] byte-compiling /home/student/ros2_ws/src/install/eced3901_competition_2024/lib/python3.10/site-packages/eced3901_competition_2024/test_student.py to test_student.cpython-310.pyc
[1.424s] byte-compiling /home/student/ros2_ws/src/install/eced3901_competition_2024/lib/python3.10/site-packages/eced3901_competition_2024/__init__.py to __init__.cpython-310.pyc
[1.425s] byte-compiling /home/student/ros2_ws/src/install/eced3901_competition_2024/lib/python3.10/site-packages/eced3901_competition_2024/pose_listener.py to pose_listener.cpython-310.pyc
[1.425s] running install_data
[1.425s] creating /home/student/ros2_ws/src/install/eced3901_competition_2024/share/ament_index
[1.425s] creating /home/student/ros2_ws/src/install/eced3901_competition_2024/share/ament_index/resource_index
[1.425s] creating /home/student/ros2_ws/src/install/eced3901_competition_2024/share/ament_index/resource_index/packages
[1.425s] copying resource/eced3901_competition_2024 -> /home/student/ros2_ws/src/install/eced3901_competition_2024/share/ament_index/resource_index/packages
[1.425s] copying package.xml -> /home/student/ros2_ws/src/install/eced3901_competition_2024/share/eced3901_competition_2024
[1.425s] creating /home/student/ros2_ws/src/install/eced3901_competition_2024/share/eced3901_competition_2024/launch
[1.425s] copying launch/demo.launch.py -> /home/student/ros2_ws/src/install/eced3901_competition_2024/share/eced3901_competition_2024/launch
[1.425s] copying launch/team_11_launch.py -> /home/student/ros2_ws/src/install/eced3901_competition_2024/share/eced3901_competition_2024/launch
[1.425s] copying launch/team_15_launch.py -> /home/student/ros2_ws/src/install/eced3901_competition_2024/share/eced3901_competition_2024/launch
[1.425s] running install_egg_info
[1.425s] /usr/lib/python3/dist-packages/setuptools/command/install.py:34: SetuptoolsDeprecationWarning: setup.py install is deprecated. Use build and pip and other standards-based tools.
[1.426s]   warnings.warn(
[1.426s] Copying ../build/eced3901_competition_2024/eced3901_competition_2024.egg-info to /home/student/ros2_ws/src/install/eced3901_competition_2024/lib/python3.10/site-packages/eced3901_competition_2024-0.0.0-py3.10.egg-info
[1.426s] running install_scripts
[1.445s] Installing competition_publisher script to /home/student/ros2_ws/src/install/eced3901_competition_2024/lib/eced3901_competition_2024
[1.447s] Installing pose_listener script to /home/student/ros2_ws/src/install/eced3901_competition_2024/lib/eced3901_competition_2024
[1.447s] Installing test_student script to /home/student/ros2_ws/src/install/eced3901_competition_2024/lib/eced3901_competition_2024
[1.447s] Installing test_student_with_switch script to /home/student/ros2_ws/src/install/eced3901_competition_2024/lib/eced3901_competition_2024
[1.447s] writing list of installed files to '/home/student/ros2_ws/src/build/eced3901_competition_2024/install.log'
