[0.306s] DEBUG:colcon:Command line arguments: ['/usr/bin/colcon', 'build']
[0.306s] DEBUG:colcon:Parsed command line arguments: Namespace(log_base=None, log_level=None, verb_name='build', build_base='build', install_base='install', merge_install=False, symlink_install=False, test_result_base=None, continue_on_error=False, executor='parallel', parallel_workers=4, event_handlers=None, ignore_user_meta=False, metas=['./colcon.meta'], base_paths=['.'], packages_ignore=None, packages_ignore_regex=None, paths=None, packages_up_to=None, packages_up_to_regex=None, packages_above=None, packages_above_and_dependencies=None, packages_above_depth=None, packages_select_by_dep=None, packages_skip_by_dep=None, packages_skip_up_to=None, packages_select_build_failed=False, packages_skip_build_finished=False, packages_select_test_failures=False, packages_skip_test_passed=False, packages_select=None, packages_skip=None, packages_select_regex=None, packages_skip_regex=None, packages_start=None, packages_end=None, allow_overriding=[], cmake_args=None, cmake_target=None, cmake_target_skip_unavailable=False, cmake_clean_cache=False, cmake_clean_first=False, cmake_force_configure=False, ament_cmake_args=None, catkin_cmake_args=None, catkin_skip_building_tests=False, verb_parser=<colcon_defaults.argument_parser.defaults.DefaultArgumentsDecorator object at 0x7f8351e17c40>, verb_extension=<colcon_core.verb.build.BuildVerb object at 0x7f83526560b0>, main=<bound method BuildVerb.main of <colcon_core.verb.build.BuildVerb object at 0x7f83526560b0>>)
[0.338s] Level 1:colcon.colcon_core.package_discovery:discover_packages(colcon_meta) check parameters
[0.338s] Level 1:colcon.colcon_core.package_discovery:discover_packages(recursive) check parameters
[0.339s] Level 1:colcon.colcon_core.package_discovery:discover_packages(ignore) check parameters
[0.339s] Level 1:colcon.colcon_core.package_discovery:discover_packages(path) check parameters
[0.339s] Level 1:colcon.colcon_core.package_discovery:discover_packages(colcon_meta) discover
[0.339s] Level 1:colcon.colcon_core.package_discovery:discover_packages(recursive) discover
[0.339s] INFO:colcon.colcon_core.package_discovery:Crawling recursively for packages in '/home/student/ros2_ws'
[0.339s] Level 1:colcon.colcon_core.package_identification:_identify(.) by extensions ['ignore', 'ignore_ament_install']
[0.339s] Level 1:colcon.colcon_core.package_identification:_identify(.) by extension 'ignore'
[0.339s] Level 1:colcon.colcon_core.package_identification:_identify(.) by extension 'ignore_ament_install'
[0.339s] Level 1:colcon.colcon_core.package_identification:_identify(.) by extensions ['colcon_pkg']
[0.339s] Level 1:colcon.colcon_core.package_identification:_identify(.) by extension 'colcon_pkg'
[0.339s] Level 1:colcon.colcon_core.package_identification:_identify(.) by extensions ['colcon_meta']
[0.339s] Level 1:colcon.colcon_core.package_identification:_identify(.) by extension 'colcon_meta'
[0.339s] Level 1:colcon.colcon_core.package_identification:_identify(.) by extensions ['ros']
[0.339s] Level 1:colcon.colcon_core.package_identification:_identify(.) by extension 'ros'
[0.352s] Level 1:colcon.colcon_core.package_identification:_identify(.) by extensions ['cmake', 'python']
[0.352s] Level 1:colcon.colcon_core.package_identification:_identify(.) by extension 'cmake'
[0.352s] Level 1:colcon.colcon_core.package_identification:_identify(.) by extension 'python'
[0.352s] Level 1:colcon.colcon_core.package_identification:_identify(.) by extensions ['python_setup_py']
[0.352s] Level 1:colcon.colcon_core.package_identification:_identify(.) by extension 'python_setup_py'
[0.352s] Level 1:colcon.colcon_core.package_identification:_identify(build) by extensions ['ignore', 'ignore_ament_install']
[0.352s] Level 1:colcon.colcon_core.package_identification:_identify(build) by extension 'ignore'
[0.352s] Level 1:colcon.colcon_core.package_identification:_identify(build) ignored
[0.352s] Level 1:colcon.colcon_core.package_identification:_identify(install) by extensions ['ignore', 'ignore_ament_install']
[0.352s] Level 1:colcon.colcon_core.package_identification:_identify(install) by extension 'ignore'
[0.352s] Level 1:colcon.colcon_core.package_identification:_identify(install) ignored
[0.352s] Level 1:colcon.colcon_core.package_identification:_identify(log) by extensions ['ignore', 'ignore_ament_install']
[0.353s] Level 1:colcon.colcon_core.package_identification:_identify(log) by extension 'ignore'
[0.353s] Level 1:colcon.colcon_core.package_identification:_identify(log) ignored
[0.353s] Level 1:colcon.colcon_core.package_identification:_identify(src) by extensions ['ignore', 'ignore_ament_install']
[0.353s] Level 1:colcon.colcon_core.package_identification:_identify(src) by extension 'ignore'
[0.353s] Level 1:colcon.colcon_core.package_identification:_identify(src) by extension 'ignore_ament_install'
[0.353s] Level 1:colcon.colcon_core.package_identification:_identify(src) by extensions ['colcon_pkg']
[0.353s] Level 1:colcon.colcon_core.package_identification:_identify(src) by extension 'colcon_pkg'
[0.353s] Level 1:colcon.colcon_core.package_identification:_identify(src) by extensions ['colcon_meta']
[0.353s] Level 1:colcon.colcon_core.package_identification:_identify(src) by extension 'colcon_meta'
[0.353s] Level 1:colcon.colcon_core.package_identification:_identify(src) by extensions ['ros']
[0.353s] Level 1:colcon.colcon_core.package_identification:_identify(src) by extension 'ros'
[0.353s] Level 1:colcon.colcon_core.package_identification:_identify(src) by extensions ['cmake', 'python']
[0.353s] Level 1:colcon.colcon_core.package_identification:_identify(src) by extension 'cmake'
[0.353s] Level 1:colcon.colcon_core.package_identification:_identify(src) by extension 'python'
[0.353s] Level 1:colcon.colcon_core.package_identification:_identify(src) by extensions ['python_setup_py']
[0.353s] Level 1:colcon.colcon_core.package_identification:_identify(src) by extension 'python_setup_py'
[0.353s] Level 1:colcon.colcon_core.package_identification:_identify(src/build) by extensions ['ignore', 'ignore_ament_install']
[0.353s] Level 1:colcon.colcon_core.package_identification:_identify(src/build) by extension 'ignore'
[0.353s] Level 1:colcon.colcon_core.package_identification:_identify(src/build) ignored
[0.353s] Level 1:colcon.colcon_core.package_identification:_identify(src/eced3901) by extensions ['ignore', 'ignore_ament_install']
[0.353s] Level 1:colcon.colcon_core.package_identification:_identify(src/eced3901) by extension 'ignore'
[0.354s] Level 1:colcon.colcon_core.package_identification:_identify(src/eced3901) by extension 'ignore_ament_install'
[0.354s] Level 1:colcon.colcon_core.package_identification:_identify(src/eced3901) by extensions ['colcon_pkg']
[0.354s] Level 1:colcon.colcon_core.package_identification:_identify(src/eced3901) by extension 'colcon_pkg'
[0.354s] Level 1:colcon.colcon_core.package_identification:_identify(src/eced3901) by extensions ['colcon_meta']
[0.354s] Level 1:colcon.colcon_core.package_identification:_identify(src/eced3901) by extension 'colcon_meta'
[0.354s] Level 1:colcon.colcon_core.package_identification:_identify(src/eced3901) by extensions ['ros']
[0.354s] Level 1:colcon.colcon_core.package_identification:_identify(src/eced3901) by extension 'ros'
[0.356s] DEBUG:colcon.colcon_core.package_identification:Package 'src/eced3901' with type 'ros.ament_python' and name 'eced3901'
[0.357s] Level 1:colcon.colcon_core.package_identification:_identify(src/install) by extensions ['ignore', 'ignore_ament_install']
[0.357s] Level 1:colcon.colcon_core.package_identification:_identify(src/install) by extension 'ignore'
[0.357s] Level 1:colcon.colcon_core.package_identification:_identify(src/install) ignored
[0.357s] Level 1:colcon.colcon_core.package_identification:_identify(src/l3xz_openmv_camera) by extensions ['ignore', 'ignore_ament_install']
[0.357s] Level 1:colcon.colcon_core.package_identification:_identify(src/l3xz_openmv_camera) by extension 'ignore'
[0.357s] Level 1:colcon.colcon_core.package_identification:_identify(src/l3xz_openmv_camera) by extension 'ignore_ament_install'
[0.357s] Level 1:colcon.colcon_core.package_identification:_identify(src/l3xz_openmv_camera) by extensions ['colcon_pkg']
[0.357s] Level 1:colcon.colcon_core.package_identification:_identify(src/l3xz_openmv_camera) by extension 'colcon_pkg'
[0.357s] Level 1:colcon.colcon_core.package_identification:_identify(src/l3xz_openmv_camera) by extensions ['colcon_meta']
[0.357s] Level 1:colcon.colcon_core.package_identification:_identify(src/l3xz_openmv_camera) by extension 'colcon_meta'
[0.357s] Level 1:colcon.colcon_core.package_identification:_identify(src/l3xz_openmv_camera) by extensions ['ros']
[0.357s] Level 1:colcon.colcon_core.package_identification:_identify(src/l3xz_openmv_camera) by extension 'ros'
[0.357s] Level 1:colcon.colcon_core.package_identification:_identify(src/l3xz_openmv_camera) by extensions ['cmake', 'python']
[0.357s] Level 1:colcon.colcon_core.package_identification:_identify(src/l3xz_openmv_camera) by extension 'cmake'
[0.357s] Level 1:colcon.colcon_core.package_identification:_identify(src/l3xz_openmv_camera) by extension 'python'
[0.357s] Level 1:colcon.colcon_core.package_identification:_identify(src/l3xz_openmv_camera) by extensions ['python_setup_py']
[0.357s] Level 1:colcon.colcon_core.package_identification:_identify(src/l3xz_openmv_camera) by extension 'python_setup_py'
[0.357s] Level 1:colcon.colcon_core.package_identification:_identify(src/l3xz_openmv_camera/camera_script) by extensions ['ignore', 'ignore_ament_install']
[0.357s] Level 1:colcon.colcon_core.package_identification:_identify(src/l3xz_openmv_camera/camera_script) by extension 'ignore'
[0.357s] Level 1:colcon.colcon_core.package_identification:_identify(src/l3xz_openmv_camera/camera_script) by extension 'ignore_ament_install'
[0.358s] Level 1:colcon.colcon_core.package_identification:_identify(src/l3xz_openmv_camera/camera_script) by extensions ['colcon_pkg']
[0.358s] Level 1:colcon.colcon_core.package_identification:_identify(src/l3xz_openmv_camera/camera_script) by extension 'colcon_pkg'
[0.358s] Level 1:colcon.colcon_core.package_identification:_identify(src/l3xz_openmv_camera/camera_script) by extensions ['colcon_meta']
[0.358s] Level 1:colcon.colcon_core.package_identification:_identify(src/l3xz_openmv_camera/camera_script) by extension 'colcon_meta'
[0.358s] Level 1:colcon.colcon_core.package_identification:_identify(src/l3xz_openmv_camera/camera_script) by extensions ['ros']
[0.358s] Level 1:colcon.colcon_core.package_identification:_identify(src/l3xz_openmv_camera/camera_script) by extension 'ros'
[0.358s] Level 1:colcon.colcon_core.package_identification:_identify(src/l3xz_openmv_camera/camera_script) by extensions ['cmake', 'python']
[0.358s] Level 1:colcon.colcon_core.package_identification:_identify(src/l3xz_openmv_camera/camera_script) by extension 'cmake'
[0.358s] Level 1:colcon.colcon_core.package_identification:_identify(src/l3xz_openmv_camera/camera_script) by extension 'python'
[0.358s] Level 1:colcon.colcon_core.package_identification:_identify(src/l3xz_openmv_camera/camera_script) by extensions ['python_setup_py']
[0.358s] Level 1:colcon.colcon_core.package_identification:_identify(src/l3xz_openmv_camera/camera_script) by extension 'python_setup_py'
[0.358s] Level 1:colcon.colcon_core.package_identification:_identify(src/l3xz_openmv_camera/doc) by extensions ['ignore', 'ignore_ament_install']
[0.358s] Level 1:colcon.colcon_core.package_identification:_identify(src/l3xz_openmv_camera/doc) by extension 'ignore'
[0.358s] Level 1:colcon.colcon_core.package_identification:_identify(src/l3xz_openmv_camera/doc) by extension 'ignore_ament_install'
[0.358s] Level 1:colcon.colcon_core.package_identification:_identify(src/l3xz_openmv_camera/doc) by extensions ['colcon_pkg']
[0.358s] Level 1:colcon.colcon_core.package_identification:_identify(src/l3xz_openmv_camera/doc) by extension 'colcon_pkg'
[0.358s] Level 1:colcon.colcon_core.package_identification:_identify(src/l3xz_openmv_camera/doc) by extensions ['colcon_meta']
[0.358s] Level 1:colcon.colcon_core.package_identification:_identify(src/l3xz_openmv_camera/doc) by extension 'colcon_meta'
[0.358s] Level 1:colcon.colcon_core.package_identification:_identify(src/l3xz_openmv_camera/doc) by extensions ['ros']
[0.358s] Level 1:colcon.colcon_core.package_identification:_identify(src/l3xz_openmv_camera/doc) by extension 'ros'
[0.358s] Level 1:colcon.colcon_core.package_identification:_identify(src/l3xz_openmv_camera/doc) by extensions ['cmake', 'python']
[0.358s] Level 1:colcon.colcon_core.package_identification:_identify(src/l3xz_openmv_camera/doc) by extension 'cmake'
[0.358s] Level 1:colcon.colcon_core.package_identification:_identify(src/l3xz_openmv_camera/doc) by extension 'python'
[0.358s] Level 1:colcon.colcon_core.package_identification:_identify(src/l3xz_openmv_camera/doc) by extensions ['python_setup_py']
[0.359s] Level 1:colcon.colcon_core.package_identification:_identify(src/l3xz_openmv_camera/doc) by extension 'python_setup_py'
[0.359s] Level 1:colcon.colcon_core.package_identification:_identify(src/l3xz_openmv_camera/doc/img) by extensions ['ignore', 'ignore_ament_install']
[0.359s] Level 1:colcon.colcon_core.package_identification:_identify(src/l3xz_openmv_camera/doc/img) by extension 'ignore'
[0.359s] Level 1:colcon.colcon_core.package_identification:_identify(src/l3xz_openmv_camera/doc/img) by extension 'ignore_ament_install'
[0.359s] Level 1:colcon.colcon_core.package_identification:_identify(src/l3xz_openmv_camera/doc/img) by extensions ['colcon_pkg']
[0.359s] Level 1:colcon.colcon_core.package_identification:_identify(src/l3xz_openmv_camera/doc/img) by extension 'colcon_pkg'
[0.359s] Level 1:colcon.colcon_core.package_identification:_identify(src/l3xz_openmv_camera/doc/img) by extensions ['colcon_meta']
[0.359s] Level 1:colcon.colcon_core.package_identification:_identify(src/l3xz_openmv_camera/doc/img) by extension 'colcon_meta'
[0.359s] Level 1:colcon.colcon_core.package_identification:_identify(src/l3xz_openmv_camera/doc/img) by extensions ['ros']
[0.359s] Level 1:colcon.colcon_core.package_identification:_identify(src/l3xz_openmv_camera/doc/img) by extension 'ros'
[0.359s] Level 1:colcon.colcon_core.package_identification:_identify(src/l3xz_openmv_camera/doc/img) by extensions ['cmake', 'python']
[0.359s] Level 1:colcon.colcon_core.package_identification:_identify(src/l3xz_openmv_camera/doc/img) by extension 'cmake'
[0.359s] Level 1:colcon.colcon_core.package_identification:_identify(src/l3xz_openmv_camera/doc/img) by extension 'python'
[0.359s] Level 1:colcon.colcon_core.package_identification:_identify(src/l3xz_openmv_camera/doc/img) by extensions ['python_setup_py']
[0.359s] Level 1:colcon.colcon_core.package_identification:_identify(src/l3xz_openmv_camera/doc/img) by extension 'python_setup_py'
[0.359s] Level 1:colcon.colcon_core.package_identification:_identify(src/l3xz_openmv_camera/l3xz_openmv_camera) by extensions ['ignore', 'ignore_ament_install']
[0.359s] Level 1:colcon.colcon_core.package_identification:_identify(src/l3xz_openmv_camera/l3xz_openmv_camera) by extension 'ignore'
[0.360s] Level 1:colcon.colcon_core.package_identification:_identify(src/l3xz_openmv_camera/l3xz_openmv_camera) by extension 'ignore_ament_install'
[0.360s] Level 1:colcon.colcon_core.package_identification:_identify(src/l3xz_openmv_camera/l3xz_openmv_camera) by extensions ['colcon_pkg']
[0.360s] Level 1:colcon.colcon_core.package_identification:_identify(src/l3xz_openmv_camera/l3xz_openmv_camera) by extension 'colcon_pkg'
[0.360s] Level 1:colcon.colcon_core.package_identification:_identify(src/l3xz_openmv_camera/l3xz_openmv_camera) by extensions ['colcon_meta']
[0.360s] Level 1:colcon.colcon_core.package_identification:_identify(src/l3xz_openmv_camera/l3xz_openmv_camera) by extension 'colcon_meta'
[0.360s] Level 1:colcon.colcon_core.package_identification:_identify(src/l3xz_openmv_camera/l3xz_openmv_camera) by extensions ['ros']
[0.360s] Level 1:colcon.colcon_core.package_identification:_identify(src/l3xz_openmv_camera/l3xz_openmv_camera) by extension 'ros'
[0.360s] DEBUG:colcon.colcon_core.package_identification:Package 'src/l3xz_openmv_camera/l3xz_openmv_camera' with type 'ros.ament_python' and name 'l3xz_openmv_camera'
[0.360s] Level 1:colcon.colcon_core.package_identification:_identify(src/l3xz_openmv_camera/l3xz_openmv_camera_interfaces) by extensions ['ignore', 'ignore_ament_install']
[0.360s] Level 1:colcon.colcon_core.package_identification:_identify(src/l3xz_openmv_camera/l3xz_openmv_camera_interfaces) by extension 'ignore'
[0.360s] Level 1:colcon.colcon_core.package_identification:_identify(src/l3xz_openmv_camera/l3xz_openmv_camera_interfaces) by extension 'ignore_ament_install'
[0.361s] Level 1:colcon.colcon_core.package_identification:_identify(src/l3xz_openmv_camera/l3xz_openmv_camera_interfaces) by extensions ['colcon_pkg']
[0.361s] Level 1:colcon.colcon_core.package_identification:_identify(src/l3xz_openmv_camera/l3xz_openmv_camera_interfaces) by extension 'colcon_pkg'
[0.361s] Level 1:colcon.colcon_core.package_identification:_identify(src/l3xz_openmv_camera/l3xz_openmv_camera_interfaces) by extensions ['colcon_meta']
[0.361s] Level 1:colcon.colcon_core.package_identification:_identify(src/l3xz_openmv_camera/l3xz_openmv_camera_interfaces) by extension 'colcon_meta'
[0.361s] Level 1:colcon.colcon_core.package_identification:_identify(src/l3xz_openmv_camera/l3xz_openmv_camera_interfaces) by extensions ['ros']
[0.361s] Level 1:colcon.colcon_core.package_identification:_identify(src/l3xz_openmv_camera/l3xz_openmv_camera_interfaces) by extension 'ros'
[0.361s] DEBUG:colcon.colcon_core.package_identification:Package 'src/l3xz_openmv_camera/l3xz_openmv_camera_interfaces' with type 'ros.ament_cmake' and name 'l3xz_openmv_camera_interfaces'
[0.362s] Level 1:colcon.colcon_core.package_identification:_identify(src/l3xz_openmv_camera/launch) by extensions ['ignore', 'ignore_ament_install']
[0.362s] Level 1:colcon.colcon_core.package_identification:_identify(src/l3xz_openmv_camera/launch) by extension 'ignore'
[0.362s] Level 1:colcon.colcon_core.package_identification:_identify(src/l3xz_openmv_camera/launch) by extension 'ignore_ament_install'
[0.362s] Level 1:colcon.colcon_core.package_identification:_identify(src/l3xz_openmv_camera/launch) by extensions ['colcon_pkg']
[0.362s] Level 1:colcon.colcon_core.package_identification:_identify(src/l3xz_openmv_camera/launch) by extension 'colcon_pkg'
[0.362s] Level 1:colcon.colcon_core.package_identification:_identify(src/l3xz_openmv_camera/launch) by extensions ['colcon_meta']
[0.362s] Level 1:colcon.colcon_core.package_identification:_identify(src/l3xz_openmv_camera/launch) by extension 'colcon_meta'
[0.362s] Level 1:colcon.colcon_core.package_identification:_identify(src/l3xz_openmv_camera/launch) by extensions ['ros']
[0.362s] Level 1:colcon.colcon_core.package_identification:_identify(src/l3xz_openmv_camera/launch) by extension 'ros'
[0.362s] Level 1:colcon.colcon_core.package_identification:_identify(src/l3xz_openmv_camera/launch) by extensions ['cmake', 'python']
[0.362s] Level 1:colcon.colcon_core.package_identification:_identify(src/l3xz_openmv_camera/launch) by extension 'cmake'
[0.362s] Level 1:colcon.colcon_core.package_identification:_identify(src/l3xz_openmv_camera/launch) by extension 'python'
[0.362s] Level 1:colcon.colcon_core.package_identification:_identify(src/l3xz_openmv_camera/launch) by extensions ['python_setup_py']
[0.362s] Level 1:colcon.colcon_core.package_identification:_identify(src/l3xz_openmv_camera/launch) by extension 'python_setup_py'
[0.362s] Level 1:colcon.colcon_core.package_identification:_identify(src/log) by extensions ['ignore', 'ignore_ament_install']
[0.362s] Level 1:colcon.colcon_core.package_identification:_identify(src/log) by extension 'ignore'
[0.362s] Level 1:colcon.colcon_core.package_identification:_identify(src/log) ignored
[0.362s] Level 1:colcon.colcon_core.package_discovery:discover_packages(recursive) using defaults
[0.362s] Level 1:colcon.colcon_core.package_discovery:discover_packages(ignore) discover
[0.362s] Level 1:colcon.colcon_core.package_discovery:discover_packages(ignore) using defaults
[0.362s] Level 1:colcon.colcon_core.package_discovery:discover_packages(path) discover
[0.362s] Level 1:colcon.colcon_core.package_discovery:discover_packages(path) using defaults
[0.386s] Level 1:colcon.colcon_core.package_discovery:discover_packages(prefix_path) check parameters
[0.386s] Level 1:colcon.colcon_core.package_discovery:discover_packages(prefix_path) discover
[0.389s] DEBUG:colcon.colcon_installed_package_information.package_discovery:Found 5 installed packages in /home/student/ros2_ws/install
[0.390s] DEBUG:colcon.colcon_installed_package_information.package_discovery:Found 1 installed packages in /home/student/imu_ws/install
[0.390s] DEBUG:colcon.colcon_installed_package_information.package_discovery:Found 1 installed packages in /home/student/ydlidar_ros2_ws/install
[0.391s] DEBUG:colcon.colcon_installed_package_information.package_discovery:Found 1 installed packages in /home/student/motor_ws/install
[0.393s] DEBUG:colcon.colcon_installed_package_information.package_discovery:Found 358 installed packages in /opt/ros/humble
[0.395s] Level 1:colcon.colcon_core.package_discovery:discover_packages(prefix_path) using defaults
[0.462s] Level 5:colcon.colcon_core.verb:set package 'eced3901' build argument 'cmake_args' from command line to 'None'
[0.462s] Level 5:colcon.colcon_core.verb:set package 'eced3901' build argument 'cmake_target' from command line to 'None'
[0.462s] Level 5:colcon.colcon_core.verb:set package 'eced3901' build argument 'cmake_target_skip_unavailable' from command line to 'False'
[0.462s] Level 5:colcon.colcon_core.verb:set package 'eced3901' build argument 'cmake_clean_cache' from command line to 'False'
[0.462s] Level 5:colcon.colcon_core.verb:set package 'eced3901' build argument 'cmake_clean_first' from command line to 'False'
[0.462s] Level 5:colcon.colcon_core.verb:set package 'eced3901' build argument 'cmake_force_configure' from command line to 'False'
[0.462s] Level 5:colcon.colcon_core.verb:set package 'eced3901' build argument 'ament_cmake_args' from command line to 'None'
[0.462s] Level 5:colcon.colcon_core.verb:set package 'eced3901' build argument 'catkin_cmake_args' from command line to 'None'
[0.462s] Level 5:colcon.colcon_core.verb:set package 'eced3901' build argument 'catkin_skip_building_tests' from command line to 'False'
[0.462s] DEBUG:colcon.colcon_core.verb:Building package 'eced3901' with the following arguments: {'ament_cmake_args': None, 'build_base': '/home/student/ros2_ws/build/eced3901', 'catkin_cmake_args': None, 'catkin_skip_building_tests': False, 'cmake_args': None, 'cmake_clean_cache': False, 'cmake_clean_first': False, 'cmake_force_configure': False, 'cmake_target': None, 'cmake_target_skip_unavailable': False, 'install_base': '/home/student/ros2_ws/install/eced3901', 'merge_install': False, 'path': '/home/student/ros2_ws/src/eced3901', 'symlink_install': False, 'test_result_base': None}
[0.464s] Level 5:colcon.colcon_core.verb:set package 'l3xz_openmv_camera_interfaces' build argument 'cmake_args' from command line to 'None'
[0.464s] Level 5:colcon.colcon_core.verb:set package 'l3xz_openmv_camera_interfaces' build argument 'cmake_target' from command line to 'None'
[0.464s] Level 5:colcon.colcon_core.verb:set package 'l3xz_openmv_camera_interfaces' build argument 'cmake_target_skip_unavailable' from command line to 'False'
[0.464s] Level 5:colcon.colcon_core.verb:set package 'l3xz_openmv_camera_interfaces' build argument 'cmake_clean_cache' from command line to 'False'
[0.464s] Level 5:colcon.colcon_core.verb:set package 'l3xz_openmv_camera_interfaces' build argument 'cmake_clean_first' from command line to 'False'
[0.464s] Level 5:colcon.colcon_core.verb:set package 'l3xz_openmv_camera_interfaces' build argument 'cmake_force_configure' from command line to 'False'
[0.464s] Level 5:colcon.colcon_core.verb:set package 'l3xz_openmv_camera_interfaces' build argument 'ament_cmake_args' from command line to 'None'
[0.464s] Level 5:colcon.colcon_core.verb:set package 'l3xz_openmv_camera_interfaces' build argument 'catkin_cmake_args' from command line to 'None'
[0.464s] Level 5:colcon.colcon_core.verb:set package 'l3xz_openmv_camera_interfaces' build argument 'catkin_skip_building_tests' from command line to 'False'
[0.464s] DEBUG:colcon.colcon_core.verb:Building package 'l3xz_openmv_camera_interfaces' with the following arguments: {'ament_cmake_args': None, 'build_base': '/home/student/ros2_ws/build/l3xz_openmv_camera_interfaces', 'catkin_cmake_args': None, 'catkin_skip_building_tests': False, 'cmake_args': None, 'cmake_clean_cache': False, 'cmake_clean_first': False, 'cmake_force_configure': False, 'cmake_target': None, 'cmake_target_skip_unavailable': False, 'install_base': '/home/student/ros2_ws/install/l3xz_openmv_camera_interfaces', 'merge_install': False, 'path': '/home/student/ros2_ws/src/l3xz_openmv_camera/l3xz_openmv_camera_interfaces', 'symlink_install': False, 'test_result_base': None}
[0.465s] Level 5:colcon.colcon_core.verb:set package 'l3xz_openmv_camera' build argument 'cmake_args' from command line to 'None'
[0.465s] Level 5:colcon.colcon_core.verb:set package 'l3xz_openmv_camera' build argument 'cmake_target' from command line to 'None'
[0.465s] Level 5:colcon.colcon_core.verb:set package 'l3xz_openmv_camera' build argument 'cmake_target_skip_unavailable' from command line to 'False'
[0.465s] Level 5:colcon.colcon_core.verb:set package 'l3xz_openmv_camera' build argument 'cmake_clean_cache' from command line to 'False'
[0.465s] Level 5:colcon.colcon_core.verb:set package 'l3xz_openmv_camera' build argument 'cmake_clean_first' from command line to 'False'
[0.465s] Level 5:colcon.colcon_core.verb:set package 'l3xz_openmv_camera' build argument 'cmake_force_configure' from command line to 'False'
[0.465s] Level 5:colcon.colcon_core.verb:set package 'l3xz_openmv_camera' build argument 'ament_cmake_args' from command line to 'None'
[0.465s] Level 5:colcon.colcon_core.verb:set package 'l3xz_openmv_camera' build argument 'catkin_cmake_args' from command line to 'None'
[0.465s] Level 5:colcon.colcon_core.verb:set package 'l3xz_openmv_camera' build argument 'catkin_skip_building_tests' from command line to 'False'
[0.465s] DEBUG:colcon.colcon_core.verb:Building package 'l3xz_openmv_camera' with the following arguments: {'ament_cmake_args': None, 'build_base': '/home/student/ros2_ws/build/l3xz_openmv_camera', 'catkin_cmake_args': None, 'catkin_skip_building_tests': False, 'cmake_args': None, 'cmake_clean_cache': False, 'cmake_clean_first': False, 'cmake_force_configure': False, 'cmake_target': None, 'cmake_target_skip_unavailable': False, 'install_base': '/home/student/ros2_ws/install/l3xz_openmv_camera', 'merge_install': False, 'path': '/home/student/ros2_ws/src/l3xz_openmv_camera/l3xz_openmv_camera', 'symlink_install': False, 'test_result_base': None}
[0.466s] INFO:colcon.colcon_core.executor:Executing jobs using 'parallel' executor
[0.469s] DEBUG:colcon.colcon_parallel_executor.executor.parallel:run_until_complete
[0.469s] INFO:colcon.colcon_ros.task.ament_cmake.build:Building ROS package in '/home/student/ros2_ws/src/l3xz_openmv_camera/l3xz_openmv_camera_interfaces' with build type 'ament_cmake'
[0.469s] INFO:colcon.colcon_cmake.task.cmake.build:Building CMake package in '/home/student/ros2_ws/src/l3xz_openmv_camera/l3xz_openmv_camera_interfaces'
[0.473s] INFO:colcon.colcon_core.plugin_system:Skipping extension 'colcon_core.shell.bat': Not used on non-Windows systems
[0.473s] INFO:colcon.colcon_core.shell:Skip shell extension 'powershell' for command environment: Not usable outside of PowerShell
[0.473s] DEBUG:colcon.colcon_core.shell:Skip shell extension 'dsv' for command environment
[0.481s] INFO:colcon.colcon_ros.task.ament_python.build:Building ROS package in '/home/student/ros2_ws/src/eced3901' with build type 'ament_python'
[0.481s] Level 1:colcon.colcon_core.shell:create_environment_hook('eced3901', 'ament_prefix_path')
[0.483s] INFO:colcon.colcon_core.shell:Creating environment hook '/home/student/ros2_ws/install/eced3901/share/eced3901/hook/ament_prefix_path.ps1'
[0.484s] INFO:colcon.colcon_core.shell:Creating environment descriptor '/home/student/ros2_ws/install/eced3901/share/eced3901/hook/ament_prefix_path.dsv'
[0.484s] INFO:colcon.colcon_core.shell:Creating environment hook '/home/student/ros2_ws/install/eced3901/share/eced3901/hook/ament_prefix_path.sh'
[0.486s] INFO:colcon.colcon_core.shell:Skip shell extension 'powershell' for command environment: Not usable outside of PowerShell
[0.486s] DEBUG:colcon.colcon_core.shell:Skip shell extension 'dsv' for command environment
[0.502s] DEBUG:colcon.colcon_core.event_handler.log_command:Invoking command in '/home/student/ros2_ws/build/l3xz_openmv_camera_interfaces': CMAKE_PREFIX_PATH=${CMAKE_PREFIX_PATH}:/home/student/motor_ws/install/dalmotor:/home/student/ros2_ws/install/test-3901:/home/student/ros2_ws/install/l3xz_openmv_camera:/home/student/ros2_ws/install/eced3901_competition_2024:/home/student/ros2_ws/install/eced3901:/home/student/imu_ws/install/bno055:/opt/ros/humble /usr/bin/cmake --build /home/student/ros2_ws/build/l3xz_openmv_camera_interfaces -- -j4 -l4
[0.818s] INFO:colcon.colcon_core.task.python.build:Building Python package in '/home/student/ros2_ws/src/eced3901'
[0.820s] INFO:colcon.colcon_core.shell:Skip shell extension 'powershell' for command environment: Not usable outside of PowerShell
[0.820s] DEBUG:colcon.colcon_core.shell:Skip shell extension 'dsv' for command environment
[0.927s] DEBUG:colcon.colcon_core.event_handler.log_command:Invoked command in '/home/student/ros2_ws/build/l3xz_openmv_camera_interfaces' returned '0': CMAKE_PREFIX_PATH=${CMAKE_PREFIX_PATH}:/home/student/motor_ws/install/dalmotor:/home/student/ros2_ws/install/test-3901:/home/student/ros2_ws/install/l3xz_openmv_camera:/home/student/ros2_ws/install/eced3901_competition_2024:/home/student/ros2_ws/install/eced3901:/home/student/imu_ws/install/bno055:/opt/ros/humble /usr/bin/cmake --build /home/student/ros2_ws/build/l3xz_openmv_camera_interfaces -- -j4 -l4
[1.021s] DEBUG:colcon.colcon_core.event_handler.log_command:Invoking command in '/home/student/ros2_ws/build/l3xz_openmv_camera_interfaces': CMAKE_PREFIX_PATH=${CMAKE_PREFIX_PATH}:/home/student/motor_ws/install/dalmotor:/home/student/ros2_ws/install/test-3901:/home/student/ros2_ws/install/l3xz_openmv_camera:/home/student/ros2_ws/install/eced3901_competition_2024:/home/student/ros2_ws/install/eced3901:/home/student/imu_ws/install/bno055:/opt/ros/humble /usr/bin/cmake --install /home/student/ros2_ws/build/l3xz_openmv_camera_interfaces
[1.074s] Level 1:colcon.colcon_core.environment:create_environment_scripts_only(l3xz_openmv_camera_interfaces)
[1.076s] DEBUG:colcon.colcon_core.event_handler.log_command:Invoked command in '/home/student/ros2_ws/build/l3xz_openmv_camera_interfaces' returned '0': CMAKE_PREFIX_PATH=${CMAKE_PREFIX_PATH}:/home/student/motor_ws/install/dalmotor:/home/student/ros2_ws/install/test-3901:/home/student/ros2_ws/install/l3xz_openmv_camera:/home/student/ros2_ws/install/eced3901_competition_2024:/home/student/ros2_ws/install/eced3901:/home/student/imu_ws/install/bno055:/opt/ros/humble /usr/bin/cmake --install /home/student/ros2_ws/build/l3xz_openmv_camera_interfaces
[1.080s] Level 1:colcon.colcon_core.environment:checking '/home/student/ros2_ws/install/l3xz_openmv_camera_interfaces' for CMake module files
[1.081s] Level 1:colcon.colcon_core.environment:checking '/home/student/ros2_ws/install/l3xz_openmv_camera_interfaces' for CMake config files
[1.082s] Level 1:colcon.colcon_core.shell:create_environment_hook('l3xz_openmv_camera_interfaces', 'cmake_prefix_path')
[1.083s] INFO:colcon.colcon_core.shell:Creating environment hook '/home/student/ros2_ws/install/l3xz_openmv_camera_interfaces/share/l3xz_openmv_camera_interfaces/hook/cmake_prefix_path.ps1'
[1.083s] INFO:colcon.colcon_core.shell:Creating environment descriptor '/home/student/ros2_ws/install/l3xz_openmv_camera_interfaces/share/l3xz_openmv_camera_interfaces/hook/cmake_prefix_path.dsv'
[1.084s] INFO:colcon.colcon_core.shell:Creating environment hook '/home/student/ros2_ws/install/l3xz_openmv_camera_interfaces/share/l3xz_openmv_camera_interfaces/hook/cmake_prefix_path.sh'
[1.084s] Level 1:colcon.colcon_core.environment:checking '/home/student/ros2_ws/install/l3xz_openmv_camera_interfaces/lib'
[1.084s] Level 1:colcon.colcon_core.shell:create_environment_hook('l3xz_openmv_camera_interfaces', 'ld_library_path_lib')
[1.086s] INFO:colcon.colcon_core.shell:Creating environment hook '/home/student/ros2_ws/install/l3xz_openmv_camera_interfaces/share/l3xz_openmv_camera_interfaces/hook/ld_library_path_lib.ps1'
[1.086s] INFO:colcon.colcon_core.shell:Creating environment descriptor '/home/student/ros2_ws/install/l3xz_openmv_camera_interfaces/share/l3xz_openmv_camera_interfaces/hook/ld_library_path_lib.dsv'
[1.086s] INFO:colcon.colcon_core.shell:Creating environment hook '/home/student/ros2_ws/install/l3xz_openmv_camera_interfaces/share/l3xz_openmv_camera_interfaces/hook/ld_library_path_lib.sh'
[1.087s] Level 1:colcon.colcon_core.environment:checking '/home/student/ros2_ws/install/l3xz_openmv_camera_interfaces/bin'
[1.087s] Level 1:colcon.colcon_core.environment:checking '/home/student/ros2_ws/install/l3xz_openmv_camera_interfaces/lib/pkgconfig/l3xz_openmv_camera_interfaces.pc'
[1.087s] Level 1:colcon.colcon_core.environment:checking '/home/student/ros2_ws/install/l3xz_openmv_camera_interfaces/lib/python3.10/site-packages'
[1.087s] Level 1:colcon.colcon_core.environment:checking '/home/student/ros2_ws/install/l3xz_openmv_camera_interfaces/bin'
[1.088s] INFO:colcon.colcon_core.shell:Creating package script '/home/student/ros2_ws/install/l3xz_openmv_camera_interfaces/share/l3xz_openmv_camera_interfaces/package.ps1'
[1.089s] INFO:colcon.colcon_core.shell:Creating package descriptor '/home/student/ros2_ws/install/l3xz_openmv_camera_interfaces/share/l3xz_openmv_camera_interfaces/package.dsv'
[1.090s] INFO:colcon.colcon_core.shell:Creating package script '/home/student/ros2_ws/install/l3xz_openmv_camera_interfaces/share/l3xz_openmv_camera_interfaces/package.sh'
[1.090s] INFO:colcon.colcon_core.shell:Creating package script '/home/student/ros2_ws/install/l3xz_openmv_camera_interfaces/share/l3xz_openmv_camera_interfaces/package.bash'
[1.091s] INFO:colcon.colcon_core.shell:Creating package script '/home/student/ros2_ws/install/l3xz_openmv_camera_interfaces/share/l3xz_openmv_camera_interfaces/package.zsh'
[1.092s] Level 1:colcon.colcon_core.environment:create_file_with_runtime_dependencies(/home/student/ros2_ws/install/l3xz_openmv_camera_interfaces/share/colcon-core/packages/l3xz_openmv_camera_interfaces)
[1.182s] DEBUG:colcon.colcon_core.event_handler.log_command:Invoking command in '/home/student/ros2_ws/src/eced3901': PYTHONPATH=/home/student/ros2_ws/build/eced3901/prefix_override:/home/student/ros2_ws/install/eced3901/lib/python3.10/site-packages:${PYTHONPATH} /usr/bin/python3 setup.py egg_info --egg-base ../../build/eced3901 build --build-base /home/student/ros2_ws/build/eced3901/build install --record /home/student/ros2_ws/build/eced3901/install.log --single-version-externally-managed
[1.185s] Level 1:colcon.colcon_core.environment:create_environment_scripts_only(l3xz_openmv_camera_interfaces)
[1.187s] Level 1:colcon.colcon_core.environment:checking '/home/student/ros2_ws/install/l3xz_openmv_camera_interfaces' for CMake module files
[1.188s] Level 1:colcon.colcon_core.environment:checking '/home/student/ros2_ws/install/l3xz_openmv_camera_interfaces' for CMake config files
[1.189s] Level 1:colcon.colcon_core.shell:create_environment_hook('l3xz_openmv_camera_interfaces', 'cmake_prefix_path')
[1.190s] INFO:colcon.colcon_core.shell:Creating environment hook '/home/student/ros2_ws/install/l3xz_openmv_camera_interfaces/share/l3xz_openmv_camera_interfaces/hook/cmake_prefix_path.ps1'
[1.191s] INFO:colcon.colcon_core.shell:Creating environment descriptor '/home/student/ros2_ws/install/l3xz_openmv_camera_interfaces/share/l3xz_openmv_camera_interfaces/hook/cmake_prefix_path.dsv'
[1.191s] INFO:colcon.colcon_core.shell:Creating environment hook '/home/student/ros2_ws/install/l3xz_openmv_camera_interfaces/share/l3xz_openmv_camera_interfaces/hook/cmake_prefix_path.sh'
[1.191s] Level 1:colcon.colcon_core.environment:checking '/home/student/ros2_ws/install/l3xz_openmv_camera_interfaces/lib'
[1.192s] Level 1:colcon.colcon_core.shell:create_environment_hook('l3xz_openmv_camera_interfaces', 'ld_library_path_lib')
[1.193s] INFO:colcon.colcon_core.shell:Creating environment hook '/home/student/ros2_ws/install/l3xz_openmv_camera_interfaces/share/l3xz_openmv_camera_interfaces/hook/ld_library_path_lib.ps1'
[1.193s] INFO:colcon.colcon_core.shell:Creating environment descriptor '/home/student/ros2_ws/install/l3xz_openmv_camera_interfaces/share/l3xz_openmv_camera_interfaces/hook/ld_library_path_lib.dsv'
[1.194s] INFO:colcon.colcon_core.shell:Creating environment hook '/home/student/ros2_ws/install/l3xz_openmv_camera_interfaces/share/l3xz_openmv_camera_interfaces/hook/ld_library_path_lib.sh'
[1.194s] Level 1:colcon.colcon_core.environment:checking '/home/student/ros2_ws/install/l3xz_openmv_camera_interfaces/bin'
[1.194s] Level 1:colcon.colcon_core.environment:checking '/home/student/ros2_ws/install/l3xz_openmv_camera_interfaces/lib/pkgconfig/l3xz_openmv_camera_interfaces.pc'
[1.194s] Level 1:colcon.colcon_core.environment:checking '/home/student/ros2_ws/install/l3xz_openmv_camera_interfaces/lib/python3.10/site-packages'
[1.195s] Level 1:colcon.colcon_core.environment:checking '/home/student/ros2_ws/install/l3xz_openmv_camera_interfaces/bin'
[1.196s] INFO:colcon.colcon_core.shell:Creating package script '/home/student/ros2_ws/install/l3xz_openmv_camera_interfaces/share/l3xz_openmv_camera_interfaces/package.ps1'
[1.197s] INFO:colcon.colcon_core.shell:Creating package descriptor '/home/student/ros2_ws/install/l3xz_openmv_camera_interfaces/share/l3xz_openmv_camera_interfaces/package.dsv'
[1.198s] INFO:colcon.colcon_core.shell:Creating package script '/home/student/ros2_ws/install/l3xz_openmv_camera_interfaces/share/l3xz_openmv_camera_interfaces/package.sh'
[1.198s] INFO:colcon.colcon_core.shell:Creating package script '/home/student/ros2_ws/install/l3xz_openmv_camera_interfaces/share/l3xz_openmv_camera_interfaces/package.bash'
[1.198s] INFO:colcon.colcon_core.shell:Creating package script '/home/student/ros2_ws/install/l3xz_openmv_camera_interfaces/share/l3xz_openmv_camera_interfaces/package.zsh'
[1.199s] Level 1:colcon.colcon_core.environment:create_file_with_runtime_dependencies(/home/student/ros2_ws/install/l3xz_openmv_camera_interfaces/share/colcon-core/packages/l3xz_openmv_camera_interfaces)
[1.199s] INFO:colcon.colcon_ros.task.ament_python.build:Building ROS package in '/home/student/ros2_ws/src/l3xz_openmv_camera/l3xz_openmv_camera' with build type 'ament_python'
[1.199s] Level 1:colcon.colcon_core.shell:create_environment_hook('l3xz_openmv_camera', 'ament_prefix_path')
[1.201s] INFO:colcon.colcon_core.shell:Creating environment hook '/home/student/ros2_ws/install/l3xz_openmv_camera/share/l3xz_openmv_camera/hook/ament_prefix_path.ps1'
[1.202s] INFO:colcon.colcon_core.shell:Creating environment descriptor '/home/student/ros2_ws/install/l3xz_openmv_camera/share/l3xz_openmv_camera/hook/ament_prefix_path.dsv'
[1.202s] INFO:colcon.colcon_core.shell:Creating environment hook '/home/student/ros2_ws/install/l3xz_openmv_camera/share/l3xz_openmv_camera/hook/ament_prefix_path.sh'
[1.204s] INFO:colcon.colcon_core.shell:Skip shell extension 'powershell' for command environment: Not usable outside of PowerShell
[1.204s] DEBUG:colcon.colcon_core.shell:Skip shell extension 'dsv' for command environment
[1.462s] INFO:colcon.colcon_core.task.python.build:Building Python package in '/home/student/ros2_ws/src/l3xz_openmv_camera/l3xz_openmv_camera'
[1.463s] INFO:colcon.colcon_core.shell:Skip shell extension 'powershell' for command environment: Not usable outside of PowerShell
[1.463s] DEBUG:colcon.colcon_core.shell:Skip shell extension 'dsv' for command environment
[1.474s] Level 1:colcon.colcon_core.environment:checking '/home/student/ros2_ws/install/eced3901' for CMake module files
[1.474s] DEBUG:colcon.colcon_core.event_handler.log_command:Invoked command in '/home/student/ros2_ws/src/eced3901' returned '0': PYTHONPATH=/home/student/ros2_ws/build/eced3901/prefix_override:/home/student/ros2_ws/install/eced3901/lib/python3.10/site-packages:${PYTHONPATH} /usr/bin/python3 setup.py egg_info --egg-base ../../build/eced3901 build --build-base /home/student/ros2_ws/build/eced3901/build install --record /home/student/ros2_ws/build/eced3901/install.log --single-version-externally-managed
[1.475s] Level 1:colcon.colcon_core.environment:checking '/home/student/ros2_ws/install/eced3901' for CMake config files
[1.475s] Level 1:colcon.colcon_core.environment:checking '/home/student/ros2_ws/install/eced3901/lib'
[1.475s] Level 1:colcon.colcon_core.environment:checking '/home/student/ros2_ws/install/eced3901/bin'
[1.475s] Level 1:colcon.colcon_core.environment:checking '/home/student/ros2_ws/install/eced3901/lib/pkgconfig/eced3901.pc'
[1.475s] Level 1:colcon.colcon_core.environment:checking '/home/student/ros2_ws/install/eced3901/lib/python3.10/site-packages'
[1.476s] Level 1:colcon.colcon_core.shell:create_environment_hook('eced3901', 'pythonpath')
[1.477s] INFO:colcon.colcon_core.shell:Creating environment hook '/home/student/ros2_ws/install/eced3901/share/eced3901/hook/pythonpath.ps1'
[1.477s] INFO:colcon.colcon_core.shell:Creating environment descriptor '/home/student/ros2_ws/install/eced3901/share/eced3901/hook/pythonpath.dsv'
[1.477s] INFO:colcon.colcon_core.shell:Creating environment hook '/home/student/ros2_ws/install/eced3901/share/eced3901/hook/pythonpath.sh'
[1.478s] Level 1:colcon.colcon_core.environment:checking '/home/student/ros2_ws/install/eced3901/bin'
[1.478s] Level 1:colcon.colcon_core.environment:create_environment_scripts_only(eced3901)
[1.479s] INFO:colcon.colcon_core.shell:Creating package script '/home/student/ros2_ws/install/eced3901/share/eced3901/package.ps1'
[1.480s] INFO:colcon.colcon_core.shell:Creating package descriptor '/home/student/ros2_ws/install/eced3901/share/eced3901/package.dsv'
[1.480s] INFO:colcon.colcon_core.shell:Creating package script '/home/student/ros2_ws/install/eced3901/share/eced3901/package.sh'
[1.480s] INFO:colcon.colcon_core.shell:Creating package script '/home/student/ros2_ws/install/eced3901/share/eced3901/package.bash'
[1.481s] INFO:colcon.colcon_core.shell:Creating package script '/home/student/ros2_ws/install/eced3901/share/eced3901/package.zsh'
[1.481s] Level 1:colcon.colcon_core.environment:create_file_with_runtime_dependencies(/home/student/ros2_ws/install/eced3901/share/colcon-core/packages/eced3901)
[1.777s] DEBUG:colcon.colcon_core.event_handler.log_command:Invoking command in '/home/student/ros2_ws/src/l3xz_openmv_camera/l3xz_openmv_camera': PYTHONPATH=/home/student/ros2_ws/build/l3xz_openmv_camera/prefix_override:/home/student/ros2_ws/install/l3xz_openmv_camera/lib/python3.10/site-packages:${PYTHONPATH} /usr/bin/python3 setup.py egg_info --egg-base ../../../build/l3xz_openmv_camera build --build-base /home/student/ros2_ws/build/l3xz_openmv_camera/build install --record /home/student/ros2_ws/build/l3xz_openmv_camera/install.log --single-version-externally-managed
[2.037s] Level 1:colcon.colcon_core.environment:checking '/home/student/ros2_ws/install/l3xz_openmv_camera' for CMake module files
[2.038s] DEBUG:colcon.colcon_core.event_handler.log_command:Invoked command in '/home/student/ros2_ws/src/l3xz_openmv_camera/l3xz_openmv_camera' returned '0': PYTHONPATH=/home/student/ros2_ws/build/l3xz_openmv_camera/prefix_override:/home/student/ros2_ws/install/l3xz_openmv_camera/lib/python3.10/site-packages:${PYTHONPATH} /usr/bin/python3 setup.py egg_info --egg-base ../../../build/l3xz_openmv_camera build --build-base /home/student/ros2_ws/build/l3xz_openmv_camera/build install --record /home/student/ros2_ws/build/l3xz_openmv_camera/install.log --single-version-externally-managed
[2.038s] Level 1:colcon.colcon_core.environment:checking '/home/student/ros2_ws/install/l3xz_openmv_camera' for CMake config files
[2.038s] Level 1:colcon.colcon_core.environment:checking '/home/student/ros2_ws/install/l3xz_openmv_camera/lib'
[2.038s] Level 1:colcon.colcon_core.environment:checking '/home/student/ros2_ws/install/l3xz_openmv_camera/bin'
[2.039s] Level 1:colcon.colcon_core.environment:checking '/home/student/ros2_ws/install/l3xz_openmv_camera/lib/pkgconfig/l3xz_openmv_camera.pc'
[2.039s] Level 1:colcon.colcon_core.environment:checking '/home/student/ros2_ws/install/l3xz_openmv_camera/lib/python3.10/site-packages'
[2.039s] Level 1:colcon.colcon_core.shell:create_environment_hook('l3xz_openmv_camera', 'pythonpath')
[2.040s] INFO:colcon.colcon_core.shell:Creating environment hook '/home/student/ros2_ws/install/l3xz_openmv_camera/share/l3xz_openmv_camera/hook/pythonpath.ps1'
[2.040s] INFO:colcon.colcon_core.shell:Creating environment descriptor '/home/student/ros2_ws/install/l3xz_openmv_camera/share/l3xz_openmv_camera/hook/pythonpath.dsv'
[2.041s] INFO:colcon.colcon_core.shell:Creating environment hook '/home/student/ros2_ws/install/l3xz_openmv_camera/share/l3xz_openmv_camera/hook/pythonpath.sh'
[2.041s] Level 1:colcon.colcon_core.environment:checking '/home/student/ros2_ws/install/l3xz_openmv_camera/bin'
[2.041s] Level 1:colcon.colcon_core.environment:create_environment_scripts_only(l3xz_openmv_camera)
[2.042s] INFO:colcon.colcon_core.shell:Creating package script '/home/student/ros2_ws/install/l3xz_openmv_camera/share/l3xz_openmv_camera/package.ps1'
[2.043s] INFO:colcon.colcon_core.shell:Creating package descriptor '/home/student/ros2_ws/install/l3xz_openmv_camera/share/l3xz_openmv_camera/package.dsv'
[2.043s] INFO:colcon.colcon_core.shell:Creating package script '/home/student/ros2_ws/install/l3xz_openmv_camera/share/l3xz_openmv_camera/package.sh'
[2.043s] INFO:colcon.colcon_core.shell:Creating package script '/home/student/ros2_ws/install/l3xz_openmv_camera/share/l3xz_openmv_camera/package.bash'
[2.044s] INFO:colcon.colcon_core.shell:Creating package script '/home/student/ros2_ws/install/l3xz_openmv_camera/share/l3xz_openmv_camera/package.zsh'
[2.044s] Level 1:colcon.colcon_core.environment:create_file_with_runtime_dependencies(/home/student/ros2_ws/install/l3xz_openmv_camera/share/colcon-core/packages/l3xz_openmv_camera)
[2.044s] DEBUG:colcon.colcon_parallel_executor.executor.parallel:closing loop
[2.044s] DEBUG:colcon.colcon_parallel_executor.executor.parallel:loop closed
[2.044s] DEBUG:colcon.colcon_parallel_executor.executor.parallel:run_until_complete finished with '0'
[2.044s] DEBUG:colcon.colcon_core.event_reactor:joining thread
[2.049s] INFO:colcon.colcon_core.plugin_system:Skipping extension 'colcon_notification.desktop_notification.terminal_notifier': Not used on non-Darwin systems
[2.049s] INFO:colcon.colcon_core.plugin_system:Skipping extension 'colcon_notification.desktop_notification.win32': Not used on non-Windows systems
[2.049s] INFO:colcon.colcon_notification.desktop_notification:Sending desktop notification using 'notify2'
[2.061s] DEBUG:colcon.colcon_core.event_reactor:joined thread
[2.063s] INFO:colcon.colcon_core.shell:Creating prefix script '/home/student/ros2_ws/install/local_setup.ps1'
[2.064s] INFO:colcon.colcon_core.shell:Creating prefix util module '/home/student/ros2_ws/install/_local_setup_util_ps1.py'
[2.065s] INFO:colcon.colcon_core.shell:Creating prefix chain script '/home/student/ros2_ws/install/setup.ps1'
[2.066s] INFO:colcon.colcon_core.shell:Creating prefix script '/home/student/ros2_ws/install/local_setup.sh'
[2.067s] INFO:colcon.colcon_core.shell:Creating prefix util module '/home/student/ros2_ws/install/_local_setup_util_sh.py'
[2.068s] INFO:colcon.colcon_core.shell:Creating prefix chain script '/home/student/ros2_ws/install/setup.sh'
[2.070s] INFO:colcon.colcon_core.shell:Creating prefix script '/home/student/ros2_ws/install/local_setup.bash'
[2.070s] INFO:colcon.colcon_core.shell:Creating prefix chain script '/home/student/ros2_ws/install/setup.bash'
[2.072s] INFO:colcon.colcon_core.shell:Creating prefix script '/home/student/ros2_ws/install/local_setup.zsh'
[2.072s] INFO:colcon.colcon_core.shell:Creating prefix chain script '/home/student/ros2_ws/install/setup.zsh'
