[0.723s] Invoking command in '/home/student/ros2_ws/src/l3xz_openmv_camera/l3xz_openmv_camera': PYTHONPATH=/home/student/ros2_ws/build/l3xz_openmv_camera/prefix_override:/home/student/ros2_ws/install/l3xz_openmv_camera/lib/python3.10/site-packages:${PYTHONPATH} /usr/bin/python3 setup.py egg_info --egg-base ../../../build/l3xz_openmv_camera build --build-base /home/student/ros2_ws/build/l3xz_openmv_camera/build install --record /home/student/ros2_ws/build/l3xz_openmv_camera/install.log --single-version-externally-managed
[0.964s] running egg_info
[0.965s] writing ../../../build/l3xz_openmv_camera/l3xz_openmv_camera.egg-info/PKG-INFO
[0.965s] writing dependency_links to ../../../build/l3xz_openmv_camera/l3xz_openmv_camera.egg-info/dependency_links.txt
[0.966s] writing entry points to ../../../build/l3xz_openmv_camera/l3xz_openmv_camera.egg-info/entry_points.txt
[0.966s] writing requirements to ../../../build/l3xz_openmv_camera/l3xz_openmv_camera.egg-info/requires.txt
[0.966s] writing top-level names to ../../../build/l3xz_openmv_camera/l3xz_openmv_camera.egg-info/top_level.txt
[0.968s] reading manifest file '../../../build/l3xz_openmv_camera/l3xz_openmv_camera.egg-info/SOURCES.txt'
[0.968s] reading manifest template 'MANIFEST.in'
[0.969s] writing manifest file '../../../build/l3xz_openmv_camera/l3xz_openmv_camera.egg-info/SOURCES.txt'
[0.969s] running build
[0.969s] running build_py
[0.970s] running install
[0.971s] running install_lib
[0.974s] running install_data
[0.975s] running install_egg_info
[0.975s] removing '/home/student/ros2_ws/install/l3xz_openmv_camera/lib/python3.10/site-packages/l3xz_openmv_camera-1.0.0-py3.10.egg-info' (and everything under it)
[0.976s] Copying ../../../build/l3xz_openmv_camera/l3xz_openmv_camera.egg-info to /home/student/ros2_ws/install/l3xz_openmv_camera/lib/python3.10/site-packages/l3xz_openmv_camera-1.0.0-py3.10.egg-info
[0.977s] running install_scripts
[1.001s] Installing l3xz_openmv_camera script to /home/student/ros2_ws/install/l3xz_openmv_camera/lib/l3xz_openmv_camera
[1.001s] writing list of installed files to '/home/student/ros2_ws/build/l3xz_openmv_camera/install.log'
[1.030s] Invoked command in '/home/student/ros2_ws/src/l3xz_openmv_camera/l3xz_openmv_camera' returned '0': PYTHONPATH=/home/student/ros2_ws/build/l3xz_openmv_camera/prefix_override:/home/student/ros2_ws/install/l3xz_openmv_camera/lib/python3.10/site-packages:${PYTHONPATH} /usr/bin/python3 setup.py egg_info --egg-base ../../../build/l3xz_openmv_camera build --build-base /home/student/ros2_ws/build/l3xz_openmv_camera/build install --record /home/student/ros2_ws/build/l3xz_openmv_camera/install.log --single-version-externally-managed
