running egg_info
writing ../../build/eced3901/eced3901.egg-info/PKG-INFO
writing dependency_links to ../../build/eced3901/eced3901.egg-info/dependency_links.txt
writing entry points to ../../build/eced3901/eced3901.egg-info/entry_points.txt
writing requirements to ../../build/eced3901/eced3901.egg-info/requires.txt
writing top-level names to ../../build/eced3901/eced3901.egg-info/top_level.txt
reading manifest file '../../build/eced3901/eced3901.egg-info/SOURCES.txt'
writing manifest file '../../build/eced3901/eced3901.egg-info/SOURCES.txt'
running build
running build_py
copying eced3901/eced3901_dt1.py -> /home/student/ros2_ws/build/eced3901/build/lib/eced3901
copying eced3901/publisher_member_function.py -> /home/student/ros2_ws/build/eced3901/build/lib/eced3901
running install
running install_lib
copying /home/student/ros2_ws/build/eced3901/build/lib/eced3901/eced3901_dt1.py -> /home/student/ros2_ws/install/eced3901/lib/python3.10/site-packages/eced3901
copying /home/student/ros2_ws/build/eced3901/build/lib/eced3901/publisher_member_function.py -> /home/student/ros2_ws/install/eced3901/lib/python3.10/site-packages/eced3901
byte-compiling /home/student/ros2_ws/install/eced3901/lib/python3.10/site-packages/eced3901/eced3901_dt1.py to eced3901_dt1.cpython-310.pyc
byte-compiling /home/student/ros2_ws/install/eced3901/lib/python3.10/site-packages/eced3901/publisher_member_function.py to publisher_member_function.cpython-310.pyc
running install_data
copying launch/lab1.launch.py -> /home/student/ros2_ws/install/eced3901/share/eced3901/launch
copying worlds/eced3901_lab1.world -> /home/student/ros2_ws/install/eced3901/share/eced3901/worlds
running install_egg_info
removing '/home/student/ros2_ws/install/eced3901/lib/python3.10/site-packages/eced3901-0.0.0-py3.10.egg-info' (and everything under it)
Copying ../../build/eced3901/eced3901.egg-info to /home/student/ros2_ws/install/eced3901/lib/python3.10/site-packages/eced3901-0.0.0-py3.10.egg-info
running install_scripts
Installing dt1 script to /home/student/ros2_ws/install/eced3901/lib/eced3901
Installing talker script to /home/student/ros2_ws/install/eced3901/lib/eced3901
writing list of installed files to '/home/student/ros2_ws/build/eced3901/install.log'
