[1.159s] Invoking command in '/home/student/ros2_ws/src/eced3901': PYTHONPATH=/home/student/ros2_ws/build/eced3901/prefix_override:/home/student/ros2_ws/install/eced3901/lib/python3.10/site-packages:${PYTHONPATH} /usr/bin/python3 setup.py egg_info --egg-base ../../build/eced3901 build --build-base /home/student/ros2_ws/build/eced3901/build install --record /home/student/ros2_ws/build/eced3901/install.log --single-version-externally-managed
[1.412s] running egg_info
[1.413s] writing ../../build/eced3901/eced3901.egg-info/PKG-INFO
[1.413s] writing dependency_links to ../../build/eced3901/eced3901.egg-info/dependency_links.txt
[1.414s] writing entry points to ../../build/eced3901/eced3901.egg-info/entry_points.txt
[1.414s] writing requirements to ../../build/eced3901/eced3901.egg-info/requires.txt
[1.414s] writing top-level names to ../../build/eced3901/eced3901.egg-info/top_level.txt
[1.416s] reading manifest file '../../build/eced3901/eced3901.egg-info/SOURCES.txt'
[1.418s] writing manifest file '../../build/eced3901/eced3901.egg-info/SOURCES.txt'
[1.418s] running build
[1.418s] running build_py
[1.419s] copying eced3901/eced3901_dt1.py -> /home/student/ros2_ws/build/eced3901/build/lib/eced3901
[1.419s] copying eced3901/publisher_member_function.py -> /home/student/ros2_ws/build/eced3901/build/lib/eced3901
[1.419s] running install
[1.420s] running install_lib
[1.421s] copying /home/student/ros2_ws/build/eced3901/build/lib/eced3901/eced3901_dt1.py -> /home/student/ros2_ws/install/eced3901/lib/python3.10/site-packages/eced3901
[1.422s] copying /home/student/ros2_ws/build/eced3901/build/lib/eced3901/publisher_member_function.py -> /home/student/ros2_ws/install/eced3901/lib/python3.10/site-packages/eced3901
[1.422s] byte-compiling /home/student/ros2_ws/install/eced3901/lib/python3.10/site-packages/eced3901/eced3901_dt1.py to eced3901_dt1.cpython-310.pyc
[1.424s] byte-compiling /home/student/ros2_ws/install/eced3901/lib/python3.10/site-packages/eced3901/publisher_member_function.py to publisher_member_function.cpython-310.pyc
[1.425s] running install_data
[1.425s] copying launch/lab1.launch.py -> /home/student/ros2_ws/install/eced3901/share/eced3901/launch
[1.426s] copying worlds/eced3901_lab1.world -> /home/student/ros2_ws/install/eced3901/share/eced3901/worlds
[1.426s] running install_egg_info
[1.429s] removing '/home/student/ros2_ws/install/eced3901/lib/python3.10/site-packages/eced3901-0.0.0-py3.10.egg-info' (and everything under it)
[1.430s] Copying ../../build/eced3901/eced3901.egg-info to /home/student/ros2_ws/install/eced3901/lib/python3.10/site-packages/eced3901-0.0.0-py3.10.egg-info
[1.430s] running install_scripts
[1.455s] Installing dt1 script to /home/student/ros2_ws/install/eced3901/lib/eced3901
[1.456s] Installing talker script to /home/student/ros2_ws/install/eced3901/lib/eced3901
[1.456s] writing list of installed files to '/home/student/ros2_ws/build/eced3901/install.log'
[1.508s] Invoked command in '/home/student/ros2_ws/src/eced3901' returned '0': PYTHONPATH=/home/student/ros2_ws/build/eced3901/prefix_override:/home/student/ros2_ws/install/eced3901/lib/python3.10/site-packages:${PYTHONPATH} /usr/bin/python3 setup.py egg_info --egg-base ../../build/eced3901 build --build-base /home/student/ros2_ws/build/eced3901/build install --record /home/student/ros2_ws/build/eced3901/install.log --single-version-externally-managed
