/home/student/ros2_ws/src/install/eced3901_competition_2024/lib/python3.10/site-packages/eced3901_competition_2024/competition_publisher.py
/home/student/ros2_ws/src/install/eced3901_competition_2024/lib/python3.10/site-packages/eced3901_competition_2024/test_student_with_switch.py
/home/student/ros2_ws/src/install/eced3901_competition_2024/lib/python3.10/site-packages/eced3901_competition_2024/test_student.py
/home/student/ros2_ws/src/install/eced3901_competition_2024/lib/python3.10/site-packages/eced3901_competition_2024/__init__.py
/home/student/ros2_ws/src/install/eced3901_competition_2024/lib/python3.10/site-packages/eced3901_competition_2024/pose_listener.py
/home/student/ros2_ws/src/install/eced3901_competition_2024/lib/python3.10/site-packages/eced3901_competition_2024/__pycache__/competition_publisher.cpython-310.pyc
/home/student/ros2_ws/src/install/eced3901_competition_2024/lib/python3.10/site-packages/eced3901_competition_2024/__pycache__/test_student_with_switch.cpython-310.pyc
/home/student/ros2_ws/src/install/eced3901_competition_2024/lib/python3.10/site-packages/eced3901_competition_2024/__pycache__/test_student.cpython-310.pyc
/home/student/ros2_ws/src/install/eced3901_competition_2024/lib/python3.10/site-packages/eced3901_competition_2024/__pycache__/__init__.cpython-310.pyc
/home/student/ros2_ws/src/install/eced3901_competition_2024/lib/python3.10/site-packages/eced3901_competition_2024/__pycache__/pose_listener.cpython-310.pyc
/home/student/ros2_ws/src/install/eced3901_competition_2024/share/ament_index/resource_index/packages/eced3901_competition_2024
/home/student/ros2_ws/src/install/eced3901_competition_2024/share/eced3901_competition_2024/package.xml
/home/student/ros2_ws/src/install/eced3901_competition_2024/share/eced3901_competition_2024/launch/demo.launch.py
/home/student/ros2_ws/src/install/eced3901_competition_2024/share/eced3901_competition_2024/launch/team_11_launch.py
/home/student/ros2_ws/src/install/eced3901_competition_2024/share/eced3901_competition_2024/launch/team_15_launch.py
/home/student/ros2_ws/src/install/eced3901_competition_2024/lib/python3.10/site-packages/eced3901_competition_2024-0.0.0-py3.10.egg-info/entry_points.txt
/home/student/ros2_ws/src/install/eced3901_competition_2024/lib/python3.10/site-packages/eced3901_competition_2024-0.0.0-py3.10.egg-info/SOURCES.txt
/home/student/ros2_ws/src/install/eced3901_competition_2024/lib/python3.10/site-packages/eced3901_competition_2024-0.0.0-py3.10.egg-info/zip-safe
/home/student/ros2_ws/src/install/eced3901_competition_2024/lib/python3.10/site-packages/eced3901_competition_2024-0.0.0-py3.10.egg-info/PKG-INFO
/home/student/ros2_ws/src/install/eced3901_competition_2024/lib/python3.10/site-packages/eced3901_competition_2024-0.0.0-py3.10.egg-info/top_level.txt
/home/student/ros2_ws/src/install/eced3901_competition_2024/lib/python3.10/site-packages/eced3901_competition_2024-0.0.0-py3.10.egg-info/dependency_links.txt
/home/student/ros2_ws/src/install/eced3901_competition_2024/lib/python3.10/site-packages/eced3901_competition_2024-0.0.0-py3.10.egg-info/requires.txt
/home/student/ros2_ws/src/install/eced3901_competition_2024/lib/eced3901_competition_2024/competition_publisher
/home/student/ros2_ws/src/install/eced3901_competition_2024/lib/eced3901_competition_2024/pose_listener
/home/student/ros2_ws/src/install/eced3901_competition_2024/lib/eced3901_competition_2024/test_student
/home/student/ros2_ws/src/install/eced3901_competition_2024/lib/eced3901_competition_2024/test_student_with_switch
