[0.604s] Invoking command in '/home/student/ros2_ws/src/ECED3901-Competition-2024': PYTHONPATH=/home/student/ros2_ws/build/eced3901_competition_2024/prefix_override:/home/student/ros2_ws/install/eced3901_competition_2024/lib/python3.10/site-packages:${PYTHONPATH} /usr/bin/python3 setup.py egg_info --egg-base ../../build/eced3901_competition_2024 build --build-base /home/student/ros2_ws/build/eced3901_competition_2024/build install --record /home/student/ros2_ws/build/eced3901_competition_2024/install.log --single-version-externally-managed
[0.815s] running egg_info
[0.816s] creating ../../build/eced3901_competition_2024/eced3901_competition_2024.egg-info
[0.816s] writing ../../build/eced3901_competition_2024/eced3901_competition_2024.egg-info/PKG-INFO
[0.816s] writing dependency_links to ../../build/eced3901_competition_2024/eced3901_competition_2024.egg-info/dependency_links.txt
[0.817s] writing entry points to ../../build/eced3901_competition_2024/eced3901_competition_2024.egg-info/entry_points.txt
[0.817s] writing requirements to ../../build/eced3901_competition_2024/eced3901_competition_2024.egg-info/requires.txt
[0.817s] writing top-level names to ../../build/eced3901_competition_2024/eced3901_competition_2024.egg-info/top_level.txt
[0.817s] writing manifest file '../../build/eced3901_competition_2024/eced3901_competition_2024.egg-info/SOURCES.txt'
[0.818s] reading manifest file '../../build/eced3901_competition_2024/eced3901_competition_2024.egg-info/SOURCES.txt'
[0.819s] writing manifest file '../../build/eced3901_competition_2024/eced3901_competition_2024.egg-info/SOURCES.txt'
[0.819s] running build
[0.819s] running build_py
[0.819s] creating /home/student/ros2_ws/build/eced3901_competition_2024/build
[0.819s] creating /home/student/ros2_ws/build/eced3901_competition_2024/build/lib
[0.819s] creating /home/student/ros2_ws/build/eced3901_competition_2024/build/lib/eced3901_competition_2024
[0.820s] copying eced3901_competition_2024/competition_publisher.py -> /home/student/ros2_ws/build/eced3901_competition_2024/build/lib/eced3901_competition_2024
[0.821s] /usr/lib/python3/dist-packages/setuptools/command/install.py:34: SetuptoolsDeprecationWarning: setup.py install is deprecated. Use build and pip and other standards-based tools.
[0.821s]   warnings.warn(
[0.821s] copying eced3901_competition_2024/test_student_with_switch.py -> /home/student/ros2_ws/build/eced3901_competition_2024/build/lib/eced3901_competition_2024
[0.822s] copying eced3901_competition_2024/test_student.py -> /home/student/ros2_ws/build/eced3901_competition_2024/build/lib/eced3901_competition_2024
[0.822s] copying eced3901_competition_2024/__init__.py -> /home/student/ros2_ws/build/eced3901_competition_2024/build/lib/eced3901_competition_2024
[0.822s] copying eced3901_competition_2024/pose_listener.py -> /home/student/ros2_ws/build/eced3901_competition_2024/build/lib/eced3901_competition_2024
[0.822s] running install
[0.822s] running install_lib
[0.822s] creating /home/student/ros2_ws/install/eced3901_competition_2024/lib/python3.10/site-packages/eced3901_competition_2024
[0.822s] copying /home/student/ros2_ws/build/eced3901_competition_2024/build/lib/eced3901_competition_2024/competition_publisher.py -> /home/student/ros2_ws/install/eced3901_competition_2024/lib/python3.10/site-packages/eced3901_competition_2024
[0.822s] copying /home/student/ros2_ws/build/eced3901_competition_2024/build/lib/eced3901_competition_2024/test_student_with_switch.py -> /home/student/ros2_ws/install/eced3901_competition_2024/lib/python3.10/site-packages/eced3901_competition_2024
[0.822s] copying /home/student/ros2_ws/build/eced3901_competition_2024/build/lib/eced3901_competition_2024/test_student.py -> /home/student/ros2_ws/install/eced3901_competition_2024/lib/python3.10/site-packages/eced3901_competition_2024
[0.822s] copying /home/student/ros2_ws/build/eced3901_competition_2024/build/lib/eced3901_competition_2024/__init__.py -> /home/student/ros2_ws/install/eced3901_competition_2024/lib/python3.10/site-packages/eced3901_competition_2024
[0.822s] copying /home/student/ros2_ws/build/eced3901_competition_2024/build/lib/eced3901_competition_2024/pose_listener.py -> /home/student/ros2_ws/install/eced3901_competition_2024/lib/python3.10/site-packages/eced3901_competition_2024
[0.822s] byte-compiling /home/student/ros2_ws/install/eced3901_competition_2024/lib/python3.10/site-packages/eced3901_competition_2024/competition_publisher.py to competition_publisher.cpython-310.pyc
[0.823s] byte-compiling /home/student/ros2_ws/install/eced3901_competition_2024/lib/python3.10/site-packages/eced3901_competition_2024/test_student_with_switch.py to test_student_with_switch.cpython-310.pyc
[0.824s] byte-compiling /home/student/ros2_ws/install/eced3901_competition_2024/lib/python3.10/site-packages/eced3901_competition_2024/test_student.py to test_student.cpython-310.pyc
[0.824s] byte-compiling /home/student/ros2_ws/install/eced3901_competition_2024/lib/python3.10/site-packages/eced3901_competition_2024/__init__.py to __init__.cpython-310.pyc
[0.824s] byte-compiling /home/student/ros2_ws/install/eced3901_competition_2024/lib/python3.10/site-packages/eced3901_competition_2024/pose_listener.py to pose_listener.cpython-310.pyc
[0.825s] running install_data
[0.825s] creating /home/student/ros2_ws/install/eced3901_competition_2024/share/ament_index
[0.825s] creating /home/student/ros2_ws/install/eced3901_competition_2024/share/ament_index/resource_index
[0.825s] creating /home/student/ros2_ws/install/eced3901_competition_2024/share/ament_index/resource_index/packages
[0.825s] copying resource/eced3901_competition_2024 -> /home/student/ros2_ws/install/eced3901_competition_2024/share/ament_index/resource_index/packages
[0.826s] copying package.xml -> /home/student/ros2_ws/install/eced3901_competition_2024/share/eced3901_competition_2024
[0.826s] creating /home/student/ros2_ws/install/eced3901_competition_2024/share/eced3901_competition_2024/launch
[0.826s] copying launch/demo.launch.py -> /home/student/ros2_ws/install/eced3901_competition_2024/share/eced3901_competition_2024/launch
[0.826s] copying launch/team_11_launch.py -> /home/student/ros2_ws/install/eced3901_competition_2024/share/eced3901_competition_2024/launch
[0.826s] copying launch/team_15_launch.py -> /home/student/ros2_ws/install/eced3901_competition_2024/share/eced3901_competition_2024/launch
[0.826s] running install_egg_info
[0.827s] Copying ../../build/eced3901_competition_2024/eced3901_competition_2024.egg-info to /home/student/ros2_ws/install/eced3901_competition_2024/lib/python3.10/site-packages/eced3901_competition_2024-0.0.0-py3.10.egg-info
[0.828s] running install_scripts
[0.850s] Installing competition_publisher script to /home/student/ros2_ws/install/eced3901_competition_2024/lib/eced3901_competition_2024
[0.850s] Installing pose_listener script to /home/student/ros2_ws/install/eced3901_competition_2024/lib/eced3901_competition_2024
[0.850s] Installing test_student script to /home/student/ros2_ws/install/eced3901_competition_2024/lib/eced3901_competition_2024
[0.850s] Installing test_student_with_switch script to /home/student/ros2_ws/install/eced3901_competition_2024/lib/eced3901_competition_2024
[0.851s] writing list of installed files to '/home/student/ros2_ws/build/eced3901_competition_2024/install.log'
[0.878s] Invoked command in '/home/student/ros2_ws/src/ECED3901-Competition-2024' returned '0': PYTHONPATH=/home/student/ros2_ws/build/eced3901_competition_2024/prefix_override:/home/student/ros2_ws/install/eced3901_competition_2024/lib/python3.10/site-packages:${PYTHONPATH} /usr/bin/python3 setup.py egg_info --egg-base ../../build/eced3901_competition_2024 build --build-base /home/student/ros2_ws/build/eced3901_competition_2024/build install --record /home/student/ros2_ws/build/eced3901_competition_2024/install.log --single-version-externally-managed
