[0.039s] Invoking command in '/home/student/ros2_ws/build/l3xz_openmv_camera_interfaces': CMAKE_PREFIX_PATH=${CMAKE_PREFIX_PATH}:/home/student/motor_ws/install/dalmotor:/home/student/ros2_ws/install/test-3901:/home/student/ros2_ws/install/l3xz_openmv_camera:/home/student/ros2_ws/install/eced3901_competition_2024:/home/student/ros2_ws/install/eced3901:/home/student/imu_ws/install/bno055:/opt/ros/humble /usr/bin/cmake --build /home/student/ros2_ws/build/l3xz_openmv_camera_interfaces -- -j4 -l4
[0.105s] [  1%] Built target l3xz_openmv_camera_interfaces__cpp
[0.117s] [ 12%] Built target l3xz_openmv_camera_interfaces__rosidl_generator_c
[0.146s] [ 12%] Built target ament_cmake_python_copy_l3xz_openmv_camera_interfaces
[0.158s] [ 23%] Built target l3xz_openmv_camera_interfaces__rosidl_typesupport_fastrtps_cpp
[0.193s] [ 34%] Built target l3xz_openmv_camera_interfaces__rosidl_typesupport_introspection_cpp
[0.193s] [ 45%] Built target l3xz_openmv_camera_interfaces__rosidl_typesupport_fastrtps_c
[0.217s] [ 56%] Built target l3xz_openmv_camera_interfaces__rosidl_typesupport_c
[0.220s] [ 67%] Built target l3xz_openmv_camera_interfaces__rosidl_typesupport_introspection_c
[0.260s] [ 78%] Built target l3xz_openmv_camera_interfaces__rosidl_typesupport_cpp
[0.282s] [ 78%] Built target l3xz_openmv_camera_interfaces
[0.310s] [ 80%] Built target l3xz_openmv_camera_interfaces__py
[0.353s] [ 89%] Built target l3xz_openmv_camera_interfaces__rosidl_generator_py
[0.407s] [ 92%] Built target l3xz_openmv_camera_interfaces__rosidl_typesupport_fastrtps_c__pyext
[0.475s] [ 96%] Built target l3xz_openmv_camera_interfaces__rosidl_typesupport_c__pyext
[0.545s] [100%] Built target l3xz_openmv_camera_interfaces__rosidl_typesupport_introspection_c__pyext
[0.749s] running egg_info
[0.750s] writing l3xz_openmv_camera_interfaces.egg-info/PKG-INFO
[0.750s] writing dependency_links to l3xz_openmv_camera_interfaces.egg-info/dependency_links.txt
[0.751s] writing top-level names to l3xz_openmv_camera_interfaces.egg-info/top_level.txt
[0.754s] reading manifest file 'l3xz_openmv_camera_interfaces.egg-info/SOURCES.txt'
[0.755s] writing manifest file 'l3xz_openmv_camera_interfaces.egg-info/SOURCES.txt'
[0.806s] [100%] Built target ament_cmake_python_build_l3xz_openmv_camera_interfaces_egg
[0.819s] Invoked command in '/home/student/ros2_ws/build/l3xz_openmv_camera_interfaces' returned '0': CMAKE_PREFIX_PATH=${CMAKE_PREFIX_PATH}:/home/student/motor_ws/install/dalmotor:/home/student/ros2_ws/install/test-3901:/home/student/ros2_ws/install/l3xz_openmv_camera:/home/student/ros2_ws/install/eced3901_competition_2024:/home/student/ros2_ws/install/eced3901:/home/student/imu_ws/install/bno055:/opt/ros/humble /usr/bin/cmake --build /home/student/ros2_ws/build/l3xz_openmv_camera_interfaces -- -j4 -l4
[1.088s] Invoking command in '/home/student/ros2_ws/build/l3xz_openmv_camera_interfaces': CMAKE_PREFIX_PATH=${CMAKE_PREFIX_PATH}:/home/student/motor_ws/install/dalmotor:/home/student/ros2_ws/install/test-3901:/home/student/ros2_ws/install/l3xz_openmv_camera:/home/student/ros2_ws/install/eced3901_competition_2024:/home/student/ros2_ws/install/eced3901:/home/student/imu_ws/install/bno055:/opt/ros/humble /usr/bin/cmake --install /home/student/ros2_ws/build/l3xz_openmv_camera_interfaces
[1.108s] -- Install configuration: ""
[1.108s] -- Up-to-date: /home/student/ros2_ws/install/l3xz_openmv_camera_interfaces/share/ament_index/resource_index/rosidl_interfaces/l3xz_openmv_camera_interfaces
[1.108s] -- Up-to-date: /home/student/ros2_ws/install/l3xz_openmv_camera_interfaces/include/l3xz_openmv_camera_interfaces/l3xz_openmv_camera_interfaces
[1.108s] -- Up-to-date: /home/student/ros2_ws/install/l3xz_openmv_camera_interfaces/include/l3xz_openmv_camera_interfaces/l3xz_openmv_camera_interfaces/srv
[1.108s] -- Up-to-date: /home/student/ros2_ws/install/l3xz_openmv_camera_interfaces/include/l3xz_openmv_camera_interfaces/l3xz_openmv_camera_interfaces/srv/detail
[1.108s] -- Up-to-date: /home/student/ros2_ws/install/l3xz_openmv_camera_interfaces/include/l3xz_openmv_camera_interfaces/l3xz_openmv_camera_interfaces/srv/detail/rgb__functions.c
[1.108s] -- Up-to-date: /home/student/ros2_ws/install/l3xz_openmv_camera_interfaces/include/l3xz_openmv_camera_interfaces/l3xz_openmv_camera_interfaces/srv/detail/gpio_set__functions.h
[1.108s] -- Up-to-date: /home/student/ros2_ws/install/l3xz_openmv_camera_interfaces/include/l3xz_openmv_camera_interfaces/l3xz_openmv_camera_interfaces/srv/detail/gpio__functions.c
[1.108s] -- Up-to-date: /home/student/ros2_ws/install/l3xz_openmv_camera_interfaces/include/l3xz_openmv_camera_interfaces/l3xz_openmv_camera_interfaces/srv/detail/rgb__type_support.h
[1.108s] -- Up-to-date: /home/student/ros2_ws/install/l3xz_openmv_camera_interfaces/include/l3xz_openmv_camera_interfaces/l3xz_openmv_camera_interfaces/srv/detail/ir__struct.h
[1.109s] -- Up-to-date: /home/student/ros2_ws/install/l3xz_openmv_camera_interfaces/include/l3xz_openmv_camera_interfaces/l3xz_openmv_camera_interfaces/srv/detail/ir__type_support.h
[1.109s] -- Up-to-date: /home/student/ros2_ws/install/l3xz_openmv_camera_interfaces/include/l3xz_openmv_camera_interfaces/l3xz_openmv_camera_interfaces/srv/detail/gpio__struct.h
[1.109s] -- Up-to-date: /home/student/ros2_ws/install/l3xz_openmv_camera_interfaces/include/l3xz_openmv_camera_interfaces/l3xz_openmv_camera_interfaces/srv/detail/rgb__functions.h
[1.109s] -- Up-to-date: /home/student/ros2_ws/install/l3xz_openmv_camera_interfaces/include/l3xz_openmv_camera_interfaces/l3xz_openmv_camera_interfaces/srv/detail/gpio__type_support.h
[1.109s] -- Up-to-date: /home/student/ros2_ws/install/l3xz_openmv_camera_interfaces/include/l3xz_openmv_camera_interfaces/l3xz_openmv_camera_interfaces/srv/detail/rgb__struct.h
[1.109s] -- Up-to-date: /home/student/ros2_ws/install/l3xz_openmv_camera_interfaces/include/l3xz_openmv_camera_interfaces/l3xz_openmv_camera_interfaces/srv/detail/gpio_set__type_support.h
[1.109s] -- Up-to-date: /home/student/ros2_ws/install/l3xz_openmv_camera_interfaces/include/l3xz_openmv_camera_interfaces/l3xz_openmv_camera_interfaces/srv/detail/ir__functions.h
[1.109s] -- Up-to-date: /home/student/ros2_ws/install/l3xz_openmv_camera_interfaces/include/l3xz_openmv_camera_interfaces/l3xz_openmv_camera_interfaces/srv/detail/gpio__functions.h
[1.109s] -- Up-to-date: /home/student/ros2_ws/install/l3xz_openmv_camera_interfaces/include/l3xz_openmv_camera_interfaces/l3xz_openmv_camera_interfaces/srv/detail/gpio_set__struct.h
[1.109s] -- Up-to-date: /home/student/ros2_ws/install/l3xz_openmv_camera_interfaces/include/l3xz_openmv_camera_interfaces/l3xz_openmv_camera_interfaces/srv/detail/gpio_set__functions.c
[1.109s] -- Up-to-date: /home/student/ros2_ws/install/l3xz_openmv_camera_interfaces/include/l3xz_openmv_camera_interfaces/l3xz_openmv_camera_interfaces/srv/detail/ir__functions.c
[1.109s] -- Up-to-date: /home/student/ros2_ws/install/l3xz_openmv_camera_interfaces/include/l3xz_openmv_camera_interfaces/l3xz_openmv_camera_interfaces/srv/ir.h
[1.110s] -- Up-to-date: /home/student/ros2_ws/install/l3xz_openmv_camera_interfaces/include/l3xz_openmv_camera_interfaces/l3xz_openmv_camera_interfaces/srv/gpio.h
[1.110s] -- Up-to-date: /home/student/ros2_ws/install/l3xz_openmv_camera_interfaces/include/l3xz_openmv_camera_interfaces/l3xz_openmv_camera_interfaces/srv/gpio_set.h
[1.110s] -- Up-to-date: /home/student/ros2_ws/install/l3xz_openmv_camera_interfaces/include/l3xz_openmv_camera_interfaces/l3xz_openmv_camera_interfaces/srv/rgb.h
[1.110s] -- Up-to-date: /home/student/ros2_ws/install/l3xz_openmv_camera_interfaces/include/l3xz_openmv_camera_interfaces/l3xz_openmv_camera_interfaces/msg
[1.110s] -- Up-to-date: /home/student/ros2_ws/install/l3xz_openmv_camera_interfaces/include/l3xz_openmv_camera_interfaces/l3xz_openmv_camera_interfaces/msg/rosidl_generator_c__visibility_control.h
[1.110s] -- Up-to-date: /home/student/ros2_ws/install/l3xz_openmv_camera_interfaces/share/l3xz_openmv_camera_interfaces/environment/library_path.sh
[1.110s] -- Up-to-date: /home/student/ros2_ws/install/l3xz_openmv_camera_interfaces/share/l3xz_openmv_camera_interfaces/environment/library_path.dsv
[1.110s] -- Up-to-date: /home/student/ros2_ws/install/l3xz_openmv_camera_interfaces/lib/libl3xz_openmv_camera_interfaces__rosidl_generator_c.so
[1.110s] -- Up-to-date: /home/student/ros2_ws/install/l3xz_openmv_camera_interfaces/include/l3xz_openmv_camera_interfaces/l3xz_openmv_camera_interfaces
[1.110s] -- Up-to-date: /home/student/ros2_ws/install/l3xz_openmv_camera_interfaces/include/l3xz_openmv_camera_interfaces/l3xz_openmv_camera_interfaces/srv
[1.110s] -- Up-to-date: /home/student/ros2_ws/install/l3xz_openmv_camera_interfaces/include/l3xz_openmv_camera_interfaces/l3xz_openmv_camera_interfaces/srv/detail
[1.110s] -- Up-to-date: /home/student/ros2_ws/install/l3xz_openmv_camera_interfaces/include/l3xz_openmv_camera_interfaces/l3xz_openmv_camera_interfaces/srv/detail/gpio__rosidl_typesupport_fastrtps_c.h
[1.110s] -- Up-to-date: /home/student/ros2_ws/install/l3xz_openmv_camera_interfaces/include/l3xz_openmv_camera_interfaces/l3xz_openmv_camera_interfaces/srv/detail/ir__rosidl_typesupport_fastrtps_c.h
[1.111s] -- Up-to-date: /home/student/ros2_ws/install/l3xz_openmv_camera_interfaces/include/l3xz_openmv_camera_interfaces/l3xz_openmv_camera_interfaces/srv/detail/rgb__rosidl_typesupport_fastrtps_c.h
[1.111s] -- Up-to-date: /home/student/ros2_ws/install/l3xz_openmv_camera_interfaces/include/l3xz_openmv_camera_interfaces/l3xz_openmv_camera_interfaces/srv/detail/gpio_set__rosidl_typesupport_fastrtps_c.h
[1.111s] -- Up-to-date: /home/student/ros2_ws/install/l3xz_openmv_camera_interfaces/include/l3xz_openmv_camera_interfaces/l3xz_openmv_camera_interfaces/msg
[1.111s] -- Up-to-date: /home/student/ros2_ws/install/l3xz_openmv_camera_interfaces/include/l3xz_openmv_camera_interfaces/l3xz_openmv_camera_interfaces/msg/rosidl_typesupport_fastrtps_c__visibility_control.h
[1.111s] -- Up-to-date: /home/student/ros2_ws/install/l3xz_openmv_camera_interfaces/lib/libl3xz_openmv_camera_interfaces__rosidl_typesupport_fastrtps_c.so
[1.111s] -- Up-to-date: /home/student/ros2_ws/install/l3xz_openmv_camera_interfaces/include/l3xz_openmv_camera_interfaces/l3xz_openmv_camera_interfaces
[1.111s] -- Up-to-date: /home/student/ros2_ws/install/l3xz_openmv_camera_interfaces/include/l3xz_openmv_camera_interfaces/l3xz_openmv_camera_interfaces/srv
[1.111s] -- Up-to-date: /home/student/ros2_ws/install/l3xz_openmv_camera_interfaces/include/l3xz_openmv_camera_interfaces/l3xz_openmv_camera_interfaces/srv/detail
[1.111s] -- Up-to-date: /home/student/ros2_ws/install/l3xz_openmv_camera_interfaces/include/l3xz_openmv_camera_interfaces/l3xz_openmv_camera_interfaces/srv/detail/rgb__type_support.c
[1.111s] -- Up-to-date: /home/student/ros2_ws/install/l3xz_openmv_camera_interfaces/include/l3xz_openmv_camera_interfaces/l3xz_openmv_camera_interfaces/srv/detail/ir__type_support.c
[1.111s] -- Up-to-date: /home/student/ros2_ws/install/l3xz_openmv_camera_interfaces/include/l3xz_openmv_camera_interfaces/l3xz_openmv_camera_interfaces/srv/detail/gpio__rosidl_typesupport_introspection_c.h
[1.111s] -- Up-to-date: /home/student/ros2_ws/install/l3xz_openmv_camera_interfaces/include/l3xz_openmv_camera_interfaces/l3xz_openmv_camera_interfaces/srv/detail/rgb__rosidl_typesupport_introspection_c.h
[1.112s] -- Up-to-date: /home/student/ros2_ws/install/l3xz_openmv_camera_interfaces/include/l3xz_openmv_camera_interfaces/l3xz_openmv_camera_interfaces/srv/detail/gpio__type_support.c
[1.113s] -- Up-to-date: /home/student/ros2_ws/install/l3xz_openmv_camera_interfaces/include/l3xz_openmv_camera_interfaces/l3xz_openmv_camera_interfaces/srv/detail/gpio_set__rosidl_typesupport_introspection_c.h
[1.113s] -- Up-to-date: /home/student/ros2_ws/install/l3xz_openmv_camera_interfaces/include/l3xz_openmv_camera_interfaces/l3xz_openmv_camera_interfaces/srv/detail/ir__rosidl_typesupport_introspection_c.h
[1.113s] -- Up-to-date: /home/student/ros2_ws/install/l3xz_openmv_camera_interfaces/include/l3xz_openmv_camera_interfaces/l3xz_openmv_camera_interfaces/srv/detail/gpio_set__type_support.c
[1.113s] -- Up-to-date: /home/student/ros2_ws/install/l3xz_openmv_camera_interfaces/include/l3xz_openmv_camera_interfaces/l3xz_openmv_camera_interfaces/msg
[1.113s] -- Up-to-date: /home/student/ros2_ws/install/l3xz_openmv_camera_interfaces/include/l3xz_openmv_camera_interfaces/l3xz_openmv_camera_interfaces/msg/rosidl_typesupport_introspection_c__visibility_control.h
[1.113s] -- Up-to-date: /home/student/ros2_ws/install/l3xz_openmv_camera_interfaces/lib/libl3xz_openmv_camera_interfaces__rosidl_typesupport_introspection_c.so
[1.113s] -- Up-to-date: /home/student/ros2_ws/install/l3xz_openmv_camera_interfaces/lib/libl3xz_openmv_camera_interfaces__rosidl_typesupport_c.so
[1.113s] -- Up-to-date: /home/student/ros2_ws/install/l3xz_openmv_camera_interfaces/include/l3xz_openmv_camera_interfaces/l3xz_openmv_camera_interfaces
[1.114s] -- Up-to-date: /home/student/ros2_ws/install/l3xz_openmv_camera_interfaces/include/l3xz_openmv_camera_interfaces/l3xz_openmv_camera_interfaces/srv
[1.114s] -- Up-to-date: /home/student/ros2_ws/install/l3xz_openmv_camera_interfaces/include/l3xz_openmv_camera_interfaces/l3xz_openmv_camera_interfaces/srv/detail
[1.114s] -- Up-to-date: /home/student/ros2_ws/install/l3xz_openmv_camera_interfaces/include/l3xz_openmv_camera_interfaces/l3xz_openmv_camera_interfaces/srv/detail/gpio__traits.hpp
[1.114s] -- Up-to-date: /home/student/ros2_ws/install/l3xz_openmv_camera_interfaces/include/l3xz_openmv_camera_interfaces/l3xz_openmv_camera_interfaces/srv/detail/gpio_set__traits.hpp
[1.114s] -- Up-to-date: /home/student/ros2_ws/install/l3xz_openmv_camera_interfaces/include/l3xz_openmv_camera_interfaces/l3xz_openmv_camera_interfaces/srv/detail/gpio_set__struct.hpp
[1.114s] -- Up-to-date: /home/student/ros2_ws/install/l3xz_openmv_camera_interfaces/include/l3xz_openmv_camera_interfaces/l3xz_openmv_camera_interfaces/srv/detail/ir__builder.hpp
[1.114s] -- Up-to-date: /home/student/ros2_ws/install/l3xz_openmv_camera_interfaces/include/l3xz_openmv_camera_interfaces/l3xz_openmv_camera_interfaces/srv/detail/ir__traits.hpp
[1.119s] -- Up-to-date: /home/student/ros2_ws/install/l3xz_openmv_camera_interfaces/include/l3xz_openmv_camera_interfaces/l3xz_openmv_camera_interfaces/srv/detail/gpio__struct.hpp
[1.119s] -- Up-to-date: /home/student/ros2_ws/install/l3xz_openmv_camera_interfaces/include/l3xz_openmv_camera_interfaces/l3xz_openmv_camera_interfaces/srv/detail/rgb__builder.hpp
[1.121s] -- Up-to-date: /home/student/ros2_ws/install/l3xz_openmv_camera_interfaces/include/l3xz_openmv_camera_interfaces/l3xz_openmv_camera_interfaces/srv/detail/rgb__struct.hpp
[1.122s] -- Up-to-date: /home/student/ros2_ws/install/l3xz_openmv_camera_interfaces/include/l3xz_openmv_camera_interfaces/l3xz_openmv_camera_interfaces/srv/detail/gpio__builder.hpp
[1.122s] -- Up-to-date: /home/student/ros2_ws/install/l3xz_openmv_camera_interfaces/include/l3xz_openmv_camera_interfaces/l3xz_openmv_camera_interfaces/srv/detail/ir__struct.hpp
[1.122s] -- Up-to-date: /home/student/ros2_ws/install/l3xz_openmv_camera_interfaces/include/l3xz_openmv_camera_interfaces/l3xz_openmv_camera_interfaces/srv/detail/gpio_set__builder.hpp
[1.122s] -- Up-to-date: /home/student/ros2_ws/install/l3xz_openmv_camera_interfaces/include/l3xz_openmv_camera_interfaces/l3xz_openmv_camera_interfaces/srv/detail/rgb__traits.hpp
[1.122s] -- Up-to-date: /home/student/ros2_ws/install/l3xz_openmv_camera_interfaces/include/l3xz_openmv_camera_interfaces/l3xz_openmv_camera_interfaces/srv/gpio.hpp
[1.122s] -- Up-to-date: /home/student/ros2_ws/install/l3xz_openmv_camera_interfaces/include/l3xz_openmv_camera_interfaces/l3xz_openmv_camera_interfaces/srv/rgb.hpp
[1.122s] -- Up-to-date: /home/student/ros2_ws/install/l3xz_openmv_camera_interfaces/include/l3xz_openmv_camera_interfaces/l3xz_openmv_camera_interfaces/srv/ir.hpp
[1.122s] -- Up-to-date: /home/student/ros2_ws/install/l3xz_openmv_camera_interfaces/include/l3xz_openmv_camera_interfaces/l3xz_openmv_camera_interfaces/srv/gpio_set.hpp
[1.122s] -- Up-to-date: /home/student/ros2_ws/install/l3xz_openmv_camera_interfaces/include/l3xz_openmv_camera_interfaces/l3xz_openmv_camera_interfaces
[1.123s] -- Up-to-date: /home/student/ros2_ws/install/l3xz_openmv_camera_interfaces/include/l3xz_openmv_camera_interfaces/l3xz_openmv_camera_interfaces/srv
[1.123s] -- Up-to-date: /home/student/ros2_ws/install/l3xz_openmv_camera_interfaces/include/l3xz_openmv_camera_interfaces/l3xz_openmv_camera_interfaces/srv/detail
[1.123s] -- Up-to-date: /home/student/ros2_ws/install/l3xz_openmv_camera_interfaces/include/l3xz_openmv_camera_interfaces/l3xz_openmv_camera_interfaces/srv/detail/dds_fastrtps
[1.123s] -- Up-to-date: /home/student/ros2_ws/install/l3xz_openmv_camera_interfaces/include/l3xz_openmv_camera_interfaces/l3xz_openmv_camera_interfaces/srv/detail/ir__rosidl_typesupport_fastrtps_cpp.hpp
[1.123s] -- Up-to-date: /home/student/ros2_ws/install/l3xz_openmv_camera_interfaces/include/l3xz_openmv_camera_interfaces/l3xz_openmv_camera_interfaces/srv/detail/gpio_set__rosidl_typesupport_fastrtps_cpp.hpp
[1.123s] -- Up-to-date: /home/student/ros2_ws/install/l3xz_openmv_camera_interfaces/include/l3xz_openmv_camera_interfaces/l3xz_openmv_camera_interfaces/srv/detail/gpio__rosidl_typesupport_fastrtps_cpp.hpp
[1.123s] -- Up-to-date: /home/student/ros2_ws/install/l3xz_openmv_camera_interfaces/include/l3xz_openmv_camera_interfaces/l3xz_openmv_camera_interfaces/srv/detail/rgb__rosidl_typesupport_fastrtps_cpp.hpp
[1.123s] -- Up-to-date: /home/student/ros2_ws/install/l3xz_openmv_camera_interfaces/include/l3xz_openmv_camera_interfaces/l3xz_openmv_camera_interfaces/msg
[1.124s] -- Up-to-date: /home/student/ros2_ws/install/l3xz_openmv_camera_interfaces/include/l3xz_openmv_camera_interfaces/l3xz_openmv_camera_interfaces/msg/rosidl_typesupport_fastrtps_cpp__visibility_control.h
[1.124s] -- Up-to-date: /home/student/ros2_ws/install/l3xz_openmv_camera_interfaces/lib/libl3xz_openmv_camera_interfaces__rosidl_typesupport_fastrtps_cpp.so
[1.124s] -- Up-to-date: /home/student/ros2_ws/install/l3xz_openmv_camera_interfaces/include/l3xz_openmv_camera_interfaces/l3xz_openmv_camera_interfaces
[1.124s] -- Up-to-date: /home/student/ros2_ws/install/l3xz_openmv_camera_interfaces/include/l3xz_openmv_camera_interfaces/l3xz_openmv_camera_interfaces/srv
[1.124s] -- Up-to-date: /home/student/ros2_ws/install/l3xz_openmv_camera_interfaces/include/l3xz_openmv_camera_interfaces/l3xz_openmv_camera_interfaces/srv/detail
[1.124s] -- Up-to-date: /home/student/ros2_ws/install/l3xz_openmv_camera_interfaces/include/l3xz_openmv_camera_interfaces/l3xz_openmv_camera_interfaces/srv/detail/gpio__rosidl_typesupport_introspection_cpp.hpp
[1.125s] -- Up-to-date: /home/student/ros2_ws/install/l3xz_openmv_camera_interfaces/include/l3xz_openmv_camera_interfaces/l3xz_openmv_camera_interfaces/srv/detail/gpio__type_support.cpp
[1.125s] -- Up-to-date: /home/student/ros2_ws/install/l3xz_openmv_camera_interfaces/include/l3xz_openmv_camera_interfaces/l3xz_openmv_camera_interfaces/srv/detail/ir__type_support.cpp
[1.125s] -- Up-to-date: /home/student/ros2_ws/install/l3xz_openmv_camera_interfaces/include/l3xz_openmv_camera_interfaces/l3xz_openmv_camera_interfaces/srv/detail/rgb__type_support.cpp
[1.125s] -- Up-to-date: /home/student/ros2_ws/install/l3xz_openmv_camera_interfaces/include/l3xz_openmv_camera_interfaces/l3xz_openmv_camera_interfaces/srv/detail/gpio_set__rosidl_typesupport_introspection_cpp.hpp
[1.125s] -- Up-to-date: /home/student/ros2_ws/install/l3xz_openmv_camera_interfaces/include/l3xz_openmv_camera_interfaces/l3xz_openmv_camera_interfaces/srv/detail/gpio_set__type_support.cpp
[1.125s] -- Up-to-date: /home/student/ros2_ws/install/l3xz_openmv_camera_interfaces/include/l3xz_openmv_camera_interfaces/l3xz_openmv_camera_interfaces/srv/detail/ir__rosidl_typesupport_introspection_cpp.hpp
[1.125s] -- Up-to-date: /home/student/ros2_ws/install/l3xz_openmv_camera_interfaces/include/l3xz_openmv_camera_interfaces/l3xz_openmv_camera_interfaces/srv/detail/rgb__rosidl_typesupport_introspection_cpp.hpp
[1.125s] -- Up-to-date: /home/student/ros2_ws/install/l3xz_openmv_camera_interfaces/lib/libl3xz_openmv_camera_interfaces__rosidl_typesupport_introspection_cpp.so
[1.125s] -- Up-to-date: /home/student/ros2_ws/install/l3xz_openmv_camera_interfaces/lib/libl3xz_openmv_camera_interfaces__rosidl_typesupport_cpp.so
[1.126s] -- Up-to-date: /home/student/ros2_ws/install/l3xz_openmv_camera_interfaces/share/l3xz_openmv_camera_interfaces/environment/pythonpath.sh
[1.126s] -- Up-to-date: /home/student/ros2_ws/install/l3xz_openmv_camera_interfaces/share/l3xz_openmv_camera_interfaces/environment/pythonpath.dsv
[1.126s] -- Up-to-date: /home/student/ros2_ws/install/l3xz_openmv_camera_interfaces/local/lib/python3.10/dist-packages/l3xz_openmv_camera_interfaces-1.0.0-py3.10.egg-info
[1.126s] -- Installing: /home/student/ros2_ws/install/l3xz_openmv_camera_interfaces/local/lib/python3.10/dist-packages/l3xz_openmv_camera_interfaces-1.0.0-py3.10.egg-info/SOURCES.txt
[1.126s] -- Installing: /home/student/ros2_ws/install/l3xz_openmv_camera_interfaces/local/lib/python3.10/dist-packages/l3xz_openmv_camera_interfaces-1.0.0-py3.10.egg-info/PKG-INFO
[1.126s] -- Installing: /home/student/ros2_ws/install/l3xz_openmv_camera_interfaces/local/lib/python3.10/dist-packages/l3xz_openmv_camera_interfaces-1.0.0-py3.10.egg-info/top_level.txt
[1.126s] -- Installing: /home/student/ros2_ws/install/l3xz_openmv_camera_interfaces/local/lib/python3.10/dist-packages/l3xz_openmv_camera_interfaces-1.0.0-py3.10.egg-info/dependency_links.txt
[1.126s] -- Up-to-date: /home/student/ros2_ws/install/l3xz_openmv_camera_interfaces/local/lib/python3.10/dist-packages/l3xz_openmv_camera_interfaces
[1.126s] -- Up-to-date: /home/student/ros2_ws/install/l3xz_openmv_camera_interfaces/local/lib/python3.10/dist-packages/l3xz_openmv_camera_interfaces/srv
[1.126s] -- Up-to-date: /home/student/ros2_ws/install/l3xz_openmv_camera_interfaces/local/lib/python3.10/dist-packages/l3xz_openmv_camera_interfaces/srv/_gpio_set.py
[1.126s] -- Up-to-date: /home/student/ros2_ws/install/l3xz_openmv_camera_interfaces/local/lib/python3.10/dist-packages/l3xz_openmv_camera_interfaces/srv/_gpio_s.c
[1.126s] -- Up-to-date: /home/student/ros2_ws/install/l3xz_openmv_camera_interfaces/local/lib/python3.10/dist-packages/l3xz_openmv_camera_interfaces/srv/_rgb.py
[1.127s] -- Up-to-date: /home/student/ros2_ws/install/l3xz_openmv_camera_interfaces/local/lib/python3.10/dist-packages/l3xz_openmv_camera_interfaces/srv/_ir_s.c
[1.127s] -- Up-to-date: /home/student/ros2_ws/install/l3xz_openmv_camera_interfaces/local/lib/python3.10/dist-packages/l3xz_openmv_camera_interfaces/srv/_gpio_set_s.c
[1.127s] -- Up-to-date: /home/student/ros2_ws/install/l3xz_openmv_camera_interfaces/local/lib/python3.10/dist-packages/l3xz_openmv_camera_interfaces/srv/__init__.py
[1.127s] -- Up-to-date: /home/student/ros2_ws/install/l3xz_openmv_camera_interfaces/local/lib/python3.10/dist-packages/l3xz_openmv_camera_interfaces/srv/_ir.py
[1.127s] -- Up-to-date: /home/student/ros2_ws/install/l3xz_openmv_camera_interfaces/local/lib/python3.10/dist-packages/l3xz_openmv_camera_interfaces/srv/_rgb_s.c
[1.127s] -- Up-to-date: /home/student/ros2_ws/install/l3xz_openmv_camera_interfaces/local/lib/python3.10/dist-packages/l3xz_openmv_camera_interfaces/srv/_gpio.py
[1.127s] -- Up-to-date: /home/student/ros2_ws/install/l3xz_openmv_camera_interfaces/local/lib/python3.10/dist-packages/l3xz_openmv_camera_interfaces/_l3xz_openmv_camera_interfaces_s.ep.rosidl_typesupport_c.c
[1.127s] -- Up-to-date: /home/student/ros2_ws/install/l3xz_openmv_camera_interfaces/local/lib/python3.10/dist-packages/l3xz_openmv_camera_interfaces/_l3xz_openmv_camera_interfaces_s.ep.rosidl_typesupport_fastrtps_c.c
[1.127s] -- Up-to-date: /home/student/ros2_ws/install/l3xz_openmv_camera_interfaces/local/lib/python3.10/dist-packages/l3xz_openmv_camera_interfaces/__init__.py
[1.127s] -- Up-to-date: /home/student/ros2_ws/install/l3xz_openmv_camera_interfaces/local/lib/python3.10/dist-packages/l3xz_openmv_camera_interfaces/l3xz_openmv_camera_interfaces_s__rosidl_typesupport_fastrtps_c.cpython-310-x86_64-linux-gnu.so
[1.133s] -- Up-to-date: /home/student/ros2_ws/install/l3xz_openmv_camera_interfaces/local/lib/python3.10/dist-packages/l3xz_openmv_camera_interfaces/libl3xz_openmv_camera_interfaces__rosidl_generator_py.so
[1.133s] -- Up-to-date: /home/student/ros2_ws/install/l3xz_openmv_camera_interfaces/local/lib/python3.10/dist-packages/l3xz_openmv_camera_interfaces/l3xz_openmv_camera_interfaces_s__rosidl_typesupport_c.cpython-310-x86_64-linux-gnu.so
[1.133s] -- Up-to-date: /home/student/ros2_ws/install/l3xz_openmv_camera_interfaces/local/lib/python3.10/dist-packages/l3xz_openmv_camera_interfaces/_l3xz_openmv_camera_interfaces_s.ep.rosidl_typesupport_introspection_c.c
[1.133s] -- Up-to-date: /home/student/ros2_ws/install/l3xz_openmv_camera_interfaces/local/lib/python3.10/dist-packages/l3xz_openmv_camera_interfaces/l3xz_openmv_camera_interfaces_s__rosidl_typesupport_introspection_c.cpython-310-x86_64-linux-gnu.so
[1.234s] Listing '/home/student/ros2_ws/install/l3xz_openmv_camera_interfaces/local/lib/python3.10/dist-packages/l3xz_openmv_camera_interfaces'...
[1.234s] Listing '/home/student/ros2_ws/install/l3xz_openmv_camera_interfaces/local/lib/python3.10/dist-packages/l3xz_openmv_camera_interfaces/srv'...
[1.252s] -- Up-to-date: /home/student/ros2_ws/install/l3xz_openmv_camera_interfaces/local/lib/python3.10/dist-packages/l3xz_openmv_camera_interfaces/l3xz_openmv_camera_interfaces_s__rosidl_typesupport_fastrtps_c.cpython-310-x86_64-linux-gnu.so
[1.252s] -- Up-to-date: /home/student/ros2_ws/install/l3xz_openmv_camera_interfaces/local/lib/python3.10/dist-packages/l3xz_openmv_camera_interfaces/l3xz_openmv_camera_interfaces_s__rosidl_typesupport_introspection_c.cpython-310-x86_64-linux-gnu.so
[1.252s] -- Up-to-date: /home/student/ros2_ws/install/l3xz_openmv_camera_interfaces/local/lib/python3.10/dist-packages/l3xz_openmv_camera_interfaces/l3xz_openmv_camera_interfaces_s__rosidl_typesupport_c.cpython-310-x86_64-linux-gnu.so
[1.253s] -- Up-to-date: /home/student/ros2_ws/install/l3xz_openmv_camera_interfaces/lib/libl3xz_openmv_camera_interfaces__rosidl_generator_py.so
[1.253s] -- Up-to-date: /home/student/ros2_ws/install/l3xz_openmv_camera_interfaces/share/l3xz_openmv_camera_interfaces/srv/Gpio.idl
[1.253s] -- Up-to-date: /home/student/ros2_ws/install/l3xz_openmv_camera_interfaces/share/l3xz_openmv_camera_interfaces/srv/GpioSet.idl
[1.253s] -- Up-to-date: /home/student/ros2_ws/install/l3xz_openmv_camera_interfaces/share/l3xz_openmv_camera_interfaces/srv/Ir.idl
[1.253s] -- Up-to-date: /home/student/ros2_ws/install/l3xz_openmv_camera_interfaces/share/l3xz_openmv_camera_interfaces/srv/Rgb.idl
[1.253s] -- Up-to-date: /home/student/ros2_ws/install/l3xz_openmv_camera_interfaces/share/l3xz_openmv_camera_interfaces/srv/Gpio.srv
[1.253s] -- Up-to-date: /home/student/ros2_ws/install/l3xz_openmv_camera_interfaces/share/l3xz_openmv_camera_interfaces/srv/Gpio_Request.msg
[1.254s] -- Up-to-date: /home/student/ros2_ws/install/l3xz_openmv_camera_interfaces/share/l3xz_openmv_camera_interfaces/srv/Gpio_Response.msg
[1.254s] -- Up-to-date: /home/student/ros2_ws/install/l3xz_openmv_camera_interfaces/share/l3xz_openmv_camera_interfaces/srv/GpioSet.srv
[1.254s] -- Up-to-date: /home/student/ros2_ws/install/l3xz_openmv_camera_interfaces/share/l3xz_openmv_camera_interfaces/srv/GpioSet_Request.msg
[1.254s] -- Up-to-date: /home/student/ros2_ws/install/l3xz_openmv_camera_interfaces/share/l3xz_openmv_camera_interfaces/srv/GpioSet_Response.msg
[1.254s] -- Up-to-date: /home/student/ros2_ws/install/l3xz_openmv_camera_interfaces/share/l3xz_openmv_camera_interfaces/srv/Ir.srv
[1.254s] -- Up-to-date: /home/student/ros2_ws/install/l3xz_openmv_camera_interfaces/share/l3xz_openmv_camera_interfaces/srv/Ir_Request.msg
[1.254s] -- Up-to-date: /home/student/ros2_ws/install/l3xz_openmv_camera_interfaces/share/l3xz_openmv_camera_interfaces/srv/Ir_Response.msg
[1.254s] -- Up-to-date: /home/student/ros2_ws/install/l3xz_openmv_camera_interfaces/share/l3xz_openmv_camera_interfaces/srv/Rgb.srv
[1.255s] -- Up-to-date: /home/student/ros2_ws/install/l3xz_openmv_camera_interfaces/share/l3xz_openmv_camera_interfaces/srv/Rgb_Request.msg
[1.255s] -- Up-to-date: /home/student/ros2_ws/install/l3xz_openmv_camera_interfaces/share/l3xz_openmv_camera_interfaces/srv/Rgb_Response.msg
[1.255s] -- Up-to-date: /home/student/ros2_ws/install/l3xz_openmv_camera_interfaces/share/ament_index/resource_index/package_run_dependencies/l3xz_openmv_camera_interfaces
[1.255s] -- Up-to-date: /home/student/ros2_ws/install/l3xz_openmv_camera_interfaces/share/ament_index/resource_index/parent_prefix_path/l3xz_openmv_camera_interfaces
[1.255s] -- Up-to-date: /home/student/ros2_ws/install/l3xz_openmv_camera_interfaces/share/l3xz_openmv_camera_interfaces/environment/ament_prefix_path.sh
[1.256s] -- Up-to-date: /home/student/ros2_ws/install/l3xz_openmv_camera_interfaces/share/l3xz_openmv_camera_interfaces/environment/ament_prefix_path.dsv
[1.256s] -- Up-to-date: /home/student/ros2_ws/install/l3xz_openmv_camera_interfaces/share/l3xz_openmv_camera_interfaces/environment/path.sh
[1.256s] -- Up-to-date: /home/student/ros2_ws/install/l3xz_openmv_camera_interfaces/share/l3xz_openmv_camera_interfaces/environment/path.dsv
[1.256s] -- Up-to-date: /home/student/ros2_ws/install/l3xz_openmv_camera_interfaces/share/l3xz_openmv_camera_interfaces/local_setup.bash
[1.256s] -- Up-to-date: /home/student/ros2_ws/install/l3xz_openmv_camera_interfaces/share/l3xz_openmv_camera_interfaces/local_setup.sh
[1.256s] -- Up-to-date: /home/student/ros2_ws/install/l3xz_openmv_camera_interfaces/share/l3xz_openmv_camera_interfaces/local_setup.zsh
[1.256s] -- Up-to-date: /home/student/ros2_ws/install/l3xz_openmv_camera_interfaces/share/l3xz_openmv_camera_interfaces/local_setup.dsv
[1.256s] -- Installing: /home/student/ros2_ws/install/l3xz_openmv_camera_interfaces/share/l3xz_openmv_camera_interfaces/package.dsv
[1.256s] -- Up-to-date: /home/student/ros2_ws/install/l3xz_openmv_camera_interfaces/share/ament_index/resource_index/packages/l3xz_openmv_camera_interfaces
[1.256s] -- Up-to-date: /home/student/ros2_ws/install/l3xz_openmv_camera_interfaces/share/l3xz_openmv_camera_interfaces/cmake/export_l3xz_openmv_camera_interfaces__rosidl_generator_cExport.cmake
[1.257s] -- Up-to-date: /home/student/ros2_ws/install/l3xz_openmv_camera_interfaces/share/l3xz_openmv_camera_interfaces/cmake/export_l3xz_openmv_camera_interfaces__rosidl_generator_cExport-noconfig.cmake
[1.257s] -- Up-to-date: /home/student/ros2_ws/install/l3xz_openmv_camera_interfaces/share/l3xz_openmv_camera_interfaces/cmake/export_l3xz_openmv_camera_interfaces__rosidl_typesupport_fastrtps_cExport.cmake
[1.257s] -- Up-to-date: /home/student/ros2_ws/install/l3xz_openmv_camera_interfaces/share/l3xz_openmv_camera_interfaces/cmake/export_l3xz_openmv_camera_interfaces__rosidl_typesupport_fastrtps_cExport-noconfig.cmake
[1.257s] -- Up-to-date: /home/student/ros2_ws/install/l3xz_openmv_camera_interfaces/share/l3xz_openmv_camera_interfaces/cmake/l3xz_openmv_camera_interfaces__rosidl_typesupport_introspection_cExport.cmake
[1.257s] -- Up-to-date: /home/student/ros2_ws/install/l3xz_openmv_camera_interfaces/share/l3xz_openmv_camera_interfaces/cmake/l3xz_openmv_camera_interfaces__rosidl_typesupport_introspection_cExport-noconfig.cmake
[1.257s] -- Up-to-date: /home/student/ros2_ws/install/l3xz_openmv_camera_interfaces/share/l3xz_openmv_camera_interfaces/cmake/l3xz_openmv_camera_interfaces__rosidl_typesupport_cExport.cmake
[1.257s] -- Up-to-date: /home/student/ros2_ws/install/l3xz_openmv_camera_interfaces/share/l3xz_openmv_camera_interfaces/cmake/l3xz_openmv_camera_interfaces__rosidl_typesupport_cExport-noconfig.cmake
[1.257s] -- Up-to-date: /home/student/ros2_ws/install/l3xz_openmv_camera_interfaces/share/l3xz_openmv_camera_interfaces/cmake/export_l3xz_openmv_camera_interfaces__rosidl_generator_cppExport.cmake
[1.273s] -- Up-to-date: /home/student/ros2_ws/install/l3xz_openmv_camera_interfaces/share/l3xz_openmv_camera_interfaces/cmake/export_l3xz_openmv_camera_interfaces__rosidl_typesupport_fastrtps_cppExport.cmake
[1.273s] -- Up-to-date: /home/student/ros2_ws/install/l3xz_openmv_camera_interfaces/share/l3xz_openmv_camera_interfaces/cmake/export_l3xz_openmv_camera_interfaces__rosidl_typesupport_fastrtps_cppExport-noconfig.cmake
[1.274s] -- Up-to-date: /home/student/ros2_ws/install/l3xz_openmv_camera_interfaces/share/l3xz_openmv_camera_interfaces/cmake/l3xz_openmv_camera_interfaces__rosidl_typesupport_introspection_cppExport.cmake
[1.274s] -- Up-to-date: /home/student/ros2_ws/install/l3xz_openmv_camera_interfaces/share/l3xz_openmv_camera_interfaces/cmake/l3xz_openmv_camera_interfaces__rosidl_typesupport_introspection_cppExport-noconfig.cmake
[1.274s] -- Up-to-date: /home/student/ros2_ws/install/l3xz_openmv_camera_interfaces/share/l3xz_openmv_camera_interfaces/cmake/l3xz_openmv_camera_interfaces__rosidl_typesupport_cppExport.cmake
[1.274s] -- Up-to-date: /home/student/ros2_ws/install/l3xz_openmv_camera_interfaces/share/l3xz_openmv_camera_interfaces/cmake/l3xz_openmv_camera_interfaces__rosidl_typesupport_cppExport-noconfig.cmake
[1.274s] -- Up-to-date: /home/student/ros2_ws/install/l3xz_openmv_camera_interfaces/share/l3xz_openmv_camera_interfaces/cmake/export_l3xz_openmv_camera_interfaces__rosidl_generator_pyExport.cmake
[1.274s] -- Up-to-date: /home/student/ros2_ws/install/l3xz_openmv_camera_interfaces/share/l3xz_openmv_camera_interfaces/cmake/export_l3xz_openmv_camera_interfaces__rosidl_generator_pyExport-noconfig.cmake
[1.274s] -- Up-to-date: /home/student/ros2_ws/install/l3xz_openmv_camera_interfaces/share/l3xz_openmv_camera_interfaces/cmake/rosidl_cmake-extras.cmake
[1.274s] -- Up-to-date: /home/student/ros2_ws/install/l3xz_openmv_camera_interfaces/share/l3xz_openmv_camera_interfaces/cmake/ament_cmake_export_dependencies-extras.cmake
[1.274s] -- Up-to-date: /home/student/ros2_ws/install/l3xz_openmv_camera_interfaces/share/l3xz_openmv_camera_interfaces/cmake/ament_cmake_export_include_directories-extras.cmake
[1.274s] -- Up-to-date: /home/student/ros2_ws/install/l3xz_openmv_camera_interfaces/share/l3xz_openmv_camera_interfaces/cmake/ament_cmake_export_libraries-extras.cmake
[1.275s] -- Up-to-date: /home/student/ros2_ws/install/l3xz_openmv_camera_interfaces/share/l3xz_openmv_camera_interfaces/cmake/ament_cmake_export_targets-extras.cmake
[1.275s] -- Up-to-date: /home/student/ros2_ws/install/l3xz_openmv_camera_interfaces/share/l3xz_openmv_camera_interfaces/cmake/rosidl_cmake_export_typesupport_targets-extras.cmake
[1.275s] -- Up-to-date: /home/student/ros2_ws/install/l3xz_openmv_camera_interfaces/share/l3xz_openmv_camera_interfaces/cmake/rosidl_cmake_export_typesupport_libraries-extras.cmake
[1.275s] -- Up-to-date: /home/student/ros2_ws/install/l3xz_openmv_camera_interfaces/share/l3xz_openmv_camera_interfaces/cmake/l3xz_openmv_camera_interfacesConfig.cmake
[1.275s] -- Up-to-date: /home/student/ros2_ws/install/l3xz_openmv_camera_interfaces/share/l3xz_openmv_camera_interfaces/cmake/l3xz_openmv_camera_interfacesConfig-version.cmake
[1.275s] -- Up-to-date: /home/student/ros2_ws/install/l3xz_openmv_camera_interfaces/share/l3xz_openmv_camera_interfaces/package.xml
[1.275s] Invoked command in '/home/student/ros2_ws/build/l3xz_openmv_camera_interfaces' returned '0': CMAKE_PREFIX_PATH=${CMAKE_PREFIX_PATH}:/home/student/motor_ws/install/dalmotor:/home/student/ros2_ws/install/test-3901:/home/student/ros2_ws/install/l3xz_openmv_camera:/home/student/ros2_ws/install/eced3901_competition_2024:/home/student/ros2_ws/install/eced3901:/home/student/imu_ws/install/bno055:/opt/ros/humble /usr/bin/cmake --install /home/student/ros2_ws/build/l3xz_openmv_camera_interfaces
