[0.445s] DEBUG:colcon:Command line arguments: ['/usr/bin/colcon', 'build']
[0.445s] DEBUG:colcon:Parsed command line arguments: Namespace(log_base=None, log_level=None, verb_name='build', build_base='build', install_base='install', merge_install=False, symlink_install=False, test_result_base=None, continue_on_error=False, executor='parallel', parallel_workers=4, event_handlers=None, ignore_user_meta=False, metas=['./colcon.meta'], base_paths=['.'], packages_ignore=None, packages_ignore_regex=None, paths=None, packages_up_to=None, packages_up_to_regex=None, packages_above=None, packages_above_and_dependencies=None, packages_above_depth=None, packages_select_by_dep=None, packages_skip_by_dep=None, packages_skip_up_to=None, packages_select_build_failed=False, packages_skip_build_finished=False, packages_select_test_failures=False, packages_skip_test_passed=False, packages_select=None, packages_skip=None, packages_select_regex=None, packages_skip_regex=None, packages_start=None, packages_end=None, allow_overriding=[], cmake_args=None, cmake_target=None, cmake_target_skip_unavailable=False, cmake_clean_cache=False, cmake_clean_first=False, cmake_force_configure=False, ament_cmake_args=None, catkin_cmake_args=None, catkin_skip_building_tests=False, verb_parser=<colcon_defaults.argument_parser.defaults.DefaultArgumentsDecorator object at 0x7fd35a0a3b20>, verb_extension=<colcon_core.verb.build.BuildVerb object at 0x7fd35a8ee080>, main=<bound method BuildVerb.main of <colcon_core.verb.build.BuildVerb object at 0x7fd35a8ee080>>)
[0.503s] Level 1:colcon.colcon_core.package_discovery:discover_packages(colcon_meta) check parameters
[0.503s] Level 1:colcon.colcon_core.package_discovery:discover_packages(recursive) check parameters
[0.503s] Level 1:colcon.colcon_core.package_discovery:discover_packages(ignore) check parameters
[0.503s] Level 1:colcon.colcon_core.package_discovery:discover_packages(path) check parameters
[0.504s] Level 1:colcon.colcon_core.package_discovery:discover_packages(colcon_meta) discover
[0.504s] Level 1:colcon.colcon_core.package_discovery:discover_packages(recursive) discover
[0.504s] INFO:colcon.colcon_core.package_discovery:Crawling recursively for packages in '/home/student/ros2_ws'
[0.504s] Level 1:colcon.colcon_core.package_identification:_identify(.) by extensions ['ignore', 'ignore_ament_install']
[0.504s] Level 1:colcon.colcon_core.package_identification:_identify(.) by extension 'ignore'
[0.504s] Level 1:colcon.colcon_core.package_identification:_identify(.) by extension 'ignore_ament_install'
[0.504s] Level 1:colcon.colcon_core.package_identification:_identify(.) by extensions ['colcon_pkg']
[0.504s] Level 1:colcon.colcon_core.package_identification:_identify(.) by extension 'colcon_pkg'
[0.505s] Level 1:colcon.colcon_core.package_identification:_identify(.) by extensions ['colcon_meta']
[0.505s] Level 1:colcon.colcon_core.package_identification:_identify(.) by extension 'colcon_meta'
[0.505s] Level 1:colcon.colcon_core.package_identification:_identify(.) by extensions ['ros']
[0.505s] Level 1:colcon.colcon_core.package_identification:_identify(.) by extension 'ros'
[0.523s] Level 1:colcon.colcon_core.package_identification:_identify(.) by extensions ['cmake', 'python']
[0.523s] Level 1:colcon.colcon_core.package_identification:_identify(.) by extension 'cmake'
[0.523s] Level 1:colcon.colcon_core.package_identification:_identify(.) by extension 'python'
[0.523s] Level 1:colcon.colcon_core.package_identification:_identify(.) by extensions ['python_setup_py']
[0.523s] Level 1:colcon.colcon_core.package_identification:_identify(.) by extension 'python_setup_py'
[0.523s] Level 1:colcon.colcon_core.package_identification:_identify(build) by extensions ['ignore', 'ignore_ament_install']
[0.523s] Level 1:colcon.colcon_core.package_identification:_identify(build) by extension 'ignore'
[0.523s] Level 1:colcon.colcon_core.package_identification:_identify(build) ignored
[0.524s] Level 1:colcon.colcon_core.package_identification:_identify(install) by extensions ['ignore', 'ignore_ament_install']
[0.524s] Level 1:colcon.colcon_core.package_identification:_identify(install) by extension 'ignore'
[0.524s] Level 1:colcon.colcon_core.package_identification:_identify(install) ignored
[0.524s] Level 1:colcon.colcon_core.package_identification:_identify(log) by extensions ['ignore', 'ignore_ament_install']
[0.524s] Level 1:colcon.colcon_core.package_identification:_identify(log) by extension 'ignore'
[0.525s] Level 1:colcon.colcon_core.package_identification:_identify(log) ignored
[0.525s] Level 1:colcon.colcon_core.package_identification:_identify(src) by extensions ['ignore', 'ignore_ament_install']
[0.525s] Level 1:colcon.colcon_core.package_identification:_identify(src) by extension 'ignore'
[0.525s] Level 1:colcon.colcon_core.package_identification:_identify(src) by extension 'ignore_ament_install'
[0.525s] Level 1:colcon.colcon_core.package_identification:_identify(src) by extensions ['colcon_pkg']
[0.525s] Level 1:colcon.colcon_core.package_identification:_identify(src) by extension 'colcon_pkg'
[0.525s] Level 1:colcon.colcon_core.package_identification:_identify(src) by extensions ['colcon_meta']
[0.525s] Level 1:colcon.colcon_core.package_identification:_identify(src) by extension 'colcon_meta'
[0.525s] Level 1:colcon.colcon_core.package_identification:_identify(src) by extensions ['ros']
[0.525s] Level 1:colcon.colcon_core.package_identification:_identify(src) by extension 'ros'
[0.525s] Level 1:colcon.colcon_core.package_identification:_identify(src) by extensions ['cmake', 'python']
[0.525s] Level 1:colcon.colcon_core.package_identification:_identify(src) by extension 'cmake'
[0.525s] Level 1:colcon.colcon_core.package_identification:_identify(src) by extension 'python'
[0.525s] Level 1:colcon.colcon_core.package_identification:_identify(src) by extensions ['python_setup_py']
[0.525s] Level 1:colcon.colcon_core.package_identification:_identify(src) by extension 'python_setup_py'
[0.526s] Level 1:colcon.colcon_core.package_identification:_identify(src/build) by extensions ['ignore', 'ignore_ament_install']
[0.526s] Level 1:colcon.colcon_core.package_identification:_identify(src/build) by extension 'ignore'
[0.526s] Level 1:colcon.colcon_core.package_identification:_identify(src/build) ignored
[0.526s] Level 1:colcon.colcon_core.package_identification:_identify(src/eced3901) by extensions ['ignore', 'ignore_ament_install']
[0.526s] Level 1:colcon.colcon_core.package_identification:_identify(src/eced3901) by extension 'ignore'
[0.526s] Level 1:colcon.colcon_core.package_identification:_identify(src/eced3901) by extension 'ignore_ament_install'
[0.526s] Level 1:colcon.colcon_core.package_identification:_identify(src/eced3901) by extensions ['colcon_pkg']
[0.526s] Level 1:colcon.colcon_core.package_identification:_identify(src/eced3901) by extension 'colcon_pkg'
[0.526s] Level 1:colcon.colcon_core.package_identification:_identify(src/eced3901) by extensions ['colcon_meta']
[0.526s] Level 1:colcon.colcon_core.package_identification:_identify(src/eced3901) by extension 'colcon_meta'
[0.526s] Level 1:colcon.colcon_core.package_identification:_identify(src/eced3901) by extensions ['ros']
[0.526s] Level 1:colcon.colcon_core.package_identification:_identify(src/eced3901) by extension 'ros'
[0.531s] DEBUG:colcon.colcon_core.package_identification:Package 'src/eced3901' with type 'ros.ament_python' and name 'eced3901'
[0.531s] Level 1:colcon.colcon_core.package_identification:_identify(src/install) by extensions ['ignore', 'ignore_ament_install']
[0.531s] Level 1:colcon.colcon_core.package_identification:_identify(src/install) by extension 'ignore'
[0.531s] Level 1:colcon.colcon_core.package_identification:_identify(src/install) ignored
[0.531s] Level 1:colcon.colcon_core.package_identification:_identify(src/l3xz_openmv_camera) by extensions ['ignore', 'ignore_ament_install']
[0.531s] Level 1:colcon.colcon_core.package_identification:_identify(src/l3xz_openmv_camera) by extension 'ignore'
[0.531s] Level 1:colcon.colcon_core.package_identification:_identify(src/l3xz_openmv_camera) by extension 'ignore_ament_install'
[0.531s] Level 1:colcon.colcon_core.package_identification:_identify(src/l3xz_openmv_camera) by extensions ['colcon_pkg']
[0.532s] Level 1:colcon.colcon_core.package_identification:_identify(src/l3xz_openmv_camera) by extension 'colcon_pkg'
[0.532s] Level 1:colcon.colcon_core.package_identification:_identify(src/l3xz_openmv_camera) by extensions ['colcon_meta']
[0.532s] Level 1:colcon.colcon_core.package_identification:_identify(src/l3xz_openmv_camera) by extension 'colcon_meta'
[0.532s] Level 1:colcon.colcon_core.package_identification:_identify(src/l3xz_openmv_camera) by extensions ['ros']
[0.532s] Level 1:colcon.colcon_core.package_identification:_identify(src/l3xz_openmv_camera) by extension 'ros'
[0.532s] Level 1:colcon.colcon_core.package_identification:_identify(src/l3xz_openmv_camera) by extensions ['cmake', 'python']
[0.532s] Level 1:colcon.colcon_core.package_identification:_identify(src/l3xz_openmv_camera) by extension 'cmake'
[0.532s] Level 1:colcon.colcon_core.package_identification:_identify(src/l3xz_openmv_camera) by extension 'python'
[0.532s] Level 1:colcon.colcon_core.package_identification:_identify(src/l3xz_openmv_camera) by extensions ['python_setup_py']
[0.532s] Level 1:colcon.colcon_core.package_identification:_identify(src/l3xz_openmv_camera) by extension 'python_setup_py'
[0.532s] Level 1:colcon.colcon_core.package_identification:_identify(src/l3xz_openmv_camera/camera_script) by extensions ['ignore', 'ignore_ament_install']
[0.532s] Level 1:colcon.colcon_core.package_identification:_identify(src/l3xz_openmv_camera/camera_script) by extension 'ignore'
[0.532s] Level 1:colcon.colcon_core.package_identification:_identify(src/l3xz_openmv_camera/camera_script) by extension 'ignore_ament_install'
[0.532s] Level 1:colcon.colcon_core.package_identification:_identify(src/l3xz_openmv_camera/camera_script) by extensions ['colcon_pkg']
[0.532s] Level 1:colcon.colcon_core.package_identification:_identify(src/l3xz_openmv_camera/camera_script) by extension 'colcon_pkg'
[0.532s] Level 1:colcon.colcon_core.package_identification:_identify(src/l3xz_openmv_camera/camera_script) by extensions ['colcon_meta']
[0.532s] Level 1:colcon.colcon_core.package_identification:_identify(src/l3xz_openmv_camera/camera_script) by extension 'colcon_meta'
[0.532s] Level 1:colcon.colcon_core.package_identification:_identify(src/l3xz_openmv_camera/camera_script) by extensions ['ros']
[0.533s] Level 1:colcon.colcon_core.package_identification:_identify(src/l3xz_openmv_camera/camera_script) by extension 'ros'
[0.533s] Level 1:colcon.colcon_core.package_identification:_identify(src/l3xz_openmv_camera/camera_script) by extensions ['cmake', 'python']
[0.533s] Level 1:colcon.colcon_core.package_identification:_identify(src/l3xz_openmv_camera/camera_script) by extension 'cmake'
[0.533s] Level 1:colcon.colcon_core.package_identification:_identify(src/l3xz_openmv_camera/camera_script) by extension 'python'
[0.533s] Level 1:colcon.colcon_core.package_identification:_identify(src/l3xz_openmv_camera/camera_script) by extensions ['python_setup_py']
[0.533s] Level 1:colcon.colcon_core.package_identification:_identify(src/l3xz_openmv_camera/camera_script) by extension 'python_setup_py'
[0.533s] Level 1:colcon.colcon_core.package_identification:_identify(src/l3xz_openmv_camera/doc) by extensions ['ignore', 'ignore_ament_install']
[0.533s] Level 1:colcon.colcon_core.package_identification:_identify(src/l3xz_openmv_camera/doc) by extension 'ignore'
[0.533s] Level 1:colcon.colcon_core.package_identification:_identify(src/l3xz_openmv_camera/doc) by extension 'ignore_ament_install'
[0.533s] Level 1:colcon.colcon_core.package_identification:_identify(src/l3xz_openmv_camera/doc) by extensions ['colcon_pkg']
[0.533s] Level 1:colcon.colcon_core.package_identification:_identify(src/l3xz_openmv_camera/doc) by extension 'colcon_pkg'
[0.533s] Level 1:colcon.colcon_core.package_identification:_identify(src/l3xz_openmv_camera/doc) by extensions ['colcon_meta']
[0.533s] Level 1:colcon.colcon_core.package_identification:_identify(src/l3xz_openmv_camera/doc) by extension 'colcon_meta'
[0.533s] Level 1:colcon.colcon_core.package_identification:_identify(src/l3xz_openmv_camera/doc) by extensions ['ros']
[0.533s] Level 1:colcon.colcon_core.package_identification:_identify(src/l3xz_openmv_camera/doc) by extension 'ros'
[0.533s] Level 1:colcon.colcon_core.package_identification:_identify(src/l3xz_openmv_camera/doc) by extensions ['cmake', 'python']
[0.533s] Level 1:colcon.colcon_core.package_identification:_identify(src/l3xz_openmv_camera/doc) by extension 'cmake'
[0.533s] Level 1:colcon.colcon_core.package_identification:_identify(src/l3xz_openmv_camera/doc) by extension 'python'
[0.533s] Level 1:colcon.colcon_core.package_identification:_identify(src/l3xz_openmv_camera/doc) by extensions ['python_setup_py']
[0.533s] Level 1:colcon.colcon_core.package_identification:_identify(src/l3xz_openmv_camera/doc) by extension 'python_setup_py'
[0.534s] Level 1:colcon.colcon_core.package_identification:_identify(src/l3xz_openmv_camera/doc/img) by extensions ['ignore', 'ignore_ament_install']
[0.534s] Level 1:colcon.colcon_core.package_identification:_identify(src/l3xz_openmv_camera/doc/img) by extension 'ignore'
[0.534s] Level 1:colcon.colcon_core.package_identification:_identify(src/l3xz_openmv_camera/doc/img) by extension 'ignore_ament_install'
[0.534s] Level 1:colcon.colcon_core.package_identification:_identify(src/l3xz_openmv_camera/doc/img) by extensions ['colcon_pkg']
[0.534s] Level 1:colcon.colcon_core.package_identification:_identify(src/l3xz_openmv_camera/doc/img) by extension 'colcon_pkg'
[0.534s] Level 1:colcon.colcon_core.package_identification:_identify(src/l3xz_openmv_camera/doc/img) by extensions ['colcon_meta']
[0.534s] Level 1:colcon.colcon_core.package_identification:_identify(src/l3xz_openmv_camera/doc/img) by extension 'colcon_meta'
[0.534s] Level 1:colcon.colcon_core.package_identification:_identify(src/l3xz_openmv_camera/doc/img) by extensions ['ros']
[0.534s] Level 1:colcon.colcon_core.package_identification:_identify(src/l3xz_openmv_camera/doc/img) by extension 'ros'
[0.534s] Level 1:colcon.colcon_core.package_identification:_identify(src/l3xz_openmv_camera/doc/img) by extensions ['cmake', 'python']
[0.534s] Level 1:colcon.colcon_core.package_identification:_identify(src/l3xz_openmv_camera/doc/img) by extension 'cmake'
[0.534s] Level 1:colcon.colcon_core.package_identification:_identify(src/l3xz_openmv_camera/doc/img) by extension 'python'
[0.534s] Level 1:colcon.colcon_core.package_identification:_identify(src/l3xz_openmv_camera/doc/img) by extensions ['python_setup_py']
[0.534s] Level 1:colcon.colcon_core.package_identification:_identify(src/l3xz_openmv_camera/doc/img) by extension 'python_setup_py'
[0.534s] Level 1:colcon.colcon_core.package_identification:_identify(src/l3xz_openmv_camera/l3xz_openmv_camera) by extensions ['ignore', 'ignore_ament_install']
[0.534s] Level 1:colcon.colcon_core.package_identification:_identify(src/l3xz_openmv_camera/l3xz_openmv_camera) by extension 'ignore'
[0.534s] Level 1:colcon.colcon_core.package_identification:_identify(src/l3xz_openmv_camera/l3xz_openmv_camera) by extension 'ignore_ament_install'
[0.534s] Level 1:colcon.colcon_core.package_identification:_identify(src/l3xz_openmv_camera/l3xz_openmv_camera) by extensions ['colcon_pkg']
[0.534s] Level 1:colcon.colcon_core.package_identification:_identify(src/l3xz_openmv_camera/l3xz_openmv_camera) by extension 'colcon_pkg'
[0.534s] Level 1:colcon.colcon_core.package_identification:_identify(src/l3xz_openmv_camera/l3xz_openmv_camera) by extensions ['colcon_meta']
[0.535s] Level 1:colcon.colcon_core.package_identification:_identify(src/l3xz_openmv_camera/l3xz_openmv_camera) by extension 'colcon_meta'
[0.535s] Level 1:colcon.colcon_core.package_identification:_identify(src/l3xz_openmv_camera/l3xz_openmv_camera) by extensions ['ros']
[0.535s] Level 1:colcon.colcon_core.package_identification:_identify(src/l3xz_openmv_camera/l3xz_openmv_camera) by extension 'ros'
[0.535s] DEBUG:colcon.colcon_core.package_identification:Package 'src/l3xz_openmv_camera/l3xz_openmv_camera' with type 'ros.ament_python' and name 'l3xz_openmv_camera'
[0.535s] Level 1:colcon.colcon_core.package_identification:_identify(src/l3xz_openmv_camera/l3xz_openmv_camera_interfaces) by extensions ['ignore', 'ignore_ament_install']
[0.535s] Level 1:colcon.colcon_core.package_identification:_identify(src/l3xz_openmv_camera/l3xz_openmv_camera_interfaces) by extension 'ignore'
[0.535s] Level 1:colcon.colcon_core.package_identification:_identify(src/l3xz_openmv_camera/l3xz_openmv_camera_interfaces) by extension 'ignore_ament_install'
[0.536s] Level 1:colcon.colcon_core.package_identification:_identify(src/l3xz_openmv_camera/l3xz_openmv_camera_interfaces) by extensions ['colcon_pkg']
[0.536s] Level 1:colcon.colcon_core.package_identification:_identify(src/l3xz_openmv_camera/l3xz_openmv_camera_interfaces) by extension 'colcon_pkg'
[0.536s] Level 1:colcon.colcon_core.package_identification:_identify(src/l3xz_openmv_camera/l3xz_openmv_camera_interfaces) by extensions ['colcon_meta']
[0.536s] Level 1:colcon.colcon_core.package_identification:_identify(src/l3xz_openmv_camera/l3xz_openmv_camera_interfaces) by extension 'colcon_meta'
[0.536s] Level 1:colcon.colcon_core.package_identification:_identify(src/l3xz_openmv_camera/l3xz_openmv_camera_interfaces) by extensions ['ros']
[0.536s] Level 1:colcon.colcon_core.package_identification:_identify(src/l3xz_openmv_camera/l3xz_openmv_camera_interfaces) by extension 'ros'
[0.537s] DEBUG:colcon.colcon_core.package_identification:Package 'src/l3xz_openmv_camera/l3xz_openmv_camera_interfaces' with type 'ros.ament_cmake' and name 'l3xz_openmv_camera_interfaces'
[0.537s] Level 1:colcon.colcon_core.package_identification:_identify(src/l3xz_openmv_camera/launch) by extensions ['ignore', 'ignore_ament_install']
[0.537s] Level 1:colcon.colcon_core.package_identification:_identify(src/l3xz_openmv_camera/launch) by extension 'ignore'
[0.537s] Level 1:colcon.colcon_core.package_identification:_identify(src/l3xz_openmv_camera/launch) by extension 'ignore_ament_install'
[0.537s] Level 1:colcon.colcon_core.package_identification:_identify(src/l3xz_openmv_camera/launch) by extensions ['colcon_pkg']
[0.537s] Level 1:colcon.colcon_core.package_identification:_identify(src/l3xz_openmv_camera/launch) by extension 'colcon_pkg'
[0.537s] Level 1:colcon.colcon_core.package_identification:_identify(src/l3xz_openmv_camera/launch) by extensions ['colcon_meta']
[0.537s] Level 1:colcon.colcon_core.package_identification:_identify(src/l3xz_openmv_camera/launch) by extension 'colcon_meta'
[0.537s] Level 1:colcon.colcon_core.package_identification:_identify(src/l3xz_openmv_camera/launch) by extensions ['ros']
[0.537s] Level 1:colcon.colcon_core.package_identification:_identify(src/l3xz_openmv_camera/launch) by extension 'ros'
[0.537s] Level 1:colcon.colcon_core.package_identification:_identify(src/l3xz_openmv_camera/launch) by extensions ['cmake', 'python']
[0.537s] Level 1:colcon.colcon_core.package_identification:_identify(src/l3xz_openmv_camera/launch) by extension 'cmake'
[0.537s] Level 1:colcon.colcon_core.package_identification:_identify(src/l3xz_openmv_camera/launch) by extension 'python'
[0.537s] Level 1:colcon.colcon_core.package_identification:_identify(src/l3xz_openmv_camera/launch) by extensions ['python_setup_py']
[0.537s] Level 1:colcon.colcon_core.package_identification:_identify(src/l3xz_openmv_camera/launch) by extension 'python_setup_py'
[0.538s] Level 1:colcon.colcon_core.package_identification:_identify(src/log) by extensions ['ignore', 'ignore_ament_install']
[0.538s] Level 1:colcon.colcon_core.package_identification:_identify(src/log) by extension 'ignore'
[0.538s] Level 1:colcon.colcon_core.package_identification:_identify(src/log) ignored
[0.538s] Level 1:colcon.colcon_core.package_discovery:discover_packages(recursive) using defaults
[0.538s] Level 1:colcon.colcon_core.package_discovery:discover_packages(ignore) discover
[0.538s] Level 1:colcon.colcon_core.package_discovery:discover_packages(ignore) using defaults
[0.538s] Level 1:colcon.colcon_core.package_discovery:discover_packages(path) discover
[0.538s] Level 1:colcon.colcon_core.package_discovery:discover_packages(path) using defaults
[0.573s] Level 1:colcon.colcon_core.package_discovery:discover_packages(prefix_path) check parameters
[0.574s] Level 1:colcon.colcon_core.package_discovery:discover_packages(prefix_path) discover
[0.578s] DEBUG:colcon.colcon_installed_package_information.package_discovery:Found 5 installed packages in /home/student/ros2_ws/install
[0.580s] DEBUG:colcon.colcon_installed_package_information.package_discovery:Found 1 installed packages in /home/student/imu_ws/install
[0.581s] DEBUG:colcon.colcon_installed_package_information.package_discovery:Found 1 installed packages in /home/student/ydlidar_ros2_ws/install
[0.582s] DEBUG:colcon.colcon_installed_package_information.package_discovery:Found 1 installed packages in /home/student/motor_ws/install
[0.584s] DEBUG:colcon.colcon_installed_package_information.package_discovery:Found 358 installed packages in /opt/ros/humble
[0.586s] Level 1:colcon.colcon_core.package_discovery:discover_packages(prefix_path) using defaults
[0.676s] Level 5:colcon.colcon_core.verb:set package 'eced3901' build argument 'cmake_args' from command line to 'None'
[0.676s] Level 5:colcon.colcon_core.verb:set package 'eced3901' build argument 'cmake_target' from command line to 'None'
[0.676s] Level 5:colcon.colcon_core.verb:set package 'eced3901' build argument 'cmake_target_skip_unavailable' from command line to 'False'
[0.676s] Level 5:colcon.colcon_core.verb:set package 'eced3901' build argument 'cmake_clean_cache' from command line to 'False'
[0.676s] Level 5:colcon.colcon_core.verb:set package 'eced3901' build argument 'cmake_clean_first' from command line to 'False'
[0.676s] Level 5:colcon.colcon_core.verb:set package 'eced3901' build argument 'cmake_force_configure' from command line to 'False'
[0.676s] Level 5:colcon.colcon_core.verb:set package 'eced3901' build argument 'ament_cmake_args' from command line to 'None'
[0.676s] Level 5:colcon.colcon_core.verb:set package 'eced3901' build argument 'catkin_cmake_args' from command line to 'None'
[0.676s] Level 5:colcon.colcon_core.verb:set package 'eced3901' build argument 'catkin_skip_building_tests' from command line to 'False'
[0.676s] DEBUG:colcon.colcon_core.verb:Building package 'eced3901' with the following arguments: {'ament_cmake_args': None, 'build_base': '/home/student/ros2_ws/build/eced3901', 'catkin_cmake_args': None, 'catkin_skip_building_tests': False, 'cmake_args': None, 'cmake_clean_cache': False, 'cmake_clean_first': False, 'cmake_force_configure': False, 'cmake_target': None, 'cmake_target_skip_unavailable': False, 'install_base': '/home/student/ros2_ws/install/eced3901', 'merge_install': False, 'path': '/home/student/ros2_ws/src/eced3901', 'symlink_install': False, 'test_result_base': None}
[0.677s] Level 5:colcon.colcon_core.verb:set package 'l3xz_openmv_camera_interfaces' build argument 'cmake_args' from command line to 'None'
[0.678s] Level 5:colcon.colcon_core.verb:set package 'l3xz_openmv_camera_interfaces' build argument 'cmake_target' from command line to 'None'
[0.678s] Level 5:colcon.colcon_core.verb:set package 'l3xz_openmv_camera_interfaces' build argument 'cmake_target_skip_unavailable' from command line to 'False'
[0.678s] Level 5:colcon.colcon_core.verb:set package 'l3xz_openmv_camera_interfaces' build argument 'cmake_clean_cache' from command line to 'False'
[0.678s] Level 5:colcon.colcon_core.verb:set package 'l3xz_openmv_camera_interfaces' build argument 'cmake_clean_first' from command line to 'False'
[0.678s] Level 5:colcon.colcon_core.verb:set package 'l3xz_openmv_camera_interfaces' build argument 'cmake_force_configure' from command line to 'False'
[0.678s] Level 5:colcon.colcon_core.verb:set package 'l3xz_openmv_camera_interfaces' build argument 'ament_cmake_args' from command line to 'None'
[0.678s] Level 5:colcon.colcon_core.verb:set package 'l3xz_openmv_camera_interfaces' build argument 'catkin_cmake_args' from command line to 'None'
[0.678s] Level 5:colcon.colcon_core.verb:set package 'l3xz_openmv_camera_interfaces' build argument 'catkin_skip_building_tests' from command line to 'False'
[0.678s] DEBUG:colcon.colcon_core.verb:Building package 'l3xz_openmv_camera_interfaces' with the following arguments: {'ament_cmake_args': None, 'build_base': '/home/student/ros2_ws/build/l3xz_openmv_camera_interfaces', 'catkin_cmake_args': None, 'catkin_skip_building_tests': False, 'cmake_args': None, 'cmake_clean_cache': False, 'cmake_clean_first': False, 'cmake_force_configure': False, 'cmake_target': None, 'cmake_target_skip_unavailable': False, 'install_base': '/home/student/ros2_ws/install/l3xz_openmv_camera_interfaces', 'merge_install': False, 'path': '/home/student/ros2_ws/src/l3xz_openmv_camera/l3xz_openmv_camera_interfaces', 'symlink_install': False, 'test_result_base': None}
[0.679s] Level 5:colcon.colcon_core.verb:set package 'l3xz_openmv_camera' build argument 'cmake_args' from command line to 'None'
[0.679s] Level 5:colcon.colcon_core.verb:set package 'l3xz_openmv_camera' build argument 'cmake_target' from command line to 'None'
[0.679s] Level 5:colcon.colcon_core.verb:set package 'l3xz_openmv_camera' build argument 'cmake_target_skip_unavailable' from command line to 'False'
[0.679s] Level 5:colcon.colcon_core.verb:set package 'l3xz_openmv_camera' build argument 'cmake_clean_cache' from command line to 'False'
[0.679s] Level 5:colcon.colcon_core.verb:set package 'l3xz_openmv_camera' build argument 'cmake_clean_first' from command line to 'False'
[0.679s] Level 5:colcon.colcon_core.verb:set package 'l3xz_openmv_camera' build argument 'cmake_force_configure' from command line to 'False'
[0.679s] Level 5:colcon.colcon_core.verb:set package 'l3xz_openmv_camera' build argument 'ament_cmake_args' from command line to 'None'
[0.679s] Level 5:colcon.colcon_core.verb:set package 'l3xz_openmv_camera' build argument 'catkin_cmake_args' from command line to 'None'
[0.679s] Level 5:colcon.colcon_core.verb:set package 'l3xz_openmv_camera' build argument 'catkin_skip_building_tests' from command line to 'False'
[0.679s] DEBUG:colcon.colcon_core.verb:Building package 'l3xz_openmv_camera' with the following arguments: {'ament_cmake_args': None, 'build_base': '/home/student/ros2_ws/build/l3xz_openmv_camera', 'catkin_cmake_args': None, 'catkin_skip_building_tests': False, 'cmake_args': None, 'cmake_clean_cache': False, 'cmake_clean_first': False, 'cmake_force_configure': False, 'cmake_target': None, 'cmake_target_skip_unavailable': False, 'install_base': '/home/student/ros2_ws/install/l3xz_openmv_camera', 'merge_install': False, 'path': '/home/student/ros2_ws/src/l3xz_openmv_camera/l3xz_openmv_camera', 'symlink_install': False, 'test_result_base': None}
[0.680s] INFO:colcon.colcon_core.executor:Executing jobs using 'parallel' executor
[0.685s] DEBUG:colcon.colcon_parallel_executor.executor.parallel:run_until_complete
[0.686s] INFO:colcon.colcon_ros.task.ament_cmake.build:Building ROS package in '/home/student/ros2_ws/src/l3xz_openmv_camera/l3xz_openmv_camera_interfaces' with build type 'ament_cmake'
[0.686s] INFO:colcon.colcon_cmake.task.cmake.build:Building CMake package in '/home/student/ros2_ws/src/l3xz_openmv_camera/l3xz_openmv_camera_interfaces'
[0.695s] INFO:colcon.colcon_core.plugin_system:Skipping extension 'colcon_core.shell.bat': Not used on non-Windows systems
[0.696s] INFO:colcon.colcon_core.shell:Skip shell extension 'powershell' for command environment: Not usable outside of PowerShell
[0.696s] DEBUG:colcon.colcon_core.shell:Skip shell extension 'dsv' for command environment
[0.707s] INFO:colcon.colcon_ros.task.ament_python.build:Building ROS package in '/home/student/ros2_ws/src/eced3901' with build type 'ament_python'
[0.707s] Level 1:colcon.colcon_core.shell:create_environment_hook('eced3901', 'ament_prefix_path')
[0.709s] INFO:colcon.colcon_core.shell:Creating environment hook '/home/student/ros2_ws/install/eced3901/share/eced3901/hook/ament_prefix_path.ps1'
[0.710s] INFO:colcon.colcon_core.shell:Creating environment descriptor '/home/student/ros2_ws/install/eced3901/share/eced3901/hook/ament_prefix_path.dsv'
[0.710s] INFO:colcon.colcon_core.shell:Creating environment hook '/home/student/ros2_ws/install/eced3901/share/eced3901/hook/ament_prefix_path.sh'
[0.713s] INFO:colcon.colcon_core.shell:Skip shell extension 'powershell' for command environment: Not usable outside of PowerShell
[0.713s] DEBUG:colcon.colcon_core.shell:Skip shell extension 'dsv' for command environment
[0.733s] DEBUG:colcon.colcon_core.event_handler.log_command:Invoking command in '/home/student/ros2_ws/build/l3xz_openmv_camera_interfaces': CMAKE_PREFIX_PATH=${CMAKE_PREFIX_PATH}:/home/student/motor_ws/install/dalmotor:/home/student/ros2_ws/install/test-3901:/home/student/ros2_ws/install/l3xz_openmv_camera:/home/student/ros2_ws/install/eced3901_competition_2024:/home/student/ros2_ws/install/eced3901:/home/student/imu_ws/install/bno055:/opt/ros/humble /usr/bin/cmake --build /home/student/ros2_ws/build/l3xz_openmv_camera_interfaces -- -j4 -l4
[1.167s] INFO:colcon.colcon_core.task.python.build:Building Python package in '/home/student/ros2_ws/src/eced3901'
[1.169s] INFO:colcon.colcon_core.shell:Skip shell extension 'powershell' for command environment: Not usable outside of PowerShell
[1.169s] DEBUG:colcon.colcon_core.shell:Skip shell extension 'dsv' for command environment
[1.325s] DEBUG:colcon.colcon_core.event_handler.log_command:Invoked command in '/home/student/ros2_ws/build/l3xz_openmv_camera_interfaces' returned '0': CMAKE_PREFIX_PATH=${CMAKE_PREFIX_PATH}:/home/student/motor_ws/install/dalmotor:/home/student/ros2_ws/install/test-3901:/home/student/ros2_ws/install/l3xz_openmv_camera:/home/student/ros2_ws/install/eced3901_competition_2024:/home/student/ros2_ws/install/eced3901:/home/student/imu_ws/install/bno055:/opt/ros/humble /usr/bin/cmake --build /home/student/ros2_ws/build/l3xz_openmv_camera_interfaces -- -j4 -l4
[1.465s] DEBUG:colcon.colcon_core.event_handler.log_command:Invoking command in '/home/student/ros2_ws/build/l3xz_openmv_camera_interfaces': CMAKE_PREFIX_PATH=${CMAKE_PREFIX_PATH}:/home/student/motor_ws/install/dalmotor:/home/student/ros2_ws/install/test-3901:/home/student/ros2_ws/install/l3xz_openmv_camera:/home/student/ros2_ws/install/eced3901_competition_2024:/home/student/ros2_ws/install/eced3901:/home/student/imu_ws/install/bno055:/opt/ros/humble /usr/bin/cmake --install /home/student/ros2_ws/build/l3xz_openmv_camera_interfaces
[1.558s] Level 1:colcon.colcon_core.environment:create_environment_scripts_only(l3xz_openmv_camera_interfaces)
[1.565s] Level 1:colcon.colcon_core.environment:checking '/home/student/ros2_ws/install/l3xz_openmv_camera_interfaces' for CMake module files
[1.565s] Level 1:colcon.colcon_core.environment:checking '/home/student/ros2_ws/install/l3xz_openmv_camera_interfaces' for CMake config files
[1.566s] Level 1:colcon.colcon_core.shell:create_environment_hook('l3xz_openmv_camera_interfaces', 'cmake_prefix_path')
[1.568s] INFO:colcon.colcon_core.shell:Creating environment hook '/home/student/ros2_ws/install/l3xz_openmv_camera_interfaces/share/l3xz_openmv_camera_interfaces/hook/cmake_prefix_path.ps1'
[1.569s] INFO:colcon.colcon_core.shell:Creating environment descriptor '/home/student/ros2_ws/install/l3xz_openmv_camera_interfaces/share/l3xz_openmv_camera_interfaces/hook/cmake_prefix_path.dsv'
[1.570s] DEBUG:colcon.colcon_core.event_handler.log_command:Invoked command in '/home/student/ros2_ws/build/l3xz_openmv_camera_interfaces' returned '0': CMAKE_PREFIX_PATH=${CMAKE_PREFIX_PATH}:/home/student/motor_ws/install/dalmotor:/home/student/ros2_ws/install/test-3901:/home/student/ros2_ws/install/l3xz_openmv_camera:/home/student/ros2_ws/install/eced3901_competition_2024:/home/student/ros2_ws/install/eced3901:/home/student/imu_ws/install/bno055:/opt/ros/humble /usr/bin/cmake --install /home/student/ros2_ws/build/l3xz_openmv_camera_interfaces
[1.570s] INFO:colcon.colcon_core.shell:Creating environment hook '/home/student/ros2_ws/install/l3xz_openmv_camera_interfaces/share/l3xz_openmv_camera_interfaces/hook/cmake_prefix_path.sh'
[1.571s] Level 1:colcon.colcon_core.environment:checking '/home/student/ros2_ws/install/l3xz_openmv_camera_interfaces/lib'
[1.571s] Level 1:colcon.colcon_core.shell:create_environment_hook('l3xz_openmv_camera_interfaces', 'ld_library_path_lib')
[1.573s] INFO:colcon.colcon_core.shell:Creating environment hook '/home/student/ros2_ws/install/l3xz_openmv_camera_interfaces/share/l3xz_openmv_camera_interfaces/hook/ld_library_path_lib.ps1'
[1.573s] INFO:colcon.colcon_core.shell:Creating environment descriptor '/home/student/ros2_ws/install/l3xz_openmv_camera_interfaces/share/l3xz_openmv_camera_interfaces/hook/ld_library_path_lib.dsv'
[1.574s] INFO:colcon.colcon_core.shell:Creating environment hook '/home/student/ros2_ws/install/l3xz_openmv_camera_interfaces/share/l3xz_openmv_camera_interfaces/hook/ld_library_path_lib.sh'
[1.574s] Level 1:colcon.colcon_core.environment:checking '/home/student/ros2_ws/install/l3xz_openmv_camera_interfaces/bin'
[1.574s] Level 1:colcon.colcon_core.environment:checking '/home/student/ros2_ws/install/l3xz_openmv_camera_interfaces/lib/pkgconfig/l3xz_openmv_camera_interfaces.pc'
[1.575s] Level 1:colcon.colcon_core.environment:checking '/home/student/ros2_ws/install/l3xz_openmv_camera_interfaces/lib/python3.10/site-packages'
[1.575s] Level 1:colcon.colcon_core.environment:checking '/home/student/ros2_ws/install/l3xz_openmv_camera_interfaces/bin'
[1.577s] INFO:colcon.colcon_core.shell:Creating package script '/home/student/ros2_ws/install/l3xz_openmv_camera_interfaces/share/l3xz_openmv_camera_interfaces/package.ps1'
[1.579s] INFO:colcon.colcon_core.shell:Creating package descriptor '/home/student/ros2_ws/install/l3xz_openmv_camera_interfaces/share/l3xz_openmv_camera_interfaces/package.dsv'
[1.580s] INFO:colcon.colcon_core.shell:Creating package script '/home/student/ros2_ws/install/l3xz_openmv_camera_interfaces/share/l3xz_openmv_camera_interfaces/package.sh'
[1.581s] INFO:colcon.colcon_core.shell:Creating package script '/home/student/ros2_ws/install/l3xz_openmv_camera_interfaces/share/l3xz_openmv_camera_interfaces/package.bash'
[1.582s] INFO:colcon.colcon_core.shell:Creating package script '/home/student/ros2_ws/install/l3xz_openmv_camera_interfaces/share/l3xz_openmv_camera_interfaces/package.zsh'
[1.583s] Level 1:colcon.colcon_core.environment:create_file_with_runtime_dependencies(/home/student/ros2_ws/install/l3xz_openmv_camera_interfaces/share/colcon-core/packages/l3xz_openmv_camera_interfaces)
[1.624s] DEBUG:colcon.colcon_core.event_handler.log_command:Invoking command in '/home/student/ros2_ws/src/eced3901': PYTHONPATH=/home/student/ros2_ws/build/eced3901/prefix_override:/home/student/ros2_ws/install/eced3901/lib/python3.10/site-packages:${PYTHONPATH} /usr/bin/python3 setup.py egg_info --egg-base ../../build/eced3901 build --build-base /home/student/ros2_ws/build/eced3901/build install --record /home/student/ros2_ws/build/eced3901/install.log --single-version-externally-managed
[1.738s] Level 1:colcon.colcon_core.environment:create_environment_scripts_only(l3xz_openmv_camera_interfaces)
[1.748s] Level 1:colcon.colcon_core.environment:checking '/home/student/ros2_ws/install/l3xz_openmv_camera_interfaces' for CMake module files
[1.749s] Level 1:colcon.colcon_core.environment:checking '/home/student/ros2_ws/install/l3xz_openmv_camera_interfaces' for CMake config files
[1.750s] Level 1:colcon.colcon_core.shell:create_environment_hook('l3xz_openmv_camera_interfaces', 'cmake_prefix_path')
[1.752s] INFO:colcon.colcon_core.shell:Creating environment hook '/home/student/ros2_ws/install/l3xz_openmv_camera_interfaces/share/l3xz_openmv_camera_interfaces/hook/cmake_prefix_path.ps1'
[1.753s] INFO:colcon.colcon_core.shell:Creating environment descriptor '/home/student/ros2_ws/install/l3xz_openmv_camera_interfaces/share/l3xz_openmv_camera_interfaces/hook/cmake_prefix_path.dsv'
[1.753s] INFO:colcon.colcon_core.shell:Creating environment hook '/home/student/ros2_ws/install/l3xz_openmv_camera_interfaces/share/l3xz_openmv_camera_interfaces/hook/cmake_prefix_path.sh'
[1.755s] Level 1:colcon.colcon_core.environment:checking '/home/student/ros2_ws/install/l3xz_openmv_camera_interfaces/lib'
[1.755s] Level 1:colcon.colcon_core.shell:create_environment_hook('l3xz_openmv_camera_interfaces', 'ld_library_path_lib')
[1.757s] INFO:colcon.colcon_core.shell:Creating environment hook '/home/student/ros2_ws/install/l3xz_openmv_camera_interfaces/share/l3xz_openmv_camera_interfaces/hook/ld_library_path_lib.ps1'
[1.760s] INFO:colcon.colcon_core.shell:Creating environment descriptor '/home/student/ros2_ws/install/l3xz_openmv_camera_interfaces/share/l3xz_openmv_camera_interfaces/hook/ld_library_path_lib.dsv'
[1.761s] INFO:colcon.colcon_core.shell:Creating environment hook '/home/student/ros2_ws/install/l3xz_openmv_camera_interfaces/share/l3xz_openmv_camera_interfaces/hook/ld_library_path_lib.sh'
[1.762s] Level 1:colcon.colcon_core.environment:checking '/home/student/ros2_ws/install/l3xz_openmv_camera_interfaces/bin'
[1.762s] Level 1:colcon.colcon_core.environment:checking '/home/student/ros2_ws/install/l3xz_openmv_camera_interfaces/lib/pkgconfig/l3xz_openmv_camera_interfaces.pc'
[1.763s] Level 1:colcon.colcon_core.environment:checking '/home/student/ros2_ws/install/l3xz_openmv_camera_interfaces/lib/python3.10/site-packages'
[1.763s] Level 1:colcon.colcon_core.environment:checking '/home/student/ros2_ws/install/l3xz_openmv_camera_interfaces/bin'
[1.766s] INFO:colcon.colcon_core.shell:Creating package script '/home/student/ros2_ws/install/l3xz_openmv_camera_interfaces/share/l3xz_openmv_camera_interfaces/package.ps1'
[1.767s] INFO:colcon.colcon_core.shell:Creating package descriptor '/home/student/ros2_ws/install/l3xz_openmv_camera_interfaces/share/l3xz_openmv_camera_interfaces/package.dsv'
[1.767s] INFO:colcon.colcon_core.shell:Creating package script '/home/student/ros2_ws/install/l3xz_openmv_camera_interfaces/share/l3xz_openmv_camera_interfaces/package.sh'
[1.768s] INFO:colcon.colcon_core.shell:Creating package script '/home/student/ros2_ws/install/l3xz_openmv_camera_interfaces/share/l3xz_openmv_camera_interfaces/package.bash'
[1.768s] INFO:colcon.colcon_core.shell:Creating package script '/home/student/ros2_ws/install/l3xz_openmv_camera_interfaces/share/l3xz_openmv_camera_interfaces/package.zsh'
[1.771s] Level 1:colcon.colcon_core.environment:create_file_with_runtime_dependencies(/home/student/ros2_ws/install/l3xz_openmv_camera_interfaces/share/colcon-core/packages/l3xz_openmv_camera_interfaces)
[1.771s] INFO:colcon.colcon_ros.task.ament_python.build:Building ROS package in '/home/student/ros2_ws/src/l3xz_openmv_camera/l3xz_openmv_camera' with build type 'ament_python'
[1.771s] Level 1:colcon.colcon_core.shell:create_environment_hook('l3xz_openmv_camera', 'ament_prefix_path')
[1.773s] INFO:colcon.colcon_core.shell:Creating environment hook '/home/student/ros2_ws/install/l3xz_openmv_camera/share/l3xz_openmv_camera/hook/ament_prefix_path.ps1'
[1.774s] INFO:colcon.colcon_core.shell:Creating environment descriptor '/home/student/ros2_ws/install/l3xz_openmv_camera/share/l3xz_openmv_camera/hook/ament_prefix_path.dsv'
[1.775s] INFO:colcon.colcon_core.shell:Creating environment hook '/home/student/ros2_ws/install/l3xz_openmv_camera/share/l3xz_openmv_camera/hook/ament_prefix_path.sh'
[1.777s] INFO:colcon.colcon_core.shell:Skip shell extension 'powershell' for command environment: Not usable outside of PowerShell
[1.777s] DEBUG:colcon.colcon_core.shell:Skip shell extension 'dsv' for command environment
[2.169s] INFO:colcon.colcon_core.task.python.build:Building Python package in '/home/student/ros2_ws/src/l3xz_openmv_camera/l3xz_openmv_camera'
[2.171s] INFO:colcon.colcon_core.shell:Skip shell extension 'powershell' for command environment: Not usable outside of PowerShell
[2.171s] DEBUG:colcon.colcon_core.shell:Skip shell extension 'dsv' for command environment
[2.184s] Level 1:colcon.colcon_core.environment:checking '/home/student/ros2_ws/install/eced3901' for CMake module files
[2.185s] Level 1:colcon.colcon_core.environment:checking '/home/student/ros2_ws/install/eced3901' for CMake config files
[2.186s] Level 1:colcon.colcon_core.environment:checking '/home/student/ros2_ws/install/eced3901/lib'
[2.186s] Level 1:colcon.colcon_core.environment:checking '/home/student/ros2_ws/install/eced3901/bin'
[2.186s] Level 1:colcon.colcon_core.environment:checking '/home/student/ros2_ws/install/eced3901/lib/pkgconfig/eced3901.pc'
[2.186s] Level 1:colcon.colcon_core.environment:checking '/home/student/ros2_ws/install/eced3901/lib/python3.10/site-packages'
[2.186s] Level 1:colcon.colcon_core.shell:create_environment_hook('eced3901', 'pythonpath')
[2.188s] INFO:colcon.colcon_core.shell:Creating environment hook '/home/student/ros2_ws/install/eced3901/share/eced3901/hook/pythonpath.ps1'
[2.189s] INFO:colcon.colcon_core.shell:Creating environment descriptor '/home/student/ros2_ws/install/eced3901/share/eced3901/hook/pythonpath.dsv'
[2.189s] INFO:colcon.colcon_core.shell:Creating environment hook '/home/student/ros2_ws/install/eced3901/share/eced3901/hook/pythonpath.sh'
[2.190s] Level 1:colcon.colcon_core.environment:checking '/home/student/ros2_ws/install/eced3901/bin'
[2.190s] Level 1:colcon.colcon_core.environment:create_environment_scripts_only(eced3901)
[2.192s] INFO:colcon.colcon_core.shell:Creating package script '/home/student/ros2_ws/install/eced3901/share/eced3901/package.ps1'
[2.193s] INFO:colcon.colcon_core.shell:Creating package descriptor '/home/student/ros2_ws/install/eced3901/share/eced3901/package.dsv'
[2.194s] INFO:colcon.colcon_core.shell:Creating package script '/home/student/ros2_ws/install/eced3901/share/eced3901/package.sh'
[2.194s] INFO:colcon.colcon_core.shell:Creating package script '/home/student/ros2_ws/install/eced3901/share/eced3901/package.bash'
[2.195s] INFO:colcon.colcon_core.shell:Creating package script '/home/student/ros2_ws/install/eced3901/share/eced3901/package.zsh'
[2.195s] Level 1:colcon.colcon_core.environment:create_file_with_runtime_dependencies(/home/student/ros2_ws/install/eced3901/share/colcon-core/packages/eced3901)
[2.196s] DEBUG:colcon.colcon_core.event_handler.log_command:Invoked command in '/home/student/ros2_ws/src/eced3901' returned '0': PYTHONPATH=/home/student/ros2_ws/build/eced3901/prefix_override:/home/student/ros2_ws/install/eced3901/lib/python3.10/site-packages:${PYTHONPATH} /usr/bin/python3 setup.py egg_info --egg-base ../../build/eced3901 build --build-base /home/student/ros2_ws/build/eced3901/build install --record /home/student/ros2_ws/build/eced3901/install.log --single-version-externally-managed
[2.614s] DEBUG:colcon.colcon_core.event_handler.log_command:Invoking command in '/home/student/ros2_ws/src/l3xz_openmv_camera/l3xz_openmv_camera': PYTHONPATH=/home/student/ros2_ws/build/l3xz_openmv_camera/prefix_override:/home/student/ros2_ws/install/l3xz_openmv_camera/lib/python3.10/site-packages:${PYTHONPATH} /usr/bin/python3 setup.py egg_info --egg-base ../../../build/l3xz_openmv_camera build --build-base /home/student/ros2_ws/build/l3xz_openmv_camera/build install --record /home/student/ros2_ws/build/l3xz_openmv_camera/install.log --single-version-externally-managed
[2.976s] Level 1:colcon.colcon_core.environment:checking '/home/student/ros2_ws/install/l3xz_openmv_camera' for CMake module files
[2.977s] DEBUG:colcon.colcon_core.event_handler.log_command:Invoked command in '/home/student/ros2_ws/src/l3xz_openmv_camera/l3xz_openmv_camera' returned '0': PYTHONPATH=/home/student/ros2_ws/build/l3xz_openmv_camera/prefix_override:/home/student/ros2_ws/install/l3xz_openmv_camera/lib/python3.10/site-packages:${PYTHONPATH} /usr/bin/python3 setup.py egg_info --egg-base ../../../build/l3xz_openmv_camera build --build-base /home/student/ros2_ws/build/l3xz_openmv_camera/build install --record /home/student/ros2_ws/build/l3xz_openmv_camera/install.log --single-version-externally-managed
[2.978s] Level 1:colcon.colcon_core.environment:checking '/home/student/ros2_ws/install/l3xz_openmv_camera' for CMake config files
[2.978s] Level 1:colcon.colcon_core.environment:checking '/home/student/ros2_ws/install/l3xz_openmv_camera/lib'
[2.978s] Level 1:colcon.colcon_core.environment:checking '/home/student/ros2_ws/install/l3xz_openmv_camera/bin'
[2.978s] Level 1:colcon.colcon_core.environment:checking '/home/student/ros2_ws/install/l3xz_openmv_camera/lib/pkgconfig/l3xz_openmv_camera.pc'
[2.979s] Level 1:colcon.colcon_core.environment:checking '/home/student/ros2_ws/install/l3xz_openmv_camera/lib/python3.10/site-packages'
[2.979s] Level 1:colcon.colcon_core.shell:create_environment_hook('l3xz_openmv_camera', 'pythonpath')
[2.980s] INFO:colcon.colcon_core.shell:Creating environment hook '/home/student/ros2_ws/install/l3xz_openmv_camera/share/l3xz_openmv_camera/hook/pythonpath.ps1'
[2.981s] INFO:colcon.colcon_core.shell:Creating environment descriptor '/home/student/ros2_ws/install/l3xz_openmv_camera/share/l3xz_openmv_camera/hook/pythonpath.dsv'
[2.982s] INFO:colcon.colcon_core.shell:Creating environment hook '/home/student/ros2_ws/install/l3xz_openmv_camera/share/l3xz_openmv_camera/hook/pythonpath.sh'
[2.982s] Level 1:colcon.colcon_core.environment:checking '/home/student/ros2_ws/install/l3xz_openmv_camera/bin'
[2.982s] Level 1:colcon.colcon_core.environment:create_environment_scripts_only(l3xz_openmv_camera)
[2.984s] INFO:colcon.colcon_core.shell:Creating package script '/home/student/ros2_ws/install/l3xz_openmv_camera/share/l3xz_openmv_camera/package.ps1'
[2.985s] INFO:colcon.colcon_core.shell:Creating package descriptor '/home/student/ros2_ws/install/l3xz_openmv_camera/share/l3xz_openmv_camera/package.dsv'
[2.985s] INFO:colcon.colcon_core.shell:Creating package script '/home/student/ros2_ws/install/l3xz_openmv_camera/share/l3xz_openmv_camera/package.sh'
[2.986s] INFO:colcon.colcon_core.shell:Creating package script '/home/student/ros2_ws/install/l3xz_openmv_camera/share/l3xz_openmv_camera/package.bash'
[2.986s] INFO:colcon.colcon_core.shell:Creating package script '/home/student/ros2_ws/install/l3xz_openmv_camera/share/l3xz_openmv_camera/package.zsh'
[2.986s] Level 1:colcon.colcon_core.environment:create_file_with_runtime_dependencies(/home/student/ros2_ws/install/l3xz_openmv_camera/share/colcon-core/packages/l3xz_openmv_camera)
[2.987s] DEBUG:colcon.colcon_parallel_executor.executor.parallel:closing loop
[2.987s] DEBUG:colcon.colcon_parallel_executor.executor.parallel:loop closed
[2.987s] DEBUG:colcon.colcon_parallel_executor.executor.parallel:run_until_complete finished with '0'
[2.987s] DEBUG:colcon.colcon_core.event_reactor:joining thread
[2.993s] INFO:colcon.colcon_core.plugin_system:Skipping extension 'colcon_notification.desktop_notification.terminal_notifier': Not used on non-Darwin systems
[2.994s] INFO:colcon.colcon_core.plugin_system:Skipping extension 'colcon_notification.desktop_notification.win32': Not used on non-Windows systems
[2.994s] INFO:colcon.colcon_notification.desktop_notification:Sending desktop notification using 'notify2'
[3.008s] DEBUG:colcon.colcon_core.event_reactor:joined thread
[3.010s] INFO:colcon.colcon_core.shell:Creating prefix script '/home/student/ros2_ws/install/local_setup.ps1'
[3.011s] INFO:colcon.colcon_core.shell:Creating prefix util module '/home/student/ros2_ws/install/_local_setup_util_ps1.py'
[3.013s] INFO:colcon.colcon_core.shell:Creating prefix chain script '/home/student/ros2_ws/install/setup.ps1'
[3.015s] INFO:colcon.colcon_core.shell:Creating prefix script '/home/student/ros2_ws/install/local_setup.sh'
[3.015s] INFO:colcon.colcon_core.shell:Creating prefix util module '/home/student/ros2_ws/install/_local_setup_util_sh.py'
[3.016s] INFO:colcon.colcon_core.shell:Creating prefix chain script '/home/student/ros2_ws/install/setup.sh'
[3.018s] INFO:colcon.colcon_core.shell:Creating prefix script '/home/student/ros2_ws/install/local_setup.bash'
[3.019s] INFO:colcon.colcon_core.shell:Creating prefix chain script '/home/student/ros2_ws/install/setup.bash'
[3.021s] INFO:colcon.colcon_core.shell:Creating prefix script '/home/student/ros2_ws/install/local_setup.zsh'
[3.023s] INFO:colcon.colcon_core.shell:Creating prefix chain script '/home/student/ros2_ws/install/setup.zsh'
