running egg_info
writing ../../build/eced3901/eced3901.egg-info/PKG-INFO
writing dependency_links to ../../build/eced3901/eced3901.egg-info/dependency_links.txt
writing entry points to ../../build/eced3901/eced3901.egg-info/entry_points.txt
writing requirements to ../../build/eced3901/eced3901.egg-info/requires.txt
writing top-level names to ../../build/eced3901/eced3901.egg-info/top_level.txt
reading manifest file '../../build/eced3901/eced3901.egg-info/SOURCES.txt'
writing manifest file '../../build/eced3901/eced3901.egg-info/SOURCES.txt'
running build
running build_py
running install
running install_lib
running install_data
copying models/eced3901bot.urdf -> /home/student/ros2_ws/install/eced3901/share/eced3901/models
creating /home/student/ros2_ws/install/eced3901/share/eced3901/models/eced3901bot_description
copying models/eced3901bot_description/model.sdf -> /home/student/ros2_ws/install/eced3901/share/eced3901/models/eced3901bot_description
copying models/eced3901bot_description/model.config -> /home/student/ros2_ws/install/eced3901/share/eced3901/models/eced3901bot_description
creating /home/student/ros2_ws/install/eced3901/share/eced3901/models/eced3901_lab4
copying models/eced3901_lab4/model.sdf -> /home/student/ros2_ws/install/eced3901/share/eced3901/models/eced3901_lab4
copying models/eced3901_lab4/model.config -> /home/student/ros2_ws/install/eced3901/share/eced3901/models/eced3901_lab4
creating /home/student/ros2_ws/install/eced3901/share/eced3901/rviz
copying rviz/nav2.rviz -> /home/student/ros2_ws/install/eced3901/share/eced3901/rviz
copying rviz/urdf_config.rviz -> /home/student/ros2_ws/install/eced3901/share/eced3901/rviz
copying rviz/nav2_config.rviz -> /home/student/ros2_ws/install/eced3901/share/eced3901/rviz
creating /home/student/ros2_ws/install/eced3901/share/eced3901/worlds
copying worlds/eced3901_lab6.world -> /home/student/ros2_ws/install/eced3901/share/eced3901/worlds
copying worlds/empty.world -> /home/student/ros2_ws/install/eced3901/share/eced3901/worlds
copying worlds/eced3901_lab4.world -> /home/student/ros2_ws/install/eced3901/share/eced3901/worlds
running install_egg_info
removing '/home/student/ros2_ws/install/eced3901/lib/python3.10/site-packages/eced3901-0.0.0-py3.10.egg-info' (and everything under it)
Copying ../../build/eced3901/eced3901.egg-info to /home/student/ros2_ws/install/eced3901/lib/python3.10/site-packages/eced3901-0.0.0-py3.10.egg-info
running install_scripts
Installing dt1 script to /home/student/ros2_ws/install/eced3901/lib/eced3901
Installing talker script to /home/student/ros2_ws/install/eced3901/lib/eced3901
writing list of installed files to '/home/student/ros2_ws/build/eced3901/install.log'
