[1.135s] Invoking command in '/home/student/ros2_ws/src/ECED3901-Competition-2024': PYTHONPATH=/home/student/ros2_ws/build/eced3901_competition_2024/prefix_override:/home/student/ros2_ws/install/eced3901_competition_2024/lib/python3.10/site-packages:${PYTHONPATH} /usr/bin/python3 setup.py egg_info --egg-base ../../build/eced3901_competition_2024 build --build-base /home/student/ros2_ws/build/eced3901_competition_2024/build install --record /home/student/ros2_ws/build/eced3901_competition_2024/install.log --single-version-externally-managed
[1.385s] running egg_info
[1.386s] writing ../../build/eced3901_competition_2024/eced3901_competition_2024.egg-info/PKG-INFO
[1.386s] writing dependency_links to ../../build/eced3901_competition_2024/eced3901_competition_2024.egg-info/dependency_links.txt
[1.386s] writing entry points to ../../build/eced3901_competition_2024/eced3901_competition_2024.egg-info/entry_points.txt
[1.386s] writing requirements to ../../build/eced3901_competition_2024/eced3901_competition_2024.egg-info/requires.txt
[1.387s] writing top-level names to ../../build/eced3901_competition_2024/eced3901_competition_2024.egg-info/top_level.txt
[1.389s] reading manifest file '../../build/eced3901_competition_2024/eced3901_competition_2024.egg-info/SOURCES.txt'
[1.390s] writing manifest file '../../build/eced3901_competition_2024/eced3901_competition_2024.egg-info/SOURCES.txt'
[1.390s] running build
[1.390s] running build_py
[1.390s] running install
[1.391s] running install_lib
[1.392s] running install_data
[1.393s] running install_egg_info
[1.394s] removing '/home/student/ros2_ws/install/eced3901_competition_2024/lib/python3.10/site-packages/eced3901_competition_2024-0.0.0-py3.10.egg-info' (and everything under it)
[1.395s] Copying ../../build/eced3901_competition_2024/eced3901_competition_2024.egg-info to /home/student/ros2_ws/install/eced3901_competition_2024/lib/python3.10/site-packages/eced3901_competition_2024-0.0.0-py3.10.egg-info
[1.396s] running install_scripts
[1.420s] Installing competition_publisher script to /home/student/ros2_ws/install/eced3901_competition_2024/lib/eced3901_competition_2024
[1.421s] Installing pose_listener script to /home/student/ros2_ws/install/eced3901_competition_2024/lib/eced3901_competition_2024
[1.421s] Installing test_student script to /home/student/ros2_ws/install/eced3901_competition_2024/lib/eced3901_competition_2024
[1.421s] Installing test_student_with_switch script to /home/student/ros2_ws/install/eced3901_competition_2024/lib/eced3901_competition_2024
[1.422s] writing list of installed files to '/home/student/ros2_ws/build/eced3901_competition_2024/install.log'
[1.466s] Invoked command in '/home/student/ros2_ws/src/ECED3901-Competition-2024' returned '0': PYTHONPATH=/home/student/ros2_ws/build/eced3901_competition_2024/prefix_override:/home/student/ros2_ws/install/eced3901_competition_2024/lib/python3.10/site-packages:${PYTHONPATH} /usr/bin/python3 setup.py egg_info --egg-base ../../build/eced3901_competition_2024 build --build-base /home/student/ros2_ws/build/eced3901_competition_2024/build install --record /home/student/ros2_ws/build/eced3901_competition_2024/install.log --single-version-externally-managed
