[0.014s] Invoking command in '/home/student/ros2_ws/build/eced3901': CMAKE_PREFIX_PATH=${CMAKE_PREFIX_PATH}:/home/student/imu_ws/install/bno055:/home/student/motor_ws/install/dalmotor:/opt/ros/humble /usr/bin/cmake --build /home/student/ros2_ws/build/eced3901 -- -j4 -l4
[0.033s] -- Found ament_cmake: 1.3.4 (/opt/ros/humble/share/ament_cmake/cmake)
[0.159s] -- Found rclcpp: 16.0.4 (/opt/ros/humble/share/rclcpp/cmake)
[0.184s] -- Found rosidl_generator_c: 3.1.4 (/opt/ros/humble/share/rosidl_generator_c/cmake)
[0.186s] -- Found rosidl_adapter: 3.1.4 (/opt/ros/humble/share/rosidl_adapter/cmake)
[0.192s] -- Found rosidl_generator_cpp: 3.1.4 (/opt/ros/humble/share/rosidl_generator_cpp/cmake)
[0.202s] -- Using all available rosidl_typesupport_c: rosidl_typesupport_fastrtps_c;rosidl_typesupport_introspection_c
[0.216s] -- Using all available rosidl_typesupport_cpp: rosidl_typesupport_fastrtps_cpp;rosidl_typesupport_introspection_cpp
[0.270s] -- Found rmw_implementation_cmake: 6.1.1 (/opt/ros/humble/share/rmw_implementation_cmake/cmake)
[0.271s] -- Found rmw_fastrtps_cpp: 6.2.2 (/opt/ros/humble/share/rmw_fastrtps_cpp/cmake)
[0.375s] -- Using RMW implementation 'rmw_fastrtps_cpp' as default
[0.524s] -- Found rclpy: 3.3.8 (/opt/ros/humble/share/rclpy/cmake)
[0.525s] -- Found geometry_msgs: 4.2.3 (/opt/ros/humble/share/geometry_msgs/cmake)
[0.566s] -- Found nav_msgs: 4.2.3 (/opt/ros/humble/share/nav_msgs/cmake)
[0.648s] -- Found tf2: 0.25.2 (/opt/ros/humble/share/tf2/cmake)
[0.657s] -- Found ament_lint_auto: 0.12.6 (/opt/ros/humble/share/ament_lint_auto/cmake)
[0.719s] -- Added test 'cppcheck' to perform static code analysis on C / C++ code
[0.719s] -- Configured cppcheck include dirs: 
[0.720s] -- Configured cppcheck exclude dirs and/or files: 
[0.720s] -- Added test 'flake8' to check Python code syntax and style conventions
[0.721s] -- Added test 'lint_cmake' to check CMake code style
[0.721s] -- Added test 'pep257' to check Python code against some of the docstring style conventions in PEP 257
[0.724s] -- Added test 'uncrustify' to check C / C++ code style
[0.724s] -- Configured uncrustify additional arguments: 
[0.724s] -- Added test 'xmllint' to check XML markup files
[0.725s] -- Configuring done
[0.735s] -- Generating done
[0.737s] -- Build files have been written to: /home/student/ros2_ws/build/eced3901
[0.757s] [35m[1mConsolidate compiler generated dependencies of target talker[0m
[0.764s] [ 25%] [32mBuilding CXX object CMakeFiles/dt1.dir/src/eced3901_dt1sol.cpp.o[0m
[0.771s] [ 75%] Built target talker
[8.571s] [100%] [32m[1mLinking CXX executable dt1[0m
[8.985s] [100%] Built target dt1
[8.993s] Invoked command in '/home/student/ros2_ws/build/eced3901' returned '0': CMAKE_PREFIX_PATH=${CMAKE_PREFIX_PATH}:/home/student/imu_ws/install/bno055:/home/student/motor_ws/install/dalmotor:/opt/ros/humble /usr/bin/cmake --build /home/student/ros2_ws/build/eced3901 -- -j4 -l4
[9.019s] Invoking command in '/home/student/ros2_ws/build/eced3901': CMAKE_PREFIX_PATH=${CMAKE_PREFIX_PATH}:/home/student/imu_ws/install/bno055:/home/student/motor_ws/install/dalmotor:/opt/ros/humble /usr/bin/cmake --install /home/student/ros2_ws/build/eced3901
[9.024s] -- Install configuration: ""
[9.024s] -- Up-to-date: /home/student/ros2_ws/install/eced3901/lib/eced3901/talker
[9.025s] -- Installing: /home/student/ros2_ws/install/eced3901/lib/eced3901/dt1
[9.028s] -- Set runtime path of "/home/student/ros2_ws/install/eced3901/lib/eced3901/dt1" to ""
[9.028s] -- Up-to-date: /home/student/ros2_ws/install/eced3901/share/eced3901/config
[9.028s] -- Up-to-date: /home/student/ros2_ws/install/eced3901/share/eced3901/config/ekf.yaml
[9.028s] -- Up-to-date: /home/student/ros2_ws/install/eced3901/share/eced3901/launch
[9.028s] -- Up-to-date: /home/student/ros2_ws/install/eced3901/share/eced3901/launch/lab6nav.launch.py
[9.028s] -- Up-to-date: /home/student/ros2_ws/install/eced3901/share/eced3901/launch/lab5dt2.launch.py
[9.028s] -- Up-to-date: /home/student/ros2_ws/install/eced3901/share/eced3901/launch/lab6b.launch.py
[9.029s] -- Up-to-date: /home/student/ros2_ws/install/eced3901/share/eced3901/launch/lab5.launch.py
[9.029s] -- Up-to-date: /home/student/ros2_ws/install/eced3901/share/eced3901/launch/lab4a.launch.py
[9.029s] -- Up-to-date: /home/student/ros2_ws/install/eced3901/share/eced3901/launch/lab4b.launch.py
[9.029s] -- Up-to-date: /home/student/ros2_ws/install/eced3901/share/eced3901/launch/lab5dt2sol.launch.py
[9.029s] -- Up-to-date: /home/student/ros2_ws/install/eced3901/share/eced3901/launch/lab3.launch.py
[9.029s] -- Up-to-date: /home/student/ros2_ws/install/eced3901/share/eced3901/launch/lab6a.launch.py
[9.029s] -- Up-to-date: /home/student/ros2_ws/install/eced3901/share/eced3901/launch/lab7nav.launch.py
[9.029s] -- Up-to-date: /home/student/ros2_ws/install/eced3901/share/eced3901/maps
[9.029s] -- Up-to-date: /home/student/ros2_ws/install/eced3901/share/eced3901/maps/lab4_map.yaml
[9.030s] -- Up-to-date: /home/student/ros2_ws/install/eced3901/share/eced3901/maps/lab4_map.pgm
[9.030s] -- Up-to-date: /home/student/ros2_ws/install/eced3901/share/eced3901/models
[9.030s] -- Up-to-date: /home/student/ros2_ws/install/eced3901/share/eced3901/models/eced3901_lab4
[9.030s] -- Up-to-date: /home/student/ros2_ws/install/eced3901/share/eced3901/models/eced3901_lab4/model.sdf
[9.030s] -- Up-to-date: /home/student/ros2_ws/install/eced3901/share/eced3901/models/eced3901_lab4/model.config
[9.030s] -- Up-to-date: /home/student/ros2_ws/install/eced3901/share/eced3901/models/eced3901bot.urdf
[9.030s] -- Up-to-date: /home/student/ros2_ws/install/eced3901/share/eced3901/models/eced3901bot_description
[9.030s] -- Up-to-date: /home/student/ros2_ws/install/eced3901/share/eced3901/models/eced3901bot_description/model.sdf
[9.030s] -- Up-to-date: /home/student/ros2_ws/install/eced3901/share/eced3901/models/eced3901bot_description/model.config
[9.030s] -- Up-to-date: /home/student/ros2_ws/install/eced3901/share/eced3901/params
[9.030s] -- Up-to-date: /home/student/ros2_ws/install/eced3901/share/eced3901/params/nav2_params.yaml
[9.030s] -- Up-to-date: /home/student/ros2_ws/install/eced3901/share/eced3901/rviz
[9.030s] -- Up-to-date: /home/student/ros2_ws/install/eced3901/share/eced3901/rviz/nav2.rviz
[9.030s] -- Up-to-date: /home/student/ros2_ws/install/eced3901/share/eced3901/rviz/urdf_config.rviz
[9.031s] -- Up-to-date: /home/student/ros2_ws/install/eced3901/share/eced3901/rviz/nav2_config.rviz
[9.031s] -- Up-to-date: /home/student/ros2_ws/install/eced3901/share/eced3901/src
[9.031s] -- Up-to-date: /home/student/ros2_ws/install/eced3901/share/eced3901/src/eced3901_dt1.cpp
[9.031s] -- Up-to-date: /home/student/ros2_ws/install/eced3901/share/eced3901/src/eced3901_dt1sol.cpp
[9.031s] -- Up-to-date: /home/student/ros2_ws/install/eced3901/share/eced3901/src/publisher_member_function.cpp
[9.031s] -- Up-to-date: /home/student/ros2_ws/install/eced3901/share/eced3901/worlds
[9.031s] -- Up-to-date: /home/student/ros2_ws/install/eced3901/share/eced3901/worlds/eced3901_lab6.world
[9.031s] -- Up-to-date: /home/student/ros2_ws/install/eced3901/share/eced3901/worlds/empty.world
[9.031s] -- Up-to-date: /home/student/ros2_ws/install/eced3901/share/eced3901/worlds/eced3901_lab4.world
[9.031s] -- Up-to-date: /home/student/ros2_ws/install/eced3901/lib/eced3901/demo_inspection.py
[9.031s] -- Up-to-date: /home/student/ros2_ws/install/eced3901/share/ament_index/resource_index/package_run_dependencies/eced3901
[9.031s] -- Installing: /home/student/ros2_ws/install/eced3901/share/ament_index/resource_index/parent_prefix_path/eced3901
[9.031s] -- Up-to-date: /home/student/ros2_ws/install/eced3901/share/eced3901/environment/ament_prefix_path.sh
[9.031s] -- Installing: /home/student/ros2_ws/install/eced3901/share/eced3901/environment/ament_prefix_path.dsv
[9.031s] -- Up-to-date: /home/student/ros2_ws/install/eced3901/share/eced3901/environment/path.sh
[9.031s] -- Installing: /home/student/ros2_ws/install/eced3901/share/eced3901/environment/path.dsv
[9.032s] -- Up-to-date: /home/student/ros2_ws/install/eced3901/share/eced3901/local_setup.bash
[9.032s] -- Up-to-date: /home/student/ros2_ws/install/eced3901/share/eced3901/local_setup.sh
[9.032s] -- Up-to-date: /home/student/ros2_ws/install/eced3901/share/eced3901/local_setup.zsh
[9.032s] -- Installing: /home/student/ros2_ws/install/eced3901/share/eced3901/local_setup.dsv
[9.032s] -- Installing: /home/student/ros2_ws/install/eced3901/share/eced3901/package.dsv
[9.032s] -- Up-to-date: /home/student/ros2_ws/install/eced3901/share/ament_index/resource_index/packages/eced3901
[9.032s] -- Up-to-date: /home/student/ros2_ws/install/eced3901/share/eced3901/cmake/eced3901Config.cmake
[9.032s] -- Up-to-date: /home/student/ros2_ws/install/eced3901/share/eced3901/cmake/eced3901Config-version.cmake
[9.032s] -- Up-to-date: /home/student/ros2_ws/install/eced3901/share/eced3901/package.xml
[9.033s] Invoked command in '/home/student/ros2_ws/build/eced3901' returned '0': CMAKE_PREFIX_PATH=${CMAKE_PREFIX_PATH}:/home/student/imu_ws/install/bno055:/home/student/motor_ws/install/dalmotor:/opt/ros/humble /usr/bin/cmake --install /home/student/ros2_ws/build/eced3901
