running egg_info
creating ../../../build/l3xz_openmv_camera/l3xz_openmv_camera.egg-info
writing ../../../build/l3xz_openmv_camera/l3xz_openmv_camera.egg-info/PKG-INFO
writing dependency_links to ../../../build/l3xz_openmv_camera/l3xz_openmv_camera.egg-info/dependency_links.txt
writing entry points to ../../../build/l3xz_openmv_camera/l3xz_openmv_camera.egg-info/entry_points.txt
writing requirements to ../../../build/l3xz_openmv_camera/l3xz_openmv_camera.egg-info/requires.txt
writing top-level names to ../../../build/l3xz_openmv_camera/l3xz_openmv_camera.egg-info/top_level.txt
writing manifest file '../../../build/l3xz_openmv_camera/l3xz_openmv_camera.egg-info/SOURCES.txt'
reading manifest file '../../../build/l3xz_openmv_camera/l3xz_openmv_camera.egg-info/SOURCES.txt'
reading manifest template 'MANIFEST.in'
writing manifest file '../../../build/l3xz_openmv_camera/l3xz_openmv_camera.egg-info/SOURCES.txt'
running build
running build_py
creating /home/student/ros2_ws/build/l3xz_openmv_camera/build
creating /home/student/ros2_ws/build/l3xz_openmv_camera/build/lib
creating /home/student/ros2_ws/build/l3xz_openmv_camera/build/lib/l3xz_openmv_camera
copying l3xz_openmv_camera/l3xz_openmv_camera.py -> /home/student/ros2_ws/build/l3xz_openmv_camera/build/lib/l3xz_openmv_camera
copying l3xz_openmv_camera/__init__.py -> /home/student/ros2_ws/build/l3xz_openmv_camera/build/lib/l3xz_openmv_camera
copying l3xz_openmv_camera/camera_interface.py -> /home/student/ros2_ws/build/l3xz_openmv_camera/build/lib/l3xz_openmv_camera
creating /home/student/ros2_ws/build/l3xz_openmv_camera/build/lib/l3xz_openmv_camera/openmv
creating /home/student/ros2_ws/build/l3xz_openmv_camera/build/lib/l3xz_openmv_camera/openmv/tools
creating /home/student/ros2_ws/build/l3xz_openmv_camera/build/lib/l3xz_openmv_camera/openmv/tools/rpc
copying l3xz_openmv_camera/openmv/tools/rpc/rpc.py -> /home/student/ros2_ws/build/l3xz_openmv_camera/build/lib/l3xz_openmv_camera/openmv/tools/rpc
copying l3xz_openmv_camera/openmv/tools/rpc/rpc_image_transfer_jpg_as_the_controller_device.py -> /home/student/ros2_ws/build/l3xz_openmv_camera/build/lib/l3xz_openmv_camera/openmv/tools/rpc
copying l3xz_openmv_camera/openmv/tools/rpc/rpc_image_transfer_jpg_streaming_as_the_controller_device.py -> /home/student/ros2_ws/build/l3xz_openmv_camera/build/lib/l3xz_openmv_camera/openmv/tools/rpc
copying l3xz_openmv_camera/openmv/tools/rpc/rpc_popular_features_as_the_controller_device_example.py -> /home/student/ros2_ws/build/l3xz_openmv_camera/build/lib/l3xz_openmv_camera/openmv/tools/rpc
running install
running install_lib
creating /home/student/ros2_ws/install/l3xz_openmv_camera/lib/python3.10/site-packages/l3xz_openmv_camera
creating /home/student/ros2_ws/install/l3xz_openmv_camera/lib/python3.10/site-packages/l3xz_openmv_camera/openmv
creating /home/student/ros2_ws/install/l3xz_openmv_camera/lib/python3.10/site-packages/l3xz_openmv_camera/openmv/tools
creating /home/student/ros2_ws/install/l3xz_openmv_camera/lib/python3.10/site-packages/l3xz_openmv_camera/openmv/tools/rpc
copying /home/student/ros2_ws/build/l3xz_openmv_camera/build/lib/l3xz_openmv_camera/openmv/tools/rpc/rpc.py -> /home/student/ros2_ws/install/l3xz_openmv_camera/lib/python3.10/site-packages/l3xz_openmv_camera/openmv/tools/rpc
copying /home/student/ros2_ws/build/l3xz_openmv_camera/build/lib/l3xz_openmv_camera/openmv/tools/rpc/rpc_image_transfer_jpg_streaming_as_the_controller_device.py -> /home/student/ros2_ws/install/l3xz_openmv_camera/lib/python3.10/site-packages/l3xz_openmv_camera/openmv/tools/rpc
copying /home/student/ros2_ws/build/l3xz_openmv_camera/build/lib/l3xz_openmv_camera/openmv/tools/rpc/rpc_popular_features_as_the_controller_device_example.py -> /home/student/ros2_ws/install/l3xz_openmv_camera/lib/python3.10/site-packages/l3xz_openmv_camera/openmv/tools/rpc
copying /home/student/ros2_ws/build/l3xz_openmv_camera/build/lib/l3xz_openmv_camera/openmv/tools/rpc/rpc_image_transfer_jpg_as_the_controller_device.py -> /home/student/ros2_ws/install/l3xz_openmv_camera/lib/python3.10/site-packages/l3xz_openmv_camera/openmv/tools/rpc
copying /home/student/ros2_ws/build/l3xz_openmv_camera/build/lib/l3xz_openmv_camera/l3xz_openmv_camera.py -> /home/student/ros2_ws/install/l3xz_openmv_camera/lib/python3.10/site-packages/l3xz_openmv_camera
copying /home/student/ros2_ws/build/l3xz_openmv_camera/build/lib/l3xz_openmv_camera/__init__.py -> /home/student/ros2_ws/install/l3xz_openmv_camera/lib/python3.10/site-packages/l3xz_openmv_camera
copying /home/student/ros2_ws/build/l3xz_openmv_camera/build/lib/l3xz_openmv_camera/camera_interface.py -> /home/student/ros2_ws/install/l3xz_openmv_camera/lib/python3.10/site-packages/l3xz_openmv_camera
byte-compiling /home/student/ros2_ws/install/l3xz_openmv_camera/lib/python3.10/site-packages/l3xz_openmv_camera/openmv/tools/rpc/rpc.py to rpc.cpython-310.pyc
byte-compiling /home/student/ros2_ws/install/l3xz_openmv_camera/lib/python3.10/site-packages/l3xz_openmv_camera/openmv/tools/rpc/rpc_image_transfer_jpg_streaming_as_the_controller_device.py to rpc_image_transfer_jpg_streaming_as_the_controller_device.cpython-310.pyc
byte-compiling /home/student/ros2_ws/install/l3xz_openmv_camera/lib/python3.10/site-packages/l3xz_openmv_camera/openmv/tools/rpc/rpc_popular_features_as_the_controller_device_example.py to rpc_popular_features_as_the_controller_device_example.cpython-310.pyc
byte-compiling /home/student/ros2_ws/install/l3xz_openmv_camera/lib/python3.10/site-packages/l3xz_openmv_camera/openmv/tools/rpc/rpc_image_transfer_jpg_as_the_controller_device.py to rpc_image_transfer_jpg_as_the_controller_device.cpython-310.pyc
byte-compiling /home/student/ros2_ws/install/l3xz_openmv_camera/lib/python3.10/site-packages/l3xz_openmv_camera/l3xz_openmv_camera.py to l3xz_openmv_camera.cpython-310.pyc
byte-compiling /home/student/ros2_ws/install/l3xz_openmv_camera/lib/python3.10/site-packages/l3xz_openmv_camera/__init__.py to __init__.cpython-310.pyc
byte-compiling /home/student/ros2_ws/install/l3xz_openmv_camera/lib/python3.10/site-packages/l3xz_openmv_camera/camera_interface.py to camera_interface.cpython-310.pyc
running install_data
creating /home/student/ros2_ws/install/l3xz_openmv_camera/share/ament_index
creating /home/student/ros2_ws/install/l3xz_openmv_camera/share/ament_index/resource_index
creating /home/student/ros2_ws/install/l3xz_openmv_camera/share/ament_index/resource_index/packages
copying resource/l3xz_openmv_camera -> /home/student/ros2_ws/install/l3xz_openmv_camera/share/ament_index/resource_index/packages
copying package.xml -> /home/student/ros2_ws/install/l3xz_openmv_camera/share/l3xz_openmv_camera
running install_egg_info
Copying ../../../build/l3xz_openmv_camera/l3xz_openmv_camera.egg-info to /home/student/ros2_ws/install/l3xz_openmv_camera/lib/python3.10/site-packages/l3xz_openmv_camera-1.0.0-py3.10.egg-info
running install_scripts
Installing l3xz_openmv_camera script to /home/student/ros2_ws/install/l3xz_openmv_camera/lib/l3xz_openmv_camera
writing list of installed files to '/home/student/ros2_ws/build/l3xz_openmv_camera/install.log'
