[0.655s] Invoking command in '/home/student/ros2_ws/src/l3xz_openmv_camera/l3xz_openmv_camera': AMENT_PREFIX_PATH=/home/student/ros2_ws/install/l3xz_openmv_camera_interfaces:${AMENT_PREFIX_PATH} CMAKE_PREFIX_PATH=/home/student/ros2_ws/install/l3xz_openmv_camera_interfaces:${CMAKE_PREFIX_PATH} LD_LIBRARY_PATH=/home/student/ros2_ws/install/l3xz_openmv_camera_interfaces/lib:${LD_LIBRARY_PATH} PYTHONPATH=/home/student/ros2_ws/build/l3xz_openmv_camera/prefix_override:/home/student/ros2_ws/install/l3xz_openmv_camera/lib/python3.10/site-packages:/home/student/ros2_ws/install/l3xz_openmv_camera_interfaces/local/lib/python3.10/dist-packages:${PYTHONPATH} /usr/bin/python3 setup.py egg_info --egg-base ../../../build/l3xz_openmv_camera build --build-base /home/student/ros2_ws/build/l3xz_openmv_camera/build install --record /home/student/ros2_ws/build/l3xz_openmv_camera/install.log --single-version-externally-managed
[0.899s] running egg_info
[0.900s] creating ../../../build/l3xz_openmv_camera/l3xz_openmv_camera.egg-info
[0.900s] writing ../../../build/l3xz_openmv_camera/l3xz_openmv_camera.egg-info/PKG-INFO
[0.900s] writing dependency_links to ../../../build/l3xz_openmv_camera/l3xz_openmv_camera.egg-info/dependency_links.txt
[0.900s] writing entry points to ../../../build/l3xz_openmv_camera/l3xz_openmv_camera.egg-info/entry_points.txt
[0.900s] writing requirements to ../../../build/l3xz_openmv_camera/l3xz_openmv_camera.egg-info/requires.txt
[0.901s] writing top-level names to ../../../build/l3xz_openmv_camera/l3xz_openmv_camera.egg-info/top_level.txt
[0.901s] writing manifest file '../../../build/l3xz_openmv_camera/l3xz_openmv_camera.egg-info/SOURCES.txt'
[0.905s] reading manifest file '../../../build/l3xz_openmv_camera/l3xz_openmv_camera.egg-info/SOURCES.txt'
[0.905s] reading manifest template 'MANIFEST.in'
[0.906s] writing manifest file '../../../build/l3xz_openmv_camera/l3xz_openmv_camera.egg-info/SOURCES.txt'
[0.906s] running build
[0.906s] running build_py
[0.906s] creating /home/student/ros2_ws/build/l3xz_openmv_camera/build
[0.907s] creating /home/student/ros2_ws/build/l3xz_openmv_camera/build/lib
[0.907s] creating /home/student/ros2_ws/build/l3xz_openmv_camera/build/lib/l3xz_openmv_camera
[0.907s] copying l3xz_openmv_camera/l3xz_openmv_camera.py -> /home/student/ros2_ws/build/l3xz_openmv_camera/build/lib/l3xz_openmv_camera
[0.908s] copying l3xz_openmv_camera/__init__.py -> /home/student/ros2_ws/build/l3xz_openmv_camera/build/lib/l3xz_openmv_camera
[0.908s] copying l3xz_openmv_camera/camera_interface.py -> /home/student/ros2_ws/build/l3xz_openmv_camera/build/lib/l3xz_openmv_camera
[0.908s] creating /home/student/ros2_ws/build/l3xz_openmv_camera/build/lib/l3xz_openmv_camera/openmv
[0.908s] creating /home/student/ros2_ws/build/l3xz_openmv_camera/build/lib/l3xz_openmv_camera/openmv/tools
[0.908s] creating /home/student/ros2_ws/build/l3xz_openmv_camera/build/lib/l3xz_openmv_camera/openmv/tools/rpc
[0.908s] copying l3xz_openmv_camera/openmv/tools/rpc/rpc.py -> /home/student/ros2_ws/build/l3xz_openmv_camera/build/lib/l3xz_openmv_camera/openmv/tools/rpc
[0.908s] copying l3xz_openmv_camera/openmv/tools/rpc/rpc_image_transfer_jpg_as_the_controller_device.py -> /home/student/ros2_ws/build/l3xz_openmv_camera/build/lib/l3xz_openmv_camera/openmv/tools/rpc
[0.908s] copying l3xz_openmv_camera/openmv/tools/rpc/rpc_image_transfer_jpg_streaming_as_the_controller_device.py -> /home/student/ros2_ws/build/l3xz_openmv_camera/build/lib/l3xz_openmv_camera/openmv/tools/rpc
[0.908s] copying l3xz_openmv_camera/openmv/tools/rpc/rpc_popular_features_as_the_controller_device_example.py -> /home/student/ros2_ws/build/l3xz_openmv_camera/build/lib/l3xz_openmv_camera/openmv/tools/rpc
[0.909s] running install
[0.909s] running install_lib
[0.912s] creating /home/student/ros2_ws/install/l3xz_openmv_camera/lib/python3.10/site-packages/l3xz_openmv_camera
[0.912s] creating /home/student/ros2_ws/install/l3xz_openmv_camera/lib/python3.10/site-packages/l3xz_openmv_camera/openmv
[0.912s] creating /home/student/ros2_ws/install/l3xz_openmv_camera/lib/python3.10/site-packages/l3xz_openmv_camera/openmv/tools
[0.912s] creating /home/student/ros2_ws/install/l3xz_openmv_camera/lib/python3.10/site-packages/l3xz_openmv_camera/openmv/tools/rpc
[0.912s] copying /home/student/ros2_ws/build/l3xz_openmv_camera/build/lib/l3xz_openmv_camera/openmv/tools/rpc/rpc.py -> /home/student/ros2_ws/install/l3xz_openmv_camera/lib/python3.10/site-packages/l3xz_openmv_camera/openmv/tools/rpc
[0.912s] copying /home/student/ros2_ws/build/l3xz_openmv_camera/build/lib/l3xz_openmv_camera/openmv/tools/rpc/rpc_image_transfer_jpg_streaming_as_the_controller_device.py -> /home/student/ros2_ws/install/l3xz_openmv_camera/lib/python3.10/site-packages/l3xz_openmv_camera/openmv/tools/rpc
[0.912s] copying /home/student/ros2_ws/build/l3xz_openmv_camera/build/lib/l3xz_openmv_camera/openmv/tools/rpc/rpc_popular_features_as_the_controller_device_example.py -> /home/student/ros2_ws/install/l3xz_openmv_camera/lib/python3.10/site-packages/l3xz_openmv_camera/openmv/tools/rpc
[0.912s] copying /home/student/ros2_ws/build/l3xz_openmv_camera/build/lib/l3xz_openmv_camera/openmv/tools/rpc/rpc_image_transfer_jpg_as_the_controller_device.py -> /home/student/ros2_ws/install/l3xz_openmv_camera/lib/python3.10/site-packages/l3xz_openmv_camera/openmv/tools/rpc
[0.912s] copying /home/student/ros2_ws/build/l3xz_openmv_camera/build/lib/l3xz_openmv_camera/l3xz_openmv_camera.py -> /home/student/ros2_ws/install/l3xz_openmv_camera/lib/python3.10/site-packages/l3xz_openmv_camera
[0.912s] copying /home/student/ros2_ws/build/l3xz_openmv_camera/build/lib/l3xz_openmv_camera/__init__.py -> /home/student/ros2_ws/install/l3xz_openmv_camera/lib/python3.10/site-packages/l3xz_openmv_camera
[0.912s] copying /home/student/ros2_ws/build/l3xz_openmv_camera/build/lib/l3xz_openmv_camera/camera_interface.py -> /home/student/ros2_ws/install/l3xz_openmv_camera/lib/python3.10/site-packages/l3xz_openmv_camera
[0.912s] byte-compiling /home/student/ros2_ws/install/l3xz_openmv_camera/lib/python3.10/site-packages/l3xz_openmv_camera/openmv/tools/rpc/rpc.py to rpc.cpython-310.pyc
[0.918s] byte-compiling /home/student/ros2_ws/install/l3xz_openmv_camera/lib/python3.10/site-packages/l3xz_openmv_camera/openmv/tools/rpc/rpc_image_transfer_jpg_streaming_as_the_controller_device.py to rpc_image_transfer_jpg_streaming_as_the_controller_device.cpython-310.pyc
[0.918s] byte-compiling /home/student/ros2_ws/install/l3xz_openmv_camera/lib/python3.10/site-packages/l3xz_openmv_camera/openmv/tools/rpc/rpc_popular_features_as_the_controller_device_example.py to rpc_popular_features_as_the_controller_device_example.cpython-310.pyc
[0.919s] byte-compiling /home/student/ros2_ws/install/l3xz_openmv_camera/lib/python3.10/site-packages/l3xz_openmv_camera/openmv/tools/rpc/rpc_image_transfer_jpg_as_the_controller_device.py to rpc_image_transfer_jpg_as_the_controller_device.cpython-310.pyc
[0.920s] byte-compiling /home/student/ros2_ws/install/l3xz_openmv_camera/lib/python3.10/site-packages/l3xz_openmv_camera/l3xz_openmv_camera.py to l3xz_openmv_camera.cpython-310.pyc
[0.921s] byte-compiling /home/student/ros2_ws/install/l3xz_openmv_camera/lib/python3.10/site-packages/l3xz_openmv_camera/__init__.py to __init__.cpython-310.pyc
[0.921s] byte-compiling /home/student/ros2_ws/install/l3xz_openmv_camera/lib/python3.10/site-packages/l3xz_openmv_camera/camera_interface.py to camera_interface.cpython-310.pyc
[0.923s] running install_data
[0.923s] creating /home/student/ros2_ws/install/l3xz_openmv_camera/share/ament_index
[0.923s] creating /home/student/ros2_ws/install/l3xz_openmv_camera/share/ament_index/resource_index
[0.924s] creating /home/student/ros2_ws/install/l3xz_openmv_camera/share/ament_index/resource_index/packages
[0.924s] copying resource/l3xz_openmv_camera -> /home/student/ros2_ws/install/l3xz_openmv_camera/share/ament_index/resource_index/packages
[0.924s] copying package.xml -> /home/student/ros2_ws/install/l3xz_openmv_camera/share/l3xz_openmv_camera
[0.924s] running install_egg_info
[0.925s] Copying ../../../build/l3xz_openmv_camera/l3xz_openmv_camera.egg-info to /home/student/ros2_ws/install/l3xz_openmv_camera/lib/python3.10/site-packages/l3xz_openmv_camera-1.0.0-py3.10.egg-info
[0.926s] running install_scripts
[0.951s] Installing l3xz_openmv_camera script to /home/student/ros2_ws/install/l3xz_openmv_camera/lib/l3xz_openmv_camera
[0.951s] writing list of installed files to '/home/student/ros2_ws/build/l3xz_openmv_camera/install.log'
[0.984s] Invoked command in '/home/student/ros2_ws/src/l3xz_openmv_camera/l3xz_openmv_camera' returned '0': AMENT_PREFIX_PATH=/home/student/ros2_ws/install/l3xz_openmv_camera_interfaces:${AMENT_PREFIX_PATH} CMAKE_PREFIX_PATH=/home/student/ros2_ws/install/l3xz_openmv_camera_interfaces:${CMAKE_PREFIX_PATH} LD_LIBRARY_PATH=/home/student/ros2_ws/install/l3xz_openmv_camera_interfaces/lib:${LD_LIBRARY_PATH} PYTHONPATH=/home/student/ros2_ws/build/l3xz_openmv_camera/prefix_override:/home/student/ros2_ws/install/l3xz_openmv_camera/lib/python3.10/site-packages:/home/student/ros2_ws/install/l3xz_openmv_camera_interfaces/local/lib/python3.10/dist-packages:${PYTHONPATH} /usr/bin/python3 setup.py egg_info --egg-base ../../../build/l3xz_openmv_camera build --build-base /home/student/ros2_ws/build/l3xz_openmv_camera/build install --record /home/student/ros2_ws/build/l3xz_openmv_camera/install.log --single-version-externally-managed
