[0.052s] Invoking command in '/home/student/ros2_ws/build/l3xz_openmv_camera_interfaces': CMAKE_PREFIX_PATH=${CMAKE_PREFIX_PATH}:/home/student/motor_ws/install/dalmotor:/home/student/ros2_ws/install/test-3901:/home/student/ros2_ws/install/l3xz_openmv_camera:/home/student/ros2_ws/install/eced3901_competition_2024:/home/student/ros2_ws/install/eced3901:/home/student/imu_ws/install/bno055:/opt/ros/humble /usr/bin/cmake --build /home/student/ros2_ws/build/l3xz_openmv_camera_interfaces -- -j4 -l4
[0.210s] [  1%] Built target l3xz_openmv_camera_interfaces__cpp
[0.217s] [  1%] Built target ament_cmake_python_copy_l3xz_openmv_camera_interfaces
[0.240s] [ 12%] Built target l3xz_openmv_camera_interfaces__rosidl_generator_c
[0.276s] [ 23%] Built target l3xz_openmv_camera_interfaces__rosidl_typesupport_fastrtps_cpp
[0.285s] [ 34%] Built target l3xz_openmv_camera_interfaces__rosidl_typesupport_introspection_cpp
[0.305s] [ 45%] Built target l3xz_openmv_camera_interfaces__rosidl_typesupport_cpp
[0.330s] [ 56%] Built target l3xz_openmv_camera_interfaces__rosidl_typesupport_introspection_c
[0.352s] [ 67%] Built target l3xz_openmv_camera_interfaces__rosidl_typesupport_fastrtps_c
[0.381s] [ 78%] Built target l3xz_openmv_camera_interfaces__rosidl_typesupport_c
[0.419s] [ 78%] Built target l3xz_openmv_camera_interfaces
[0.469s] [ 80%] Built target l3xz_openmv_camera_interfaces__py
[0.520s] [ 89%] Built target l3xz_openmv_camera_interfaces__rosidl_generator_py
[0.573s] [ 92%] Built target l3xz_openmv_camera_interfaces__rosidl_typesupport_introspection_c__pyext
[0.590s] [ 96%] Built target l3xz_openmv_camera_interfaces__rosidl_typesupport_fastrtps_c__pyext
[0.602s] [100%] Built target l3xz_openmv_camera_interfaces__rosidl_typesupport_c__pyext
[0.776s] running egg_info
[0.778s] writing l3xz_openmv_camera_interfaces.egg-info/PKG-INFO
[0.778s] writing dependency_links to l3xz_openmv_camera_interfaces.egg-info/dependency_links.txt
[0.779s] writing top-level names to l3xz_openmv_camera_interfaces.egg-info/top_level.txt
[0.781s] reading manifest file 'l3xz_openmv_camera_interfaces.egg-info/SOURCES.txt'
[0.782s] writing manifest file 'l3xz_openmv_camera_interfaces.egg-info/SOURCES.txt'
[0.842s] [100%] Built target ament_cmake_python_build_l3xz_openmv_camera_interfaces_egg
[0.869s] Invoked command in '/home/student/ros2_ws/build/l3xz_openmv_camera_interfaces' returned '0': CMAKE_PREFIX_PATH=${CMAKE_PREFIX_PATH}:/home/student/motor_ws/install/dalmotor:/home/student/ros2_ws/install/test-3901:/home/student/ros2_ws/install/l3xz_openmv_camera:/home/student/ros2_ws/install/eced3901_competition_2024:/home/student/ros2_ws/install/eced3901:/home/student/imu_ws/install/bno055:/opt/ros/humble /usr/bin/cmake --build /home/student/ros2_ws/build/l3xz_openmv_camera_interfaces -- -j4 -l4
[1.072s] Invoking command in '/home/student/ros2_ws/build/l3xz_openmv_camera_interfaces': CMAKE_PREFIX_PATH=${CMAKE_PREFIX_PATH}:/home/student/motor_ws/install/dalmotor:/home/student/ros2_ws/install/test-3901:/home/student/ros2_ws/install/l3xz_openmv_camera:/home/student/ros2_ws/install/eced3901_competition_2024:/home/student/ros2_ws/install/eced3901:/home/student/imu_ws/install/bno055:/opt/ros/humble /usr/bin/cmake --install /home/student/ros2_ws/build/l3xz_openmv_camera_interfaces
[1.089s] -- Install configuration: ""
[1.092s] -- Up-to-date: /home/student/ros2_ws/install/l3xz_openmv_camera_interfaces/share/ament_index/resource_index/rosidl_interfaces/l3xz_openmv_camera_interfaces
[1.093s] -- Up-to-date: /home/student/ros2_ws/install/l3xz_openmv_camera_interfaces/include/l3xz_openmv_camera_interfaces/l3xz_openmv_camera_interfaces
[1.094s] -- Up-to-date: /home/student/ros2_ws/install/l3xz_openmv_camera_interfaces/include/l3xz_openmv_camera_interfaces/l3xz_openmv_camera_interfaces/srv
[1.095s] -- Up-to-date: /home/student/ros2_ws/install/l3xz_openmv_camera_interfaces/include/l3xz_openmv_camera_interfaces/l3xz_openmv_camera_interfaces/srv/detail
[1.095s] -- Up-to-date: /home/student/ros2_ws/install/l3xz_openmv_camera_interfaces/include/l3xz_openmv_camera_interfaces/l3xz_openmv_camera_interfaces/srv/detail/rgb__functions.c
[1.096s] -- Up-to-date: /home/student/ros2_ws/install/l3xz_openmv_camera_interfaces/include/l3xz_openmv_camera_interfaces/l3xz_openmv_camera_interfaces/srv/detail/gpio_set__functions.h
[1.096s] -- Up-to-date: /home/student/ros2_ws/install/l3xz_openmv_camera_interfaces/include/l3xz_openmv_camera_interfaces/l3xz_openmv_camera_interfaces/srv/detail/gpio__functions.c
[1.098s] -- Up-to-date: /home/student/ros2_ws/install/l3xz_openmv_camera_interfaces/include/l3xz_openmv_camera_interfaces/l3xz_openmv_camera_interfaces/srv/detail/rgb__type_support.h
[1.098s] -- Up-to-date: /home/student/ros2_ws/install/l3xz_openmv_camera_interfaces/include/l3xz_openmv_camera_interfaces/l3xz_openmv_camera_interfaces/srv/detail/ir__struct.h
[1.098s] -- Up-to-date: /home/student/ros2_ws/install/l3xz_openmv_camera_interfaces/include/l3xz_openmv_camera_interfaces/l3xz_openmv_camera_interfaces/srv/detail/ir__type_support.h
[1.098s] -- Up-to-date: /home/student/ros2_ws/install/l3xz_openmv_camera_interfaces/include/l3xz_openmv_camera_interfaces/l3xz_openmv_camera_interfaces/srv/detail/gpio__struct.h
[1.098s] -- Up-to-date: /home/student/ros2_ws/install/l3xz_openmv_camera_interfaces/include/l3xz_openmv_camera_interfaces/l3xz_openmv_camera_interfaces/srv/detail/rgb__functions.h
[1.099s] -- Up-to-date: /home/student/ros2_ws/install/l3xz_openmv_camera_interfaces/include/l3xz_openmv_camera_interfaces/l3xz_openmv_camera_interfaces/srv/detail/gpio__type_support.h
[1.099s] -- Up-to-date: /home/student/ros2_ws/install/l3xz_openmv_camera_interfaces/include/l3xz_openmv_camera_interfaces/l3xz_openmv_camera_interfaces/srv/detail/rgb__struct.h
[1.100s] -- Up-to-date: /home/student/ros2_ws/install/l3xz_openmv_camera_interfaces/include/l3xz_openmv_camera_interfaces/l3xz_openmv_camera_interfaces/srv/detail/gpio_set__type_support.h
[1.100s] -- Up-to-date: /home/student/ros2_ws/install/l3xz_openmv_camera_interfaces/include/l3xz_openmv_camera_interfaces/l3xz_openmv_camera_interfaces/srv/detail/ir__functions.h
[1.100s] -- Up-to-date: /home/student/ros2_ws/install/l3xz_openmv_camera_interfaces/include/l3xz_openmv_camera_interfaces/l3xz_openmv_camera_interfaces/srv/detail/gpio__functions.h
[1.100s] -- Up-to-date: /home/student/ros2_ws/install/l3xz_openmv_camera_interfaces/include/l3xz_openmv_camera_interfaces/l3xz_openmv_camera_interfaces/srv/detail/gpio_set__struct.h
[1.101s] -- Up-to-date: /home/student/ros2_ws/install/l3xz_openmv_camera_interfaces/include/l3xz_openmv_camera_interfaces/l3xz_openmv_camera_interfaces/srv/detail/gpio_set__functions.c
[1.101s] -- Up-to-date: /home/student/ros2_ws/install/l3xz_openmv_camera_interfaces/include/l3xz_openmv_camera_interfaces/l3xz_openmv_camera_interfaces/srv/detail/ir__functions.c
[1.101s] -- Up-to-date: /home/student/ros2_ws/install/l3xz_openmv_camera_interfaces/include/l3xz_openmv_camera_interfaces/l3xz_openmv_camera_interfaces/srv/ir.h
[1.101s] -- Up-to-date: /home/student/ros2_ws/install/l3xz_openmv_camera_interfaces/include/l3xz_openmv_camera_interfaces/l3xz_openmv_camera_interfaces/srv/gpio.h
[1.102s] -- Up-to-date: /home/student/ros2_ws/install/l3xz_openmv_camera_interfaces/include/l3xz_openmv_camera_interfaces/l3xz_openmv_camera_interfaces/srv/gpio_set.h
[1.103s] -- Up-to-date: /home/student/ros2_ws/install/l3xz_openmv_camera_interfaces/include/l3xz_openmv_camera_interfaces/l3xz_openmv_camera_interfaces/srv/rgb.h
[1.103s] -- Up-to-date: /home/student/ros2_ws/install/l3xz_openmv_camera_interfaces/include/l3xz_openmv_camera_interfaces/l3xz_openmv_camera_interfaces/msg
[1.103s] -- Up-to-date: /home/student/ros2_ws/install/l3xz_openmv_camera_interfaces/include/l3xz_openmv_camera_interfaces/l3xz_openmv_camera_interfaces/msg/rosidl_generator_c__visibility_control.h
[1.104s] -- Up-to-date: /home/student/ros2_ws/install/l3xz_openmv_camera_interfaces/share/l3xz_openmv_camera_interfaces/environment/library_path.sh
[1.104s] -- Up-to-date: /home/student/ros2_ws/install/l3xz_openmv_camera_interfaces/share/l3xz_openmv_camera_interfaces/environment/library_path.dsv
[1.104s] -- Up-to-date: /home/student/ros2_ws/install/l3xz_openmv_camera_interfaces/lib/libl3xz_openmv_camera_interfaces__rosidl_generator_c.so
[1.107s] -- Up-to-date: /home/student/ros2_ws/install/l3xz_openmv_camera_interfaces/include/l3xz_openmv_camera_interfaces/l3xz_openmv_camera_interfaces
[1.107s] -- Up-to-date: /home/student/ros2_ws/install/l3xz_openmv_camera_interfaces/include/l3xz_openmv_camera_interfaces/l3xz_openmv_camera_interfaces/srv
[1.107s] -- Up-to-date: /home/student/ros2_ws/install/l3xz_openmv_camera_interfaces/include/l3xz_openmv_camera_interfaces/l3xz_openmv_camera_interfaces/srv/detail
[1.107s] -- Up-to-date: /home/student/ros2_ws/install/l3xz_openmv_camera_interfaces/include/l3xz_openmv_camera_interfaces/l3xz_openmv_camera_interfaces/srv/detail/gpio__rosidl_typesupport_fastrtps_c.h
[1.107s] -- Up-to-date: /home/student/ros2_ws/install/l3xz_openmv_camera_interfaces/include/l3xz_openmv_camera_interfaces/l3xz_openmv_camera_interfaces/srv/detail/ir__rosidl_typesupport_fastrtps_c.h
[1.107s] -- Up-to-date: /home/student/ros2_ws/install/l3xz_openmv_camera_interfaces/include/l3xz_openmv_camera_interfaces/l3xz_openmv_camera_interfaces/srv/detail/rgb__rosidl_typesupport_fastrtps_c.h
[1.107s] -- Up-to-date: /home/student/ros2_ws/install/l3xz_openmv_camera_interfaces/include/l3xz_openmv_camera_interfaces/l3xz_openmv_camera_interfaces/srv/detail/gpio_set__rosidl_typesupport_fastrtps_c.h
[1.108s] -- Up-to-date: /home/student/ros2_ws/install/l3xz_openmv_camera_interfaces/include/l3xz_openmv_camera_interfaces/l3xz_openmv_camera_interfaces/msg
[1.108s] -- Up-to-date: /home/student/ros2_ws/install/l3xz_openmv_camera_interfaces/include/l3xz_openmv_camera_interfaces/l3xz_openmv_camera_interfaces/msg/rosidl_typesupport_fastrtps_c__visibility_control.h
[1.108s] -- Up-to-date: /home/student/ros2_ws/install/l3xz_openmv_camera_interfaces/lib/libl3xz_openmv_camera_interfaces__rosidl_typesupport_fastrtps_c.so
[1.108s] -- Up-to-date: /home/student/ros2_ws/install/l3xz_openmv_camera_interfaces/include/l3xz_openmv_camera_interfaces/l3xz_openmv_camera_interfaces
[1.108s] -- Up-to-date: /home/student/ros2_ws/install/l3xz_openmv_camera_interfaces/include/l3xz_openmv_camera_interfaces/l3xz_openmv_camera_interfaces/srv
[1.108s] -- Up-to-date: /home/student/ros2_ws/install/l3xz_openmv_camera_interfaces/include/l3xz_openmv_camera_interfaces/l3xz_openmv_camera_interfaces/srv/detail
[1.108s] -- Up-to-date: /home/student/ros2_ws/install/l3xz_openmv_camera_interfaces/include/l3xz_openmv_camera_interfaces/l3xz_openmv_camera_interfaces/srv/detail/rgb__type_support.c
[1.116s] -- Up-to-date: /home/student/ros2_ws/install/l3xz_openmv_camera_interfaces/include/l3xz_openmv_camera_interfaces/l3xz_openmv_camera_interfaces/srv/detail/ir__type_support.c
[1.117s] -- Up-to-date: /home/student/ros2_ws/install/l3xz_openmv_camera_interfaces/include/l3xz_openmv_camera_interfaces/l3xz_openmv_camera_interfaces/srv/detail/gpio__rosidl_typesupport_introspection_c.h
[1.117s] -- Up-to-date: /home/student/ros2_ws/install/l3xz_openmv_camera_interfaces/include/l3xz_openmv_camera_interfaces/l3xz_openmv_camera_interfaces/srv/detail/rgb__rosidl_typesupport_introspection_c.h
[1.117s] -- Up-to-date: /home/student/ros2_ws/install/l3xz_openmv_camera_interfaces/include/l3xz_openmv_camera_interfaces/l3xz_openmv_camera_interfaces/srv/detail/gpio__type_support.c
[1.117s] -- Up-to-date: /home/student/ros2_ws/install/l3xz_openmv_camera_interfaces/include/l3xz_openmv_camera_interfaces/l3xz_openmv_camera_interfaces/srv/detail/gpio_set__rosidl_typesupport_introspection_c.h
[1.117s] -- Up-to-date: /home/student/ros2_ws/install/l3xz_openmv_camera_interfaces/include/l3xz_openmv_camera_interfaces/l3xz_openmv_camera_interfaces/srv/detail/ir__rosidl_typesupport_introspection_c.h
[1.117s] -- Up-to-date: /home/student/ros2_ws/install/l3xz_openmv_camera_interfaces/include/l3xz_openmv_camera_interfaces/l3xz_openmv_camera_interfaces/srv/detail/gpio_set__type_support.c
[1.117s] -- Up-to-date: /home/student/ros2_ws/install/l3xz_openmv_camera_interfaces/include/l3xz_openmv_camera_interfaces/l3xz_openmv_camera_interfaces/msg
[1.117s] -- Up-to-date: /home/student/ros2_ws/install/l3xz_openmv_camera_interfaces/include/l3xz_openmv_camera_interfaces/l3xz_openmv_camera_interfaces/msg/rosidl_typesupport_introspection_c__visibility_control.h
[1.117s] -- Up-to-date: /home/student/ros2_ws/install/l3xz_openmv_camera_interfaces/lib/libl3xz_openmv_camera_interfaces__rosidl_typesupport_introspection_c.so
[1.117s] -- Up-to-date: /home/student/ros2_ws/install/l3xz_openmv_camera_interfaces/lib/libl3xz_openmv_camera_interfaces__rosidl_typesupport_c.so
[1.117s] -- Up-to-date: /home/student/ros2_ws/install/l3xz_openmv_camera_interfaces/include/l3xz_openmv_camera_interfaces/l3xz_openmv_camera_interfaces
[1.117s] -- Up-to-date: /home/student/ros2_ws/install/l3xz_openmv_camera_interfaces/include/l3xz_openmv_camera_interfaces/l3xz_openmv_camera_interfaces/srv
[1.118s] -- Up-to-date: /home/student/ros2_ws/install/l3xz_openmv_camera_interfaces/include/l3xz_openmv_camera_interfaces/l3xz_openmv_camera_interfaces/srv/detail
[1.118s] -- Up-to-date: /home/student/ros2_ws/install/l3xz_openmv_camera_interfaces/include/l3xz_openmv_camera_interfaces/l3xz_openmv_camera_interfaces/srv/detail/gpio__traits.hpp
[1.118s] -- Up-to-date: /home/student/ros2_ws/install/l3xz_openmv_camera_interfaces/include/l3xz_openmv_camera_interfaces/l3xz_openmv_camera_interfaces/srv/detail/gpio_set__traits.hpp
[1.118s] -- Up-to-date: /home/student/ros2_ws/install/l3xz_openmv_camera_interfaces/include/l3xz_openmv_camera_interfaces/l3xz_openmv_camera_interfaces/srv/detail/gpio_set__struct.hpp
[1.118s] -- Up-to-date: /home/student/ros2_ws/install/l3xz_openmv_camera_interfaces/include/l3xz_openmv_camera_interfaces/l3xz_openmv_camera_interfaces/srv/detail/ir__builder.hpp
[1.119s] -- Up-to-date: /home/student/ros2_ws/install/l3xz_openmv_camera_interfaces/include/l3xz_openmv_camera_interfaces/l3xz_openmv_camera_interfaces/srv/detail/ir__traits.hpp
[1.119s] -- Up-to-date: /home/student/ros2_ws/install/l3xz_openmv_camera_interfaces/include/l3xz_openmv_camera_interfaces/l3xz_openmv_camera_interfaces/srv/detail/gpio__struct.hpp
[1.120s] -- Up-to-date: /home/student/ros2_ws/install/l3xz_openmv_camera_interfaces/include/l3xz_openmv_camera_interfaces/l3xz_openmv_camera_interfaces/srv/detail/rgb__builder.hpp
[1.120s] -- Up-to-date: /home/student/ros2_ws/install/l3xz_openmv_camera_interfaces/include/l3xz_openmv_camera_interfaces/l3xz_openmv_camera_interfaces/srv/detail/rgb__struct.hpp
[1.120s] -- Up-to-date: /home/student/ros2_ws/install/l3xz_openmv_camera_interfaces/include/l3xz_openmv_camera_interfaces/l3xz_openmv_camera_interfaces/srv/detail/gpio__builder.hpp
[1.127s] -- Up-to-date: /home/student/ros2_ws/install/l3xz_openmv_camera_interfaces/include/l3xz_openmv_camera_interfaces/l3xz_openmv_camera_interfaces/srv/detail/ir__struct.hpp
[1.127s] -- Up-to-date: /home/student/ros2_ws/install/l3xz_openmv_camera_interfaces/include/l3xz_openmv_camera_interfaces/l3xz_openmv_camera_interfaces/srv/detail/gpio_set__builder.hpp
[1.127s] -- Up-to-date: /home/student/ros2_ws/install/l3xz_openmv_camera_interfaces/include/l3xz_openmv_camera_interfaces/l3xz_openmv_camera_interfaces/srv/detail/rgb__traits.hpp
[1.127s] -- Up-to-date: /home/student/ros2_ws/install/l3xz_openmv_camera_interfaces/include/l3xz_openmv_camera_interfaces/l3xz_openmv_camera_interfaces/srv/gpio.hpp
[1.127s] -- Up-to-date: /home/student/ros2_ws/install/l3xz_openmv_camera_interfaces/include/l3xz_openmv_camera_interfaces/l3xz_openmv_camera_interfaces/srv/rgb.hpp
[1.127s] -- Up-to-date: /home/student/ros2_ws/install/l3xz_openmv_camera_interfaces/include/l3xz_openmv_camera_interfaces/l3xz_openmv_camera_interfaces/srv/ir.hpp
[1.127s] -- Up-to-date: /home/student/ros2_ws/install/l3xz_openmv_camera_interfaces/include/l3xz_openmv_camera_interfaces/l3xz_openmv_camera_interfaces/srv/gpio_set.hpp
[1.128s] -- Up-to-date: /home/student/ros2_ws/install/l3xz_openmv_camera_interfaces/include/l3xz_openmv_camera_interfaces/l3xz_openmv_camera_interfaces
[1.128s] -- Up-to-date: /home/student/ros2_ws/install/l3xz_openmv_camera_interfaces/include/l3xz_openmv_camera_interfaces/l3xz_openmv_camera_interfaces/srv
[1.128s] -- Up-to-date: /home/student/ros2_ws/install/l3xz_openmv_camera_interfaces/include/l3xz_openmv_camera_interfaces/l3xz_openmv_camera_interfaces/srv/detail
[1.128s] -- Up-to-date: /home/student/ros2_ws/install/l3xz_openmv_camera_interfaces/include/l3xz_openmv_camera_interfaces/l3xz_openmv_camera_interfaces/srv/detail/dds_fastrtps
[1.135s] -- Up-to-date: /home/student/ros2_ws/install/l3xz_openmv_camera_interfaces/include/l3xz_openmv_camera_interfaces/l3xz_openmv_camera_interfaces/srv/detail/ir__rosidl_typesupport_fastrtps_cpp.hpp
[1.135s] -- Up-to-date: /home/student/ros2_ws/install/l3xz_openmv_camera_interfaces/include/l3xz_openmv_camera_interfaces/l3xz_openmv_camera_interfaces/srv/detail/gpio_set__rosidl_typesupport_fastrtps_cpp.hpp
[1.135s] -- Up-to-date: /home/student/ros2_ws/install/l3xz_openmv_camera_interfaces/include/l3xz_openmv_camera_interfaces/l3xz_openmv_camera_interfaces/srv/detail/gpio__rosidl_typesupport_fastrtps_cpp.hpp
[1.136s] -- Up-to-date: /home/student/ros2_ws/install/l3xz_openmv_camera_interfaces/include/l3xz_openmv_camera_interfaces/l3xz_openmv_camera_interfaces/srv/detail/rgb__rosidl_typesupport_fastrtps_cpp.hpp
[1.136s] -- Up-to-date: /home/student/ros2_ws/install/l3xz_openmv_camera_interfaces/include/l3xz_openmv_camera_interfaces/l3xz_openmv_camera_interfaces/msg
[1.136s] -- Up-to-date: /home/student/ros2_ws/install/l3xz_openmv_camera_interfaces/include/l3xz_openmv_camera_interfaces/l3xz_openmv_camera_interfaces/msg/rosidl_typesupport_fastrtps_cpp__visibility_control.h
[1.136s] -- Up-to-date: /home/student/ros2_ws/install/l3xz_openmv_camera_interfaces/lib/libl3xz_openmv_camera_interfaces__rosidl_typesupport_fastrtps_cpp.so
[1.136s] -- Up-to-date: /home/student/ros2_ws/install/l3xz_openmv_camera_interfaces/include/l3xz_openmv_camera_interfaces/l3xz_openmv_camera_interfaces
[1.136s] -- Up-to-date: /home/student/ros2_ws/install/l3xz_openmv_camera_interfaces/include/l3xz_openmv_camera_interfaces/l3xz_openmv_camera_interfaces/srv
[1.137s] -- Up-to-date: /home/student/ros2_ws/install/l3xz_openmv_camera_interfaces/include/l3xz_openmv_camera_interfaces/l3xz_openmv_camera_interfaces/srv/detail
[1.137s] -- Up-to-date: /home/student/ros2_ws/install/l3xz_openmv_camera_interfaces/include/l3xz_openmv_camera_interfaces/l3xz_openmv_camera_interfaces/srv/detail/gpio__rosidl_typesupport_introspection_cpp.hpp
[1.137s] -- Up-to-date: /home/student/ros2_ws/install/l3xz_openmv_camera_interfaces/include/l3xz_openmv_camera_interfaces/l3xz_openmv_camera_interfaces/srv/detail/gpio__type_support.cpp
[1.137s] -- Up-to-date: /home/student/ros2_ws/install/l3xz_openmv_camera_interfaces/include/l3xz_openmv_camera_interfaces/l3xz_openmv_camera_interfaces/srv/detail/ir__type_support.cpp
[1.137s] -- Up-to-date: /home/student/ros2_ws/install/l3xz_openmv_camera_interfaces/include/l3xz_openmv_camera_interfaces/l3xz_openmv_camera_interfaces/srv/detail/rgb__type_support.cpp
[1.137s] -- Up-to-date: /home/student/ros2_ws/install/l3xz_openmv_camera_interfaces/include/l3xz_openmv_camera_interfaces/l3xz_openmv_camera_interfaces/srv/detail/gpio_set__rosidl_typesupport_introspection_cpp.hpp
[1.137s] -- Up-to-date: /home/student/ros2_ws/install/l3xz_openmv_camera_interfaces/include/l3xz_openmv_camera_interfaces/l3xz_openmv_camera_interfaces/srv/detail/gpio_set__type_support.cpp
[1.137s] -- Up-to-date: /home/student/ros2_ws/install/l3xz_openmv_camera_interfaces/include/l3xz_openmv_camera_interfaces/l3xz_openmv_camera_interfaces/srv/detail/ir__rosidl_typesupport_introspection_cpp.hpp
[1.137s] -- Up-to-date: /home/student/ros2_ws/install/l3xz_openmv_camera_interfaces/include/l3xz_openmv_camera_interfaces/l3xz_openmv_camera_interfaces/srv/detail/rgb__rosidl_typesupport_introspection_cpp.hpp
[1.137s] -- Up-to-date: /home/student/ros2_ws/install/l3xz_openmv_camera_interfaces/lib/libl3xz_openmv_camera_interfaces__rosidl_typesupport_introspection_cpp.so
[1.137s] -- Up-to-date: /home/student/ros2_ws/install/l3xz_openmv_camera_interfaces/lib/libl3xz_openmv_camera_interfaces__rosidl_typesupport_cpp.so
[1.138s] -- Up-to-date: /home/student/ros2_ws/install/l3xz_openmv_camera_interfaces/share/l3xz_openmv_camera_interfaces/environment/pythonpath.sh
[1.138s] -- Up-to-date: /home/student/ros2_ws/install/l3xz_openmv_camera_interfaces/share/l3xz_openmv_camera_interfaces/environment/pythonpath.dsv
[1.138s] -- Up-to-date: /home/student/ros2_ws/install/l3xz_openmv_camera_interfaces/local/lib/python3.10/dist-packages/l3xz_openmv_camera_interfaces-1.0.0-py3.10.egg-info
[1.138s] -- Installing: /home/student/ros2_ws/install/l3xz_openmv_camera_interfaces/local/lib/python3.10/dist-packages/l3xz_openmv_camera_interfaces-1.0.0-py3.10.egg-info/SOURCES.txt
[1.138s] -- Installing: /home/student/ros2_ws/install/l3xz_openmv_camera_interfaces/local/lib/python3.10/dist-packages/l3xz_openmv_camera_interfaces-1.0.0-py3.10.egg-info/PKG-INFO
[1.138s] -- Installing: /home/student/ros2_ws/install/l3xz_openmv_camera_interfaces/local/lib/python3.10/dist-packages/l3xz_openmv_camera_interfaces-1.0.0-py3.10.egg-info/top_level.txt
[1.138s] -- Installing: /home/student/ros2_ws/install/l3xz_openmv_camera_interfaces/local/lib/python3.10/dist-packages/l3xz_openmv_camera_interfaces-1.0.0-py3.10.egg-info/dependency_links.txt
[1.149s] -- Up-to-date: /home/student/ros2_ws/install/l3xz_openmv_camera_interfaces/local/lib/python3.10/dist-packages/l3xz_openmv_camera_interfaces
[1.149s] -- Up-to-date: /home/student/ros2_ws/install/l3xz_openmv_camera_interfaces/local/lib/python3.10/dist-packages/l3xz_openmv_camera_interfaces/srv
[1.149s] -- Up-to-date: /home/student/ros2_ws/install/l3xz_openmv_camera_interfaces/local/lib/python3.10/dist-packages/l3xz_openmv_camera_interfaces/srv/_gpio_set.py
[1.149s] -- Up-to-date: /home/student/ros2_ws/install/l3xz_openmv_camera_interfaces/local/lib/python3.10/dist-packages/l3xz_openmv_camera_interfaces/srv/_gpio_s.c
[1.149s] -- Up-to-date: /home/student/ros2_ws/install/l3xz_openmv_camera_interfaces/local/lib/python3.10/dist-packages/l3xz_openmv_camera_interfaces/srv/_rgb.py
[1.149s] -- Up-to-date: /home/student/ros2_ws/install/l3xz_openmv_camera_interfaces/local/lib/python3.10/dist-packages/l3xz_openmv_camera_interfaces/srv/_ir_s.c
[1.150s] -- Up-to-date: /home/student/ros2_ws/install/l3xz_openmv_camera_interfaces/local/lib/python3.10/dist-packages/l3xz_openmv_camera_interfaces/srv/_gpio_set_s.c
[1.150s] -- Up-to-date: /home/student/ros2_ws/install/l3xz_openmv_camera_interfaces/local/lib/python3.10/dist-packages/l3xz_openmv_camera_interfaces/srv/__init__.py
[1.150s] -- Up-to-date: /home/student/ros2_ws/install/l3xz_openmv_camera_interfaces/local/lib/python3.10/dist-packages/l3xz_openmv_camera_interfaces/srv/_ir.py
[1.150s] -- Up-to-date: /home/student/ros2_ws/install/l3xz_openmv_camera_interfaces/local/lib/python3.10/dist-packages/l3xz_openmv_camera_interfaces/srv/_rgb_s.c
[1.150s] -- Up-to-date: /home/student/ros2_ws/install/l3xz_openmv_camera_interfaces/local/lib/python3.10/dist-packages/l3xz_openmv_camera_interfaces/srv/_gpio.py
[1.150s] -- Up-to-date: /home/student/ros2_ws/install/l3xz_openmv_camera_interfaces/local/lib/python3.10/dist-packages/l3xz_openmv_camera_interfaces/_l3xz_openmv_camera_interfaces_s.ep.rosidl_typesupport_c.c
[1.150s] -- Up-to-date: /home/student/ros2_ws/install/l3xz_openmv_camera_interfaces/local/lib/python3.10/dist-packages/l3xz_openmv_camera_interfaces/_l3xz_openmv_camera_interfaces_s.ep.rosidl_typesupport_fastrtps_c.c
[1.150s] -- Up-to-date: /home/student/ros2_ws/install/l3xz_openmv_camera_interfaces/local/lib/python3.10/dist-packages/l3xz_openmv_camera_interfaces/__init__.py
[1.150s] -- Up-to-date: /home/student/ros2_ws/install/l3xz_openmv_camera_interfaces/local/lib/python3.10/dist-packages/l3xz_openmv_camera_interfaces/l3xz_openmv_camera_interfaces_s__rosidl_typesupport_fastrtps_c.cpython-310-x86_64-linux-gnu.so
[1.150s] -- Up-to-date: /home/student/ros2_ws/install/l3xz_openmv_camera_interfaces/local/lib/python3.10/dist-packages/l3xz_openmv_camera_interfaces/libl3xz_openmv_camera_interfaces__rosidl_generator_py.so
[1.150s] -- Up-to-date: /home/student/ros2_ws/install/l3xz_openmv_camera_interfaces/local/lib/python3.10/dist-packages/l3xz_openmv_camera_interfaces/l3xz_openmv_camera_interfaces_s__rosidl_typesupport_c.cpython-310-x86_64-linux-gnu.so
[1.150s] -- Up-to-date: /home/student/ros2_ws/install/l3xz_openmv_camera_interfaces/local/lib/python3.10/dist-packages/l3xz_openmv_camera_interfaces/_l3xz_openmv_camera_interfaces_s.ep.rosidl_typesupport_introspection_c.c
[1.151s] -- Up-to-date: /home/student/ros2_ws/install/l3xz_openmv_camera_interfaces/local/lib/python3.10/dist-packages/l3xz_openmv_camera_interfaces/l3xz_openmv_camera_interfaces_s__rosidl_typesupport_introspection_c.cpython-310-x86_64-linux-gnu.so
[1.168s] Listing '/home/student/ros2_ws/install/l3xz_openmv_camera_interfaces/local/lib/python3.10/dist-packages/l3xz_openmv_camera_interfaces'...
[1.168s] Listing '/home/student/ros2_ws/install/l3xz_openmv_camera_interfaces/local/lib/python3.10/dist-packages/l3xz_openmv_camera_interfaces/srv'...
[1.177s] -- Up-to-date: /home/student/ros2_ws/install/l3xz_openmv_camera_interfaces/local/lib/python3.10/dist-packages/l3xz_openmv_camera_interfaces/l3xz_openmv_camera_interfaces_s__rosidl_typesupport_fastrtps_c.cpython-310-x86_64-linux-gnu.so
[1.178s] -- Up-to-date: /home/student/ros2_ws/install/l3xz_openmv_camera_interfaces/local/lib/python3.10/dist-packages/l3xz_openmv_camera_interfaces/l3xz_openmv_camera_interfaces_s__rosidl_typesupport_introspection_c.cpython-310-x86_64-linux-gnu.so
[1.178s] -- Up-to-date: /home/student/ros2_ws/install/l3xz_openmv_camera_interfaces/local/lib/python3.10/dist-packages/l3xz_openmv_camera_interfaces/l3xz_openmv_camera_interfaces_s__rosidl_typesupport_c.cpython-310-x86_64-linux-gnu.so
[1.178s] -- Up-to-date: /home/student/ros2_ws/install/l3xz_openmv_camera_interfaces/lib/libl3xz_openmv_camera_interfaces__rosidl_generator_py.so
[1.178s] -- Up-to-date: /home/student/ros2_ws/install/l3xz_openmv_camera_interfaces/share/l3xz_openmv_camera_interfaces/srv/Gpio.idl
[1.178s] -- Up-to-date: /home/student/ros2_ws/install/l3xz_openmv_camera_interfaces/share/l3xz_openmv_camera_interfaces/srv/GpioSet.idl
[1.178s] -- Up-to-date: /home/student/ros2_ws/install/l3xz_openmv_camera_interfaces/share/l3xz_openmv_camera_interfaces/srv/Ir.idl
[1.178s] -- Up-to-date: /home/student/ros2_ws/install/l3xz_openmv_camera_interfaces/share/l3xz_openmv_camera_interfaces/srv/Rgb.idl
[1.178s] -- Up-to-date: /home/student/ros2_ws/install/l3xz_openmv_camera_interfaces/share/l3xz_openmv_camera_interfaces/srv/Gpio.srv
[1.178s] -- Up-to-date: /home/student/ros2_ws/install/l3xz_openmv_camera_interfaces/share/l3xz_openmv_camera_interfaces/srv/Gpio_Request.msg
[1.179s] -- Up-to-date: /home/student/ros2_ws/install/l3xz_openmv_camera_interfaces/share/l3xz_openmv_camera_interfaces/srv/Gpio_Response.msg
[1.179s] -- Up-to-date: /home/student/ros2_ws/install/l3xz_openmv_camera_interfaces/share/l3xz_openmv_camera_interfaces/srv/GpioSet.srv
[1.179s] -- Up-to-date: /home/student/ros2_ws/install/l3xz_openmv_camera_interfaces/share/l3xz_openmv_camera_interfaces/srv/GpioSet_Request.msg
[1.179s] -- Up-to-date: /home/student/ros2_ws/install/l3xz_openmv_camera_interfaces/share/l3xz_openmv_camera_interfaces/srv/GpioSet_Response.msg
[1.179s] -- Up-to-date: /home/student/ros2_ws/install/l3xz_openmv_camera_interfaces/share/l3xz_openmv_camera_interfaces/srv/Ir.srv
[1.179s] -- Up-to-date: /home/student/ros2_ws/install/l3xz_openmv_camera_interfaces/share/l3xz_openmv_camera_interfaces/srv/Ir_Request.msg
[1.179s] -- Up-to-date: /home/student/ros2_ws/install/l3xz_openmv_camera_interfaces/share/l3xz_openmv_camera_interfaces/srv/Ir_Response.msg
[1.179s] -- Up-to-date: /home/student/ros2_ws/install/l3xz_openmv_camera_interfaces/share/l3xz_openmv_camera_interfaces/srv/Rgb.srv
[1.179s] -- Up-to-date: /home/student/ros2_ws/install/l3xz_openmv_camera_interfaces/share/l3xz_openmv_camera_interfaces/srv/Rgb_Request.msg
[1.179s] -- Up-to-date: /home/student/ros2_ws/install/l3xz_openmv_camera_interfaces/share/l3xz_openmv_camera_interfaces/srv/Rgb_Response.msg
[1.180s] -- Up-to-date: /home/student/ros2_ws/install/l3xz_openmv_camera_interfaces/share/ament_index/resource_index/package_run_dependencies/l3xz_openmv_camera_interfaces
[1.180s] -- Up-to-date: /home/student/ros2_ws/install/l3xz_openmv_camera_interfaces/share/ament_index/resource_index/parent_prefix_path/l3xz_openmv_camera_interfaces
[1.180s] -- Up-to-date: /home/student/ros2_ws/install/l3xz_openmv_camera_interfaces/share/l3xz_openmv_camera_interfaces/environment/ament_prefix_path.sh
[1.180s] -- Up-to-date: /home/student/ros2_ws/install/l3xz_openmv_camera_interfaces/share/l3xz_openmv_camera_interfaces/environment/ament_prefix_path.dsv
[1.180s] -- Up-to-date: /home/student/ros2_ws/install/l3xz_openmv_camera_interfaces/share/l3xz_openmv_camera_interfaces/environment/path.sh
[1.180s] -- Up-to-date: /home/student/ros2_ws/install/l3xz_openmv_camera_interfaces/share/l3xz_openmv_camera_interfaces/environment/path.dsv
[1.180s] -- Up-to-date: /home/student/ros2_ws/install/l3xz_openmv_camera_interfaces/share/l3xz_openmv_camera_interfaces/local_setup.bash
[1.180s] -- Up-to-date: /home/student/ros2_ws/install/l3xz_openmv_camera_interfaces/share/l3xz_openmv_camera_interfaces/local_setup.sh
[1.180s] -- Up-to-date: /home/student/ros2_ws/install/l3xz_openmv_camera_interfaces/share/l3xz_openmv_camera_interfaces/local_setup.zsh
[1.180s] -- Up-to-date: /home/student/ros2_ws/install/l3xz_openmv_camera_interfaces/share/l3xz_openmv_camera_interfaces/local_setup.dsv
[1.180s] -- Installing: /home/student/ros2_ws/install/l3xz_openmv_camera_interfaces/share/l3xz_openmv_camera_interfaces/package.dsv
[1.181s] -- Up-to-date: /home/student/ros2_ws/install/l3xz_openmv_camera_interfaces/share/ament_index/resource_index/packages/l3xz_openmv_camera_interfaces
[1.181s] -- Up-to-date: /home/student/ros2_ws/install/l3xz_openmv_camera_interfaces/share/l3xz_openmv_camera_interfaces/cmake/export_l3xz_openmv_camera_interfaces__rosidl_generator_cExport.cmake
[1.181s] -- Up-to-date: /home/student/ros2_ws/install/l3xz_openmv_camera_interfaces/share/l3xz_openmv_camera_interfaces/cmake/export_l3xz_openmv_camera_interfaces__rosidl_generator_cExport-noconfig.cmake
[1.181s] -- Up-to-date: /home/student/ros2_ws/install/l3xz_openmv_camera_interfaces/share/l3xz_openmv_camera_interfaces/cmake/export_l3xz_openmv_camera_interfaces__rosidl_typesupport_fastrtps_cExport.cmake
[1.181s] -- Up-to-date: /home/student/ros2_ws/install/l3xz_openmv_camera_interfaces/share/l3xz_openmv_camera_interfaces/cmake/export_l3xz_openmv_camera_interfaces__rosidl_typesupport_fastrtps_cExport-noconfig.cmake
[1.181s] -- Up-to-date: /home/student/ros2_ws/install/l3xz_openmv_camera_interfaces/share/l3xz_openmv_camera_interfaces/cmake/l3xz_openmv_camera_interfaces__rosidl_typesupport_introspection_cExport.cmake
[1.181s] -- Up-to-date: /home/student/ros2_ws/install/l3xz_openmv_camera_interfaces/share/l3xz_openmv_camera_interfaces/cmake/l3xz_openmv_camera_interfaces__rosidl_typesupport_introspection_cExport-noconfig.cmake
[1.181s] -- Up-to-date: /home/student/ros2_ws/install/l3xz_openmv_camera_interfaces/share/l3xz_openmv_camera_interfaces/cmake/l3xz_openmv_camera_interfaces__rosidl_typesupport_cExport.cmake
[1.181s] -- Up-to-date: /home/student/ros2_ws/install/l3xz_openmv_camera_interfaces/share/l3xz_openmv_camera_interfaces/cmake/l3xz_openmv_camera_interfaces__rosidl_typesupport_cExport-noconfig.cmake
[1.181s] -- Up-to-date: /home/student/ros2_ws/install/l3xz_openmv_camera_interfaces/share/l3xz_openmv_camera_interfaces/cmake/export_l3xz_openmv_camera_interfaces__rosidl_generator_cppExport.cmake
[1.181s] -- Up-to-date: /home/student/ros2_ws/install/l3xz_openmv_camera_interfaces/share/l3xz_openmv_camera_interfaces/cmake/export_l3xz_openmv_camera_interfaces__rosidl_typesupport_fastrtps_cppExport.cmake
[1.181s] -- Up-to-date: /home/student/ros2_ws/install/l3xz_openmv_camera_interfaces/share/l3xz_openmv_camera_interfaces/cmake/export_l3xz_openmv_camera_interfaces__rosidl_typesupport_fastrtps_cppExport-noconfig.cmake
[1.181s] -- Up-to-date: /home/student/ros2_ws/install/l3xz_openmv_camera_interfaces/share/l3xz_openmv_camera_interfaces/cmake/l3xz_openmv_camera_interfaces__rosidl_typesupport_introspection_cppExport.cmake
[1.182s] -- Up-to-date: /home/student/ros2_ws/install/l3xz_openmv_camera_interfaces/share/l3xz_openmv_camera_interfaces/cmake/l3xz_openmv_camera_interfaces__rosidl_typesupport_introspection_cppExport-noconfig.cmake
[1.182s] -- Up-to-date: /home/student/ros2_ws/install/l3xz_openmv_camera_interfaces/share/l3xz_openmv_camera_interfaces/cmake/l3xz_openmv_camera_interfaces__rosidl_typesupport_cppExport.cmake
[1.182s] -- Up-to-date: /home/student/ros2_ws/install/l3xz_openmv_camera_interfaces/share/l3xz_openmv_camera_interfaces/cmake/l3xz_openmv_camera_interfaces__rosidl_typesupport_cppExport-noconfig.cmake
[1.182s] -- Up-to-date: /home/student/ros2_ws/install/l3xz_openmv_camera_interfaces/share/l3xz_openmv_camera_interfaces/cmake/export_l3xz_openmv_camera_interfaces__rosidl_generator_pyExport.cmake
[1.182s] -- Up-to-date: /home/student/ros2_ws/install/l3xz_openmv_camera_interfaces/share/l3xz_openmv_camera_interfaces/cmake/export_l3xz_openmv_camera_interfaces__rosidl_generator_pyExport-noconfig.cmake
[1.184s] -- Up-to-date: /home/student/ros2_ws/install/l3xz_openmv_camera_interfaces/share/l3xz_openmv_camera_interfaces/cmake/rosidl_cmake-extras.cmake
[1.184s] -- Up-to-date: /home/student/ros2_ws/install/l3xz_openmv_camera_interfaces/share/l3xz_openmv_camera_interfaces/cmake/ament_cmake_export_dependencies-extras.cmake
[1.185s] -- Up-to-date: /home/student/ros2_ws/install/l3xz_openmv_camera_interfaces/share/l3xz_openmv_camera_interfaces/cmake/ament_cmake_export_include_directories-extras.cmake
[1.186s] -- Up-to-date: /home/student/ros2_ws/install/l3xz_openmv_camera_interfaces/share/l3xz_openmv_camera_interfaces/cmake/ament_cmake_export_libraries-extras.cmake
[1.186s] -- Up-to-date: /home/student/ros2_ws/install/l3xz_openmv_camera_interfaces/share/l3xz_openmv_camera_interfaces/cmake/ament_cmake_export_targets-extras.cmake
[1.186s] -- Up-to-date: /home/student/ros2_ws/install/l3xz_openmv_camera_interfaces/share/l3xz_openmv_camera_interfaces/cmake/rosidl_cmake_export_typesupport_targets-extras.cmake
[1.188s] -- Up-to-date: /home/student/ros2_ws/install/l3xz_openmv_camera_interfaces/share/l3xz_openmv_camera_interfaces/cmake/rosidl_cmake_export_typesupport_libraries-extras.cmake
[1.188s] -- Up-to-date: /home/student/ros2_ws/install/l3xz_openmv_camera_interfaces/share/l3xz_openmv_camera_interfaces/cmake/l3xz_openmv_camera_interfacesConfig.cmake
[1.189s] -- Up-to-date: /home/student/ros2_ws/install/l3xz_openmv_camera_interfaces/share/l3xz_openmv_camera_interfaces/cmake/l3xz_openmv_camera_interfacesConfig-version.cmake
[1.189s] -- Up-to-date: /home/student/ros2_ws/install/l3xz_openmv_camera_interfaces/share/l3xz_openmv_camera_interfaces/package.xml
[1.190s] Invoked command in '/home/student/ros2_ws/build/l3xz_openmv_camera_interfaces' returned '0': CMAKE_PREFIX_PATH=${CMAKE_PREFIX_PATH}:/home/student/motor_ws/install/dalmotor:/home/student/ros2_ws/install/test-3901:/home/student/ros2_ws/install/l3xz_openmv_camera:/home/student/ros2_ws/install/eced3901_competition_2024:/home/student/ros2_ws/install/eced3901:/home/student/imu_ws/install/bno055:/opt/ros/humble /usr/bin/cmake --install /home/student/ros2_ws/build/l3xz_openmv_camera_interfaces
