[1.317s] Invoking command in '/home/student/ros2_ws/src/eced3901-2025-team00': PYTHONPATH=/home/student/ros2_ws/src/build/eced3901/prefix_override:/home/student/ros2_ws/src/install/eced3901/lib/python3.10/site-packages:${PYTHONPATH} /usr/bin/python3 setup.py egg_info --egg-base ../build/eced3901 build --build-base /home/student/ros2_ws/src/build/eced3901/build install --record /home/student/ros2_ws/src/build/eced3901/install.log --single-version-externally-managed
[1.648s] running egg_info
[1.648s] writing ../build/eced3901/eced3901.egg-info/PKG-INFO
[1.649s] writing dependency_links to ../build/eced3901/eced3901.egg-info/dependency_links.txt
[1.649s] writing entry points to ../build/eced3901/eced3901.egg-info/entry_points.txt
[1.650s] writing requirements to ../build/eced3901/eced3901.egg-info/requires.txt
[1.650s] writing top-level names to ../build/eced3901/eced3901.egg-info/top_level.txt
[1.653s] reading manifest file '../build/eced3901/eced3901.egg-info/SOURCES.txt'
[1.654s] writing manifest file '../build/eced3901/eced3901.egg-info/SOURCES.txt'
[1.655s] running build
[1.655s] running build_py
[1.655s] running install
[1.656s] running install_lib
[1.656s] running install_data
[1.657s] running install_egg_info
[1.660s] removing '/home/student/ros2_ws/src/install/eced3901/lib/python3.10/site-packages/eced3901-0.0.0-py3.10.egg-info' (and everything under it)
[1.661s] Copying ../build/eced3901/eced3901.egg-info to /home/student/ros2_ws/src/install/eced3901/lib/python3.10/site-packages/eced3901-0.0.0-py3.10.egg-info
[1.662s] running install_scripts
[1.698s] Installing dt1 script to /home/student/ros2_ws/src/install/eced3901/bin
[1.698s] Installing talker script to /home/student/ros2_ws/src/install/eced3901/bin
[1.698s] writing list of installed files to '/home/student/ros2_ws/src/build/eced3901/install.log'
[1.753s] Invoked command in '/home/student/ros2_ws/src/eced3901-2025-team00' returned '0': PYTHONPATH=/home/student/ros2_ws/src/build/eced3901/prefix_override:/home/student/ros2_ws/src/install/eced3901/lib/python3.10/site-packages:${PYTHONPATH} /usr/bin/python3 setup.py egg_info --egg-base ../build/eced3901 build --build-base /home/student/ros2_ws/src/build/eced3901/build install --record /home/student/ros2_ws/src/build/eced3901/install.log --single-version-externally-managed
