[1.135s] Invoking command in '/home/student/ros2_ws/src/ECED3901-Competition-2024': PYTHONPATH=/home/student/ros2_ws/build/eced3901_competition_2024/prefix_override:/home/student/ros2_ws/install/eced3901_competition_2024/lib/python3.10/site-packages:${PYTHONPATH} /usr/bin/python3 setup.py egg_info --egg-base ../../build/eced3901_competition_2024 build --build-base /home/student/ros2_ws/build/eced3901_competition_2024/build install --record /home/student/ros2_ws/build/eced3901_competition_2024/install.log --single-version-externally-managed
[1.394s] running egg_info
[1.395s] writing ../../build/eced3901_competition_2024/eced3901_competition_2024.egg-info/PKG-INFO
[1.395s] writing dependency_links to ../../build/eced3901_competition_2024/eced3901_competition_2024.egg-info/dependency_links.txt
[1.396s] writing entry points to ../../build/eced3901_competition_2024/eced3901_competition_2024.egg-info/entry_points.txt
[1.396s] writing requirements to ../../build/eced3901_competition_2024/eced3901_competition_2024.egg-info/requires.txt
[1.396s] writing top-level names to ../../build/eced3901_competition_2024/eced3901_competition_2024.egg-info/top_level.txt
[1.398s] reading manifest file '../../build/eced3901_competition_2024/eced3901_competition_2024.egg-info/SOURCES.txt'
[1.399s] writing manifest file '../../build/eced3901_competition_2024/eced3901_competition_2024.egg-info/SOURCES.txt'
[1.400s] running build
[1.400s] running build_py
[1.400s] running install
[1.400s] running install_lib
[1.402s] running install_data
[1.403s] running install_egg_info
[1.405s] removing '/home/student/ros2_ws/install/eced3901_competition_2024/lib/python3.10/site-packages/eced3901_competition_2024-0.0.0-py3.10.egg-info' (and everything under it)
[1.405s] Copying ../../build/eced3901_competition_2024/eced3901_competition_2024.egg-info to /home/student/ros2_ws/install/eced3901_competition_2024/lib/python3.10/site-packages/eced3901_competition_2024-0.0.0-py3.10.egg-info
[1.406s] running install_scripts
[1.434s] Installing competition_publisher script to /home/student/ros2_ws/install/eced3901_competition_2024/lib/eced3901_competition_2024
[1.434s] Installing pose_listener script to /home/student/ros2_ws/install/eced3901_competition_2024/lib/eced3901_competition_2024
[1.434s] Installing test_student script to /home/student/ros2_ws/install/eced3901_competition_2024/lib/eced3901_competition_2024
[1.434s] Installing test_student_with_switch script to /home/student/ros2_ws/install/eced3901_competition_2024/lib/eced3901_competition_2024
[1.435s] writing list of installed files to '/home/student/ros2_ws/build/eced3901_competition_2024/install.log'
