[1.391s] Invoking command in '/home/student/ros2_ws/src/eced3901-2025-team00': PYTHONPATH=/home/student/ros2_ws/src/build/eced3901/prefix_override:/home/student/ros2_ws/src/install/eced3901/lib/python3.10/site-packages:${PYTHONPATH} /usr/bin/python3 setup.py egg_info --egg-base ../build/eced3901 build --build-base /home/student/ros2_ws/src/build/eced3901/build install --record /home/student/ros2_ws/src/build/eced3901/install.log --single-version-externally-managed
[1.695s] running egg_info
[1.696s] writing ../build/eced3901/eced3901.egg-info/PKG-INFO
[1.697s] writing dependency_links to ../build/eced3901/eced3901.egg-info/dependency_links.txt
[1.697s] writing entry points to ../build/eced3901/eced3901.egg-info/entry_points.txt
[1.697s] writing requirements to ../build/eced3901/eced3901.egg-info/requires.txt
[1.699s] writing top-level names to ../build/eced3901/eced3901.egg-info/top_level.txt
[1.702s] reading manifest file '../build/eced3901/eced3901.egg-info/SOURCES.txt'
[1.706s] writing manifest file '../build/eced3901/eced3901.egg-info/SOURCES.txt'
[1.706s] running build
[1.708s] running build_py
[1.708s] copying eced3901/dt1.py -> /home/student/ros2_ws/src/build/eced3901/build/lib/eced3901
[1.709s] copying eced3901/subscriber_member_function.py -> /home/student/ros2_ws/src/build/eced3901/build/lib/eced3901
[1.709s] copying eced3901/publisher_member_function.py -> /home/student/ros2_ws/src/build/eced3901/build/lib/eced3901
[1.710s] running install
[1.711s] running install_lib
[1.711s] /usr/lib/python3/dist-packages/setuptools/command/install.py:34: SetuptoolsDeprecationWarning: setup.py install is deprecated. Use build and pip and other standards-based tools.
[1.712s]   warnings.warn(
[1.715s] copying /home/student/ros2_ws/src/build/eced3901/build/lib/eced3901/dt1.py -> /home/student/ros2_ws/src/install/eced3901/lib/python3.10/site-packages/eced3901
[1.716s] copying /home/student/ros2_ws/src/build/eced3901/build/lib/eced3901/subscriber_member_function.py -> /home/student/ros2_ws/src/install/eced3901/lib/python3.10/site-packages/eced3901
[1.727s] copying /home/student/ros2_ws/src/build/eced3901/build/lib/eced3901/publisher_member_function.py -> /home/student/ros2_ws/src/install/eced3901/lib/python3.10/site-packages/eced3901
[1.728s] byte-compiling /home/student/ros2_ws/src/install/eced3901/lib/python3.10/site-packages/eced3901/dt1.py to dt1.cpython-310.pyc
[1.729s] byte-compiling /home/student/ros2_ws/src/install/eced3901/lib/python3.10/site-packages/eced3901/subscriber_member_function.py to subscriber_member_function.cpython-310.pyc
[1.729s] byte-compiling /home/student/ros2_ws/src/install/eced3901/lib/python3.10/site-packages/eced3901/publisher_member_function.py to publisher_member_function.cpython-310.pyc
[1.730s] running install_data
[1.731s] copying resource/eced3901 -> /home/student/ros2_ws/src/install/eced3901/share/ament_index/resource_index/packages
[1.731s] copying package.xml -> /home/student/ros2_ws/src/install/eced3901/share/eced3901
[1.732s] creating /home/student/ros2_ws/src/install/eced3901/share/eced3901/launch
[1.735s] copying launch/lab6nav.launch.py -> /home/student/ros2_ws/src/install/eced3901/share/eced3901/launch
[1.736s] copying launch/lab5dt2.launch.py -> /home/student/ros2_ws/src/install/eced3901/share/eced3901/launch
[1.737s] copying launch/lab6b.launch.py -> /home/student/ros2_ws/src/install/eced3901/share/eced3901/launch
[1.738s] copying launch/lab5.launch.py -> /home/student/ros2_ws/src/install/eced3901/share/eced3901/launch
[1.739s] copying launch/lab4a.launch.py -> /home/student/ros2_ws/src/install/eced3901/share/eced3901/launch
[1.739s] copying launch/lab4b.launch.py -> /home/student/ros2_ws/src/install/eced3901/share/eced3901/launch
[1.740s] copying launch/lab3.launch.py -> /home/student/ros2_ws/src/install/eced3901/share/eced3901/launch
[1.740s] copying launch/lab6a.launch.py -> /home/student/ros2_ws/src/install/eced3901/share/eced3901/launch
[1.741s] copying launch/lab7nav.launch.py -> /home/student/ros2_ws/src/install/eced3901/share/eced3901/launch
[1.742s] running install_egg_info
[1.742s] Copying ../build/eced3901/eced3901.egg-info to /home/student/ros2_ws/src/install/eced3901/lib/python3.10/site-packages/eced3901-0.0.0-py3.10.egg-info
[1.743s] running install_scripts
[1.751s] Installing dt1 script to /home/student/ros2_ws/src/install/eced3901/bin
[1.751s] Installing talker script to /home/student/ros2_ws/src/install/eced3901/bin
[1.751s] writing list of installed files to '/home/student/ros2_ws/src/build/eced3901/install.log'
[1.806s] Invoked command in '/home/student/ros2_ws/src/eced3901-2025-team00' returned '0': PYTHONPATH=/home/student/ros2_ws/src/build/eced3901/prefix_override:/home/student/ros2_ws/src/install/eced3901/lib/python3.10/site-packages:${PYTHONPATH} /usr/bin/python3 setup.py egg_info --egg-base ../build/eced3901 build --build-base /home/student/ros2_ws/src/build/eced3901/build install --record /home/student/ros2_ws/src/build/eced3901/install.log --single-version-externally-managed
