[1.376s] Invoking command in '/home/student/ros2_ws/src/eced3901-2025-team00': PYTHONPATH=/home/student/ros2_ws/build/eced3901/prefix_override:/home/student/ros2_ws/install/eced3901/lib/python3.10/site-packages:${PYTHONPATH} /usr/bin/python3 setup.py egg_info --egg-base ../../build/eced3901 build --build-base /home/student/ros2_ws/build/eced3901/build install --record /home/student/ros2_ws/build/eced3901/install.log --single-version-externally-managed
[1.679s] running egg_info
[1.681s] writing ../../build/eced3901/eced3901.egg-info/PKG-INFO
[1.682s] writing dependency_links to ../../build/eced3901/eced3901.egg-info/dependency_links.txt
[1.683s] writing entry points to ../../build/eced3901/eced3901.egg-info/entry_points.txt
[1.684s] writing requirements to ../../build/eced3901/eced3901.egg-info/requires.txt
[1.685s] writing top-level names to ../../build/eced3901/eced3901.egg-info/top_level.txt
[1.689s] reading manifest file '../../build/eced3901/eced3901.egg-info/SOURCES.txt'
[1.691s] writing manifest file '../../build/eced3901/eced3901.egg-info/SOURCES.txt'
[1.692s] running build
[1.692s] running build_py
[1.693s] running install
[1.694s] running install_lib
[1.698s] running install_data
[1.700s] running install_egg_info
[1.704s] removing '/home/student/ros2_ws/install/eced3901/lib/python3.10/site-packages/eced3901-0.0.0-py3.10.egg-info' (and everything under it)
[1.705s] Copying ../../build/eced3901/eced3901.egg-info to /home/student/ros2_ws/install/eced3901/lib/python3.10/site-packages/eced3901-0.0.0-py3.10.egg-info
[1.707s] running install_scripts
[1.746s] Installing dt1 script to /home/student/ros2_ws/install/eced3901/lib/eced3901
[1.746s] Installing talker script to /home/student/ros2_ws/install/eced3901/lib/eced3901
[1.746s] writing list of installed files to '/home/student/ros2_ws/build/eced3901/install.log'
[1.796s] Invoked command in '/home/student/ros2_ws/src/eced3901-2025-team00' returned '0': PYTHONPATH=/home/student/ros2_ws/build/eced3901/prefix_override:/home/student/ros2_ws/install/eced3901/lib/python3.10/site-packages:${PYTHONPATH} /usr/bin/python3 setup.py egg_info --egg-base ../../build/eced3901 build --build-base /home/student/ros2_ws/build/eced3901/build install --record /home/student/ros2_ws/build/eced3901/install.log --single-version-externally-managed
