[0.315s] DEBUG:colcon:Command line arguments: ['/usr/bin/colcon', 'build']
[0.315s] DEBUG:colcon:Parsed command line arguments: Namespace(log_base=None, log_level=None, verb_name='build', build_base='build', install_base='install', merge_install=False, symlink_install=False, test_result_base=None, continue_on_error=False, executor='parallel', parallel_workers=4, event_handlers=None, ignore_user_meta=False, metas=['./colcon.meta'], base_paths=['.'], packages_ignore=None, packages_ignore_regex=None, paths=None, packages_up_to=None, packages_up_to_regex=None, packages_above=None, packages_above_and_dependencies=None, packages_above_depth=None, packages_select_by_dep=None, packages_skip_by_dep=None, packages_skip_up_to=None, packages_select_build_failed=False, packages_skip_build_finished=False, packages_select_test_failures=False, packages_skip_test_passed=False, packages_select=None, packages_skip=None, packages_select_regex=None, packages_skip_regex=None, packages_start=None, packages_end=None, allow_overriding=[], cmake_args=None, cmake_target=None, cmake_target_skip_unavailable=False, cmake_clean_cache=False, cmake_clean_first=False, cmake_force_configure=False, ament_cmake_args=None, catkin_cmake_args=None, catkin_skip_building_tests=False, verb_parser=<colcon_defaults.argument_parser.defaults.DefaultArgumentsDecorator object at 0x7f5eceba7c70>, verb_extension=<colcon_core.verb.build.BuildVerb object at 0x7f5ecf43a110>, main=<bound method BuildVerb.main of <colcon_core.verb.build.BuildVerb object at 0x7f5ecf43a110>>)
[0.350s] Level 1:colcon.colcon_core.package_discovery:discover_packages(colcon_meta) check parameters
[0.350s] Level 1:colcon.colcon_core.package_discovery:discover_packages(recursive) check parameters
[0.350s] Level 1:colcon.colcon_core.package_discovery:discover_packages(ignore) check parameters
[0.350s] Level 1:colcon.colcon_core.package_discovery:discover_packages(path) check parameters
[0.350s] Level 1:colcon.colcon_core.package_discovery:discover_packages(colcon_meta) discover
[0.351s] Level 1:colcon.colcon_core.package_discovery:discover_packages(recursive) discover
[0.351s] INFO:colcon.colcon_core.package_discovery:Crawling recursively for packages in '/home/student/ros2_ws'
[0.351s] Level 1:colcon.colcon_core.package_identification:_identify(.) by extensions ['ignore', 'ignore_ament_install']
[0.351s] Level 1:colcon.colcon_core.package_identification:_identify(.) by extension 'ignore'
[0.351s] Level 1:colcon.colcon_core.package_identification:_identify(.) by extension 'ignore_ament_install'
[0.351s] Level 1:colcon.colcon_core.package_identification:_identify(.) by extensions ['colcon_pkg']
[0.351s] Level 1:colcon.colcon_core.package_identification:_identify(.) by extension 'colcon_pkg'
[0.351s] Level 1:colcon.colcon_core.package_identification:_identify(.) by extensions ['colcon_meta']
[0.351s] Level 1:colcon.colcon_core.package_identification:_identify(.) by extension 'colcon_meta'
[0.351s] Level 1:colcon.colcon_core.package_identification:_identify(.) by extensions ['ros']
[0.351s] Level 1:colcon.colcon_core.package_identification:_identify(.) by extension 'ros'
[0.363s] Level 1:colcon.colcon_core.package_identification:_identify(.) by extensions ['cmake', 'python']
[0.363s] Level 1:colcon.colcon_core.package_identification:_identify(.) by extension 'cmake'
[0.363s] Level 1:colcon.colcon_core.package_identification:_identify(.) by extension 'python'
[0.363s] Level 1:colcon.colcon_core.package_identification:_identify(.) by extensions ['python_setup_py']
[0.363s] Level 1:colcon.colcon_core.package_identification:_identify(.) by extension 'python_setup_py'
[0.363s] Level 1:colcon.colcon_core.package_identification:_identify(build) by extensions ['ignore', 'ignore_ament_install']
[0.363s] Level 1:colcon.colcon_core.package_identification:_identify(build) by extension 'ignore'
[0.363s] Level 1:colcon.colcon_core.package_identification:_identify(build) ignored
[0.364s] Level 1:colcon.colcon_core.package_identification:_identify(install) by extensions ['ignore', 'ignore_ament_install']
[0.364s] Level 1:colcon.colcon_core.package_identification:_identify(install) by extension 'ignore'
[0.364s] Level 1:colcon.colcon_core.package_identification:_identify(install) ignored
[0.364s] Level 1:colcon.colcon_core.package_identification:_identify(log) by extensions ['ignore', 'ignore_ament_install']
[0.364s] Level 1:colcon.colcon_core.package_identification:_identify(log) by extension 'ignore'
[0.364s] Level 1:colcon.colcon_core.package_identification:_identify(log) ignored
[0.364s] Level 1:colcon.colcon_core.package_identification:_identify(src) by extensions ['ignore', 'ignore_ament_install']
[0.365s] Level 1:colcon.colcon_core.package_identification:_identify(src) by extension 'ignore'
[0.365s] Level 1:colcon.colcon_core.package_identification:_identify(src) by extension 'ignore_ament_install'
[0.365s] Level 1:colcon.colcon_core.package_identification:_identify(src) by extensions ['colcon_pkg']
[0.365s] Level 1:colcon.colcon_core.package_identification:_identify(src) by extension 'colcon_pkg'
[0.365s] Level 1:colcon.colcon_core.package_identification:_identify(src) by extensions ['colcon_meta']
[0.365s] Level 1:colcon.colcon_core.package_identification:_identify(src) by extension 'colcon_meta'
[0.365s] Level 1:colcon.colcon_core.package_identification:_identify(src) by extensions ['ros']
[0.365s] Level 1:colcon.colcon_core.package_identification:_identify(src) by extension 'ros'
[0.365s] Level 1:colcon.colcon_core.package_identification:_identify(src) by extensions ['cmake', 'python']
[0.365s] Level 1:colcon.colcon_core.package_identification:_identify(src) by extension 'cmake'
[0.365s] Level 1:colcon.colcon_core.package_identification:_identify(src) by extension 'python'
[0.365s] Level 1:colcon.colcon_core.package_identification:_identify(src) by extensions ['python_setup_py']
[0.365s] Level 1:colcon.colcon_core.package_identification:_identify(src) by extension 'python_setup_py'
[0.365s] Level 1:colcon.colcon_core.package_identification:_identify(src/build) by extensions ['ignore', 'ignore_ament_install']
[0.365s] Level 1:colcon.colcon_core.package_identification:_identify(src/build) by extension 'ignore'
[0.365s] Level 1:colcon.colcon_core.package_identification:_identify(src/build) ignored
[0.366s] Level 1:colcon.colcon_core.package_identification:_identify(src/eced3901) by extensions ['ignore', 'ignore_ament_install']
[0.366s] Level 1:colcon.colcon_core.package_identification:_identify(src/eced3901) by extension 'ignore'
[0.366s] Level 1:colcon.colcon_core.package_identification:_identify(src/eced3901) by extension 'ignore_ament_install'
[0.366s] Level 1:colcon.colcon_core.package_identification:_identify(src/eced3901) by extensions ['colcon_pkg']
[0.366s] Level 1:colcon.colcon_core.package_identification:_identify(src/eced3901) by extension 'colcon_pkg'
[0.366s] Level 1:colcon.colcon_core.package_identification:_identify(src/eced3901) by extensions ['colcon_meta']
[0.366s] Level 1:colcon.colcon_core.package_identification:_identify(src/eced3901) by extension 'colcon_meta'
[0.366s] Level 1:colcon.colcon_core.package_identification:_identify(src/eced3901) by extensions ['ros']
[0.366s] Level 1:colcon.colcon_core.package_identification:_identify(src/eced3901) by extension 'ros'
[0.369s] DEBUG:colcon.colcon_core.package_identification:Package 'src/eced3901' with type 'ros.ament_python' and name 'eced3901'
[0.369s] Level 1:colcon.colcon_core.package_identification:_identify(src/install) by extensions ['ignore', 'ignore_ament_install']
[0.369s] Level 1:colcon.colcon_core.package_identification:_identify(src/install) by extension 'ignore'
[0.369s] Level 1:colcon.colcon_core.package_identification:_identify(src/install) ignored
[0.369s] Level 1:colcon.colcon_core.package_identification:_identify(src/l3xz_openmv_camera) by extensions ['ignore', 'ignore_ament_install']
[0.370s] Level 1:colcon.colcon_core.package_identification:_identify(src/l3xz_openmv_camera) by extension 'ignore'
[0.370s] Level 1:colcon.colcon_core.package_identification:_identify(src/l3xz_openmv_camera) by extension 'ignore_ament_install'
[0.370s] Level 1:colcon.colcon_core.package_identification:_identify(src/l3xz_openmv_camera) by extensions ['colcon_pkg']
[0.370s] Level 1:colcon.colcon_core.package_identification:_identify(src/l3xz_openmv_camera) by extension 'colcon_pkg'
[0.370s] Level 1:colcon.colcon_core.package_identification:_identify(src/l3xz_openmv_camera) by extensions ['colcon_meta']
[0.370s] Level 1:colcon.colcon_core.package_identification:_identify(src/l3xz_openmv_camera) by extension 'colcon_meta'
[0.370s] Level 1:colcon.colcon_core.package_identification:_identify(src/l3xz_openmv_camera) by extensions ['ros']
[0.370s] Level 1:colcon.colcon_core.package_identification:_identify(src/l3xz_openmv_camera) by extension 'ros'
[0.370s] Level 1:colcon.colcon_core.package_identification:_identify(src/l3xz_openmv_camera) by extensions ['cmake', 'python']
[0.370s] Level 1:colcon.colcon_core.package_identification:_identify(src/l3xz_openmv_camera) by extension 'cmake'
[0.370s] Level 1:colcon.colcon_core.package_identification:_identify(src/l3xz_openmv_camera) by extension 'python'
[0.370s] Level 1:colcon.colcon_core.package_identification:_identify(src/l3xz_openmv_camera) by extensions ['python_setup_py']
[0.370s] Level 1:colcon.colcon_core.package_identification:_identify(src/l3xz_openmv_camera) by extension 'python_setup_py'
[0.370s] Level 1:colcon.colcon_core.package_identification:_identify(src/l3xz_openmv_camera/camera_script) by extensions ['ignore', 'ignore_ament_install']
[0.370s] Level 1:colcon.colcon_core.package_identification:_identify(src/l3xz_openmv_camera/camera_script) by extension 'ignore'
[0.370s] Level 1:colcon.colcon_core.package_identification:_identify(src/l3xz_openmv_camera/camera_script) by extension 'ignore_ament_install'
[0.370s] Level 1:colcon.colcon_core.package_identification:_identify(src/l3xz_openmv_camera/camera_script) by extensions ['colcon_pkg']
[0.370s] Level 1:colcon.colcon_core.package_identification:_identify(src/l3xz_openmv_camera/camera_script) by extension 'colcon_pkg'
[0.370s] Level 1:colcon.colcon_core.package_identification:_identify(src/l3xz_openmv_camera/camera_script) by extensions ['colcon_meta']
[0.370s] Level 1:colcon.colcon_core.package_identification:_identify(src/l3xz_openmv_camera/camera_script) by extension 'colcon_meta'
[0.371s] Level 1:colcon.colcon_core.package_identification:_identify(src/l3xz_openmv_camera/camera_script) by extensions ['ros']
[0.371s] Level 1:colcon.colcon_core.package_identification:_identify(src/l3xz_openmv_camera/camera_script) by extension 'ros'
[0.371s] Level 1:colcon.colcon_core.package_identification:_identify(src/l3xz_openmv_camera/camera_script) by extensions ['cmake', 'python']
[0.371s] Level 1:colcon.colcon_core.package_identification:_identify(src/l3xz_openmv_camera/camera_script) by extension 'cmake'
[0.371s] Level 1:colcon.colcon_core.package_identification:_identify(src/l3xz_openmv_camera/camera_script) by extension 'python'
[0.371s] Level 1:colcon.colcon_core.package_identification:_identify(src/l3xz_openmv_camera/camera_script) by extensions ['python_setup_py']
[0.371s] Level 1:colcon.colcon_core.package_identification:_identify(src/l3xz_openmv_camera/camera_script) by extension 'python_setup_py'
[0.371s] Level 1:colcon.colcon_core.package_identification:_identify(src/l3xz_openmv_camera/doc) by extensions ['ignore', 'ignore_ament_install']
[0.371s] Level 1:colcon.colcon_core.package_identification:_identify(src/l3xz_openmv_camera/doc) by extension 'ignore'
[0.371s] Level 1:colcon.colcon_core.package_identification:_identify(src/l3xz_openmv_camera/doc) by extension 'ignore_ament_install'
[0.371s] Level 1:colcon.colcon_core.package_identification:_identify(src/l3xz_openmv_camera/doc) by extensions ['colcon_pkg']
[0.371s] Level 1:colcon.colcon_core.package_identification:_identify(src/l3xz_openmv_camera/doc) by extension 'colcon_pkg'
[0.371s] Level 1:colcon.colcon_core.package_identification:_identify(src/l3xz_openmv_camera/doc) by extensions ['colcon_meta']
[0.371s] Level 1:colcon.colcon_core.package_identification:_identify(src/l3xz_openmv_camera/doc) by extension 'colcon_meta'
[0.371s] Level 1:colcon.colcon_core.package_identification:_identify(src/l3xz_openmv_camera/doc) by extensions ['ros']
[0.371s] Level 1:colcon.colcon_core.package_identification:_identify(src/l3xz_openmv_camera/doc) by extension 'ros'
[0.371s] Level 1:colcon.colcon_core.package_identification:_identify(src/l3xz_openmv_camera/doc) by extensions ['cmake', 'python']
[0.371s] Level 1:colcon.colcon_core.package_identification:_identify(src/l3xz_openmv_camera/doc) by extension 'cmake'
[0.371s] Level 1:colcon.colcon_core.package_identification:_identify(src/l3xz_openmv_camera/doc) by extension 'python'
[0.371s] Level 1:colcon.colcon_core.package_identification:_identify(src/l3xz_openmv_camera/doc) by extensions ['python_setup_py']
[0.371s] Level 1:colcon.colcon_core.package_identification:_identify(src/l3xz_openmv_camera/doc) by extension 'python_setup_py'
[0.372s] Level 1:colcon.colcon_core.package_identification:_identify(src/l3xz_openmv_camera/doc/img) by extensions ['ignore', 'ignore_ament_install']
[0.372s] Level 1:colcon.colcon_core.package_identification:_identify(src/l3xz_openmv_camera/doc/img) by extension 'ignore'
[0.372s] Level 1:colcon.colcon_core.package_identification:_identify(src/l3xz_openmv_camera/doc/img) by extension 'ignore_ament_install'
[0.372s] Level 1:colcon.colcon_core.package_identification:_identify(src/l3xz_openmv_camera/doc/img) by extensions ['colcon_pkg']
[0.372s] Level 1:colcon.colcon_core.package_identification:_identify(src/l3xz_openmv_camera/doc/img) by extension 'colcon_pkg'
[0.372s] Level 1:colcon.colcon_core.package_identification:_identify(src/l3xz_openmv_camera/doc/img) by extensions ['colcon_meta']
[0.372s] Level 1:colcon.colcon_core.package_identification:_identify(src/l3xz_openmv_camera/doc/img) by extension 'colcon_meta'
[0.372s] Level 1:colcon.colcon_core.package_identification:_identify(src/l3xz_openmv_camera/doc/img) by extensions ['ros']
[0.372s] Level 1:colcon.colcon_core.package_identification:_identify(src/l3xz_openmv_camera/doc/img) by extension 'ros'
[0.372s] Level 1:colcon.colcon_core.package_identification:_identify(src/l3xz_openmv_camera/doc/img) by extensions ['cmake', 'python']
[0.372s] Level 1:colcon.colcon_core.package_identification:_identify(src/l3xz_openmv_camera/doc/img) by extension 'cmake'
[0.372s] Level 1:colcon.colcon_core.package_identification:_identify(src/l3xz_openmv_camera/doc/img) by extension 'python'
[0.372s] Level 1:colcon.colcon_core.package_identification:_identify(src/l3xz_openmv_camera/doc/img) by extensions ['python_setup_py']
[0.372s] Level 1:colcon.colcon_core.package_identification:_identify(src/l3xz_openmv_camera/doc/img) by extension 'python_setup_py'
[0.372s] Level 1:colcon.colcon_core.package_identification:_identify(src/l3xz_openmv_camera/l3xz_openmv_camera) by extensions ['ignore', 'ignore_ament_install']
[0.372s] Level 1:colcon.colcon_core.package_identification:_identify(src/l3xz_openmv_camera/l3xz_openmv_camera) by extension 'ignore'
[0.372s] Level 1:colcon.colcon_core.package_identification:_identify(src/l3xz_openmv_camera/l3xz_openmv_camera) by extension 'ignore_ament_install'
[0.372s] Level 1:colcon.colcon_core.package_identification:_identify(src/l3xz_openmv_camera/l3xz_openmv_camera) by extensions ['colcon_pkg']
[0.372s] Level 1:colcon.colcon_core.package_identification:_identify(src/l3xz_openmv_camera/l3xz_openmv_camera) by extension 'colcon_pkg'
[0.372s] Level 1:colcon.colcon_core.package_identification:_identify(src/l3xz_openmv_camera/l3xz_openmv_camera) by extensions ['colcon_meta']
[0.372s] Level 1:colcon.colcon_core.package_identification:_identify(src/l3xz_openmv_camera/l3xz_openmv_camera) by extension 'colcon_meta'
[0.373s] Level 1:colcon.colcon_core.package_identification:_identify(src/l3xz_openmv_camera/l3xz_openmv_camera) by extensions ['ros']
[0.373s] Level 1:colcon.colcon_core.package_identification:_identify(src/l3xz_openmv_camera/l3xz_openmv_camera) by extension 'ros'
[0.373s] DEBUG:colcon.colcon_core.package_identification:Package 'src/l3xz_openmv_camera/l3xz_openmv_camera' with type 'ros.ament_python' and name 'l3xz_openmv_camera'
[0.373s] Level 1:colcon.colcon_core.package_identification:_identify(src/l3xz_openmv_camera/l3xz_openmv_camera_interfaces) by extensions ['ignore', 'ignore_ament_install']
[0.373s] Level 1:colcon.colcon_core.package_identification:_identify(src/l3xz_openmv_camera/l3xz_openmv_camera_interfaces) by extension 'ignore'
[0.373s] Level 1:colcon.colcon_core.package_identification:_identify(src/l3xz_openmv_camera/l3xz_openmv_camera_interfaces) by extension 'ignore_ament_install'
[0.373s] Level 1:colcon.colcon_core.package_identification:_identify(src/l3xz_openmv_camera/l3xz_openmv_camera_interfaces) by extensions ['colcon_pkg']
[0.373s] Level 1:colcon.colcon_core.package_identification:_identify(src/l3xz_openmv_camera/l3xz_openmv_camera_interfaces) by extension 'colcon_pkg'
[0.373s] Level 1:colcon.colcon_core.package_identification:_identify(src/l3xz_openmv_camera/l3xz_openmv_camera_interfaces) by extensions ['colcon_meta']
[0.374s] Level 1:colcon.colcon_core.package_identification:_identify(src/l3xz_openmv_camera/l3xz_openmv_camera_interfaces) by extension 'colcon_meta'
[0.374s] Level 1:colcon.colcon_core.package_identification:_identify(src/l3xz_openmv_camera/l3xz_openmv_camera_interfaces) by extensions ['ros']
[0.374s] Level 1:colcon.colcon_core.package_identification:_identify(src/l3xz_openmv_camera/l3xz_openmv_camera_interfaces) by extension 'ros'
[0.374s] DEBUG:colcon.colcon_core.package_identification:Package 'src/l3xz_openmv_camera/l3xz_openmv_camera_interfaces' with type 'ros.ament_cmake' and name 'l3xz_openmv_camera_interfaces'
[0.374s] Level 1:colcon.colcon_core.package_identification:_identify(src/l3xz_openmv_camera/launch) by extensions ['ignore', 'ignore_ament_install']
[0.375s] Level 1:colcon.colcon_core.package_identification:_identify(src/l3xz_openmv_camera/launch) by extension 'ignore'
[0.375s] Level 1:colcon.colcon_core.package_identification:_identify(src/l3xz_openmv_camera/launch) by extension 'ignore_ament_install'
[0.375s] Level 1:colcon.colcon_core.package_identification:_identify(src/l3xz_openmv_camera/launch) by extensions ['colcon_pkg']
[0.375s] Level 1:colcon.colcon_core.package_identification:_identify(src/l3xz_openmv_camera/launch) by extension 'colcon_pkg'
[0.375s] Level 1:colcon.colcon_core.package_identification:_identify(src/l3xz_openmv_camera/launch) by extensions ['colcon_meta']
[0.375s] Level 1:colcon.colcon_core.package_identification:_identify(src/l3xz_openmv_camera/launch) by extension 'colcon_meta'
[0.375s] Level 1:colcon.colcon_core.package_identification:_identify(src/l3xz_openmv_camera/launch) by extensions ['ros']
[0.375s] Level 1:colcon.colcon_core.package_identification:_identify(src/l3xz_openmv_camera/launch) by extension 'ros'
[0.375s] Level 1:colcon.colcon_core.package_identification:_identify(src/l3xz_openmv_camera/launch) by extensions ['cmake', 'python']
[0.375s] Level 1:colcon.colcon_core.package_identification:_identify(src/l3xz_openmv_camera/launch) by extension 'cmake'
[0.375s] Level 1:colcon.colcon_core.package_identification:_identify(src/l3xz_openmv_camera/launch) by extension 'python'
[0.375s] Level 1:colcon.colcon_core.package_identification:_identify(src/l3xz_openmv_camera/launch) by extensions ['python_setup_py']
[0.375s] Level 1:colcon.colcon_core.package_identification:_identify(src/l3xz_openmv_camera/launch) by extension 'python_setup_py'
[0.375s] Level 1:colcon.colcon_core.package_identification:_identify(src/log) by extensions ['ignore', 'ignore_ament_install']
[0.375s] Level 1:colcon.colcon_core.package_identification:_identify(src/log) by extension 'ignore'
[0.375s] Level 1:colcon.colcon_core.package_identification:_identify(src/log) ignored
[0.375s] Level 1:colcon.colcon_core.package_discovery:discover_packages(recursive) using defaults
[0.376s] Level 1:colcon.colcon_core.package_discovery:discover_packages(ignore) discover
[0.376s] Level 1:colcon.colcon_core.package_discovery:discover_packages(ignore) using defaults
[0.376s] Level 1:colcon.colcon_core.package_discovery:discover_packages(path) discover
[0.376s] Level 1:colcon.colcon_core.package_discovery:discover_packages(path) using defaults
[0.401s] Level 1:colcon.colcon_core.package_discovery:discover_packages(prefix_path) check parameters
[0.401s] Level 1:colcon.colcon_core.package_discovery:discover_packages(prefix_path) discover
[0.404s] DEBUG:colcon.colcon_installed_package_information.package_discovery:Found 5 installed packages in /home/student/ros2_ws/install
[0.405s] DEBUG:colcon.colcon_installed_package_information.package_discovery:Found 1 installed packages in /home/student/imu_ws/install
[0.406s] DEBUG:colcon.colcon_installed_package_information.package_discovery:Found 1 installed packages in /home/student/ydlidar_ros2_ws/install
[0.406s] DEBUG:colcon.colcon_installed_package_information.package_discovery:Found 1 installed packages in /home/student/motor_ws/install
[0.408s] DEBUG:colcon.colcon_installed_package_information.package_discovery:Found 358 installed packages in /opt/ros/humble
[0.410s] Level 1:colcon.colcon_core.package_discovery:discover_packages(prefix_path) using defaults
[0.479s] Level 5:colcon.colcon_core.verb:set package 'eced3901' build argument 'cmake_args' from command line to 'None'
[0.479s] Level 5:colcon.colcon_core.verb:set package 'eced3901' build argument 'cmake_target' from command line to 'None'
[0.479s] Level 5:colcon.colcon_core.verb:set package 'eced3901' build argument 'cmake_target_skip_unavailable' from command line to 'False'
[0.479s] Level 5:colcon.colcon_core.verb:set package 'eced3901' build argument 'cmake_clean_cache' from command line to 'False'
[0.479s] Level 5:colcon.colcon_core.verb:set package 'eced3901' build argument 'cmake_clean_first' from command line to 'False'
[0.479s] Level 5:colcon.colcon_core.verb:set package 'eced3901' build argument 'cmake_force_configure' from command line to 'False'
[0.479s] Level 5:colcon.colcon_core.verb:set package 'eced3901' build argument 'ament_cmake_args' from command line to 'None'
[0.480s] Level 5:colcon.colcon_core.verb:set package 'eced3901' build argument 'catkin_cmake_args' from command line to 'None'
[0.480s] Level 5:colcon.colcon_core.verb:set package 'eced3901' build argument 'catkin_skip_building_tests' from command line to 'False'
[0.480s] DEBUG:colcon.colcon_core.verb:Building package 'eced3901' with the following arguments: {'ament_cmake_args': None, 'build_base': '/home/student/ros2_ws/build/eced3901', 'catkin_cmake_args': None, 'catkin_skip_building_tests': False, 'cmake_args': None, 'cmake_clean_cache': False, 'cmake_clean_first': False, 'cmake_force_configure': False, 'cmake_target': None, 'cmake_target_skip_unavailable': False, 'install_base': '/home/student/ros2_ws/install/eced3901', 'merge_install': False, 'path': '/home/student/ros2_ws/src/eced3901', 'symlink_install': False, 'test_result_base': None}
[0.481s] Level 5:colcon.colcon_core.verb:set package 'l3xz_openmv_camera_interfaces' build argument 'cmake_args' from command line to 'None'
[0.481s] Level 5:colcon.colcon_core.verb:set package 'l3xz_openmv_camera_interfaces' build argument 'cmake_target' from command line to 'None'
[0.481s] Level 5:colcon.colcon_core.verb:set package 'l3xz_openmv_camera_interfaces' build argument 'cmake_target_skip_unavailable' from command line to 'False'
[0.481s] Level 5:colcon.colcon_core.verb:set package 'l3xz_openmv_camera_interfaces' build argument 'cmake_clean_cache' from command line to 'False'
[0.481s] Level 5:colcon.colcon_core.verb:set package 'l3xz_openmv_camera_interfaces' build argument 'cmake_clean_first' from command line to 'False'
[0.481s] Level 5:colcon.colcon_core.verb:set package 'l3xz_openmv_camera_interfaces' build argument 'cmake_force_configure' from command line to 'False'
[0.481s] Level 5:colcon.colcon_core.verb:set package 'l3xz_openmv_camera_interfaces' build argument 'ament_cmake_args' from command line to 'None'
[0.481s] Level 5:colcon.colcon_core.verb:set package 'l3xz_openmv_camera_interfaces' build argument 'catkin_cmake_args' from command line to 'None'
[0.481s] Level 5:colcon.colcon_core.verb:set package 'l3xz_openmv_camera_interfaces' build argument 'catkin_skip_building_tests' from command line to 'False'
[0.481s] DEBUG:colcon.colcon_core.verb:Building package 'l3xz_openmv_camera_interfaces' with the following arguments: {'ament_cmake_args': None, 'build_base': '/home/student/ros2_ws/build/l3xz_openmv_camera_interfaces', 'catkin_cmake_args': None, 'catkin_skip_building_tests': False, 'cmake_args': None, 'cmake_clean_cache': False, 'cmake_clean_first': False, 'cmake_force_configure': False, 'cmake_target': None, 'cmake_target_skip_unavailable': False, 'install_base': '/home/student/ros2_ws/install/l3xz_openmv_camera_interfaces', 'merge_install': False, 'path': '/home/student/ros2_ws/src/l3xz_openmv_camera/l3xz_openmv_camera_interfaces', 'symlink_install': False, 'test_result_base': None}
[0.483s] Level 5:colcon.colcon_core.verb:set package 'l3xz_openmv_camera' build argument 'cmake_args' from command line to 'None'
[0.483s] Level 5:colcon.colcon_core.verb:set package 'l3xz_openmv_camera' build argument 'cmake_target' from command line to 'None'
[0.483s] Level 5:colcon.colcon_core.verb:set package 'l3xz_openmv_camera' build argument 'cmake_target_skip_unavailable' from command line to 'False'
[0.483s] Level 5:colcon.colcon_core.verb:set package 'l3xz_openmv_camera' build argument 'cmake_clean_cache' from command line to 'False'
[0.483s] Level 5:colcon.colcon_core.verb:set package 'l3xz_openmv_camera' build argument 'cmake_clean_first' from command line to 'False'
[0.483s] Level 5:colcon.colcon_core.verb:set package 'l3xz_openmv_camera' build argument 'cmake_force_configure' from command line to 'False'
[0.483s] Level 5:colcon.colcon_core.verb:set package 'l3xz_openmv_camera' build argument 'ament_cmake_args' from command line to 'None'
[0.483s] Level 5:colcon.colcon_core.verb:set package 'l3xz_openmv_camera' build argument 'catkin_cmake_args' from command line to 'None'
[0.483s] Level 5:colcon.colcon_core.verb:set package 'l3xz_openmv_camera' build argument 'catkin_skip_building_tests' from command line to 'False'
[0.483s] DEBUG:colcon.colcon_core.verb:Building package 'l3xz_openmv_camera' with the following arguments: {'ament_cmake_args': None, 'build_base': '/home/student/ros2_ws/build/l3xz_openmv_camera', 'catkin_cmake_args': None, 'catkin_skip_building_tests': False, 'cmake_args': None, 'cmake_clean_cache': False, 'cmake_clean_first': False, 'cmake_force_configure': False, 'cmake_target': None, 'cmake_target_skip_unavailable': False, 'install_base': '/home/student/ros2_ws/install/l3xz_openmv_camera', 'merge_install': False, 'path': '/home/student/ros2_ws/src/l3xz_openmv_camera/l3xz_openmv_camera', 'symlink_install': False, 'test_result_base': None}
[0.484s] INFO:colcon.colcon_core.executor:Executing jobs using 'parallel' executor
[0.487s] DEBUG:colcon.colcon_parallel_executor.executor.parallel:run_until_complete
[0.487s] INFO:colcon.colcon_ros.task.ament_cmake.build:Building ROS package in '/home/student/ros2_ws/src/l3xz_openmv_camera/l3xz_openmv_camera_interfaces' with build type 'ament_cmake'
[0.487s] INFO:colcon.colcon_cmake.task.cmake.build:Building CMake package in '/home/student/ros2_ws/src/l3xz_openmv_camera/l3xz_openmv_camera_interfaces'
[0.491s] INFO:colcon.colcon_core.plugin_system:Skipping extension 'colcon_core.shell.bat': Not used on non-Windows systems
[0.492s] INFO:colcon.colcon_core.shell:Skip shell extension 'powershell' for command environment: Not usable outside of PowerShell
[0.492s] DEBUG:colcon.colcon_core.shell:Skip shell extension 'dsv' for command environment
[0.500s] INFO:colcon.colcon_ros.task.ament_python.build:Building ROS package in '/home/student/ros2_ws/src/eced3901' with build type 'ament_python'
[0.500s] Level 1:colcon.colcon_core.shell:create_environment_hook('eced3901', 'ament_prefix_path')
[0.502s] INFO:colcon.colcon_core.shell:Creating environment hook '/home/student/ros2_ws/install/eced3901/share/eced3901/hook/ament_prefix_path.ps1'
[0.503s] INFO:colcon.colcon_core.shell:Creating environment descriptor '/home/student/ros2_ws/install/eced3901/share/eced3901/hook/ament_prefix_path.dsv'
[0.503s] INFO:colcon.colcon_core.shell:Creating environment hook '/home/student/ros2_ws/install/eced3901/share/eced3901/hook/ament_prefix_path.sh'
[0.505s] INFO:colcon.colcon_core.shell:Skip shell extension 'powershell' for command environment: Not usable outside of PowerShell
[0.505s] DEBUG:colcon.colcon_core.shell:Skip shell extension 'dsv' for command environment
[0.515s] DEBUG:colcon.colcon_core.event_handler.log_command:Invoking command in '/home/student/ros2_ws/build/l3xz_openmv_camera_interfaces': CMAKE_PREFIX_PATH=${CMAKE_PREFIX_PATH}:/home/student/motor_ws/install/dalmotor:/home/student/ros2_ws/install/test-3901:/home/student/ros2_ws/install/l3xz_openmv_camera:/home/student/ros2_ws/install/eced3901_competition_2024:/home/student/ros2_ws/install/eced3901:/home/student/imu_ws/install/bno055:/opt/ros/humble /usr/bin/cmake --build /home/student/ros2_ws/build/l3xz_openmv_camera_interfaces -- -j4 -l4
[0.825s] INFO:colcon.colcon_core.task.python.build:Building Python package in '/home/student/ros2_ws/src/eced3901'
[0.826s] INFO:colcon.colcon_core.shell:Skip shell extension 'powershell' for command environment: Not usable outside of PowerShell
[0.826s] DEBUG:colcon.colcon_core.shell:Skip shell extension 'dsv' for command environment
[0.953s] DEBUG:colcon.colcon_core.event_handler.log_command:Invoked command in '/home/student/ros2_ws/build/l3xz_openmv_camera_interfaces' returned '0': CMAKE_PREFIX_PATH=${CMAKE_PREFIX_PATH}:/home/student/motor_ws/install/dalmotor:/home/student/ros2_ws/install/test-3901:/home/student/ros2_ws/install/l3xz_openmv_camera:/home/student/ros2_ws/install/eced3901_competition_2024:/home/student/ros2_ws/install/eced3901:/home/student/imu_ws/install/bno055:/opt/ros/humble /usr/bin/cmake --build /home/student/ros2_ws/build/l3xz_openmv_camera_interfaces -- -j4 -l4
[1.126s] DEBUG:colcon.colcon_core.event_handler.log_command:Invoking command in '/home/student/ros2_ws/build/l3xz_openmv_camera_interfaces': CMAKE_PREFIX_PATH=${CMAKE_PREFIX_PATH}:/home/student/motor_ws/install/dalmotor:/home/student/ros2_ws/install/test-3901:/home/student/ros2_ws/install/l3xz_openmv_camera:/home/student/ros2_ws/install/eced3901_competition_2024:/home/student/ros2_ws/install/eced3901:/home/student/imu_ws/install/bno055:/opt/ros/humble /usr/bin/cmake --install /home/student/ros2_ws/build/l3xz_openmv_camera_interfaces
[1.201s] Level 1:colcon.colcon_core.environment:create_environment_scripts_only(l3xz_openmv_camera_interfaces)
[1.207s] Level 1:colcon.colcon_core.environment:checking '/home/student/ros2_ws/install/l3xz_openmv_camera_interfaces' for CMake module files
[1.208s] Level 1:colcon.colcon_core.environment:checking '/home/student/ros2_ws/install/l3xz_openmv_camera_interfaces' for CMake config files
[1.209s] Level 1:colcon.colcon_core.shell:create_environment_hook('l3xz_openmv_camera_interfaces', 'cmake_prefix_path')
[1.210s] INFO:colcon.colcon_core.shell:Creating environment hook '/home/student/ros2_ws/install/l3xz_openmv_camera_interfaces/share/l3xz_openmv_camera_interfaces/hook/cmake_prefix_path.ps1'
[1.211s] INFO:colcon.colcon_core.shell:Creating environment descriptor '/home/student/ros2_ws/install/l3xz_openmv_camera_interfaces/share/l3xz_openmv_camera_interfaces/hook/cmake_prefix_path.dsv'
[1.211s] INFO:colcon.colcon_core.shell:Creating environment hook '/home/student/ros2_ws/install/l3xz_openmv_camera_interfaces/share/l3xz_openmv_camera_interfaces/hook/cmake_prefix_path.sh'
[1.212s] Level 1:colcon.colcon_core.environment:checking '/home/student/ros2_ws/install/l3xz_openmv_camera_interfaces/lib'
[1.212s] Level 1:colcon.colcon_core.shell:create_environment_hook('l3xz_openmv_camera_interfaces', 'ld_library_path_lib')
[1.218s] INFO:colcon.colcon_core.shell:Creating environment hook '/home/student/ros2_ws/install/l3xz_openmv_camera_interfaces/share/l3xz_openmv_camera_interfaces/hook/ld_library_path_lib.ps1'
[1.220s] INFO:colcon.colcon_core.shell:Creating environment descriptor '/home/student/ros2_ws/install/l3xz_openmv_camera_interfaces/share/l3xz_openmv_camera_interfaces/hook/ld_library_path_lib.dsv'
[1.220s] INFO:colcon.colcon_core.shell:Creating environment hook '/home/student/ros2_ws/install/l3xz_openmv_camera_interfaces/share/l3xz_openmv_camera_interfaces/hook/ld_library_path_lib.sh'
[1.221s] Level 1:colcon.colcon_core.environment:checking '/home/student/ros2_ws/install/l3xz_openmv_camera_interfaces/bin'
[1.221s] Level 1:colcon.colcon_core.environment:checking '/home/student/ros2_ws/install/l3xz_openmv_camera_interfaces/lib/pkgconfig/l3xz_openmv_camera_interfaces.pc'
[1.221s] Level 1:colcon.colcon_core.environment:checking '/home/student/ros2_ws/install/l3xz_openmv_camera_interfaces/lib/python3.10/site-packages'
[1.222s] Level 1:colcon.colcon_core.environment:checking '/home/student/ros2_ws/install/l3xz_openmv_camera_interfaces/bin'
[1.223s] INFO:colcon.colcon_core.shell:Creating package script '/home/student/ros2_ws/install/l3xz_openmv_camera_interfaces/share/l3xz_openmv_camera_interfaces/package.ps1'
[1.224s] INFO:colcon.colcon_core.shell:Creating package descriptor '/home/student/ros2_ws/install/l3xz_openmv_camera_interfaces/share/l3xz_openmv_camera_interfaces/package.dsv'
[1.219s] DEBUG:colcon.colcon_core.event_handler.log_command:Invoked command in '/home/student/ros2_ws/build/l3xz_openmv_camera_interfaces' returned '0': CMAKE_PREFIX_PATH=${CMAKE_PREFIX_PATH}:/home/student/motor_ws/install/dalmotor:/home/student/ros2_ws/install/test-3901:/home/student/ros2_ws/install/l3xz_openmv_camera:/home/student/ros2_ws/install/eced3901_competition_2024:/home/student/ros2_ws/install/eced3901:/home/student/imu_ws/install/bno055:/opt/ros/humble /usr/bin/cmake --install /home/student/ros2_ws/build/l3xz_openmv_camera_interfaces
[1.225s] INFO:colcon.colcon_core.shell:Creating package script '/home/student/ros2_ws/install/l3xz_openmv_camera_interfaces/share/l3xz_openmv_camera_interfaces/package.sh'
[1.226s] INFO:colcon.colcon_core.shell:Creating package script '/home/student/ros2_ws/install/l3xz_openmv_camera_interfaces/share/l3xz_openmv_camera_interfaces/package.bash'
[1.227s] INFO:colcon.colcon_core.shell:Creating package script '/home/student/ros2_ws/install/l3xz_openmv_camera_interfaces/share/l3xz_openmv_camera_interfaces/package.zsh'
[1.228s] Level 1:colcon.colcon_core.environment:create_file_with_runtime_dependencies(/home/student/ros2_ws/install/l3xz_openmv_camera_interfaces/share/colcon-core/packages/l3xz_openmv_camera_interfaces)
[1.301s] DEBUG:colcon.colcon_core.event_handler.log_command:Invoking command in '/home/student/ros2_ws/src/eced3901': PYTHONPATH=/home/student/ros2_ws/build/eced3901/prefix_override:/home/student/ros2_ws/install/eced3901/lib/python3.10/site-packages:${PYTHONPATH} /usr/bin/python3 setup.py egg_info --egg-base ../../build/eced3901 build --build-base /home/student/ros2_ws/build/eced3901/build install --record /home/student/ros2_ws/build/eced3901/install.log --single-version-externally-managed
[1.363s] Level 1:colcon.colcon_core.environment:create_environment_scripts_only(l3xz_openmv_camera_interfaces)
[1.366s] Level 1:colcon.colcon_core.environment:checking '/home/student/ros2_ws/install/l3xz_openmv_camera_interfaces' for CMake module files
[1.367s] Level 1:colcon.colcon_core.environment:checking '/home/student/ros2_ws/install/l3xz_openmv_camera_interfaces' for CMake config files
[1.367s] Level 1:colcon.colcon_core.shell:create_environment_hook('l3xz_openmv_camera_interfaces', 'cmake_prefix_path')
[1.369s] INFO:colcon.colcon_core.shell:Creating environment hook '/home/student/ros2_ws/install/l3xz_openmv_camera_interfaces/share/l3xz_openmv_camera_interfaces/hook/cmake_prefix_path.ps1'
[1.370s] INFO:colcon.colcon_core.shell:Creating environment descriptor '/home/student/ros2_ws/install/l3xz_openmv_camera_interfaces/share/l3xz_openmv_camera_interfaces/hook/cmake_prefix_path.dsv'
[1.370s] INFO:colcon.colcon_core.shell:Creating environment hook '/home/student/ros2_ws/install/l3xz_openmv_camera_interfaces/share/l3xz_openmv_camera_interfaces/hook/cmake_prefix_path.sh'
[1.370s] Level 1:colcon.colcon_core.environment:checking '/home/student/ros2_ws/install/l3xz_openmv_camera_interfaces/lib'
[1.371s] Level 1:colcon.colcon_core.shell:create_environment_hook('l3xz_openmv_camera_interfaces', 'ld_library_path_lib')
[1.372s] INFO:colcon.colcon_core.shell:Creating environment hook '/home/student/ros2_ws/install/l3xz_openmv_camera_interfaces/share/l3xz_openmv_camera_interfaces/hook/ld_library_path_lib.ps1'
[1.372s] INFO:colcon.colcon_core.shell:Creating environment descriptor '/home/student/ros2_ws/install/l3xz_openmv_camera_interfaces/share/l3xz_openmv_camera_interfaces/hook/ld_library_path_lib.dsv'
[1.373s] INFO:colcon.colcon_core.shell:Creating environment hook '/home/student/ros2_ws/install/l3xz_openmv_camera_interfaces/share/l3xz_openmv_camera_interfaces/hook/ld_library_path_lib.sh'
[1.373s] Level 1:colcon.colcon_core.environment:checking '/home/student/ros2_ws/install/l3xz_openmv_camera_interfaces/bin'
[1.373s] Level 1:colcon.colcon_core.environment:checking '/home/student/ros2_ws/install/l3xz_openmv_camera_interfaces/lib/pkgconfig/l3xz_openmv_camera_interfaces.pc'
[1.373s] Level 1:colcon.colcon_core.environment:checking '/home/student/ros2_ws/install/l3xz_openmv_camera_interfaces/lib/python3.10/site-packages'
[1.373s] Level 1:colcon.colcon_core.environment:checking '/home/student/ros2_ws/install/l3xz_openmv_camera_interfaces/bin'
[1.375s] INFO:colcon.colcon_core.shell:Creating package script '/home/student/ros2_ws/install/l3xz_openmv_camera_interfaces/share/l3xz_openmv_camera_interfaces/package.ps1'
[1.376s] INFO:colcon.colcon_core.shell:Creating package descriptor '/home/student/ros2_ws/install/l3xz_openmv_camera_interfaces/share/l3xz_openmv_camera_interfaces/package.dsv'
[1.376s] INFO:colcon.colcon_core.shell:Creating package script '/home/student/ros2_ws/install/l3xz_openmv_camera_interfaces/share/l3xz_openmv_camera_interfaces/package.sh'
[1.376s] INFO:colcon.colcon_core.shell:Creating package script '/home/student/ros2_ws/install/l3xz_openmv_camera_interfaces/share/l3xz_openmv_camera_interfaces/package.bash'
[1.377s] INFO:colcon.colcon_core.shell:Creating package script '/home/student/ros2_ws/install/l3xz_openmv_camera_interfaces/share/l3xz_openmv_camera_interfaces/package.zsh'
[1.377s] Level 1:colcon.colcon_core.environment:create_file_with_runtime_dependencies(/home/student/ros2_ws/install/l3xz_openmv_camera_interfaces/share/colcon-core/packages/l3xz_openmv_camera_interfaces)
[1.378s] INFO:colcon.colcon_ros.task.ament_python.build:Building ROS package in '/home/student/ros2_ws/src/l3xz_openmv_camera/l3xz_openmv_camera' with build type 'ament_python'
[1.378s] Level 1:colcon.colcon_core.shell:create_environment_hook('l3xz_openmv_camera', 'ament_prefix_path')
[1.379s] INFO:colcon.colcon_core.shell:Creating environment hook '/home/student/ros2_ws/install/l3xz_openmv_camera/share/l3xz_openmv_camera/hook/ament_prefix_path.ps1'
[1.380s] INFO:colcon.colcon_core.shell:Creating environment descriptor '/home/student/ros2_ws/install/l3xz_openmv_camera/share/l3xz_openmv_camera/hook/ament_prefix_path.dsv'
[1.380s] INFO:colcon.colcon_core.shell:Creating environment hook '/home/student/ros2_ws/install/l3xz_openmv_camera/share/l3xz_openmv_camera/hook/ament_prefix_path.sh'
[1.382s] INFO:colcon.colcon_core.shell:Skip shell extension 'powershell' for command environment: Not usable outside of PowerShell
[1.382s] DEBUG:colcon.colcon_core.shell:Skip shell extension 'dsv' for command environment
[1.646s] INFO:colcon.colcon_core.task.python.build:Building Python package in '/home/student/ros2_ws/src/l3xz_openmv_camera/l3xz_openmv_camera'
[1.648s] INFO:colcon.colcon_core.shell:Skip shell extension 'powershell' for command environment: Not usable outside of PowerShell
[1.648s] DEBUG:colcon.colcon_core.shell:Skip shell extension 'dsv' for command environment
[1.657s] Level 1:colcon.colcon_core.environment:checking '/home/student/ros2_ws/install/eced3901' for CMake module files
[1.658s] DEBUG:colcon.colcon_core.event_handler.log_command:Invoked command in '/home/student/ros2_ws/src/eced3901' returned '0': PYTHONPATH=/home/student/ros2_ws/build/eced3901/prefix_override:/home/student/ros2_ws/install/eced3901/lib/python3.10/site-packages:${PYTHONPATH} /usr/bin/python3 setup.py egg_info --egg-base ../../build/eced3901 build --build-base /home/student/ros2_ws/build/eced3901/build install --record /home/student/ros2_ws/build/eced3901/install.log --single-version-externally-managed
[1.658s] Level 1:colcon.colcon_core.environment:checking '/home/student/ros2_ws/install/eced3901' for CMake config files
[1.659s] Level 1:colcon.colcon_core.environment:checking '/home/student/ros2_ws/install/eced3901/lib'
[1.659s] Level 1:colcon.colcon_core.environment:checking '/home/student/ros2_ws/install/eced3901/bin'
[1.659s] Level 1:colcon.colcon_core.environment:checking '/home/student/ros2_ws/install/eced3901/lib/pkgconfig/eced3901.pc'
[1.659s] Level 1:colcon.colcon_core.environment:checking '/home/student/ros2_ws/install/eced3901/lib/python3.10/site-packages'
[1.659s] Level 1:colcon.colcon_core.shell:create_environment_hook('eced3901', 'pythonpath')
[1.660s] INFO:colcon.colcon_core.shell:Creating environment hook '/home/student/ros2_ws/install/eced3901/share/eced3901/hook/pythonpath.ps1'
[1.661s] INFO:colcon.colcon_core.shell:Creating environment descriptor '/home/student/ros2_ws/install/eced3901/share/eced3901/hook/pythonpath.dsv'
[1.661s] INFO:colcon.colcon_core.shell:Creating environment hook '/home/student/ros2_ws/install/eced3901/share/eced3901/hook/pythonpath.sh'
[1.662s] Level 1:colcon.colcon_core.environment:checking '/home/student/ros2_ws/install/eced3901/bin'
[1.662s] Level 1:colcon.colcon_core.environment:create_environment_scripts_only(eced3901)
[1.663s] INFO:colcon.colcon_core.shell:Creating package script '/home/student/ros2_ws/install/eced3901/share/eced3901/package.ps1'
[1.663s] INFO:colcon.colcon_core.shell:Creating package descriptor '/home/student/ros2_ws/install/eced3901/share/eced3901/package.dsv'
[1.664s] INFO:colcon.colcon_core.shell:Creating package script '/home/student/ros2_ws/install/eced3901/share/eced3901/package.sh'
[1.664s] INFO:colcon.colcon_core.shell:Creating package script '/home/student/ros2_ws/install/eced3901/share/eced3901/package.bash'
[1.664s] INFO:colcon.colcon_core.shell:Creating package script '/home/student/ros2_ws/install/eced3901/share/eced3901/package.zsh'
[1.665s] Level 1:colcon.colcon_core.environment:create_file_with_runtime_dependencies(/home/student/ros2_ws/install/eced3901/share/colcon-core/packages/eced3901)
[1.964s] DEBUG:colcon.colcon_core.event_handler.log_command:Invoking command in '/home/student/ros2_ws/src/l3xz_openmv_camera/l3xz_openmv_camera': PYTHONPATH=/home/student/ros2_ws/build/l3xz_openmv_camera/prefix_override:/home/student/ros2_ws/install/l3xz_openmv_camera/lib/python3.10/site-packages:${PYTHONPATH} /usr/bin/python3 setup.py egg_info --egg-base ../../../build/l3xz_openmv_camera build --build-base /home/student/ros2_ws/build/l3xz_openmv_camera/build install --record /home/student/ros2_ws/build/l3xz_openmv_camera/install.log --single-version-externally-managed
[2.230s] Level 1:colcon.colcon_core.environment:checking '/home/student/ros2_ws/install/l3xz_openmv_camera' for CMake module files
[2.230s] DEBUG:colcon.colcon_core.event_handler.log_command:Invoked command in '/home/student/ros2_ws/src/l3xz_openmv_camera/l3xz_openmv_camera' returned '0': PYTHONPATH=/home/student/ros2_ws/build/l3xz_openmv_camera/prefix_override:/home/student/ros2_ws/install/l3xz_openmv_camera/lib/python3.10/site-packages:${PYTHONPATH} /usr/bin/python3 setup.py egg_info --egg-base ../../../build/l3xz_openmv_camera build --build-base /home/student/ros2_ws/build/l3xz_openmv_camera/build install --record /home/student/ros2_ws/build/l3xz_openmv_camera/install.log --single-version-externally-managed
[2.231s] Level 1:colcon.colcon_core.environment:checking '/home/student/ros2_ws/install/l3xz_openmv_camera' for CMake config files
[2.231s] Level 1:colcon.colcon_core.environment:checking '/home/student/ros2_ws/install/l3xz_openmv_camera/lib'
[2.231s] Level 1:colcon.colcon_core.environment:checking '/home/student/ros2_ws/install/l3xz_openmv_camera/bin'
[2.231s] Level 1:colcon.colcon_core.environment:checking '/home/student/ros2_ws/install/l3xz_openmv_camera/lib/pkgconfig/l3xz_openmv_camera.pc'
[2.231s] Level 1:colcon.colcon_core.environment:checking '/home/student/ros2_ws/install/l3xz_openmv_camera/lib/python3.10/site-packages'
[2.231s] Level 1:colcon.colcon_core.shell:create_environment_hook('l3xz_openmv_camera', 'pythonpath')
[2.233s] INFO:colcon.colcon_core.shell:Creating environment hook '/home/student/ros2_ws/install/l3xz_openmv_camera/share/l3xz_openmv_camera/hook/pythonpath.ps1'
[2.233s] INFO:colcon.colcon_core.shell:Creating environment descriptor '/home/student/ros2_ws/install/l3xz_openmv_camera/share/l3xz_openmv_camera/hook/pythonpath.dsv'
[2.234s] INFO:colcon.colcon_core.shell:Creating environment hook '/home/student/ros2_ws/install/l3xz_openmv_camera/share/l3xz_openmv_camera/hook/pythonpath.sh'
[2.234s] Level 1:colcon.colcon_core.environment:checking '/home/student/ros2_ws/install/l3xz_openmv_camera/bin'
[2.234s] Level 1:colcon.colcon_core.environment:create_environment_scripts_only(l3xz_openmv_camera)
[2.235s] INFO:colcon.colcon_core.shell:Creating package script '/home/student/ros2_ws/install/l3xz_openmv_camera/share/l3xz_openmv_camera/package.ps1'
[2.236s] INFO:colcon.colcon_core.shell:Creating package descriptor '/home/student/ros2_ws/install/l3xz_openmv_camera/share/l3xz_openmv_camera/package.dsv'
[2.236s] INFO:colcon.colcon_core.shell:Creating package script '/home/student/ros2_ws/install/l3xz_openmv_camera/share/l3xz_openmv_camera/package.sh'
[2.237s] INFO:colcon.colcon_core.shell:Creating package script '/home/student/ros2_ws/install/l3xz_openmv_camera/share/l3xz_openmv_camera/package.bash'
[2.237s] INFO:colcon.colcon_core.shell:Creating package script '/home/student/ros2_ws/install/l3xz_openmv_camera/share/l3xz_openmv_camera/package.zsh'
[2.237s] Level 1:colcon.colcon_core.environment:create_file_with_runtime_dependencies(/home/student/ros2_ws/install/l3xz_openmv_camera/share/colcon-core/packages/l3xz_openmv_camera)
[2.238s] DEBUG:colcon.colcon_parallel_executor.executor.parallel:closing loop
[2.238s] DEBUG:colcon.colcon_parallel_executor.executor.parallel:loop closed
[2.238s] DEBUG:colcon.colcon_parallel_executor.executor.parallel:run_until_complete finished with '0'
[2.238s] DEBUG:colcon.colcon_core.event_reactor:joining thread
[2.244s] INFO:colcon.colcon_core.plugin_system:Skipping extension 'colcon_notification.desktop_notification.terminal_notifier': Not used on non-Darwin systems
[2.244s] INFO:colcon.colcon_core.plugin_system:Skipping extension 'colcon_notification.desktop_notification.win32': Not used on non-Windows systems
[2.244s] INFO:colcon.colcon_notification.desktop_notification:Sending desktop notification using 'notify2'
[2.256s] DEBUG:colcon.colcon_core.event_reactor:joined thread
[2.257s] INFO:colcon.colcon_core.shell:Creating prefix script '/home/student/ros2_ws/install/local_setup.ps1'
[2.258s] INFO:colcon.colcon_core.shell:Creating prefix util module '/home/student/ros2_ws/install/_local_setup_util_ps1.py'
[2.259s] INFO:colcon.colcon_core.shell:Creating prefix chain script '/home/student/ros2_ws/install/setup.ps1'
[2.260s] INFO:colcon.colcon_core.shell:Creating prefix script '/home/student/ros2_ws/install/local_setup.sh'
[2.261s] INFO:colcon.colcon_core.shell:Creating prefix util module '/home/student/ros2_ws/install/_local_setup_util_sh.py'
[2.261s] INFO:colcon.colcon_core.shell:Creating prefix chain script '/home/student/ros2_ws/install/setup.sh'
[2.263s] INFO:colcon.colcon_core.shell:Creating prefix script '/home/student/ros2_ws/install/local_setup.bash'
[2.264s] INFO:colcon.colcon_core.shell:Creating prefix chain script '/home/student/ros2_ws/install/setup.bash'
[2.266s] INFO:colcon.colcon_core.shell:Creating prefix script '/home/student/ros2_ws/install/local_setup.zsh'
[2.266s] INFO:colcon.colcon_core.shell:Creating prefix chain script '/home/student/ros2_ws/install/setup.zsh'
