[0.578s] Invoking command in '/home/student/ros2_ws/src/eced3901': PYTHONPATH=/home/student/ros2_ws/build/eced3901/prefix_override:/home/student/ros2_ws/install/eced3901/lib/python3.10/site-packages:${PYTHONPATH} /usr/bin/python3 setup.py egg_info --egg-base ../../build/eced3901 build --build-base /home/student/ros2_ws/build/eced3901/build install --record /home/student/ros2_ws/build/eced3901/install.log --single-version-externally-managed
[0.793s] running egg_info
[0.794s] writing ../../build/eced3901/eced3901.egg-info/PKG-INFO
[0.794s] writing dependency_links to ../../build/eced3901/eced3901.egg-info/dependency_links.txt
[0.794s] writing entry points to ../../build/eced3901/eced3901.egg-info/entry_points.txt
[0.794s] writing requirements to ../../build/eced3901/eced3901.egg-info/requires.txt
[0.794s] writing top-level names to ../../build/eced3901/eced3901.egg-info/top_level.txt
[0.796s] reading manifest file '../../build/eced3901/eced3901.egg-info/SOURCES.txt'
[0.797s] writing manifest file '../../build/eced3901/eced3901.egg-info/SOURCES.txt'
[0.798s] running build
[0.798s] running build_py
[0.798s] running install
[0.798s] running install_lib
[0.799s] running install_data
[0.800s] copying launch/lab7nav.launch.py -> /home/student/ros2_ws/install/eced3901/share/eced3901/launch
[0.801s] running install_egg_info
[0.802s] removing '/home/student/ros2_ws/install/eced3901/lib/python3.10/site-packages/eced3901-0.0.0-py3.10.egg-info' (and everything under it)
[0.803s] Copying ../../build/eced3901/eced3901.egg-info to /home/student/ros2_ws/install/eced3901/lib/python3.10/site-packages/eced3901-0.0.0-py3.10.egg-info
[0.803s] running install_scripts
[0.823s] Installing dt1 script to /home/student/ros2_ws/install/eced3901/lib/eced3901
[0.823s] Installing serialsensor script to /home/student/ros2_ws/install/eced3901/lib/eced3901
[0.823s] Installing talker script to /home/student/ros2_ws/install/eced3901/lib/eced3901
[0.823s] writing list of installed files to '/home/student/ros2_ws/build/eced3901/install.log'
[0.848s] Invoked command in '/home/student/ros2_ws/src/eced3901' returned '0': PYTHONPATH=/home/student/ros2_ws/build/eced3901/prefix_override:/home/student/ros2_ws/install/eced3901/lib/python3.10/site-packages:${PYTHONPATH} /usr/bin/python3 setup.py egg_info --egg-base ../../build/eced3901 build --build-base /home/student/ros2_ws/build/eced3901/build install --record /home/student/ros2_ws/build/eced3901/install.log --single-version-externally-managed
